{"numFailedTestSuites":0,"numFailedTests":0,"numPassedTestSuites":1,"numPassedTests":124,"numPendingTestSuites":0,"numPendingTests":0,"numRuntimeErrorTestSuites":0,"numTodoTests":0,"numTotalTestSuites":1,"numTotalTests":124,"openHandles":[],"snapshot":{"added":0,"didUpdate":false,"failure":false,"filesAdded":0,"filesRemoved":0,"filesRemovedList":[],"filesUnmatched":0,"filesUpdated":0,"matched":0,"total":0,"unchecked":0,"uncheckedKeysByFile":[],"unmatched":0,"updated":0},"startTime":1763810451196,"success":false,"testResults":[{"assertionResults":[{"ancestorTitles":["Admin Routes","Category Management"],"duration":236,"failureDetails":[],"failureMessages":[],"fullName":"Admin Routes Category Management should get all categories","invocations":1,"location":null,"numPassingAsserts":3,"retryReasons":[],"status":"passed","title":"should get all categories"},{"ancestorTitles":["Admin Routes","Category Management"],"duration":212,"failureDetails":[],"failureMessages":[],"fullName":"Admin Routes Category Management should create category","invocations":1,"location":null,"numPassingAsserts":3,"retryReasons":[],"status":"passed","title":"should create category"},{"ancestorTitles":["Admin Routes","Category Management"],"duration":211,"failureDetails":[],"failureMessages":[],"fullName":"Admin Routes Category Management should handle error when creating category fails","invocations":1,"location":null,"numPassingAsserts":2,"retryReasons":[],"status":"passed","title":"should handle error when creating category fails"},{"ancestorTitles":["Admin Routes","Category Management"],"duration":213,"failureDetails":[],"failureMessages":[],"fullName":"Admin Routes Category Management should update category","invocations":1,"location":null,"numPassingAsserts":3,"retryReasons":[],"status":"passed","title":"should update category"},{"ancestorTitles":["Admin Routes","Category Management"],"duration":213,"failureDetails":[],"failureMessages":[],"fullName":"Admin Routes Category Management should delete category","invocations":1,"location":null,"numPassingAsserts":3,"retryReasons":[],"status":"passed","title":"should delete category"},{"ancestorTitles":["Admin Routes","Category Management"],"duration":215,"failureDetails":[],"failureMessages":[],"fullName":"Admin Routes Category Management should return 404 when deleting non-existent category","invocations":1,"location":null,"numPassingAsserts":1,"retryReasons":[],"status":"passed","title":"should return 404 when deleting non-existent category"},{"ancestorTitles":["Admin Routes","Category Management"],"duration":215,"failureDetails":[],"failureMessages":[],"fullName":"Admin Routes Category Management should return 400 when deleting category with products","invocations":1,"location":null,"numPassingAsserts":2,"retryReasons":[],"status":"passed","title":"should return 400 when deleting category with products"},{"ancestorTitles":["Admin Routes","Product Management"],"duration":160,"failureDetails":[],"failureMessages":[],"fullName":"Admin Routes Product Management should require authentication","invocations":1,"location":null,"numPassingAsserts":1,"retryReasons":[],"status":"passed","title":"should require authentication"},{"ancestorTitles":["Admin Routes","Product Management"],"duration":211,"failureDetails":[],"failureMessages":[],"fullName":"Admin Routes Product Management should get all products when authenticated","invocations":1,"location":null,"numPassingAsserts":3,"retryReasons":[],"status":"passed","title":"should get all products when authenticated"},{"ancestorTitles":["Admin Routes","Product Management"],"duration":213,"failureDetails":[],"failureMessages":[],"fullName":"Admin Routes Product Management should filter products by category_id","invocations":1,"location":null,"numPassingAsserts":3,"retryReasons":[],"status":"passed","title":"should filter products by category_id"},{"ancestorTitles":["Admin Routes","Product Management"],"duration":213,"failureDetails":[],"failureMessages":[],"fullName":"Admin Routes Product Management should filter products by status","invocations":1,"location":null,"numPassingAsserts":3,"retryReasons":[],"status":"passed","title":"should filter products by status"},{"ancestorTitles":["Admin Routes","Product Management"],"duration":215,"failureDetails":[],"failureMessages":[],"fullName":"Admin Routes Product Management should handle error when getting products fails","invocations":1,"location":null,"numPassingAsserts":2,"retryReasons":[],"status":"passed","title":"should handle error when getting products fails"},{"ancestorTitles":["Admin Routes","Product Management"],"duration":212,"failureDetails":[],"failureMessages":[],"fullName":"Admin Routes Product Management should get product by id when authenticated","invocations":1,"location":null,"numPassingAsserts":7,"retryReasons":[],"status":"passed","title":"should get product by id when authenticated"},{"ancestorTitles":["Admin Routes","Product Management"],"duration":211,"failureDetails":[],"failureMessages":[],"fullName":"Admin Routes Product Management should create product with sizes, toppings, and ice_options","invocations":1,"location":null,"numPassingAsserts":8,"retryReasons":[],"status":"passed","title":"should create product with sizes, toppings, and ice_options"},{"ancestorTitles":["Admin Routes","Product Management"],"duration":215,"failureDetails":[],"failureMessages":[],"fullName":"Admin Routes Product Management should create product with image upload","invocations":1,"location":null,"numPassingAsserts":6,"retryReasons":[],"status":"passed","title":"should create product with image upload"},{"ancestorTitles":["Admin Routes","Product Management"],"duration":213,"failureDetails":[],"failureMessages":[],"fullName":"Admin Routes Product Management should update product with new image","invocations":1,"location":null,"numPassingAsserts":5,"retryReasons":[],"status":"passed","title":"should update product with new image"},{"ancestorTitles":["Admin Routes","Product Management"],"duration":221,"failureDetails":[],"failureMessages":[],"fullName":"Admin Routes Product Management should reject invalid file type for product image","invocations":1,"location":null,"numPassingAsserts":1,"retryReasons":[],"status":"passed","title":"should reject invalid file type for product image"},{"ancestorTitles":["Admin Routes","Product Management"],"duration":218,"failureDetails":[],"failureMessages":[],"fullName":"Admin Routes Product Management should update product with sizes, toppings, and ice_options","invocations":1,"location":null,"numPassingAsserts":6,"retryReasons":[],"status":"passed","title":"should update product with sizes, toppings, and ice_options"},{"ancestorTitles":["Admin Routes","Product Management"],"duration":211,"failureDetails":[],"failureMessages":[],"fullName":"Admin Routes Product Management should delete product without orders","invocations":1,"location":null,"numPassingAsserts":3,"retryReasons":[],"status":"passed","title":"should delete product without orders"},{"ancestorTitles":["Admin Routes","Product Management"],"duration":210,"failureDetails":[],"failureMessages":[],"fullName":"Admin Routes Product Management should batch update products","invocations":1,"location":null,"numPassingAsserts":9,"retryReasons":[],"status":"passed","title":"should batch update products"},{"ancestorTitles":["Admin Routes","Product Management"],"duration":213,"failureDetails":[],"failureMessages":[],"fullName":"Admin Routes Product Management should batch update products with price actions","invocations":1,"location":null,"numPassingAsserts":6,"retryReasons":[],"status":"passed","title":"should batch update products with price actions"},{"ancestorTitles":["Admin Routes","Product Management"],"duration":211,"failureDetails":[],"failureMessages":[],"fullName":"Admin Routes Product Management should return 400 when product_ids is empty","invocations":1,"location":null,"numPassingAsserts":1,"retryReasons":[],"status":"passed","title":"should return 400 when product_ids is empty"},{"ancestorTitles":["Admin Routes","Product Management"],"duration":216,"failureDetails":[],"failureMessages":[],"fullName":"Admin Routes Product Management should return 400 when updates is empty","invocations":1,"location":null,"numPassingAsserts":1,"retryReasons":[],"status":"passed","title":"should return 400 when updates is empty"},{"ancestorTitles":["Admin Routes","Product Management"],"duration":215,"failureDetails":[],"failureMessages":[],"fullName":"Admin Routes Product Management should return 400 when deleting product with orders","invocations":1,"location":null,"numPassingAsserts":1,"retryReasons":[],"status":"passed","title":"should return 400 when deleting product with orders"},{"ancestorTitles":["Admin Routes","Admin Management"],"duration":211,"failureDetails":[],"failureMessages":[],"fullName":"Admin Routes Admin Management should get all admins when super_admin is logged in","invocations":1,"location":null,"numPassingAsserts":4,"retryReasons":[],"status":"passed","title":"should get all admins when super_admin is logged in"},{"ancestorTitles":["Admin Routes","Admin Management"],"duration":262,"failureDetails":[],"failureMessages":[],"fullName":"Admin Routes Admin Management should create admin with all fields including name","invocations":1,"location":null,"numPassingAsserts":8,"retryReasons":[],"status":"passed","title":"should create admin with all fields including name"},{"ancestorTitles":["Admin Routes","Admin Management"],"duration":265,"failureDetails":[],"failureMessages":[],"fullName":"Admin Routes Admin Management should create admin with empty name field","invocations":1,"location":null,"numPassingAsserts":4,"retryReasons":[],"status":"passed","title":"should create admin with empty name field"},{"ancestorTitles":["Admin Routes","Admin Management"],"duration":215,"failureDetails":[],"failureMessages":[],"fullName":"Admin Routes Admin Management should update admin name field","invocations":1,"location":null,"numPassingAsserts":5,"retryReasons":[],"status":"passed","title":"should update admin name field"},{"ancestorTitles":["Admin Routes","Admin Management"],"duration":215,"failureDetails":[],"failureMessages":[],"fullName":"Admin Routes Admin Management should update admin name to empty string","invocations":1,"location":null,"numPassingAsserts":4,"retryReasons":[],"status":"passed","title":"should update admin name to empty string"},{"ancestorTitles":["Admin Routes","Admin Management"],"duration":279,"failureDetails":[],"failureMessages":[],"fullName":"Admin Routes Admin Management should delete admin","invocations":1,"location":null,"numPassingAsserts":3,"retryReasons":[],"status":"passed","title":"should delete admin"},{"ancestorTitles":["Admin Routes","Admin Management"],"duration":226,"failureDetails":[],"failureMessages":[],"fullName":"Admin Routes Admin Management should prevent deleting self","invocations":1,"location":null,"numPassingAsserts":3,"retryReasons":[],"status":"passed","title":"should prevent deleting self"},{"ancestorTitles":["Admin Routes","Admin Management"],"duration":211,"failureDetails":[],"failureMessages":[],"fullName":"Admin Routes Admin Management should return 404 when deleting non-existent admin","invocations":1,"location":null,"numPassingAsserts":2,"retryReasons":[],"status":"passed","title":"should return 404 when deleting non-existent admin"},{"ancestorTitles":["Admin Routes","Admin Management"],"duration":215,"failureDetails":[],"failureMessages":[],"fullName":"Admin Routes Admin Management should validate admin creation data","invocations":1,"location":null,"numPassingAsserts":2,"retryReasons":[],"status":"passed","title":"should validate admin creation data"},{"ancestorTitles":["Admin Routes","Admin Management"],"duration":214,"failureDetails":[],"failureMessages":[],"fullName":"Admin Routes Admin Management should prevent duplicate username","invocations":1,"location":null,"numPassingAsserts":2,"retryReasons":[],"status":"passed","title":"should prevent duplicate username"},{"ancestorTitles":["Admin Routes","Permission Control"],"duration":183,"failureDetails":[],"failureMessages":[],"fullName":"Admin Routes Permission Control should require authentication for admin routes","invocations":1,"location":null,"numPassingAsserts":1,"retryReasons":[],"status":"passed","title":"should require authentication for admin routes"},{"ancestorTitles":["Admin Routes","Permission Control"],"duration":211,"failureDetails":[],"failureMessages":[],"fullName":"Admin Routes Permission Control should allow super_admin to manage admins","invocations":1,"location":null,"numPassingAsserts":2,"retryReasons":[],"status":"passed","title":"should allow super_admin to manage admins"},{"ancestorTitles":["Admin Routes","Permission Control"],"duration":212,"failureDetails":[],"failureMessages":[],"fullName":"Admin Routes Permission Control should prevent regular admin from creating admins","invocations":1,"location":null,"numPassingAsserts":1,"retryReasons":[],"status":"passed","title":"should prevent regular admin from creating admins"},{"ancestorTitles":["Admin Routes","Permission Control"],"duration":212,"failureDetails":[],"failureMessages":[],"fullName":"Admin Routes Permission Control should prevent regular admin from updating admins","invocations":1,"location":null,"numPassingAsserts":1,"retryReasons":[],"status":"passed","title":"should prevent regular admin from updating admins"},{"ancestorTitles":["Admin Routes","Permission Control"],"duration":268,"failureDetails":[],"failureMessages":[],"fullName":"Admin Routes Permission Control should prevent regular admin from deleting admins","invocations":1,"location":null,"numPassingAsserts":1,"retryReasons":[],"status":"passed","title":"should prevent regular admin from deleting admins"},{"ancestorTitles":["Admin Routes","Permission Control"],"duration":209,"failureDetails":[],"failureMessages":[],"fullName":"Admin Routes Permission Control should allow regular admin to view admins list","invocations":1,"location":null,"numPassingAsserts":3,"retryReasons":[],"status":"passed","title":"should allow regular admin to view admins list"},{"ancestorTitles":["Admin Routes","Settings"],"duration":157,"failureDetails":[],"failureMessages":[],"fullName":"Admin Routes Settings should require authentication","invocations":1,"location":null,"numPassingAsserts":1,"retryReasons":[],"status":"passed","title":"should require authentication"},{"ancestorTitles":["Admin Routes","Settings"],"duration":212,"failureDetails":[],"failureMessages":[],"fullName":"Admin Routes Settings should get settings when authenticated","invocations":1,"location":null,"numPassingAsserts":3,"retryReasons":[],"status":"passed","title":"should get settings when authenticated"},{"ancestorTitles":["Admin Routes","Settings"],"duration":214,"failureDetails":[],"failureMessages":[],"fullName":"Admin Routes Settings should update settings when authenticated","invocations":1,"location":null,"numPassingAsserts":2,"retryReasons":[],"status":"passed","title":"should update settings when authenticated"},{"ancestorTitles":["Admin Routes","Settings"],"duration":213,"failureDetails":[],"failureMessages":[],"fullName":"Admin Routes Settings should create new cycle when ordering changes from closed to open","invocations":1,"location":null,"numPassingAsserts":4,"retryReasons":[],"status":"passed","title":"should create new cycle when ordering changes from closed to open"},{"ancestorTitles":["Admin Routes","Settings"],"duration":214,"failureDetails":[],"failureMessages":[],"fullName":"Admin Routes Settings should end cycle and calculate discount when ordering changes from open to closed","invocations":1,"location":null,"numPassingAsserts":6,"retryReasons":[],"status":"passed","title":"should end cycle and calculate discount when ordering changes from open to closed"},{"ancestorTitles":["Admin Routes","Settings"],"duration":211,"failureDetails":[],"failureMessages":[],"fullName":"Admin Routes Settings should not create duplicate cycle when ordering is already open","invocations":1,"location":null,"numPassingAsserts":3,"retryReasons":[],"status":"passed","title":"should not create duplicate cycle when ordering is already open"},{"ancestorTitles":["Admin Routes","Dashboard & Statistics"],"duration":159,"failureDetails":[],"failureMessages":[],"fullName":"Admin Routes Dashboard & Statistics should require authentication","invocations":1,"location":null,"numPassingAsserts":1,"retryReasons":[],"status":"passed","title":"should require authentication"},{"ancestorTitles":["Admin Routes","Dashboard & Statistics"],"duration":212,"failureDetails":[],"failureMessages":[],"fullName":"Admin Routes Dashboard & Statistics should return empty statistics when no cycles exist","invocations":1,"location":null,"numPassingAsserts":6,"retryReasons":[],"status":"passed","title":"should return empty statistics when no cycles exist"},{"ancestorTitles":["Admin Routes","Dashboard & Statistics"],"duration":212,"failureDetails":[],"failureMessages":[],"fullName":"Admin Routes Dashboard & Statistics should return statistics for active cycle","invocations":1,"location":null,"numPassingAsserts":6,"retryReasons":[],"status":"passed","title":"should return statistics for active cycle"},{"ancestorTitles":["Admin Routes","Dashboard & Statistics"],"duration":212,"failureDetails":[],"failureMessages":[],"fullName":"Admin Routes Dashboard & Statistics should return statistics for ended cycle when no active cycle","invocations":1,"location":null,"numPassingAsserts":5,"retryReasons":[],"status":"passed","title":"should return statistics for ended cycle when no active cycle"},{"ancestorTitles":["Admin Routes","Dashboard & Statistics"],"duration":215,"failureDetails":[],"failureMessages":[],"fullName":"Admin Routes Dashboard & Statistics should calculate discount rate for ended cycle","invocations":1,"location":null,"numPassingAsserts":4,"retryReasons":[],"status":"passed","title":"should calculate discount rate for ended cycle"},{"ancestorTitles":["Admin Routes","Order Management"],"duration":163,"failureDetails":[],"failureMessages":[],"fullName":"Admin Routes Order Management should require authentication","invocations":1,"location":null,"numPassingAsserts":1,"retryReasons":[],"status":"passed","title":"should require authentication"},{"ancestorTitles":["Admin Routes","Order Management"],"duration":213,"failureDetails":[],"failureMessages":[],"fullName":"Admin Routes Order Management should get all orders when authenticated","invocations":1,"location":null,"numPassingAsserts":3,"retryReasons":[],"status":"passed","title":"should get all orders when authenticated"},{"ancestorTitles":["Admin Routes","Order Management"],"duration":212,"failureDetails":[],"failureMessages":[],"fullName":"Admin Routes Order Management should filter orders by status","invocations":1,"location":null,"numPassingAsserts":3,"retryReasons":[],"status":"passed","title":"should filter orders by status"},{"ancestorTitles":["Admin Routes","Order Management"],"duration":222,"failureDetails":[],"failureMessages":[],"fullName":"Admin Routes Order Management should filter orders by phone","invocations":1,"location":null,"numPassingAsserts":3,"retryReasons":[],"status":"passed","title":"should filter orders by phone"},{"ancestorTitles":["Admin Routes","Order Management"],"duration":339,"failureDetails":[],"failureMessages":[],"fullName":"Admin Routes Order Management should filter orders by cycle_id","invocations":1,"location":null,"numPassingAsserts":2,"retryReasons":[],"status":"passed","title":"should filter orders by cycle_id"},{"ancestorTitles":["Admin Routes","Order Management"],"duration":227,"failureDetails":[],"failureMessages":[],"fullName":"Admin Routes Order Management should respect max_visible_cycles setting for orders","invocations":1,"location":null,"numPassingAsserts":3,"retryReasons":[],"status":"passed","title":"should respect max_visible_cycles setting for orders"},{"ancestorTitles":["Admin Routes","Order Management"],"duration":348,"failureDetails":[],"failureMessages":[],"fullName":"Admin Routes Order Management should mark orders as expired correctly","invocations":1,"location":null,"numPassingAsserts":4,"retryReasons":[],"status":"passed","title":"should mark orders as expired correctly"},{"ancestorTitles":["Admin Routes","Order Management"],"duration":234,"failureDetails":[],"failureMessages":[],"fullName":"Admin Routes Order Management should update order status","invocations":1,"location":null,"numPassingAsserts":3,"retryReasons":[],"status":"passed","title":"should update order status"},{"ancestorTitles":["Admin Routes","Order Management"],"duration":221,"failureDetails":[],"failureMessages":[],"fullName":"Admin Routes Order Management should return 400 for invalid status","invocations":1,"location":null,"numPassingAsserts":1,"retryReasons":[],"status":"passed","title":"should return 400 for invalid status"},{"ancestorTitles":["Admin Routes","Discount Rules Management"],"duration":244,"failureDetails":[],"failureMessages":[],"fullName":"Admin Routes Discount Rules Management should require authentication","invocations":1,"location":null,"numPassingAsserts":1,"retryReasons":[],"status":"passed","title":"should require authentication"},{"ancestorTitles":["Admin Routes","Discount Rules Management"],"duration":263,"failureDetails":[],"failureMessages":[],"fullName":"Admin Routes Discount Rules Management should get discount rules when authenticated","invocations":1,"location":null,"numPassingAsserts":3,"retryReasons":[],"status":"passed","title":"should get discount rules when authenticated"},{"ancestorTitles":["Admin Routes","Discount Rules Management"],"duration":326,"failureDetails":[],"failureMessages":[],"fullName":"Admin Routes Discount Rules Management should batch update discount rules","invocations":1,"location":null,"numPassingAsserts":3,"retryReasons":[],"status":"passed","title":"should batch update discount rules"},{"ancestorTitles":["Admin Routes","Cycles Management"],"duration":177,"failureDetails":[],"failureMessages":[],"fullName":"Admin Routes Cycles Management should require authentication","invocations":1,"location":null,"numPassingAsserts":1,"retryReasons":[],"status":"passed","title":"should require authentication"},{"ancestorTitles":["Admin Routes","Cycles Management"],"duration":214,"failureDetails":[],"failureMessages":[],"fullName":"Admin Routes Cycles Management should get cycles when authenticated","invocations":1,"location":null,"numPassingAsserts":3,"retryReasons":[],"status":"passed","title":"should get cycles when authenticated"},{"ancestorTitles":["Admin Routes","Cycles Management"],"duration":224,"failureDetails":[],"failureMessages":[],"fullName":"Admin Routes Cycles Management should confirm cycle","invocations":1,"location":null,"numPassingAsserts":4,"retryReasons":[],"status":"passed","title":"should confirm cycle"},{"ancestorTitles":["Admin Routes","Cycles Management"],"duration":239,"failureDetails":[],"failureMessages":[],"fullName":"Admin Routes Cycles Management should return 404 when confirming non-existent cycle","invocations":1,"location":null,"numPassingAsserts":2,"retryReasons":[],"status":"passed","title":"should return 404 when confirming non-existent cycle"},{"ancestorTitles":["Admin Routes","Cycles Management"],"duration":302,"failureDetails":[],"failureMessages":[],"fullName":"Admin Routes Cycles Management should return 400 when confirming already confirmed cycle","invocations":1,"location":null,"numPassingAsserts":2,"retryReasons":[],"status":"passed","title":"should return 400 when confirming already confirmed cycle"},{"ancestorTitles":["Admin Routes","Cycles Management"],"duration":236,"failureDetails":[],"failureMessages":[],"fullName":"Admin Routes Cycles Management should query orders within cycle time range correctly","invocations":1,"location":null,"numPassingAsserts":5,"retryReasons":[],"status":"passed","title":"should query orders within cycle time range correctly"},{"ancestorTitles":["Admin Routes","Cycles Management"],"duration":305,"failureDetails":[],"failureMessages":[],"fullName":"Admin Routes Cycles Management should not process paid orders (only pending orders are queried)","invocations":1,"location":null,"numPassingAsserts":6,"retryReasons":[],"status":"passed","title":"should not process paid orders (only pending orders are queried)"},{"ancestorTitles":["Admin Routes","Cycles Management"],"duration":223,"failureDetails":[],"failureMessages":[],"fullName":"Admin Routes Cycles Management should calculate discount using cycle total_amount","invocations":1,"location":null,"numPassingAsserts":5,"retryReasons":[],"status":"passed","title":"should calculate discount using cycle total_amount"},{"ancestorTitles":["Admin Routes","Cycles Management"],"duration":218,"failureDetails":[],"failureMessages":[],"fullName":"Admin Routes Cycles Management should automatically cancel pending orders","invocations":1,"location":null,"numPassingAsserts":9,"retryReasons":[],"status":"passed","title":"should automatically cancel pending orders"},{"ancestorTitles":["Admin Routes","Cycles Management"],"duration":216,"failureDetails":[],"failureMessages":[],"fullName":"Admin Routes Cycles Management should update cycle status to confirmed with correct discount_rate","invocations":1,"location":null,"numPassingAsserts":6,"retryReasons":[],"status":"passed","title":"should update cycle status to confirmed with correct discount_rate"},{"ancestorTitles":["Admin Routes","Cycles Management"],"duration":216,"failureDetails":[],"failureMessages":[],"fullName":"Admin Routes Cycles Management should handle cycle with no orders","invocations":1,"location":null,"numPassingAsserts":6,"retryReasons":[],"status":"passed","title":"should handle cycle with no orders"},{"ancestorTitles":["Admin Routes","Cycles Management"],"duration":219,"failureDetails":[],"failureMessages":[],"fullName":"Admin Routes Cycles Management should handle cycle with only paid orders","invocations":1,"location":null,"numPassingAsserts":5,"retryReasons":[],"status":"passed","title":"should handle cycle with only paid orders"},{"ancestorTitles":["Admin Routes","Cycles Management"],"duration":216,"failureDetails":[],"failureMessages":[],"fullName":"Admin Routes Cycles Management should handle cycle with only pending orders","invocations":1,"location":null,"numPassingAsserts":7,"retryReasons":[],"status":"passed","title":"should handle cycle with only pending orders"},{"ancestorTitles":["Admin Routes","Cycles Management"],"duration":216,"failureDetails":[],"failureMessages":[],"fullName":"Admin Routes Cycles Management should handle discount rate of 0","invocations":1,"location":null,"numPassingAsserts":5,"retryReasons":[],"status":"passed","title":"should handle discount rate of 0"},{"ancestorTitles":["Admin Routes","Cycles Management"],"duration":216,"failureDetails":[],"failureMessages":[],"fullName":"Admin Routes Cycles Management should handle discount rate of 100%","invocations":1,"location":null,"numPassingAsserts":5,"retryReasons":[],"status":"passed","title":"should handle discount rate of 100%"},{"ancestorTitles":["Admin Routes","Cycles Management"],"duration":217,"failureDetails":[],"failureMessages":[],"fullName":"Admin Routes Cycles Management should respect max_visible_cycles setting","invocations":1,"location":null,"numPassingAsserts":3,"retryReasons":[],"status":"passed","title":"should respect max_visible_cycles setting"},{"ancestorTitles":["Admin Routes","Ordering Control"],"duration":158,"failureDetails":[],"failureMessages":[],"fullName":"Admin Routes Ordering Control should require authentication","invocations":1,"location":null,"numPassingAsserts":1,"retryReasons":[],"status":"passed","title":"should require authentication"},{"ancestorTitles":["Admin Routes","Ordering Control"],"duration":217,"failureDetails":[],"failureMessages":[],"fullName":"Admin Routes Ordering Control should open ordering and create new cycle","invocations":1,"location":null,"numPassingAsserts":6,"retryReasons":[],"status":"passed","title":"should open ordering and create new cycle"},{"ancestorTitles":["Admin Routes","Ordering Control"],"duration":216,"failureDetails":[],"failureMessages":[],"fullName":"Admin Routes Ordering Control should close ordering and calculate discount","invocations":1,"location":null,"numPassingAsserts":5,"retryReasons":[],"status":"passed","title":"should close ordering and calculate discount"},{"ancestorTitles":["Admin Routes","Ordering Control"],"duration":215,"failureDetails":[],"failureMessages":[],"fullName":"Admin Routes Ordering Control should handle closing ordering when already closed","invocations":1,"location":null,"numPassingAsserts":3,"retryReasons":[],"status":"passed","title":"should handle closing ordering when already closed"},{"ancestorTitles":["Admin Routes","Ordering Control"],"duration":212,"failureDetails":[],"failureMessages":[],"fullName":"Admin Routes Ordering Control should handle closing ordering when no active cycle exists","invocations":1,"location":null,"numPassingAsserts":3,"retryReasons":[],"status":"passed","title":"should handle closing ordering when no active cycle exists"},{"ancestorTitles":["Admin Routes","Ordering Control"],"duration":226,"failureDetails":[],"failureMessages":[],"fullName":"Admin Routes Ordering Control should handle opening ordering when already open","invocations":1,"location":null,"numPassingAsserts":3,"retryReasons":[],"status":"passed","title":"should handle opening ordering when already open"},{"ancestorTitles":["Admin Routes","Integration Tests - Complete Ordering Flow"],"duration":218,"failureDetails":[],"failureMessages":[],"fullName":"Admin Routes Integration Tests - Complete Ordering Flow should complete full ordering cycle: open -> create orders -> close -> calculate discount -> confirm","invocations":1,"location":null,"numPassingAsserts":13,"retryReasons":[],"status":"passed","title":"should complete full ordering cycle: open -> create orders -> close -> calculate discount -> confirm"},{"ancestorTitles":["Admin Routes","Edge Cases - Transaction Rollback"],"duration":215,"failureDetails":[],"failureMessages":[],"fullName":"Admin Routes Edge Cases - Transaction Rollback should handle transaction rollback when cycle creation fails","invocations":1,"location":null,"numPassingAsserts":2,"retryReasons":[],"status":"passed","title":"should handle transaction rollback when cycle creation fails"},{"ancestorTitles":["Admin Routes","Edge Cases - Concurrent Operations"],"duration":219,"failureDetails":[],"failureMessages":[],"fullName":"Admin Routes Edge Cases - Concurrent Operations should handle multiple orders in the same cycle correctly","invocations":1,"location":null,"numPassingAsserts":6,"retryReasons":[],"status":"passed","title":"should handle multiple orders in the same cycle correctly"},{"ancestorTitles":["Admin Routes","Edge Cases - Large Data Volume"],"duration":218,"failureDetails":[],"failureMessages":[],"fullName":"Admin Routes Edge Cases - Large Data Volume should handle large number of orders efficiently","invocations":1,"location":null,"numPassingAsserts":3,"retryReasons":[],"status":"passed","title":"should handle large number of orders efficiently"},{"ancestorTitles":["Admin Routes","Logs Management"],"duration":162,"failureDetails":[],"failureMessages":[],"fullName":"Admin Routes Logs Management should require authentication","invocations":1,"location":null,"numPassingAsserts":1,"retryReasons":[],"status":"passed","title":"should require authentication"},{"ancestorTitles":["Admin Routes","Logs Management"],"duration":215,"failureDetails":[],"failureMessages":[],"fullName":"Admin Routes Logs Management should get logs when authenticated","invocations":1,"location":null,"numPassingAsserts":3,"retryReasons":[],"status":"passed","title":"should get logs when authenticated"},{"ancestorTitles":["Admin Routes","Logs Management"],"duration":215,"failureDetails":[],"failureMessages":[],"fullName":"Admin Routes Logs Management should limit logs by limit parameter","invocations":1,"location":null,"numPassingAsserts":3,"retryReasons":[],"status":"passed","title":"should limit logs by limit parameter"},{"ancestorTitles":["Admin Routes","Logs Management"],"duration":216,"failureDetails":[],"failureMessages":[],"fullName":"Admin Routes Logs Management should get log filter options","invocations":1,"location":null,"numPassingAsserts":6,"retryReasons":[],"status":"passed","title":"should get log filter options"},{"ancestorTitles":["Admin Routes","Users Management"],"duration":162,"failureDetails":[],"failureMessages":[],"fullName":"Admin Routes Users Management should require authentication","invocations":1,"location":null,"numPassingAsserts":1,"retryReasons":[],"status":"passed","title":"should require authentication"},{"ancestorTitles":["Admin Routes","Users Management"],"duration":213,"failureDetails":[],"failureMessages":[],"fullName":"Admin Routes Users Management should get users when authenticated","invocations":1,"location":null,"numPassingAsserts":3,"retryReasons":[],"status":"passed","title":"should get users when authenticated"},{"ancestorTitles":["Admin Routes","Order Export"],"duration":162,"failureDetails":[],"failureMessages":[],"fullName":"Admin Routes Order Export should require authentication","invocations":1,"location":null,"numPassingAsserts":1,"retryReasons":[],"status":"passed","title":"should require authentication"},{"ancestorTitles":["Admin Routes","Order Export"],"duration":225,"failureDetails":[],"failureMessages":[],"fullName":"Admin Routes Order Export should export orders as XLSX","invocations":1,"location":null,"numPassingAsserts":7,"retryReasons":[],"status":"passed","title":"should export orders as XLSX"},{"ancestorTitles":["Admin Routes","Order Export"],"duration":349,"failureDetails":[],"failureMessages":[],"fullName":"Admin Routes Order Export should export orders as XLSX format","invocations":1,"location":null,"numPassingAsserts":3,"retryReasons":[],"status":"passed","title":"should export orders as XLSX format"},{"ancestorTitles":["Admin Routes","Order Export"],"duration":233,"failureDetails":[],"failureMessages":[],"fullName":"Admin Routes Order Export should filter orders by status","invocations":1,"location":null,"numPassingAsserts":4,"retryReasons":[],"status":"passed","title":"should filter orders by status"},{"ancestorTitles":["Admin Routes","Order Export"],"duration":308,"failureDetails":[],"failureMessages":[],"fullName":"Admin Routes Order Export should filter orders by phone","invocations":1,"location":null,"numPassingAsserts":4,"retryReasons":[],"status":"passed","title":"should filter orders by phone"},{"ancestorTitles":["Admin Routes","Order Export"],"duration":227,"failureDetails":[],"failureMessages":[],"fullName":"Admin Routes Order Export should filter orders by cycle_id","invocations":1,"location":null,"numPassingAsserts":3,"retryReasons":[],"status":"passed","title":"should filter orders by cycle_id"},{"ancestorTitles":["Admin Routes","Order Export"],"duration":216,"failureDetails":[],"failureMessages":[],"fullName":"Admin Routes Order Export should return 404 when no cycles found","invocations":1,"location":null,"numPassingAsserts":2,"retryReasons":[],"status":"passed","title":"should return 404 when no cycles found"},{"ancestorTitles":["Admin Routes","Order Export"],"duration":217,"failureDetails":[],"failureMessages":[],"fullName":"Admin Routes Order Export should include order details in XLSX","invocations":1,"location":null,"numPassingAsserts":4,"retryReasons":[],"status":"passed","title":"should include order details in XLSX"},{"ancestorTitles":["Admin Routes","Developer Tools"],"duration":217,"failureDetails":[],"failureMessages":[],"fullName":"Admin Routes Developer Tools should require super_admin for all developer endpoints","invocations":1,"location":null,"numPassingAsserts":4,"retryReasons":[],"status":"passed","title":"should require super_admin for all developer endpoints"},{"ancestorTitles":["Admin Routes","Developer Tools"],"duration":216,"failureDetails":[],"failureMessages":[],"fullName":"Admin Routes Developer Tools should get tables list when super_admin","invocations":1,"location":null,"numPassingAsserts":4,"retryReasons":[],"status":"passed","title":"should get tables list when super_admin"},{"ancestorTitles":["Admin Routes","Developer Tools"],"duration":216,"failureDetails":[],"failureMessages":[],"fullName":"Admin Routes Developer Tools should get table schema when super_admin","invocations":1,"location":null,"numPassingAsserts":3,"retryReasons":[],"status":"passed","title":"should get table schema when super_admin"},{"ancestorTitles":["Admin Routes","Developer Tools"],"duration":214,"failureDetails":[],"failureMessages":[],"fullName":"Admin Routes Developer Tools should reject invalid table name in table schema","invocations":1,"location":null,"numPassingAsserts":2,"retryReasons":[],"status":"passed","title":"should reject invalid table name in table schema"},{"ancestorTitles":["Admin Routes","Developer Tools"],"duration":216,"failureDetails":[],"failureMessages":[],"fullName":"Admin Routes Developer Tools should get table data with pagination when super_admin","invocations":1,"location":null,"numPassingAsserts":3,"retryReasons":[],"status":"passed","title":"should get table data with pagination when super_admin"},{"ancestorTitles":["Admin Routes","Developer Tools"],"duration":215,"failureDetails":[],"failureMessages":[],"fullName":"Admin Routes Developer Tools should reject invalid table name in table data","invocations":1,"location":null,"numPassingAsserts":2,"retryReasons":[],"status":"passed","title":"should reject invalid table name in table data"},{"ancestorTitles":["Admin Routes","Developer Tools"],"duration":215,"failureDetails":[],"failureMessages":[],"fullName":"Admin Routes Developer Tools should update table data when super_admin","invocations":1,"location":null,"numPassingAsserts":4,"retryReasons":[],"status":"passed","title":"should update table data when super_admin"},{"ancestorTitles":["Admin Routes","Developer Tools"],"duration":214,"failureDetails":[],"failureMessages":[],"fullName":"Admin Routes Developer Tools should reject invalid table name in update table data","invocations":1,"location":null,"numPassingAsserts":2,"retryReasons":[],"status":"passed","title":"should reject invalid table name in update table data"},{"ancestorTitles":["Admin Routes","Developer Tools"],"duration":216,"failureDetails":[],"failureMessages":[],"fullName":"Admin Routes Developer Tools should execute SELECT query when super_admin","invocations":1,"location":null,"numPassingAsserts":3,"retryReasons":[],"status":"passed","title":"should execute SELECT query when super_admin"},{"ancestorTitles":["Admin Routes","Developer Tools"],"duration":215,"failureDetails":[],"failureMessages":[],"fullName":"Admin Routes Developer Tools should reject dangerous SQL keywords","invocations":1,"location":null,"numPassingAsserts":10,"retryReasons":[],"status":"passed","title":"should reject dangerous SQL keywords"},{"ancestorTitles":["Admin Routes","Developer Tools"],"duration":216,"failureDetails":[],"failureMessages":[],"fullName":"Admin Routes Developer Tools should reject non-allowed SQL statement types","invocations":1,"location":null,"numPassingAsserts":2,"retryReasons":[],"status":"passed","title":"should reject non-allowed SQL statement types"},{"ancestorTitles":["Admin Routes","Developer Tools"],"duration":214,"failureDetails":[],"failureMessages":[],"fullName":"Admin Routes Developer Tools should require SQL query parameter","invocations":1,"location":null,"numPassingAsserts":2,"retryReasons":[],"status":"passed","title":"should require SQL query parameter"},{"ancestorTitles":["Admin Routes","Security Tests"],"duration":211,"failureDetails":[],"failureMessages":[],"fullName":"Admin Routes Security Tests should prevent SQL injection in product ID parameter","invocations":1,"location":null,"numPassingAsserts":1,"retryReasons":[],"status":"passed","title":"should prevent SQL injection in product ID parameter"},{"ancestorTitles":["Admin Routes","Security Tests"],"duration":213,"failureDetails":[],"failureMessages":[],"fullName":"Admin Routes Security Tests should prevent SQL injection in category ID parameter","invocations":1,"location":null,"numPassingAsserts":2,"retryReasons":[],"status":"passed","title":"should prevent SQL injection in category ID parameter"},{"ancestorTitles":["Admin Routes","Security Tests"],"duration":215,"failureDetails":[],"failureMessages":[],"fullName":"Admin Routes Security Tests should prevent XSS in product name","invocations":1,"location":null,"numPassingAsserts":2,"retryReasons":[],"status":"passed","title":"should prevent XSS in product name"},{"ancestorTitles":["Admin Routes","Security Tests"],"duration":161,"failureDetails":[],"failureMessages":[],"fullName":"Admin Routes Security Tests should prevent unauthorized access to admin endpoints","invocations":1,"location":null,"numPassingAsserts":1,"retryReasons":[],"status":"passed","title":"should prevent unauthorized access to admin endpoints"},{"ancestorTitles":["Admin Routes","Security Tests"],"duration":216,"failureDetails":[],"failureMessages":[],"fullName":"Admin Routes Security Tests should prevent regular admin from accessing super_admin endpoints","invocations":1,"location":null,"numPassingAsserts":1,"retryReasons":[],"status":"passed","title":"should prevent regular admin from accessing super_admin endpoints"},{"ancestorTitles":["Admin Routes","Security Tests"],"duration":266,"failureDetails":[],"failureMessages":[],"fullName":"Admin Routes Security Tests should validate and sanitize input in admin creation","invocations":1,"location":null,"numPassingAsserts":1,"retryReasons":[],"status":"passed","title":"should validate and sanitize input in admin creation"},{"ancestorTitles":["Admin Routes","Performance Tests"],"duration":214,"failureDetails":[],"failureMessages":[],"fullName":"Admin Routes Performance Tests should handle querying many orders efficiently","invocations":1,"location":null,"numPassingAsserts":3,"retryReasons":[],"status":"passed","title":"should handle querying many orders efficiently"},{"ancestorTitles":["Admin Routes","Performance Tests"],"duration":234,"failureDetails":[],"failureMessages":[],"fullName":"Admin Routes Performance Tests should handle export with many orders efficiently","invocations":1,"location":null,"numPassingAsserts":3,"retryReasons":[],"status":"passed","title":"should handle export with many orders efficiently"},{"ancestorTitles":["Admin Routes","Performance Tests"],"duration":213,"failureDetails":[],"failureMessages":[],"fullName":"Admin Routes Performance Tests should handle statistics query efficiently","invocations":1,"location":null,"numPassingAsserts":3,"retryReasons":[],"status":"passed","title":"should handle statistics query efficiently"}],"endTime":1763810479554,"message":"","name":"/Volumes/512G/06-工具开发/BODA/tests/routes/admin.test.js","startTime":1763810451225,"status":"passed","summary":""}],"wasInterrupted":false,"coverageMap":{"/Volumes/512G/06-工具开发/BODA/routes/auth.js":{"path":"/Volumes/512G/06-工具开发/BODA/routes/auth.js","statementMap":{"0":{"start":{"line":1,"column":16},"end":{"line":1,"column":34}},"1":{"start":{"line":2,"column":15},"end":{"line":2,"column":34}},"2":{"start":{"line":3,"column":31},"end":{"line":3,"column":56}},"3":{"start":{"line":4,"column":71},"end":{"line":4,"column":106}},"4":{"start":{"line":5,"column":30},"end":{"line":5,"column":56}},"5":{"start":{"line":6,"column":17},"end":{"line":6,"column":45}},"6":{"start":{"line":7,"column":47},"end":{"line":7,"column":79}},"7":{"start":{"line":8,"column":62},"end":{"line":8,"column":96}},"8":{"start":{"line":10,"column":15},"end":{"line":10,"column":31}},"9":{"start":{"line":19,"column":0},"end":{"line":85,"column":3}},"10":{"start":{"line":20,"column":2},"end":{"line":84,"column":3}},"11":{"start":{"line":21,"column":35},"end":{"line":21,"column":43}},"12":{"start":{"line":23,"column":18},"end":{"line":26,"column":5}},"13":{"start":{"line":28,"column":4},"end":{"line":31,"column":5}},"14":{"start":{"line":29,"column":6},"end":{"line":29,"column":61}},"15":{"start":{"line":30,"column":6},"end":{"line":30,"column":75}},"16":{"start":{"line":33,"column":20},"end":{"line":33,"column":66}},"17":{"start":{"line":34,"column":4},"end":{"line":37,"column":5}},"18":{"start":{"line":35,"column":6},"end":{"line":35,"column":60}},"19":{"start":{"line":36,"column":6},"end":{"line":36,"column":75}},"20":{"start":{"line":40,"column":27},"end":{"line":40,"column":59}},"21":{"start":{"line":43,"column":4},"end":{"line":43,"column":35}},"22":{"start":{"line":44,"column":4},"end":{"line":44,"column":47}},"23":{"start":{"line":45,"column":4},"end":{"line":45,"column":39}},"24":{"start":{"line":46,"column":4},"end":{"line":46,"column":39}},"25":{"start":{"line":48,"column":4},"end":{"line":48,"column":45}},"26":{"start":{"line":49,"column":4},"end":{"line":49,"column":49}},"27":{"start":{"line":52,"column":4},"end":{"line":57,"column":13}},"28":{"start":{"line":59,"column":4},"end":{"line":59,"column":53}},"29":{"start":{"line":61,"column":4},"end":{"line":70,"column":7}},"30":{"start":{"line":72,"column":4},"end":{"line":77,"column":7}},"31":{"start":{"line":78,"column":4},"end":{"line":83,"column":7}},"32":{"start":{"line":92,"column":0},"end":{"line":123,"column":3}},"33":{"start":{"line":93,"column":18},"end":{"line":93,"column":37}},"34":{"start":{"line":94,"column":17},"end":{"line":94,"column":35}},"35":{"start":{"line":95,"column":20},"end":{"line":95,"column":41}},"36":{"start":{"line":96,"column":19},"end":{"line":96,"column":39}},"37":{"start":{"line":99,"column":2},"end":{"line":99,"column":29}},"38":{"start":{"line":100,"column":2},"end":{"line":100,"column":35}},"39":{"start":{"line":101,"column":2},"end":{"line":101,"column":31}},"40":{"start":{"line":102,"column":2},"end":{"line":102,"column":31}},"41":{"start":{"line":105,"column":2},"end":{"line":107,"column":3}},"42":{"start":{"line":106,"column":4},"end":{"line":106,"column":32}},"43":{"start":{"line":108,"column":2},"end":{"line":110,"column":3}},"44":{"start":{"line":109,"column":4},"end":{"line":109,"column":38}},"45":{"start":{"line":111,"column":2},"end":{"line":113,"column":3}},"46":{"start":{"line":112,"column":4},"end":{"line":112,"column":36}},"47":{"start":{"line":115,"column":2},"end":{"line":122,"column":5}},"48":{"start":{"line":116,"column":4},"end":{"line":119,"column":5}},"49":{"start":{"line":117,"column":6},"end":{"line":117,"column":63}},"50":{"start":{"line":118,"column":6},"end":{"line":118,"column":71}},"51":{"start":{"line":120,"column":4},"end":{"line":120,"column":79}},"52":{"start":{"line":121,"column":4},"end":{"line":121,"column":49}},"53":{"start":{"line":130,"column":0},"end":{"line":155,"column":3}},"54":{"start":{"line":131,"column":2},"end":{"line":133,"column":3}},"55":{"start":{"line":132,"column":4},"end":{"line":132,"column":68}},"56":{"start":{"line":135,"column":2},"end":{"line":154,"column":3}},"57":{"start":{"line":136,"column":18},"end":{"line":139,"column":5}},"58":{"start":{"line":141,"column":4},"end":{"line":148,"column":5}},"59":{"start":{"line":143,"column":6},"end":{"line":143,"column":33}},"60":{"start":{"line":144,"column":6},"end":{"line":144,"column":39}},"61":{"start":{"line":145,"column":6},"end":{"line":145,"column":35}},"62":{"start":{"line":146,"column":6},"end":{"line":146,"column":35}},"63":{"start":{"line":147,"column":6},"end":{"line":147,"column":72}},"64":{"start":{"line":150,"column":4},"end":{"line":150,"column":39}},"65":{"start":{"line":152,"column":4},"end":{"line":152,"column":56}},"66":{"start":{"line":153,"column":4},"end":{"line":153,"column":64}},"67":{"start":{"line":164,"column":0},"end":{"line":249,"column":3}},"68":{"start":{"line":169,"column":2},"end":{"line":248,"column":3}},"69":{"start":{"line":170,"column":28},"end":{"line":170,"column":36}},"70":{"start":{"line":173,"column":23},"end":{"line":173,"column":93}},"71":{"start":{"line":174,"column":4},"end":{"line":181,"column":5}},"72":{"start":{"line":176,"column":6},"end":{"line":180,"column":9}},"73":{"start":{"line":184,"column":15},"end":{"line":184,"column":77}},"74":{"start":{"line":186,"column":4},"end":{"line":200,"column":5}},"75":{"start":{"line":187,"column":21},"end":{"line":190,"column":7}},"76":{"start":{"line":191,"column":6},"end":{"line":191,"column":77}},"77":{"start":{"line":192,"column":6},"end":{"line":192,"column":55}},"78":{"start":{"line":195,"column":6},"end":{"line":198,"column":8}},"79":{"start":{"line":199,"column":6},"end":{"line":199,"column":36}},"80":{"start":{"line":203,"column":26},"end":{"line":203,"column":57}},"81":{"start":{"line":206,"column":4},"end":{"line":206,"column":33}},"82":{"start":{"line":207,"column":4},"end":{"line":207,"column":39}},"83":{"start":{"line":208,"column":4},"end":{"line":208,"column":37}},"84":{"start":{"line":211,"column":4},"end":{"line":211,"column":44}},"85":{"start":{"line":212,"column":4},"end":{"line":212,"column":47}},"86":{"start":{"line":215,"column":41},"end":{"line":215,"column":67}},"87":{"start":{"line":216,"column":4},"end":{"line":221,"column":13}},"88":{"start":{"line":223,"column":4},"end":{"line":223,"column":54}},"89":{"start":{"line":225,"column":4},"end":{"line":233,"column":7}},"90":{"start":{"line":235,"column":4},"end":{"line":241,"column":7}},"91":{"start":{"line":242,"column":4},"end":{"line":247,"column":7}},"92":{"start":{"line":256,"column":0},"end":{"line":290,"column":3}},"93":{"start":{"line":257,"column":17},"end":{"line":257,"column":35}},"94":{"start":{"line":258,"column":18},"end":{"line":258,"column":37}},"95":{"start":{"line":259,"column":24},"end":{"line":259,"column":49}},"96":{"start":{"line":260,"column":20},"end":{"line":260,"column":41}},"97":{"start":{"line":261,"column":20},"end":{"line":261,"column":41}},"98":{"start":{"line":264,"column":2},"end":{"line":264,"column":28}},"99":{"start":{"line":265,"column":2},"end":{"line":265,"column":31}},"100":{"start":{"line":266,"column":2},"end":{"line":266,"column":30}},"101":{"start":{"line":269,"column":2},"end":{"line":271,"column":3}},"102":{"start":{"line":270,"column":4},"end":{"line":270,"column":34}},"103":{"start":{"line":272,"column":2},"end":{"line":274,"column":3}},"104":{"start":{"line":273,"column":4},"end":{"line":273,"column":46}},"105":{"start":{"line":275,"column":2},"end":{"line":277,"column":3}},"106":{"start":{"line":276,"column":4},"end":{"line":276,"column":38}},"107":{"start":{"line":278,"column":2},"end":{"line":280,"column":3}},"108":{"start":{"line":279,"column":4},"end":{"line":279,"column":38}},"109":{"start":{"line":282,"column":2},"end":{"line":289,"column":5}},"110":{"start":{"line":283,"column":4},"end":{"line":286,"column":5}},"111":{"start":{"line":284,"column":6},"end":{"line":284,"column":61}},"112":{"start":{"line":285,"column":6},"end":{"line":285,"column":71}},"113":{"start":{"line":287,"column":4},"end":{"line":287,"column":79}},"114":{"start":{"line":288,"column":4},"end":{"line":288,"column":49}},"115":{"start":{"line":299,"column":0},"end":{"line":341,"column":3}},"116":{"start":{"line":304,"column":2},"end":{"line":340,"column":3}},"117":{"start":{"line":305,"column":38},"end":{"line":305,"column":46}},"118":{"start":{"line":308,"column":23},"end":{"line":308,"column":93}},"119":{"start":{"line":309,"column":20},"end":{"line":309,"column":54}},"120":{"start":{"line":311,"column":4},"end":{"line":320,"column":5}},"121":{"start":{"line":313,"column":6},"end":{"line":318,"column":7}},"122":{"start":{"line":314,"column":8},"end":{"line":317,"column":11}},"123":{"start":{"line":322,"column":19},"end":{"line":322,"column":60}},"124":{"start":{"line":324,"column":4},"end":{"line":336,"column":5}},"125":{"start":{"line":325,"column":6},"end":{"line":330,"column":9}},"126":{"start":{"line":332,"column":6},"end":{"line":335,"column":9}},"127":{"start":{"line":338,"column":4},"end":{"line":338,"column":54}},"128":{"start":{"line":339,"column":4},"end":{"line":339,"column":90}},"129":{"start":{"line":351,"column":0},"end":{"line":425,"column":3}},"130":{"start":{"line":357,"column":2},"end":{"line":424,"column":3}},"131":{"start":{"line":358,"column":34},"end":{"line":358,"column":42}},"132":{"start":{"line":361,"column":25},"end":{"line":361,"column":63}},"133":{"start":{"line":362,"column":4},"end":{"line":367,"column":5}},"134":{"start":{"line":363,"column":6},"end":{"line":366,"column":9}},"135":{"start":{"line":370,"column":15},"end":{"line":370,"column":77}},"136":{"start":{"line":372,"column":4},"end":{"line":386,"column":5}},"137":{"start":{"line":373,"column":21},"end":{"line":376,"column":7}},"138":{"start":{"line":377,"column":6},"end":{"line":377,"column":77}},"139":{"start":{"line":378,"column":6},"end":{"line":378,"column":62}},"140":{"start":{"line":381,"column":6},"end":{"line":384,"column":8}},"141":{"start":{"line":385,"column":6},"end":{"line":385,"column":36}},"142":{"start":{"line":389,"column":26},"end":{"line":389,"column":57}},"143":{"start":{"line":392,"column":4},"end":{"line":392,"column":33}},"144":{"start":{"line":393,"column":4},"end":{"line":393,"column":39}},"145":{"start":{"line":394,"column":4},"end":{"line":394,"column":37}},"146":{"start":{"line":397,"column":4},"end":{"line":397,"column":44}},"147":{"start":{"line":398,"column":4},"end":{"line":398,"column":47}},"148":{"start":{"line":401,"column":41},"end":{"line":401,"column":67}},"149":{"start":{"line":402,"column":4},"end":{"line":408,"column":13}},"150":{"start":{"line":410,"column":4},"end":{"line":410,"column":59}},"151":{"start":{"line":412,"column":4},"end":{"line":420,"column":7}},"152":{"start":{"line":422,"column":4},"end":{"line":422,"column":74}},"153":{"start":{"line":423,"column":4},"end":{"line":423,"column":136}},"154":{"start":{"line":432,"column":0},"end":{"line":456,"column":3}},"155":{"start":{"line":433,"column":2},"end":{"line":435,"column":3}},"156":{"start":{"line":434,"column":4},"end":{"line":434,"column":68}},"157":{"start":{"line":437,"column":2},"end":{"line":455,"column":3}},"158":{"start":{"line":438,"column":17},"end":{"line":441,"column":5}},"159":{"start":{"line":443,"column":4},"end":{"line":449,"column":5}},"160":{"start":{"line":445,"column":6},"end":{"line":445,"column":32}},"161":{"start":{"line":446,"column":6},"end":{"line":446,"column":35}},"162":{"start":{"line":447,"column":6},"end":{"line":447,"column":34}},"163":{"start":{"line":448,"column":6},"end":{"line":448,"column":72}},"164":{"start":{"line":451,"column":4},"end":{"line":451,"column":38}},"165":{"start":{"line":453,"column":4},"end":{"line":453,"column":55}},"166":{"start":{"line":454,"column":4},"end":{"line":454,"column":64}},"167":{"start":{"line":463,"column":0},"end":{"line":577,"column":3}},"168":{"start":{"line":464,"column":2},"end":{"line":469,"column":3}},"169":{"start":{"line":465,"column":4},"end":{"line":468,"column":7}},"170":{"start":{"line":471,"column":17},"end":{"line":471,"column":35}},"171":{"start":{"line":472,"column":14},"end":{"line":472,"column":24}},"172":{"start":{"line":475,"column":25},"end":{"line":475,"column":90}},"173":{"start":{"line":476,"column":24},"end":{"line":476,"column":87}},"174":{"start":{"line":479,"column":21},"end":{"line":479,"column":25}},"175":{"start":{"line":480,"column":25},"end":{"line":480,"column":26}},"176":{"start":{"line":481,"column":2},"end":{"line":488,"column":3}},"177":{"start":{"line":482,"column":4},"end":{"line":482,"column":74}},"178":{"start":{"line":483,"column":4},"end":{"line":483,"column":65}},"179":{"start":{"line":484,"column":9},"end":{"line":488,"column":3}},"180":{"start":{"line":486,"column":4},"end":{"line":486,"column":69}},"181":{"start":{"line":487,"column":4},"end":{"line":487,"column":65}},"182":{"start":{"line":491,"column":20},"end":{"line":491,"column":24}},"183":{"start":{"line":492,"column":24},"end":{"line":492,"column":25}},"184":{"start":{"line":493,"column":2},"end":{"line":500,"column":3}},"185":{"start":{"line":494,"column":4},"end":{"line":494,"column":71}},"186":{"start":{"line":495,"column":4},"end":{"line":495,"column":63}},"187":{"start":{"line":496,"column":9},"end":{"line":500,"column":3}},"188":{"start":{"line":498,"column":4},"end":{"line":498,"column":67}},"189":{"start":{"line":499,"column":4},"end":{"line":499,"column":63}},"190":{"start":{"line":504,"column":2},"end":{"line":516,"column":3}},"191":{"start":{"line":505,"column":4},"end":{"line":505,"column":76}},"192":{"start":{"line":506,"column":9},"end":{"line":516,"column":3}},"193":{"start":{"line":507,"column":4},"end":{"line":507,"column":33}},"194":{"start":{"line":508,"column":9},"end":{"line":516,"column":3}},"195":{"start":{"line":509,"column":4},"end":{"line":509,"column":32}},"196":{"start":{"line":510,"column":9},"end":{"line":516,"column":3}},"197":{"start":{"line":511,"column":4},"end":{"line":511,"column":45}},"198":{"start":{"line":514,"column":26},"end":{"line":514,"column":45}},"199":{"start":{"line":515,"column":4},"end":{"line":515,"column":50}},"200":{"start":{"line":518,"column":28},"end":{"line":518,"column":70}},"201":{"start":{"line":521,"column":17},"end":{"line":521,"column":24}},"202":{"start":{"line":522,"column":2},"end":{"line":528,"column":3}},"203":{"start":{"line":523,"column":4},"end":{"line":523,"column":22}},"204":{"start":{"line":524,"column":9},"end":{"line":528,"column":3}},"205":{"start":{"line":525,"column":4},"end":{"line":525,"column":23}},"206":{"start":{"line":526,"column":9},"end":{"line":528,"column":3}},"207":{"start":{"line":527,"column":4},"end":{"line":527,"column":22}},"208":{"start":{"line":531,"column":30},"end":{"line":543,"column":3}},"209":{"start":{"line":532,"column":4},"end":{"line":532,"column":79}},"210":{"start":{"line":532,"column":17},"end":{"line":532,"column":79}},"211":{"start":{"line":533,"column":25},"end":{"line":533,"column":47}},"212":{"start":{"line":534,"column":18},"end":{"line":534,"column":47}},"213":{"start":{"line":535,"column":20},"end":{"line":535,"column":37}},"214":{"start":{"line":536,"column":20},"end":{"line":536,"column":51}},"215":{"start":{"line":537,"column":4},"end":{"line":542,"column":6}},"216":{"start":{"line":545,"column":2},"end":{"line":576,"column":5}},"217":{"start":{"line":584,"column":0},"end":{"line":632,"column":3}},"218":{"start":{"line":585,"column":2},"end":{"line":590,"column":3}},"219":{"start":{"line":586,"column":4},"end":{"line":589,"column":7}},"220":{"start":{"line":592,"column":2},"end":{"line":631,"column":3}},"221":{"start":{"line":593,"column":16},"end":{"line":593,"column":26}},"222":{"start":{"line":594,"column":66},"end":{"line":594,"column":100}},"223":{"start":{"line":597,"column":4},"end":{"line":601,"column":5}},"224":{"start":{"line":598,"column":29},"end":{"line":598,"column":94}},"225":{"start":{"line":599,"column":6},"end":{"line":599,"column":40}},"226":{"start":{"line":600,"column":6},"end":{"line":600,"column":51}},"227":{"start":{"line":604,"column":4},"end":{"line":608,"column":5}},"228":{"start":{"line":605,"column":28},"end":{"line":605,"column":91}},"229":{"start":{"line":606,"column":6},"end":{"line":606,"column":39}},"230":{"start":{"line":607,"column":6},"end":{"line":607,"column":49}},"231":{"start":{"line":611,"column":4},"end":{"line":624,"column":7}},"232":{"start":{"line":612,"column":6},"end":{"line":618,"column":7}},"233":{"start":{"line":613,"column":8},"end":{"line":613,"column":60}},"234":{"start":{"line":614,"column":8},"end":{"line":617,"column":11}},"235":{"start":{"line":620,"column":6},"end":{"line":623,"column":9}},"236":{"start":{"line":626,"column":4},"end":{"line":626,"column":58}},"237":{"start":{"line":627,"column":4},"end":{"line":630,"column":7}},"238":{"start":{"line":634,"column":0},"end":{"line":634,"column":24}}},"fnMap":{"0":{"name":"(anonymous_0)","decl":{"start":{"line":19,"column":45},"end":{"line":19,"column":46}},"loc":{"start":{"line":19,"column":65},"end":{"line":85,"column":1}},"line":19},"1":{"name":"(anonymous_1)","decl":{"start":{"line":92,"column":29},"end":{"line":92,"column":30}},"loc":{"start":{"line":92,"column":43},"end":{"line":123,"column":1}},"line":92},"2":{"name":"(anonymous_2)","decl":{"start":{"line":115,"column":19},"end":{"line":115,"column":20}},"loc":{"start":{"line":115,"column":28},"end":{"line":122,"column":3}},"line":115},"3":{"name":"(anonymous_3)","decl":{"start":{"line":130,"column":24},"end":{"line":130,"column":25}},"loc":{"start":{"line":130,"column":44},"end":{"line":155,"column":1}},"line":130},"4":{"name":"(anonymous_4)","decl":{"start":{"line":168,"column":3},"end":{"line":168,"column":4}},"loc":{"start":{"line":168,"column":23},"end":{"line":249,"column":1}},"line":168},"5":{"name":"(anonymous_5)","decl":{"start":{"line":256,"column":28},"end":{"line":256,"column":29}},"loc":{"start":{"line":256,"column":42},"end":{"line":290,"column":1}},"line":256},"6":{"name":"(anonymous_6)","decl":{"start":{"line":282,"column":19},"end":{"line":282,"column":20}},"loc":{"start":{"line":282,"column":28},"end":{"line":289,"column":3}},"line":282},"7":{"name":"(anonymous_7)","decl":{"start":{"line":303,"column":3},"end":{"line":303,"column":4}},"loc":{"start":{"line":303,"column":23},"end":{"line":341,"column":1}},"line":303},"8":{"name":"(anonymous_8)","decl":{"start":{"line":356,"column":3},"end":{"line":356,"column":4}},"loc":{"start":{"line":356,"column":23},"end":{"line":425,"column":1}},"line":356},"9":{"name":"(anonymous_9)","decl":{"start":{"line":432,"column":23},"end":{"line":432,"column":24}},"loc":{"start":{"line":432,"column":43},"end":{"line":456,"column":1}},"line":432},"10":{"name":"(anonymous_10)","decl":{"start":{"line":463,"column":28},"end":{"line":463,"column":29}},"loc":{"start":{"line":463,"column":48},"end":{"line":577,"column":1}},"line":463},"11":{"name":"(anonymous_11)","decl":{"start":{"line":531,"column":30},"end":{"line":531,"column":31}},"loc":{"start":{"line":531,"column":38},"end":{"line":543,"column":3}},"line":531},"12":{"name":"(anonymous_12)","decl":{"start":{"line":584,"column":32},"end":{"line":584,"column":33}},"loc":{"start":{"line":584,"column":52},"end":{"line":632,"column":1}},"line":584},"13":{"name":"(anonymous_13)","decl":{"start":{"line":611,"column":21},"end":{"line":611,"column":22}},"loc":{"start":{"line":611,"column":30},"end":{"line":624,"column":5}},"line":611}},"branchMap":{"0":{"loc":{"start":{"line":28,"column":4},"end":{"line":31,"column":5}},"type":"if","locations":[{"start":{"line":28,"column":4},"end":{"line":31,"column":5}},{"start":{},"end":{}}],"line":28},"1":{"loc":{"start":{"line":34,"column":4},"end":{"line":37,"column":5}},"type":"if","locations":[{"start":{"line":34,"column":4},"end":{"line":37,"column":5}},{"start":{},"end":{}}],"line":34},"2":{"loc":{"start":{"line":81,"column":13},"end":{"line":81,"column":78}},"type":"cond-expr","locations":[{"start":{"line":81,"column":53},"end":{"line":81,"column":66}},{"start":{"line":81,"column":69},"end":{"line":81,"column":78}}],"line":81},"3":{"loc":{"start":{"line":82,"column":12},"end":{"line":82,"column":74}},"type":"cond-expr","locations":[{"start":{"line":82,"column":52},"end":{"line":82,"column":62}},{"start":{"line":82,"column":65},"end":{"line":82,"column":74}}],"line":82},"4":{"loc":{"start":{"line":105,"column":2},"end":{"line":107,"column":3}},"type":"if","locations":[{"start":{"line":105,"column":2},"end":{"line":107,"column":3}},{"start":{},"end":{}}],"line":105},"5":{"loc":{"start":{"line":108,"column":2},"end":{"line":110,"column":3}},"type":"if","locations":[{"start":{"line":108,"column":2},"end":{"line":110,"column":3}},{"start":{},"end":{}}],"line":108},"6":{"loc":{"start":{"line":111,"column":2},"end":{"line":113,"column":3}},"type":"if","locations":[{"start":{"line":111,"column":2},"end":{"line":113,"column":3}},{"start":{},"end":{}}],"line":111},"7":{"loc":{"start":{"line":116,"column":4},"end":{"line":119,"column":5}},"type":"if","locations":[{"start":{"line":116,"column":4},"end":{"line":119,"column":5}},{"start":{},"end":{}}],"line":116},"8":{"loc":{"start":{"line":131,"column":2},"end":{"line":133,"column":3}},"type":"if","locations":[{"start":{"line":131,"column":2},"end":{"line":133,"column":3}},{"start":{},"end":{}}],"line":131},"9":{"loc":{"start":{"line":141,"column":4},"end":{"line":148,"column":5}},"type":"if","locations":[{"start":{"line":141,"column":4},"end":{"line":148,"column":5}},{"start":{},"end":{}}],"line":141},"10":{"loc":{"start":{"line":174,"column":4},"end":{"line":181,"column":5}},"type":"if","locations":[{"start":{"line":174,"column":4},"end":{"line":181,"column":5}},{"start":{},"end":{}}],"line":174},"11":{"loc":{"start":{"line":174,"column":8},"end":{"line":174,"column":49}},"type":"binary-expr","locations":[{"start":{"line":174,"column":8},"end":{"line":174,"column":18}},{"start":{"line":174,"column":22},"end":{"line":174,"column":49}}],"line":174},"12":{"loc":{"start":{"line":186,"column":4},"end":{"line":200,"column":5}},"type":"if","locations":[{"start":{"line":186,"column":4},"end":{"line":200,"column":5}},{"start":{"line":193,"column":11},"end":{"line":200,"column":5}}],"line":186},"13":{"loc":{"start":{"line":189,"column":16},"end":{"line":189,"column":26}},"type":"binary-expr","locations":[{"start":{"line":189,"column":16},"end":{"line":189,"column":20}},{"start":{"line":189,"column":24},"end":{"line":189,"column":26}}],"line":189},"14":{"loc":{"start":{"line":197,"column":9},"end":{"line":197,"column":26}},"type":"binary-expr","locations":[{"start":{"line":197,"column":9},"end":{"line":197,"column":13}},{"start":{"line":197,"column":17},"end":{"line":197,"column":26}}],"line":197},"15":{"loc":{"start":{"line":199,"column":18},"end":{"line":199,"column":35}},"type":"binary-expr","locations":[{"start":{"line":199,"column":18},"end":{"line":199,"column":22}},{"start":{"line":199,"column":26},"end":{"line":199,"column":35}}],"line":199},"16":{"loc":{"start":{"line":219,"column":12},"end":{"line":219,"column":30}},"type":"binary-expr","locations":[{"start":{"line":219,"column":12},"end":{"line":219,"column":21}},{"start":{"line":219,"column":25},"end":{"line":219,"column":30}}],"line":219},"17":{"loc":{"start":{"line":245,"column":13},"end":{"line":245,"column":78}},"type":"cond-expr","locations":[{"start":{"line":245,"column":53},"end":{"line":245,"column":66}},{"start":{"line":245,"column":69},"end":{"line":245,"column":78}}],"line":245},"18":{"loc":{"start":{"line":246,"column":12},"end":{"line":246,"column":74}},"type":"cond-expr","locations":[{"start":{"line":246,"column":52},"end":{"line":246,"column":62}},{"start":{"line":246,"column":65},"end":{"line":246,"column":74}}],"line":246},"19":{"loc":{"start":{"line":269,"column":2},"end":{"line":271,"column":3}},"type":"if","locations":[{"start":{"line":269,"column":2},"end":{"line":271,"column":3}},{"start":{},"end":{}}],"line":269},"20":{"loc":{"start":{"line":272,"column":2},"end":{"line":274,"column":3}},"type":"if","locations":[{"start":{"line":272,"column":2},"end":{"line":274,"column":3}},{"start":{},"end":{}}],"line":272},"21":{"loc":{"start":{"line":275,"column":2},"end":{"line":277,"column":3}},"type":"if","locations":[{"start":{"line":275,"column":2},"end":{"line":277,"column":3}},{"start":{},"end":{}}],"line":275},"22":{"loc":{"start":{"line":278,"column":2},"end":{"line":280,"column":3}},"type":"if","locations":[{"start":{"line":278,"column":2},"end":{"line":280,"column":3}},{"start":{},"end":{}}],"line":278},"23":{"loc":{"start":{"line":283,"column":4},"end":{"line":286,"column":5}},"type":"if","locations":[{"start":{"line":283,"column":4},"end":{"line":286,"column":5}},{"start":{},"end":{}}],"line":283},"24":{"loc":{"start":{"line":305,"column":19},"end":{"line":305,"column":33}},"type":"default-arg","locations":[{"start":{"line":305,"column":26},"end":{"line":305,"column":33}}],"line":305},"25":{"loc":{"start":{"line":309,"column":20},"end":{"line":309,"column":54}},"type":"binary-expr","locations":[{"start":{"line":309,"column":20},"end":{"line":309,"column":31}},{"start":{"line":309,"column":35},"end":{"line":309,"column":54}}],"line":309},"26":{"loc":{"start":{"line":311,"column":4},"end":{"line":320,"column":5}},"type":"if","locations":[{"start":{"line":311,"column":4},"end":{"line":320,"column":5}},{"start":{},"end":{}}],"line":311},"27":{"loc":{"start":{"line":311,"column":8},"end":{"line":311,"column":50}},"type":"binary-expr","locations":[{"start":{"line":311,"column":8},"end":{"line":311,"column":19}},{"start":{"line":311,"column":23},"end":{"line":311,"column":50}}],"line":311},"28":{"loc":{"start":{"line":313,"column":6},"end":{"line":318,"column":7}},"type":"if","locations":[{"start":{"line":313,"column":6},"end":{"line":318,"column":7}},{"start":{},"end":{}}],"line":313},"29":{"loc":{"start":{"line":324,"column":4},"end":{"line":336,"column":5}},"type":"if","locations":[{"start":{"line":324,"column":4},"end":{"line":336,"column":5}},{"start":{"line":331,"column":11},"end":{"line":336,"column":5}}],"line":324},"30":{"loc":{"start":{"line":362,"column":4},"end":{"line":367,"column":5}},"type":"if","locations":[{"start":{"line":362,"column":4},"end":{"line":367,"column":5}},{"start":{},"end":{}}],"line":362},"31":{"loc":{"start":{"line":372,"column":4},"end":{"line":386,"column":5}},"type":"if","locations":[{"start":{"line":372,"column":4},"end":{"line":386,"column":5}},{"start":{"line":379,"column":11},"end":{"line":386,"column":5}}],"line":372},"32":{"loc":{"start":{"line":375,"column":16},"end":{"line":375,"column":26}},"type":"binary-expr","locations":[{"start":{"line":375,"column":16},"end":{"line":375,"column":20}},{"start":{"line":375,"column":24},"end":{"line":375,"column":26}}],"line":375},"33":{"loc":{"start":{"line":383,"column":9},"end":{"line":383,"column":26}},"type":"binary-expr","locations":[{"start":{"line":383,"column":9},"end":{"line":383,"column":13}},{"start":{"line":383,"column":17},"end":{"line":383,"column":26}}],"line":383},"34":{"loc":{"start":{"line":385,"column":18},"end":{"line":385,"column":35}},"type":"binary-expr","locations":[{"start":{"line":385,"column":18},"end":{"line":385,"column":22}},{"start":{"line":385,"column":26},"end":{"line":385,"column":35}}],"line":385},"35":{"loc":{"start":{"line":405,"column":12},"end":{"line":405,"column":30}},"type":"binary-expr","locations":[{"start":{"line":405,"column":12},"end":{"line":405,"column":21}},{"start":{"line":405,"column":25},"end":{"line":405,"column":30}}],"line":405},"36":{"loc":{"start":{"line":423,"column":67},"end":{"line":423,"column":132}},"type":"cond-expr","locations":[{"start":{"line":423,"column":107},"end":{"line":423,"column":120}},{"start":{"line":423,"column":123},"end":{"line":423,"column":132}}],"line":423},"37":{"loc":{"start":{"line":433,"column":2},"end":{"line":435,"column":3}},"type":"if","locations":[{"start":{"line":433,"column":2},"end":{"line":435,"column":3}},{"start":{},"end":{}}],"line":433},"38":{"loc":{"start":{"line":443,"column":4},"end":{"line":449,"column":5}},"type":"if","locations":[{"start":{"line":443,"column":4},"end":{"line":449,"column":5}},{"start":{},"end":{}}],"line":443},"39":{"loc":{"start":{"line":464,"column":2},"end":{"line":469,"column":3}},"type":"if","locations":[{"start":{"line":464,"column":2},"end":{"line":469,"column":3}},{"start":{},"end":{}}],"line":464},"40":{"loc":{"start":{"line":475,"column":25},"end":{"line":475,"column":90}},"type":"binary-expr","locations":[{"start":{"line":475,"column":25},"end":{"line":475,"column":52}},{"start":{"line":475,"column":57},"end":{"line":475,"column":89}}],"line":475},"41":{"loc":{"start":{"line":476,"column":24},"end":{"line":476,"column":87}},"type":"binary-expr","locations":[{"start":{"line":476,"column":24},"end":{"line":476,"column":50}},{"start":{"line":476,"column":55},"end":{"line":476,"column":86}}],"line":476},"42":{"loc":{"start":{"line":481,"column":2},"end":{"line":488,"column":3}},"type":"if","locations":[{"start":{"line":481,"column":2},"end":{"line":488,"column":3}},{"start":{"line":484,"column":9},"end":{"line":488,"column":3}}],"line":481},"43":{"loc":{"start":{"line":481,"column":6},"end":{"line":481,"column":56}},"type":"binary-expr","locations":[{"start":{"line":481,"column":6},"end":{"line":481,"column":25}},{"start":{"line":481,"column":29},"end":{"line":481,"column":56}}],"line":481},"44":{"loc":{"start":{"line":484,"column":9},"end":{"line":488,"column":3}},"type":"if","locations":[{"start":{"line":484,"column":9},"end":{"line":488,"column":3}},{"start":{},"end":{}}],"line":484},"45":{"loc":{"start":{"line":484,"column":13},"end":{"line":484,"column":58}},"type":"binary-expr","locations":[{"start":{"line":484,"column":13},"end":{"line":484,"column":32}},{"start":{"line":484,"column":36},"end":{"line":484,"column":58}}],"line":484},"46":{"loc":{"start":{"line":493,"column":2},"end":{"line":500,"column":3}},"type":"if","locations":[{"start":{"line":493,"column":2},"end":{"line":500,"column":3}},{"start":{"line":496,"column":9},"end":{"line":500,"column":3}}],"line":493},"47":{"loc":{"start":{"line":493,"column":6},"end":{"line":493,"column":54}},"type":"binary-expr","locations":[{"start":{"line":493,"column":6},"end":{"line":493,"column":24}},{"start":{"line":493,"column":28},"end":{"line":493,"column":54}}],"line":493},"48":{"loc":{"start":{"line":496,"column":9},"end":{"line":500,"column":3}},"type":"if","locations":[{"start":{"line":496,"column":9},"end":{"line":500,"column":3}},{"start":{},"end":{}}],"line":496},"49":{"loc":{"start":{"line":496,"column":13},"end":{"line":496,"column":57}},"type":"binary-expr","locations":[{"start":{"line":496,"column":13},"end":{"line":496,"column":31}},{"start":{"line":496,"column":35},"end":{"line":496,"column":57}}],"line":496},"50":{"loc":{"start":{"line":504,"column":2},"end":{"line":516,"column":3}},"type":"if","locations":[{"start":{"line":504,"column":2},"end":{"line":516,"column":3}},{"start":{"line":506,"column":9},"end":{"line":516,"column":3}}],"line":504},"51":{"loc":{"start":{"line":504,"column":6},"end":{"line":504,"column":33}},"type":"binary-expr","locations":[{"start":{"line":504,"column":6},"end":{"line":504,"column":18}},{"start":{"line":504,"column":22},"end":{"line":504,"column":33}}],"line":504},"52":{"loc":{"start":{"line":505,"column":20},"end":{"line":505,"column":75}},"type":"cond-expr","locations":[{"start":{"line":505,"column":49},"end":{"line":505,"column":61}},{"start":{"line":505,"column":64},"end":{"line":505,"column":75}}],"line":505},"53":{"loc":{"start":{"line":506,"column":9},"end":{"line":516,"column":3}},"type":"if","locations":[{"start":{"line":506,"column":9},"end":{"line":516,"column":3}},{"start":{"line":508,"column":9},"end":{"line":516,"column":3}}],"line":506},"54":{"loc":{"start":{"line":508,"column":9},"end":{"line":516,"column":3}},"type":"if","locations":[{"start":{"line":508,"column":9},"end":{"line":516,"column":3}},{"start":{"line":510,"column":9},"end":{"line":516,"column":3}}],"line":508},"55":{"loc":{"start":{"line":510,"column":9},"end":{"line":516,"column":3}},"type":"if","locations":[{"start":{"line":510,"column":9},"end":{"line":516,"column":3}},{"start":{"line":512,"column":9},"end":{"line":516,"column":3}}],"line":510},"56":{"loc":{"start":{"line":510,"column":13},"end":{"line":510,"column":37}},"type":"binary-expr","locations":[{"start":{"line":510,"column":13},"end":{"line":510,"column":19}},{"start":{"line":510,"column":23},"end":{"line":510,"column":37}}],"line":510},"57":{"loc":{"start":{"line":522,"column":2},"end":{"line":528,"column":3}},"type":"if","locations":[{"start":{"line":522,"column":2},"end":{"line":528,"column":3}},{"start":{"line":524,"column":9},"end":{"line":528,"column":3}}],"line":522},"58":{"loc":{"start":{"line":522,"column":6},"end":{"line":522,"column":47}},"type":"binary-expr","locations":[{"start":{"line":522,"column":6},"end":{"line":522,"column":25}},{"start":{"line":522,"column":29},"end":{"line":522,"column":47}}],"line":522},"59":{"loc":{"start":{"line":524,"column":9},"end":{"line":528,"column":3}},"type":"if","locations":[{"start":{"line":524,"column":9},"end":{"line":528,"column":3}},{"start":{"line":526,"column":9},"end":{"line":528,"column":3}}],"line":524},"60":{"loc":{"start":{"line":526,"column":9},"end":{"line":528,"column":3}},"type":"if","locations":[{"start":{"line":526,"column":9},"end":{"line":528,"column":3}},{"start":{},"end":{}}],"line":526},"61":{"loc":{"start":{"line":532,"column":4},"end":{"line":532,"column":79}},"type":"if","locations":[{"start":{"line":532,"column":4},"end":{"line":532,"column":79}},{"start":{},"end":{}}],"line":532},"62":{"loc":{"start":{"line":548,"column":21},"end":{"line":548,"column":62}},"type":"binary-expr","locations":[{"start":{"line":548,"column":21},"end":{"line":548,"column":39}},{"start":{"line":548,"column":43},"end":{"line":548,"column":62}}],"line":548},"63":{"loc":{"start":{"line":550,"column":14},"end":{"line":550,"column":40}},"type":"binary-expr","locations":[{"start":{"line":550,"column":14},"end":{"line":550,"column":32}},{"start":{"line":550,"column":36},"end":{"line":550,"column":40}}],"line":550},"64":{"loc":{"start":{"line":551,"column":15},"end":{"line":551,"column":42}},"type":"binary-expr","locations":[{"start":{"line":551,"column":15},"end":{"line":551,"column":34}},{"start":{"line":551,"column":38},"end":{"line":551,"column":42}}],"line":551},"65":{"loc":{"start":{"line":560,"column":13},"end":{"line":566,"column":14}},"type":"cond-expr","locations":[{"start":{"line":560,"column":35},"end":{"line":566,"column":7}},{"start":{"line":566,"column":10},"end":{"line":566,"column":14}}],"line":560},"66":{"loc":{"start":{"line":561,"column":19},"end":{"line":561,"column":67}},"type":"cond-expr","locations":[{"start":{"line":561,"column":34},"end":{"line":561,"column":60}},{"start":{"line":561,"column":63},"end":{"line":561,"column":67}}],"line":561},"67":{"loc":{"start":{"line":562,"column":24},"end":{"line":562,"column":75}},"type":"cond-expr","locations":[{"start":{"line":562,"column":39},"end":{"line":562,"column":68}},{"start":{"line":562,"column":71},"end":{"line":562,"column":75}}],"line":562},"68":{"loc":{"start":{"line":568,"column":12},"end":{"line":574,"column":14}},"type":"cond-expr","locations":[{"start":{"line":568,"column":33},"end":{"line":574,"column":7}},{"start":{"line":574,"column":10},"end":{"line":574,"column":14}}],"line":568},"69":{"loc":{"start":{"line":569,"column":19},"end":{"line":569,"column":65}},"type":"cond-expr","locations":[{"start":{"line":569,"column":33},"end":{"line":569,"column":58}},{"start":{"line":569,"column":61},"end":{"line":569,"column":65}}],"line":569},"70":{"loc":{"start":{"line":570,"column":24},"end":{"line":570,"column":73}},"type":"cond-expr","locations":[{"start":{"line":570,"column":38},"end":{"line":570,"column":66}},{"start":{"line":570,"column":69},"end":{"line":570,"column":73}}],"line":570},"71":{"loc":{"start":{"line":585,"column":2},"end":{"line":590,"column":3}},"type":"if","locations":[{"start":{"line":585,"column":2},"end":{"line":590,"column":3}},{"start":{},"end":{}}],"line":585},"72":{"loc":{"start":{"line":585,"column":6},"end":{"line":585,"column":67}},"type":"binary-expr","locations":[{"start":{"line":585,"column":6},"end":{"line":585,"column":18}},{"start":{"line":585,"column":23},"end":{"line":585,"column":43}},{"start":{"line":585,"column":47},"end":{"line":585,"column":66}}],"line":585},"73":{"loc":{"start":{"line":597,"column":4},"end":{"line":601,"column":5}},"type":"if","locations":[{"start":{"line":597,"column":4},"end":{"line":601,"column":5}},{"start":{},"end":{}}],"line":597},"74":{"loc":{"start":{"line":598,"colu
[...]
:"binary-expr","locations":[{"start":{"line":604,"column":21},"end":{"line":604,"column":35}},{"start":{"line":604,"column":39},"end":{"line":604,"column":43}}],"line":604},"65":{"loc":{"start":{"line":619,"column":8},"end":{"line":622,"column":9}},"type":"if","locations":[{"start":{"line":619,"column":8},"end":{"line":622,"column":9}},{"start":{},"end":{}}],"line":619},"66":{"loc":{"start":{"line":621,"column":28},"end":{"line":621,"column":45}},"type":"binary-expr","locations":[{"start":{"line":621,"column":28},"end":{"line":621,"column":37}},{"start":{"line":621,"column":41},"end":{"line":621,"column":45}}],"line":621},"67":{"loc":{"start":{"line":623,"column":8},"end":{"line":626,"column":9}},"type":"if","locations":[{"start":{"line":623,"column":8},"end":{"line":626,"column":9}},{"start":{},"end":{}}],"line":623},"68":{"loc":{"start":{"line":625,"column":28},"end":{"line":625,"column":51}},"type":"binary-expr","locations":[{"start":{"line":625,"column":28},"end":{"line":625,"column":43}},{"start":{"line":625,"column":47},"end":{"line":625,"column":51}}],"line":625},"69":{"loc":{"start":{"line":627,"column":8},"end":{"line":630,"column":9}},"type":"if","locations":[{"start":{"line":627,"column":8},"end":{"line":630,"column":9}},{"start":{},"end":{}}],"line":627},"70":{"loc":{"start":{"line":629,"column":28},"end":{"line":629,"column":53}},"type":"binary-expr","locations":[{"start":{"line":629,"column":28},"end":{"line":629,"column":44}},{"start":{"line":629,"column":48},"end":{"line":629,"column":53}}],"line":629},"71":{"loc":{"start":{"line":631,"column":8},"end":{"line":634,"column":9}},"type":"if","locations":[{"start":{"line":631,"column":8},"end":{"line":634,"column":9}},{"start":{},"end":{}}],"line":631},"72":{"loc":{"start":{"line":633,"column":28},"end":{"line":633,"column":49}},"type":"binary-expr","locations":[{"start":{"line":633,"column":28},"end":{"line":633,"column":41}},{"start":{"line":633,"column":45},"end":{"line":633,"column":49}}],"line":633},"73":{"loc":{"start":{"line":635,"column":8},"end":{"line":638,"column":9}},"type":"if","locations":[{"start":{"line":635,"column":8},"end":{"line":638,"column":9}},{"start":{},"end":{}}],"line":635},"74":{"loc":{"start":{"line":637,"column":28},"end":{"line":637,"column":50}},"type":"binary-expr","locations":[{"start":{"line":637,"column":28},"end":{"line":637,"column":42}},{"start":{"line":637,"column":46},"end":{"line":637,"column":50}}],"line":637},"75":{"loc":{"start":{"line":653,"column":6},"end":{"line":656,"column":7}},"type":"if","locations":[{"start":{"line":653,"column":6},"end":{"line":656,"column":7}},{"start":{},"end":{}}],"line":653},"76":{"loc":{"start":{"line":655,"column":26},"end":{"line":655,"column":39}},"type":"binary-expr","locations":[{"start":{"line":655,"column":26},"end":{"line":655,"column":31}},{"start":{"line":655,"column":35},"end":{"line":655,"column":39}}],"line":655},"77":{"loc":{"start":{"line":657,"column":6},"end":{"line":659,"column":7}},"type":"if","locations":[{"start":{"line":657,"column":6},"end":{"line":659,"column":7}},{"start":{},"end":{}}],"line":657},"78":{"loc":{"start":{"line":687,"column":52},"end":{"line":687,"column":77}},"type":"binary-expr","locations":[{"start":{"line":687,"column":52},"end":{"line":687,"column":65}},{"start":{"line":687,"column":69},"end":{"line":687,"column":77}}],"line":687},"79":{"loc":{"start":{"line":704,"column":4},"end":{"line":706,"column":5}},"type":"if","locations":[{"start":{"line":704,"column":4},"end":{"line":706,"column":5}},{"start":{},"end":{}}],"line":704},"80":{"loc":{"start":{"line":704,"column":8},"end":{"line":704,"column":43}},"type":"binary-expr","locations":[{"start":{"line":704,"column":8},"end":{"line":704,"column":15}},{"start":{"line":704,"column":19},"end":{"line":704,"column":43}}],"line":704},"81":{"loc":{"start":{"line":713,"column":4},"end":{"line":715,"column":5}},"type":"if","locations":[{"start":{"line":713,"column":4},"end":{"line":715,"column":5}},{"start":{},"end":{}}],"line":713},"82":{"loc":{"start":{"line":717,"column":4},"end":{"line":719,"column":5}},"type":"if","locations":[{"start":{"line":717,"column":4},"end":{"line":719,"column":5}},{"start":{},"end":{}}],"line":717},"83":{"loc":{"start":{"line":717,"column":8},"end":{"line":717,"column":63}},"type":"binary-expr","locations":[{"start":{"line":717,"column":8},"end":{"line":717,"column":31}},{"start":{"line":717,"column":35},"end":{"line":717,"column":63}}],"line":717},"84":{"loc":{"start":{"line":722,"column":4},"end":{"line":724,"column":5}},"type":"if","locations":[{"start":{"line":722,"column":4},"end":{"line":724,"column":5}},{"start":{},"end":{}}],"line":722},"85":{"loc":{"start":{"line":727,"column":4},"end":{"line":743,"column":5}},"type":"if","locations":[{"start":{"line":727,"column":4},"end":{"line":743,"column":5}},{"start":{"line":732,"column":11},"end":{"line":743,"column":5}}],"line":727},"86":{"loc":{"start":{"line":729,"column":6},"end":{"line":731,"column":7}},"type":"if","locations":[{"start":{"line":729,"column":6},"end":{"line":731,"column":7}},{"start":{},"end":{}}],"line":729},"87":{"loc":{"start":{"line":729,"column":10},"end":{"line":729,"column":47}},"type":"binary-expr","locations":[{"start":{"line":729,"column":10},"end":{"line":729,"column":15}},{"start":{"line":729,"column":19},"end":{"line":729,"column":47}}],"line":729},"88":{"loc":{"start":{"line":740,"column":6},"end":{"line":742,"column":7}},"type":"if","locations":[{"start":{"line":740,"column":6},"end":{"line":742,"column":7}},{"start":{},"end":{}}],"line":740},"89":{"loc":{"start":{"line":740,"column":10},"end":{"line":740,"column":47}},"type":"binary-expr","locations":[{"start":{"line":740,"column":10},"end":{"line":740,"column":15}},{"start":{"line":740,"column":19},"end":{"line":740,"column":47}}],"line":740},"90":{"loc":{"start":{"line":745,"column":4},"end":{"line":747,"column":5}},"type":"if","locations":[{"start":{"line":745,"column":4},"end":{"line":747,"column":5}},{"start":{},"end":{}}],"line":745},"91":{"loc":{"start":{"line":784,"column":4},"end":{"line":791,"column":5}},"type":"if","locations":[{"start":{"line":784,"column":4},"end":{"line":791,"column":5}},{"start":{},"end":{}}],"line":784},"92":{"loc":{"start":{"line":789,"column":22},"end":{"line":789,"column":55}},"type":"binary-expr","locations":[{"start":{"line":789,"column":22},"end":{"line":789,"column":49}},{"start":{"line":789,"column":53},"end":{"line":789,"column":55}}],"line":789},"93":{"loc":{"start":{"line":799,"column":21},"end":{"line":799,"column":44}},"type":"binary-expr","locations":[{"start":{"line":799,"column":21},"end":{"line":799,"column":39}},{"start":{"line":799,"column":43},"end":{"line":799,"column":44}}],"line":799},"94":{"loc":{"start":{"line":800,"column":23},"end":{"line":800,"column":49}},"type":"binary-expr","locations":[{"start":{"line":800,"column":23},"end":{"line":800,"column":44}},{"start":{"line":800,"column":48},"end":{"line":800,"column":49}}],"line":800},"95":{"loc":{"start":{"line":801,"column":26},"end":{"line":801,"column":49}},"type":"binary-expr","locations":[{"start":{"line":801,"column":26},"end":{"line":801,"column":44}},{"start":{"line":801,"column":48},"end":{"line":801,"column":49}}],"line":801}},"s":{"0":0,"1":0,"2":0,"3":0,"4":0,"5":0,"6":0,"7":0,"8":0,"9":0,"10":0,"11":0,"12":0,"13":0,"14":0,"15":0,"16":0,"17":0,"18":0,"19":0,"20":0,"21":0,"22":0,"23":0,"24":0,"25":0,"26":0,"27":0,"28":0,"29":0,"30":0,"31":0,"32":0,"33":0,"34":0,"35":0,"36":0,"37":0,"38":0,"39":0,"40":0,"41":0,"42":0,"43":0,"44":0,"45":0,"46":0,"47":0,"48":0,"49":0,"50":0,"51":0,"52":0,"53":0,"54":0,"55":0,"56":0,"57":0,"58":0,"59":0,"60":0,"61":0,"62":0,"63":0,"64":0,"65":0,"66":0,"67":0,"68":0,"69":0,"70":0,"71":0,"72":0,"73":0,"74":0,"75":0,"76":0,"77":0,"78":0,"79":0,"80":0,"81":0,"82":0,"83":0,"84":0,"85":0,"86":0,"87":0,"88":0,"89":0,"90":0,"91":0,"92":0,"93":0,"94":0,"95":0,"96":0,"97":0,"98":0,"99":0,"100":0,"101":0,"102":0,"103":0,"104":0,"105":0,"106":0,"107":0,"108":0,"109":0,"110":0,"111":0,"112":0,"113":0,"114":0,"115":0,"116":0,"117":0,"118":0,"119":0,"120":0,"121":0,"122":0,"123":0,"124":0,"125":0,"126":0,"127":0,"128":0,"129":0,"130":0,"131":0,"132":0,"133":0,"134":0,"135":0,"136":0,"137":0,"138":0,"139":0,"140":0,"141":0,"142":0,"143":0,"144":0,"145":0,"146":0,"147":0,"148":0,"149":0,"150":0,"151":0,"152":0,"153":0,"154":0,"155":0,"156":0,"157":0,"158":0,"159":0,"160":0,"161":0,"162":0,"163":0,"164":0,"165":0,"166":0,"167":0,"168":0,"169":0,"170":0,"171":0,"172":0,"173":0,"174":0,"175":0,"176":0,"177":0,"178":0,"179":0,"180":0,"181":0,"182":0,"183":0,"184":0,"185":0,"186":0,"187":0,"188":0,"189":0,"190":0,"191":0,"192":0,"193":0,"194":0,"195":0,"196":0,"197":0,"198":0,"199":0,"200":0,"201":0,"202":0,"203":0,"204":0,"205":0,"206":0,"207":0,"208":0,"209":0,"210":0,"211":0,"212":0,"213":0,"214":0,"215":0,"216":0,"217":0,"218":0,"219":0,"220":0,"221":0,"222":0,"223":0,"224":0,"225":0,"226":0,"227":0,"228":0,"229":0,"230":0,"231":0,"232":0,"233":0,"234":0,"235":0,"236":0,"237":0,"238":0,"239":0,"240":0,"241":0,"242":0,"243":0,"244":0,"245":0,"246":0,"247":0,"248":0,"249":0,"250":0,"251":0,"252":0,"253":0,"254":0,"255":0,"256":0,"257":0,"258":0,"259":0,"260":0,"261":0,"262":0,"263":0,"264":0,"265":0,"266":0,"267":0,"268":0,"269":0,"270":0,"271":0,"272":0,"273":0,"274":0,"275":0,"276":0,"277":0,"278":0,"279":0,"280":0,"281":0,"282":0,"283":0,"284":0,"285":0,"286":0,"287":0,"288":0,"289":0,"290":0,"291":0,"292":0,"293":0,"294":0,"295":0,"296":0,"297":0,"298":0,"299":0,"300":0,"301":0,"302":0,"303":0,"304":0,"305":0,"306":0,"307":0,"308":0,"309":0,"310":0,"311":0,"312":0,"313":0,"314":0,"315":0,"316":0,"317":0,"318":0,"319":0,"320":0,"321":0,"322":0,"323":0,"324":0,"325":0,"326":0,"327":0,"328":0,"329":0,"330":0,"331":0,"332":0,"333":0,"334":0,"335":0,"336":0,"337":0,"338":0},"f":{"0":0,"1":0,"2":0,"3":0,"4":0,"5":0,"6":0,"7":0,"8":0,"9":0,"10":0,"11":0,"12":0,"13":0,"14":0,"15":0,"16":0,"17":0,"18":0,"19":0,"20":0,"21":0,"22":0,"23":0,"24":0,"25":0,"26":0,"27":0,"28":0,"29":0,"30":0},"b":{"0":[0,0],"1":[0,0],"2":[0,0],"3":[0,0],"4":[0,0],"5":[0,0,0],"6":[0,0],"7":[0,0],"8":[0,0],"9":[0,0],"10":[0,0],"11":[0,0],"12":[0,0],"13":[0,0],"14":[0,0],"15":[0,0],"16":[0,0],"17":[0,0],"18":[0,0],"19":[0,0],"20":[0,0],"21":[0,0],"22":[0,0,0],"23":[0,0],"24":[0,0],"25":[0,0],"26":[0,0],"27":[0,0],"28":[0,0],"29":[0,0],"30":[0,0],"31":[0,0],"32":[0,0],"33":[0,0],"34":[0,0],"35":[0,0],"36":[0,0],"37":[0,0],"38":[0,0],"39":[0,0],"40":[0,0],"41":[0,0],"42":[0,0],"43":[0,0],"44":[0,0],"45":[0,0],"46":[0,0],"47":[0,0,0],"48":[0,0],"49":[0,0],"50":[0,0],"51":[0,0],"52":[0,0],"53":[0,0],"54":[0,0],"55":[0,0],"56":[0,0],"57":[0,0],"58":[0,0],"59":[0,0],"60":[0,0],"61":[0,0],"62":[0,0],"63":[0,0],"64":[0,0],"65":[0,0],"66":[0,0],"67":[0,0],"68":[0,0],"69":[0,0],"70":[0,0],"71":[0,0],"72":[0,0],"73":[0,0],"74":[0,0],"75":[0,0],"76":[0,0],"77":[0,0],"78":[0,0],"79":[0,0],"80":[0,0],"81":[0,0],"82":[0,0],"83":[0,0],"84":[0,0],"85":[0,0],"86":[0,0],"87":[0,0],"88":[0,0],"89":[0,0],"90":[0,0],"91":[0,0],"92":[0,0],"93":[0,0],"94":[0,0],"95":[0,0]}},"/Volumes/512G/06-工具开发/BODA/utils/logger.js":{"path":"/Volumes/512G/06-工具开发/BODA/utils/logger.js","statementMap":{"0":{"start":{"line":1,"column":16},"end":{"line":1,"column":34}},"1":{"start":{"line":2,"column":13},"end":{"line":2,"column":28}},"2":{"start":{"line":3,"column":11},"end":{"line":3,"column":24}},"3":{"start":{"line":4,"column":24},"end":{"line":4,"column":60}},"4":{"start":{"line":7,"column":17},"end":{"line":7,"column":78}},"5":{"start":{"line":8,"column":16},"end":{"line":8,"column":43}},"6":{"start":{"line":9,"column":0},"end":{"line":11,"column":1}},"7":{"start":{"line":10,"column":2},"end":{"line":10,"column":45}},"8":{"start":{"line":14,"column":18},"end":{"line":19,"column":1}},"9":{"start":{"line":22,"column":22},"end":{"line":32,"column":1}},"10":{"start":{"line":26,"column":14},"end":{"line":26,"column":51}},"11":{"start":{"line":27,"column":4},"end":{"line":29,"column":5}},"12":{"start":{"line":28,"column":6},"end":{"line":28,"column":40}},"13":{"start":{"line":30,"column":4},"end":{"line":30,"column":15}},"14":{"start":{"line":35,"column":26},"end":{"line":40,"column":1}},"15":{"start":{"line":43,"column":15},"end":{"line":74,"column":2}},"16":{"start":{"line":77,"column":0},"end":{"line":82,"column":1}},"17":{"start":{"line":78,"column":2},"end":{"line":81,"column":6}},"18":{"start":{"line":89,"column":23},"end":{"line":89,"column":48}},"19":{"start":{"line":90,"column":2},"end":{"line":106,"column":3}},"20":{"start":{"line":91,"column":4},"end":{"line":103,"column":6}},"21":{"start":{"line":105,"column":4},"end":{"line":105,"column":75}},"22":{"start":{"line":109,"column":0},"end":{"line":112,"column":2}}},"fnMap":{"0":{"name":"(anonymous_0)","decl":{"start":{"line":25,"column":24},"end":{"line":25,"column":25}},"loc":{"start":{"line":25,"column":68},"end":{"line":31,"column":3}},"line":25},"1":{"name":"logAction","decl":{"start":{"line":88,"column":15},"end":{"line":88,"column":24}},"loc":{"start":{"line":88,"column":78},"end":{"line":107,"column":1}},"line":88}},"branchMap":{"0":{"loc":{"start":{"line":7,"column":17},"end":{"line":7,"column":78}},"type":"cond-expr","locations":[{"start":{"line":7,"column":42},"end":{"line":7,"column":49}},{"start":{"line":7,"column":52},"end":{"line":7,"column":78}}],"line":7},"1":{"loc":{"start":{"line":9,"column":0},"end":{"line":11,"column":1}},"type":"if","locations":[{"start":{"line":9,"column":0},"end":{"line":11,"column":1}},{"start":{},"end":{}}],"line":9},"2":{"loc":{"start":{"line":27,"column":4},"end":{"line":29,"column":5}},"type":"if","locations":[{"start":{"line":27,"column":4},"end":{"line":29,"column":5}},{"start":{},"end":{}}],"line":27},"3":{"loc":{"start":{"line":44,"column":9},"end":{"line":44,"column":40}},"type":"binary-expr","locations":[{"start":{"line":44,"column":9},"end":{"line":44,"column":30}},{"start":{"line":44,"column":34},"end":{"line":44,"column":40}}],"line":44},"4":{"loc":{"start":{"line":77,"column":0},"end":{"line":82,"column":1}},"type":"if","locations":[{"start":{"line":77,"column":0},"end":{"line":82,"column":1}},{"start":{},"end":{}}],"line":77},"5":{"loc":{"start":{"line":99,"column":8},"end":{"line":99,"column":71}},"type":"cond-expr","locations":[{"start":{"line":99,"column":38},"end":{"line":99,"column":61}},{"start":{"line":99,"column":64},"end":{"line":99,"column":71}}],"line":99},"6":{"loc":{"start":{"line":100,"column":8},"end":{"line":100,"column":61}},"type":"cond-expr","locations":[{"start":{"line":100,"column":15},"end":{"line":100,"column":53}},{"start":{"line":100,"column":57},"end":{"line":100,"column":61}}],"line":100},"7":{"loc":{"start":{"line":100,"column":15},"end":{"line":100,"column":53}},"type":"binary-expr","locations":[{"start":{"line":100,"column":15},"end":{"line":100,"column":21}},{"start":{"line":100,"column":25},"end":{"line":100,"column":53}}],"line":100},"8":{"loc":{"start":{"line":101,"column":8},"end":{"line":101,"column":42}},"type":"cond-expr","locations":[{"start":{"line":101,"column":14},"end":{"line":101,"column":35}},{"start":{"line":101,"column":38},"end":{"line":101,"column":42}}],"line":101}},"s":{"0":0,"1":0,"2":0,"3":0,"4":0,"5":0,"6":0,"7":0,"8":0,"9":0,"10":0,"11":0,"12":0,"13":0,"14":0,"15":0,"16":0,"17":0,"18":0,"19":0,"20":0,"21":0,"22":0},"f":{"0":0,"1":0},"b":{"0":[0,0],"1":[0,0],"2":[0,0],"3":[0,0],"4":[0,0],"5":[0,0],"6":[0,0],"7":[0,0],"8":[0,0]}},"/Volumes/512G/06-工具开发/BODA/utils/scheduler.js":{"path":"/Volumes/512G/06-工具开发/BODA/utils/scheduler.js","statementMap":{"0":{"start":{"line":2,"column":19},"end":{"line":2,"column":38}},"1":{"start":{"line":3,"column":31},"end":{"line":3,"column":56}},"2":{"start":{"line":4,"column":46},"end":{"line":4,"column":72}},"3":{"start":{"line":6,"column":20},"end":{"line":6,"column":24}},"4":{"start":{"line":7,"column":24},"end":{"line":7,"column":28}},"5":{"start":{"line":12,"column":2},"end":{"line":12,"column":41}},"6":{"start":{"line":15,"column":2},"end":{"line":15,"column":31}},"7":{"start":{"line":21,"column":2},"end":{"line":76,"column":12}},"8":{"start":{"line":22,"column":4},"end":{"line":75,"column":5}},"9":{"start":{"line":24,"column":22},"end":{"line":27,"column":7}},"10":{"start":{"line":29,"column":6},"end":{"line":72,"column":7}},"11":{"start":{"line":30,"column":8},"end":{"line":71,"column":9}},"12":{"start":{"line":32,"column":26},"end":{"line":37,"column":11}},"13":{"start":{"line":39,"column":31},"end":{"line":39,"column":66}},"14":{"start":{"line":42,"column":10},"end":{"line":65,"column":11}},"15":{"start":{"line":43,"column":12},"end":{"line":48,"column":15}},"16":{"start":{"line":51,"column":12},"end":{"line":64,"column":17}},"17":{"start":{"line":53,"column":16},"end":{"line":57,"column":19}},"18":{"start":{"line":60,"column":16},"end":{"line":63,"column":19}},"19":{"start":{"line":67,"column":10},"end":{"line":70,"column":13}},"20":{"start":{"line":74,"column":6},"end":{"line":74,"column":60}},"21":{"start":{"line":78,"column":2},"end":{"line":78,"column":39}},"22":{"start":{"line":83,"column":2},"end":{"line":87,"column":3}},"23":{"start":{"line":84,"column":4},"end":{"line":84,"column":33}},"24":{"start":{"line":85,"column":4},"end":{"line":85,"column":25}},"25":{"start":{"line":86,"column":4},"end":{"line":86,"column":30}},"26":{"start":{"line":89,"column":2},"end":{"line":93,"column":3}},"27":{"start":{"line":90,"column":4},"end":{"line":90,"column":37}},"28":{"start":{"line":91,"column":4},"end":{"line":91,"column":29}},"29":{"start":{"line":92,"column":4},"end":{"line":92,"column":32}},"30":{"start":{"line":96,"column":0},"end":{"line":99,"column":2}}},"fnMap":{"0":{"name":"startScheduler","decl":{"start":{"line":10,"column":9},"end":{"line":10,"column":23}},"loc":{"start":{"line":10,"column":26},"end":{"line":16,"column":1}},"line":10},"1":{"name":"startRemoteBackupScheduler","decl":{"start":{"line":19,"column":9},"end":{"line":19,"column":35}},"loc":{"start":{"line":19,"column":38},"end":{"line":79,"column":1}},"line":19},"2":{"name":"(anonymous_2)","decl":{"start":{"line":21,"column":34},"end":{"line":21,"column":35}},"loc":{"start":{"line":21,"column":46},"end":{"line":76,"column":3}},"line":21},"3":{"name":"(anonymous_3)","decl":{"start":{"line":52,"column":20},"end":{"line":52,"column":21}},"loc":{"start":{"line":52,"column":30},"end":{"line":58,"column":15}},"line":52},"4":{"name":"(anonymous_4)","decl":{"start":{"line":59,"column":21},"end":{"line":59,"column":22}},"loc":{"start":{"line":59,"column":30},"end":{"line":64,"column":15}},"line":59},"5":{"name":"stopScheduler","decl":{"start":{"line":82,"column":9},"end":{"line":82,"column":22}},"loc":{"start":{"line":82,"column":25},"end":{"line":94,"column":1}},"line":82}},"branchMap":{"0":{"loc":{"start":{"line":39,"column":31},"end":{"line":39,"column":66}},"type":"cond-expr","locations":[{"start":{"line":39,"column":41},"end":{"line":39,"column":59}},{"start":{"line":39,"column":62},"end":{"line":39,"column":66}}],"line":39},"1":{"loc":{"start":{"line":42,"column":10},"end":{"line":65,"column":11}},"type":"if","locations":[{"start":{"line":42,"column":10},"end":{"line":65,"column":11}},{"start":{},"end":{}}],"line":42},"2":{"loc":{"start":{"line":83,"column":2},"end":{"line":87,"column":3}},"type":"if","locations":[{"start":{"line":83,"column":2},"end":{"line":87,"column":3}},{"start":{},"end":{}}],"line":83},"3":{"loc":{"start":{"line":89,"column":2},"end":{"line":93,"column":3}},"type":"if","locations":[{"start":{"line":89,"column":2},"end":{"line":93,"column":3}},{"start":{},"end":{}}],"line":89}},"s":{"0":0,"1":0,"2":0,"3":0,"4":0,"5":0,"6":0,"7":0,"8":0,"9":0,"10":0,"11":0,"12":0,"13":0,"14":0,"15":0,"16":0,"17":0,"18":0,"19":0,"20":0,"21":0,"22":0,"23":0,"24":0,"25":0,"26":0,"27":0,"28":0,"29":0,"30":0},"f":{"0":0,"1":0,"2":0,"3":0,"4":0,"5":0},"b":{"0":[0,0],"1":[0,0],"2":[0,0],"3":[0,0]}}}}
