{"total": {"lines":{"total":4006,"covered":31,"skipped":0,"pct":0.77},"statements":{"total":4108,"covered":32,"skipped":0,"pct":0.77},"functions":{"total":315,"covered":5,"skipped":0,"pct":1.58},"branches":{"total":2692,"covered":37,"skipped":0,"pct":1.37},"branchesTrue":{"total":0,"covered":0,"skipped":0,"pct":100}}
,"/mnt/data/TOOL/BODA/middleware/auth.js": {"lines":{"total":43,"covered":31,"skipped":0,"pct":72.09},"functions":{"total":5,"covered":5,"skipped":0,"pct":100},"statements":{"total":44,"covered":32,"skipped":0,"pct":72.72},"branches":{"total":45,"covered":37,"skipped":0,"pct":82.22}}
,"/mnt/data/TOOL/BODA/middleware/monitoring.js": {"lines":{"total":15,"covered":0,"skipped":0,"pct":0},"functions":{"total":2,"covered":0,"skipped":0,"pct":0},"statements":{"total":15,"covered":0,"skipped":0,"pct":0},"branches":{"total":6,"covered":0,"skipped":0,"pct":0}}
,"/mnt/data/TOOL/BODA/middleware/remote-backup-auth.js": {"lines":{"total":15,"covered":0,"skipped":0,"pct":0},"functions":{"total":1,"covered":0,"skipped":0,"pct":0},"statements":{"total":15,"covered":0,"skipped":0,"pct":0},"branches":{"total":6,"covered":0,"skipped":0,"pct":0}}
,"/mnt/data/TOOL/BODA/middleware/validation.js": {"lines":{"total":13,"covered":0,"skipped":0,"pct":0},"functions":{"total":1,"covered":0,"skipped":0,"pct":0},"statements":{"total":13,"covered":0,"skipped":0,"pct":0},"branches":{"total":2,"covered":0,"skipped":0,"pct":0}}
,"/mnt/data/TOOL/BODA/routes/admin.js": {"lines":{"total":2187,"covered":0,"skipped":0,"pct":0},"functions":{"total":148,"covered":0,"skipped":0,"pct":0},"statements":{"total":2257,"covered":0,"skipped":0,"pct":0},"branches":{"total":1585,"covered":0,"skipped":0,"pct":0}}
,"/mnt/data/TOOL/BODA/routes/auth.js": {"lines":{"total":238,"covered":0,"skipped":0,"pct":0},"functions":{"total":14,"covered":0,"skipped":0,"pct":0},"statements":{"total":239,"covered":0,"skipped":0,"pct":0},"branches":{"total":156,"covered":0,"skipped":0,"pct":0}}
,"/mnt/data/TOOL/BODA/routes/public.js": {"lines":{"total":135,"covered":0,"skipped":0,"pct":0},"functions":{"total":11,"covered":0,"skipped":0,"pct":0},"statements":{"total":135,"covered":0,"skipped":0,"pct":0},"branches":{"total":40,"covered":0,"skipped":0,"pct":0}}
,"/mnt/data/TOOL/BODA/routes/user.js": {"lines":{"total":324,"covered":0,"skipped":0,"pct":0},"functions":{"total":31,"covered":0,"skipped":0,"pct":0},"statements":{"total":339,"covered":0,"skipped":0,"pct":0},"branches":{"total":195,"covered":0,"skipped":0,"pct":0}}
,"/mnt/data/TOOL/BODA/utils/backup.js": {"lines":{"total":187,"covered":0,"skipped":0,"pct":0},"functions":{"total":17,"covered":0,"skipped":0,"pct":0},"statements":{"total":188,"covered":0,"skipped":0,"pct":0},"branches":{"total":92,"covered":0,"skipped":0,"pct":0}}
,"/mnt/data/TOOL/BODA/utils/cache.js": {"lines":{"total":33,"covered":0,"skipped":0,"pct":0},"functions":{"total":8,"covered":0,"skipped":0,"pct":0},"statements":{"total":33,"covered":0,"skipped":0,"pct":0},"branches":{"total":13,"covered":0,"skipped":0,"pct":0}}
,"/mnt/data/TOOL/BODA/utils/cleanup.js": {"lines":{"total":92,"covered":0,"skipped":0,"pct":0},"functions":{"total":4,"covered":0,"skipped":0,"pct":0},"statements":{"total":92,"covered":0,"skipped":0,"pct":0},"branches":{"total":56,"covered":0,"skipped":0,"pct":0}}
,"/mnt/data/TOOL/BODA/utils/cycle-helper.js": {"lines":{"total":39,"covered":0,"skipped":0,"pct":0},"functions":{"total":7,"covered":0,"skipped":0,"pct":0},"statements":{"total":39,"covered":0,"skipped":0,"pct":0},"branches":{"total":28,"covered":0,"skipped":0,"pct":0}}
,"/mnt/data/TOOL/BODA/utils/email.js": {"lines":{"total":99,"covered":0,"skipped":0,"pct":0},"functions":{"total":12,"covered":0,"skipped":0,"pct":0},"statements":{"total":100,"covered":0,"skipped":0,"pct":0},"branches":{"total":61,"covered":0,"skipped":0,"pct":0}}
,"/mnt/data/TOOL/BODA/utils/health-check.js": {"lines":{"total":34,"covered":0,"skipped":0,"pct":0},"functions":{"total":4,"covered":0,"skipped":0,"pct":0},"statements":{"total":37,"covered":0,"skipped":0,"pct":0},"branches":{"total":8,"covered":0,"skipped":0,"pct":0}}
,"/mnt/data/TOOL/BODA/utils/log-helper.js": {"lines":{"total":35,"covered":0,"skipped":0,"pct":0},"functions":{"total":6,"covered":0,"skipped":0,"pct":0},"statements":{"total":37,"covered":0,"skipped":0,"pct":0},"branches":{"total":24,"covered":0,"skipped":0,"pct":0}}
,"/mnt/data/TOOL/BODA/utils/logger.js": {"lines":{"total":23,"covered":0,"skipped":0,"pct":0},"functions":{"total":2,"covered":0,"skipped":0,"pct":0},"statements":{"total":23,"covered":0,"skipped":0,"pct":0},"branches":{"total":18,"covered":0,"skipped":0,"pct":0}}
,"/mnt/data/TOOL/BODA/utils/order-helper.js": {"lines":{"total":121,"covered":0,"skipped":0,"pct":0},"functions":{"total":10,"covered":0,"skipped":0,"pct":0},"statements":{"total":126,"covered":0,"skipped":0,"pct":0},"branches":{"total":131,"covered":0,"skipped":0,"pct":0}}
,"/mnt/data/TOOL/BODA/utils/remote-backup.js": {"lines":{"total":171,"covered":0,"skipped":0,"pct":0},"functions":{"total":13,"covered":0,"skipped":0,"pct":0},"statements":{"total":174,"covered":0,"skipped":0,"pct":0},"branches":{"total":118,"covered":0,"skipped":0,"pct":0}}
,"/mnt/data/TOOL/BODA/utils/scheduler.js": {"lines":{"total":31,"covered":0,"skipped":0,"pct":0},"functions":{"total":6,"covered":0,"skipped":0,"pct":0},"statements":{"total":31,"covered":0,"skipped":0,"pct":0},"branches":{"total":8,"covered":0,"skipped":0,"pct":0}}
,"/mnt/data/TOOL/BODA/utils/session-config.js": {"lines":{"total":25,"covered":0,"skipped":0,"pct":0},"functions":{"total":4,"covered":0,"skipped":0,"pct":0},"statements":{"total":25,"covered":0,"skipped":0,"pct":0},"branches":{"total":12,"covered":0,"skipped":0,"pct":0}}
,"/mnt/data/TOOL/BODA/utils/sms.js": {"lines":{"total":86,"covered":0,"skipped":0,"pct":0},"functions":{"total":6,"covered":0,"skipped":0,"pct":0},"statements":{"total":86,"covered":0,"skipped":0,"pct":0},"branches":{"total":58,"covered":0,"skipped":0,"pct":0}}
,"/mnt/data/TOOL/BODA/utils/verification.js": {"lines":{"total":60,"covered":0,"skipped":0,"pct":0},"functions":{"total":3,"covered":0,"skipped":0,"pct":0},"statements":{"total":60,"covered":0,"skipped":0,"pct":0},"branches":{"total":30,"covered":0,"skipped":0,"pct":0}}
}
