{"total": {"lines":{"total":3926,"covered":1206,"skipped":0,"pct":30.71},"statements":{"total":4027,"covered":1268,"skipped":0,"pct":31.48},"functions":{"total":308,"covered":86,"skipped":0,"pct":27.92},"branches":{"total":2615,"covered":599,"skipped":0,"pct":22.9},"branchesTrue":{"total":0,"covered":0,"skipped":0,"pct":100}}
,"/Volumes/512G/06-工具开发/BODA/middleware/auth.js": {"lines":{"total":43,"covered":17,"skipped":0,"pct":39.53},"functions":{"total":5,"covered":2,"skipped":0,"pct":40},"statements":{"total":44,"covered":17,"skipped":0,"pct":38.63},"branches":{"total":45,"covered":19,"skipped":0,"pct":42.22}}
,"/Volumes/512G/06-工具开发/BODA/middleware/monitoring.js": {"lines":{"total":15,"covered":0,"skipped":0,"pct":0},"functions":{"total":2,"covered":0,"skipped":0,"pct":0},"statements":{"total":15,"covered":0,"skipped":0,"pct":0},"branches":{"total":6,"covered":0,"skipped":0,"pct":0}}
,"/Volumes/512G/06-工具开发/BODA/middleware/remote-backup-auth.js": {"lines":{"total":15,"covered":3,"skipped":0,"pct":20},"functions":{"total":1,"covered":0,"skipped":0,"pct":0},"statements":{"total":15,"covered":3,"skipped":0,"pct":20},"branches":{"total":6,"covered":0,"skipped":0,"pct":0}}
,"/Volumes/512G/06-工具开发/BODA/middleware/validation.js": {"lines":{"total":13,"covered":13,"skipped":0,"pct":100},"functions":{"total":1,"covered":1,"skipped":0,"pct":100},"statements":{"total":13,"covered":13,"skipped":0,"pct":100},"branches":{"total":2,"covered":2,"skipped":0,"pct":100}}
,"/Volumes/512G/06-工具开发/BODA/routes/admin.js": {"lines":{"total":2107,"covered":995,"skipped":0,"pct":47.22},"functions":{"total":141,"covered":62,"skipped":0,"pct":43.97},"statements":{"total":2176,"covered":1056,"skipped":0,"pct":48.52},"branches":{"total":1508,"covered":525,"skipped":0,"pct":34.81}}
,"/Volumes/512G/06-工具开发/BODA/routes/auth.js": {"lines":{"total":238,"covered":36,"skipped":0,"pct":15.12},"functions":{"total":14,"covered":1,"skipped":0,"pct":7.14},"statements":{"total":239,"covered":36,"skipped":0,"pct":15.06},"branches":{"total":156,"covered":2,"skipped":0,"pct":1.28}}
,"/Volumes/512G/06-工具开发/BODA/routes/public.js": {"lines":{"total":135,"covered":0,"skipped":0,"pct":0},"functions":{"total":11,"covered":0,"skipped":0,"pct":0},"statements":{"total":135,"covered":0,"skipped":0,"pct":0},"branches":{"total":40,"covered":0,"skipped":0,"pct":0}}
,"/Volumes/512G/06-工具开发/BODA/routes/user.js": {"lines":{"total":324,"covered":0,"skipped":0,"pct":0},"functions":{"total":31,"covered":0,"skipped":0,"pct":0},"statements":{"total":339,"covered":0,"skipped":0,"pct":0},"branches":{"total":195,"covered":0,"skipped":0,"pct":0}}
,"/Volumes/512G/06-工具开发/BODA/utils/backup.js": {"lines":{"total":187,"covered":8,"skipped":0,"pct":4.27},"functions":{"total":17,"covered":0,"skipped":0,"pct":0},"statements":{"total":188,"covered":8,"skipped":0,"pct":4.25},"branches":{"total":92,"covered":2,"skipped":0,"pct":2.17}}
,"/Volumes/512G/06-工具开发/BODA/utils/cache.js": {"lines":{"total":33,"covered":13,"skipped":0,"pct":39.39},"functions":{"total":8,"covered":4,"skipped":0,"pct":50},"statements":{"total":33,"covered":13,"skipped":0,"pct":39.39},"branches":{"total":13,"covered":3,"skipped":0,"pct":23.07}}
,"/Volumes/512G/06-工具开发/BODA/utils/cleanup.js": {"lines":{"total":92,"covered":4,"skipped":0,"pct":4.34},"functions":{"total":4,"covered":0,"skipped":0,"pct":0},"statements":{"total":92,"covered":4,"skipped":0,"pct":4.34},"branches":{"total":56,"covered":1,"skipped":0,"pct":1.78}}
,"/Volumes/512G/06-工具开发/BODA/utils/cycle-helper.js": {"lines":{"total":39,"covered":26,"skipped":0,"pct":66.66},"functions":{"total":7,"covered":6,"skipped":0,"pct":85.71},"statements":{"total":39,"covered":26,"skipped":0,"pct":66.66},"branches":{"total":28,"covered":14,"skipped":0,"pct":50}}
,"/Volumes/512G/06-工具开发/BODA/utils/email.js": {"lines":{"total":99,"covered":22,"skipped":0,"pct":22.22},"functions":{"total":12,"covered":2,"skipped":0,"pct":16.66},"statements":{"total":100,"covered":22,"skipped":0,"pct":22},"branches":{"total":61,"covered":14,"skipped":0,"pct":22.95}}
,"/Volumes/512G/06-工具开发/BODA/utils/health-check.js": {"lines":{"total":34,"covered":0,"skipped":0,"pct":0},"functions":{"total":4,"covered":0,"skipped":0,"pct":0},"statements":{"total":37,"covered":0,"skipped":0,"pct":0},"branches":{"total":8,"covered":0,"skipped":0,"pct":0}}
,"/Volumes/512G/06-工具开发/BODA/utils/log-helper.js": {"lines":{"total":35,"covered":14,"skipped":0,"pct":40},"functions":{"total":6,"covered":1,"skipped":0,"pct":16.66},"statements":{"total":37,"covered":14,"skipped":0,"pct":37.83},"branches":{"total":24,"covered":4,"skipped":0,"pct":16.66}}
,"/Volumes/512G/06-工具开发/BODA/utils/logger.js": {"lines":{"total":23,"covered":0,"skipped":0,"pct":0},"functions":{"total":2,"covered":0,"skipped":0,"pct":0},"statements":{"total":23,"covered":0,"skipped":0,"pct":0},"branches":{"total":18,"covered":0,"skipped":0,"pct":0}}
,"/Volumes/512G/06-工具开发/BODA/utils/order-helper.js": {"lines":{"total":121,"covered":17,"skipped":0,"pct":14.04},"functions":{"total":10,"covered":3,"skipped":0,"pct":30},"statements":{"total":126,"covered":18,"skipped":0,"pct":14.28},"branches":{"total":131,"covered":7,"skipped":0,"pct":5.34}}
,"/Volumes/512G/06-工具开发/BODA/utils/remote-backup.js": {"lines":{"total":171,"covered":12,"skipped":0,"pct":7.01},"functions":{"total":13,"covered":0,"skipped":0,"pct":0},"statements":{"total":174,"covered":12,"skipped":0,"pct":6.89},"branches":{"total":118,"covered":2,"skipped":0,"pct":1.69}}
,"/Volumes/512G/06-工具开发/BODA/utils/scheduler.js": {"lines":{"total":31,"covered":0,"skipped":0,"pct":0},"functions":{"total":6,"covered":0,"skipped":0,"pct":0},"statements":{"total":31,"covered":0,"skipped":0,"pct":0},"branches":{"total":8,"covered":0,"skipped":0,"pct":0}}
,"/Volumes/512G/06-工具开发/BODA/utils/session-config.js": {"lines":{"total":25,"covered":17,"skipped":0,"pct":68},"functions":{"total":4,"covered":4,"skipped":0,"pct":100},"statements":{"total":25,"covered":17,"skipped":0,"pct":68},"branches":{"total":12,"covered":4,"skipped":0,"pct":33.33}}
,"/Volumes/512G/06-工具开发/BODA/utils/sms.js": {"lines":{"total":86,"covered":5,"skipped":0,"pct":5.81},"functions":{"total":6,"covered":0,"skipped":0,"pct":0},"statements":{"total":86,"covered":5,"skipped":0,"pct":5.81},"branches":{"total":58,"covered":0,"skipped":0,"pct":0}}
,"/Volumes/512G/06-工具开发/BODA/utils/verification.js": {"lines":{"total":60,"covered":4,"skipped":0,"pct":6.66},"functions":{"total":3,"covered":0,"skipped":0,"pct":0},"statements":{"total":60,"covered":4,"skipped":0,"pct":6.66},"branches":{"total":30,"covered":0,"skipped":0,"pct":0}}
}
