TN:
SF:middleware/auth.js
FN:2,checkSessionExpiry
FN:52,requireAuth
FN:66,requireRole
FN:67,(anonymous_3)
FN:87,requireUserAuth
FNF:5
FNH:5
FNDA:279,checkSessionExpiry
FNDA:143,requireAuth
FNDA:4,requireRole
FNDA:4,(anonymous_3)
FNDA:136,requireUserAuth
DA:3,279
DA:5,278
DA:6,278
DA:9,278
DA:10,278
DA:13,278
DA:14,129
DA:15,129
DA:16,129
DA:17,129
DA:19,0
DA:20,0
DA:21,0
DA:22,0
DA:23,0
DA:24,0
DA:30,278
DA:31,127
DA:32,127
DA:33,127
DA:34,127
DA:36,0
DA:37,0
DA:38,0
DA:39,0
DA:40,0
DA:46,278
DA:47,0
DA:54,143
DA:56,143
DA:57,14
DA:62,129
DA:67,4
DA:68,4
DA:69,1
DA:75,3
DA:76,1
DA:82,2
DA:89,136
DA:92,136
DA:93,9
DA:98,127
DA:101,4
LF:43
LH:31
BRDA:3,0,0,1
BRDA:3,0,1,278
BRDA:9,1,0,278
BRDA:9,1,1,150
BRDA:10,2,0,278
BRDA:10,2,1,152
BRDA:13,3,0,129
BRDA:13,3,1,149
BRDA:14,4,0,129
BRDA:14,4,1,0
BRDA:15,5,0,129
BRDA:15,5,1,0
BRDA:17,6,0,0
BRDA:17,6,1,129
BRDA:30,7,0,127
BRDA:30,7,1,151
BRDA:31,8,0,127
BRDA:31,8,1,0
BRDA:32,9,0,127
BRDA:32,9,1,0
BRDA:34,10,0,0
BRDA:34,10,1,127
BRDA:46,11,0,0
BRDA:46,11,1,278
BRDA:46,12,0,278
BRDA:46,12,1,149
BRDA:46,12,2,22
BRDA:56,13,0,14
BRDA:56,13,1,129
BRDA:56,14,0,143
BRDA:56,14,1,142
BRDA:66,15,0,0
BRDA:68,16,0,1
BRDA:68,16,1,3
BRDA:68,17,0,4
BRDA:68,17,1,4
BRDA:75,18,0,1
BRDA:75,18,1,2
BRDA:75,19,0,3
BRDA:75,19,1,2
BRDA:92,20,0,9
BRDA:92,20,1,127
BRDA:92,21,0,136
BRDA:92,21,1,136
BRDA:92,21,2,9
BRF:45
BRH:37
end_of_record
TN:
SF:middleware/monitoring.js
FN:5,monitoringMiddleware
FN:10,(anonymous_1)
FNF:2
FNH:2
FNDA:8,monitoringMiddleware
FNDA:13,(anonymous_1)
DA:1,1
DA:2,1
DA:6,8
DA:7,8
DA:10,8
DA:11,13
DA:12,13
DA:13,13
DA:16,13
DA:18,13
DA:20,13
DA:31,13
DA:32,1
DA:42,8
DA:45,1
LF:15
LH:15
BRDA:18,0,0,13
BRDA:18,0,1,0
BRDA:27,1,0,13
BRDA:27,1,1,2
BRDA:31,2,0,1
BRDA:31,2,1,12
BRF:6
BRH:5
end_of_record
TN:
SF:middleware/remote-backup-auth.js
FN:8,requireRemoteBackupAuth
FNF:1
FNH:0
FNDA:0,requireRemoteBackupAuth
DA:1,2
DA:2,2
DA:9,0
DA:10,0
DA:12,0
DA:13,0
DA:17,0
DA:23,0
DA:25,0
DA:26,0
DA:30,0
DA:37,0
DA:39,0
DA:44,0
DA:51,2
LF:15
LH:3
BRDA:10,0,0,0
BRDA:10,0,1,0
BRDA:12,1,0,0
BRDA:12,1,1,0
BRDA:25,2,0,0
BRDA:25,2,1,0
BRF:6
BRH:0
end_of_record
TN:
SF:middleware/validation.js
FN:4,validate
FNF:1
FNH:1
FNDA:197,validate
DA:1,5
DA:5,197
DA:6,197
DA:7,8
DA:13,189
DA:17,5
DA:25,5
DA:37,5
DA:53,5
DA:62,5
DA:77,5
DA:92,5
DA:99,5
LF:13
LH:13
BRDA:6,0,0,8
BRDA:6,0,1,189
BRF:2
BRH:2
end_of_record
TN:
SF:routes/admin.js
FN:41,clearRelatedCache
FN:55,(anonymous_1)
FN:62,(anonymous_2)
FN:71,(anonymous_3)
FN:81,(anonymous_4)
FN:193,(anonymous_5)
FN:200,(anonymous_6)
FN:209,(anonymous_7)
FN:222,compressProductImage
FN:272,(anonymous_9)
FN:285,(anonymous_10)
FN:307,(anonymous_11)
FN:330,(anonymous_12)
FN:363,(anonymous_13)
FN:395,(anonymous_14)
FN:503,(anonymous_15)
FN:615,(anonymous_16)
FN:658,(anonymous_17)
FN:718,(anonymous_18)
FN:853,(anonymous_19)
FN:867,(anonymous_20)
FN:909,(anonymous_21)
FN:913,(anonymous_22)
FN:924,(anonymous_23)
FN:1050,(anonymous_24)
FN:1097,(anonymous_25)
FN:1192,(anonymous_26)
FN:1240,(anonymous_27)
FN:1305,(anonymous_28)
FN:1309,(anonymous_29)
FN:1350,archiveOldCycles
FN:1484,(anonymous_31)
FN:1492,(anonymous_32)
FN:1580,(anonymous_33)
FN:1602,getBaseUrl
FN:1651,(anonymous_35)
FN:1700,(anonymous_36)
FN:1776,(anonymous_37)
FN:1790,(anonymous_38)
FN:1836,(anonymous_39)
FN:2057,(anonymous_40)
FN:2208,generateCycleExcelFile
FN:2264,(anonymous_42)
FN:2278,(anonymous_43)
FN:2324,(anonymous_44)
FN:2539,(anonymous_45)
FN:2620,(anonymous_46)
FN:2655,(anonymous_47)
FN:2666,(anonymous_48)
FN:2693,(anonymous_49)
FN:2714,requireSuperAdmin
FN:2733,(anonymous_51)
FN:2752,(anonymous_52)
FN:2807,(anonymous_53)
FN:2885,(anonymous_54)
FN:2920,(anonymous_55)
FN:3090,(anonymous_56)
FN:3120,(anonymous_57)
FN:3121,(anonymous_58)
FN:3122,(anonymous_59)
FN:3135,(anonymous_60)
FN:3144,(anonymous_61)
FN:3168,(anonymous_62)
FN:3187,(anonymous_63)
FN:3210,(anonymous_64)
FN:3222,(anonymous_65)
FN:3244,(anonymous_66)
FN:3245,(anonymous_67)
FN:3246,(anonymous_68)
FN:3258,(anonymous_69)
FN:3259,(anonymous_70)
FN:3262,(anonymous_71)
FN:3264,(anonymous_72)
FN:3296,getProjectRoot
FN:3302,isPathSafe
FN:3309,(anonymous_75)
FN:3332,(anonymous_76)
FN:3348,(anonymous_77)
FN:3367,(anonymous_78)
FN:3423,(anonymous_79)
FN:3460,(anonymous_80)
FN:3483,(anonymous_81)
FN:3509,(anonymous_82)
FN:3554,(anonymous_83)
FN:3600,getMimeType
FN:3625,(anonymous_85)
FN:3672,(anonymous_86)
FN:3729,(anonymous_87)
FN:3770,(anonymous_88)
FN:3786,(anonymous_89)
FN:3803,(anonymous_90)
FN:3849,(anonymous_91)
FN:3850,(anonymous_92)
FN:3879,(anonymous_93)
FN:3880,(anonymous_94)
FN:3905,(anonymous_95)
FN:3920,(anonymous_96)
FN:3948,(anonymous_97)
FN:3957,(anonymous_98)
FN:3999,(anonymous_99)
FN:4099,(anonymous_100)
FN:4145,(anonymous_101)
FN:4312,(anonymous_102)
FN:4324,(anonymous_103)
FN:4345,(anonymous_104)
FN:4380,(anonymous_105)
FN:4386,(anonymous_106)
FN:4407,(anonymous_107)
FN:4450,(anonymous_108)
FN:4497,(anonymous_109)
FN:4539,(anonymous_110)
FN:4546,(anonymous_111)
FN:4563,(anonymous_112)
FN:4573,(anonymous_113)
FN:4664,(anonymous_114)
FN:4691,(anonymous_115)
FN:4741,(anonymous_116)
FN:4746,(anonymous_117)
FN:4764,(anonymous_118)
FN:4815,(anonymous_119)
FN:4878,(anonymous_120)
FN:4913,(anonymous_121)
FN:4927,(anonymous_122)
FN:4930,(anonymous_123)
FN:4956,(anonymous_124)
FN:4990,(anonymous_125)
FN:5041,(anonymous_126)
FN:5075,(anonymous_127)
FN:5083,(anonymous_128)
FN:5101,(anonymous_129)
FN:5193,getLogTimestamp
FN:5203,addTimestampedLog
FN:5219,(anonymous_132)
FN:5275,(anonymous_133)
FN:5290,(anonymous_134)
FN:5313,(anonymous_135)
FN:5344,(anonymous_136)
FN:5383,(anonymous_137)
FN:5391,(anonymous_138)
FN:5514,(anonymous_139)
FN:5519,(anonymous_140)
FN:5520,(anonymous_141)
FN:5532,(anonymous_142)
FN:5601,(anonymous_143)
FN:5661,(anonymous_144)
FN:5686,(anonymous_145)
FN:5702,(anonymous_146)
FN:5719,(anonymous_147)
FNF:148
FNH:62
FNDA:20,clearRelatedCache
FNDA:0,(anonymous_1)
FNDA:0,(anonymous_2)
FNDA:0,(anonymous_3)
FNDA:0,(anonymous_4)
FNDA:2,(anonymous_5)
FNDA:2,(anonymous_6)
FNDA:3,(anonymous_7)
FNDA:2,compressProductImage
FNDA:1,(anonymous_9)
FNDA:1,(anonymous_10)
FNDA:1,(anonymous_11)
FNDA:3,(anonymous_12)
FNDA:6,(anonymous_13)
FNDA:3,(anonymous_14)
FNDA:2,(anonymous_15)
FNDA:28,(anonymous_16)
FNDA:2,(anonymous_17)
FNDA:6,(anonymous_18)
FNDA:1,(anonymous_19)
FNDA:1,(anonymous_20)
FNDA:1,(anonymous_21)
FNDA:1,(anonymous_22)
FNDA:4,(anonymous_23)
FNDA:3,(anonymous_24)
FNDA:4,(anonymous_25)
FNDA:8,(anonymous_26)
FNDA:1,(anonymous_27)
FNDA:59,(anonymous_28)
FNDA:59,(anonymous_29)
FNDA:18,archiveOldCycles
FNDA:0,(anonymous_31)
FNDA:0,(anonymous_32)
FNDA:2,(anonymous_33)
FNDA:25,getBaseUrl
FNDA:8,(anonymous_35)
FNDA:1,(anonymous_36)
FNDA:133,(anonymous_37)
FNDA:133,(anonymous_38)
FNDA:6,(anonymous_39)
FNDA:5,(anonymous_40)
FNDA:15,generateCycleExcelFile
FNDA:285,(anonymous_42)
FNDA:285,(anonymous_43)
FNDA:0,(anonymous_44)
FNDA:17,(anonymous_45)
FNDA:15,(anonymous_46)
FNDA:0,(anonymous_47)
FNDA:2,(anonymous_48)
FNDA:1,(anonymous_49)
FNDA:34,requireSuperAdmin
FNDA:3,(anonymous_51)
FNDA:4,(anonymous_52)
FNDA:2,(anonymous_53)
FNDA:3,(anonymous_54)
FNDA:2,(anonymous_55)
FNDA:1,(anonymous_56)
FNDA:2,(anonymous_57)
FNDA:2,(anonymous_58)
FNDA:1,(anonymous_59)
FNDA:1,(anonymous_60)
FNDA:11,(anonymous_61)
FNDA:2,(anonymous_62)
FNDA:2,(anonymous_63)
FNDA:2,(anonymous_64)
FNDA:1,(anonymous_65)
FNDA:2,(anonymous_66)
FNDA:1,(anonymous_67)
FNDA:1,(anonymous_68)
FNDA:0,(anonymous_69)
FNDA:0,(anonymous_70)
FNDA:0,(anonymous_71)
FNDA:0,(anonymous_72)
FNDA:0,getProjectRoot
FNDA:0,isPathSafe
FNDA:0,(anonymous_75)
FNDA:0,(anonymous_76)
FNDA:0,(anonymous_77)
FNDA:0,(anonymous_78)
FNDA:0,(anonymous_79)
FNDA:0,(anonymous_80)
FNDA:0,(anonymous_81)
FNDA:0,(anonymous_82)
FNDA:0,(anonymous_83)
FNDA:0,getMimeType
FNDA:0,(anonymous_85)
FNDA:8,(anonymous_86)
FNDA:0,(anonymous_87)
FNDA:0,(anonymous_88)
FNDA:0,(anonymous_89)
FNDA:0,(anonymous_90)
FNDA:0,(anonymous_91)
FNDA:0,(anonymous_92)
FNDA:0,(anonymous_93)
FNDA:0,(anonymous_94)
FNDA:0,(anonymous_95)
FNDA:0,(anonymous_96)
FNDA:0,(anonymous_97)
FNDA:0,(anonymous_98)
FNDA:0,(anonymous_99)
FNDA:0,(anonymous_100)
FNDA:0,(anonymous_101)
FNDA:0,(anonymous_102)
FNDA:0,(anonymous_103)
FNDA:0,(anonymous_104)
FNDA:0,(anonymous_105)
FNDA:0,(anonymous_106)
FNDA:0,(anonymous_107)
FNDA:0,(anonymous_108)
FNDA:0,(anonymous_109)
FNDA:0,(anonymous_110)
FNDA:0,(anonymous_111)
FNDA:0,(anonymous_112)
FNDA:0,(anonymous_113)
FNDA:0,(anonymous_114)
FNDA:0,(anonymous_115)
FNDA:0,(anonymous_116)
FNDA:0,(anonymous_117)
FNDA:0,(anonymous_118)
FNDA:0,(anonymous_119)
FNDA:0,(anonymous_120)
FNDA:0,(anonymous_121)
FNDA:0,(anonymous_122)
FNDA:0,(anonymous_123)
FNDA:0,(anonymous_124)
FNDA:0,(anonymous_125)
FNDA:0,(anonymous_126)
FNDA:0,(anonymous_127)
FNDA:0,(anonymous_128)
FNDA:0,(anonymous_129)
FNDA:0,getLogTimestamp
FNDA:0,addTimestampedLog
FNDA:0,(anonymous_132)
FNDA:0,(anonymous_133)
FNDA:0,(anonymous_134)
FNDA:0,(anonymous_135)
FNDA:0,(anonymous_136)
FNDA:0,(anonymous_137)
FNDA:0,(anonymous_138)
FNDA:0,(anonymous_139)
FNDA:0,(anonymous_140)
FNDA:0,(anonymous_141)
FNDA:0,(anonymous_142)
FNDA:0,(anonymous_143)
FNDA:0,(anonymous_144)
FNDA:0,(anonymous_145)
FNDA:0,(anonymous_146)
FNDA:0,(anonymous_147)
DA:1,2
DA:2,2
DA:3,2
DA:4,2
DA:5,2
DA:6,2
DA:7,2
DA:10,2
DA:11,2
DA:12,2
DA:18,2
DA:19,2
DA:20,2
DA:21,2
DA:22,2
DA:23,2
DA:24,2
DA:25,2
DA:26,2
DA:27,2
DA:28,2
DA:29,2
DA:35,2
DA:36,2
DA:38,2
DA:42,20
DA:43,20
DA:44,20
DA:53,2
DA:56,0
DA:57,0
DA:58,0
DA:60,0
DA:64,0
DA:65,0
DA:66,0
DA:67,0
DA:73,0
DA:74,0
DA:76,0
DA:81,2
DA:82,0
DA:83,0
DA:84,0
DA:90,0
DA:91,0
DA:92,0
DA:93,0
DA:96,0
DA:97,0
DA:98,0
DA:99,0
DA:101,0
DA:102,0
DA:109,0
DA:116,0
DA:117,0
DA:119,0
DA:120,0
DA:122,0
DA:124,0
DA:125,0
DA:126,0
DA:128,0
DA:130,0
DA:131,0
DA:138,0
DA:146,0
DA:147,0
DA:153,0
DA:157,0
DA:165,0
DA:173,0
DA:176,0
DA:177,0
DA:180,0
DA:189,2
DA:192,2
DA:194,2
DA:195,2
DA:196,0
DA:198,2
DA:201,2
DA:202,2
DA:206,2
DA:210,3
DA:211,3
DA:212,3
DA:213,3
DA:214,2
DA:216,1
DA:223,2
DA:224,2
DA:225,2
DA:228,2
DA:231,0
DA:232,0
DA:235,0
DA:236,0
DA:240,0
DA:249,0
DA:251,0
DA:252,0
DA:254,0
DA:261,0
DA:263,2
DA:265,2
DA:272,2
DA:273,1
DA:274,1
DA:277,1
DA:279,0
DA:280,0
DA:285,2
DA:286,1
DA:287,1
DA:289,1
DA:294,1
DA:297,1
DA:299,1
DA:301,0
DA:302,0
DA:307,2
DA:308,1
DA:309,1
DA:310,1
DA:312,1
DA:317,1
DA:320,1
DA:322,1
DA:324,0
DA:325,0
DA:330,2
DA:331,3
DA:332,3
DA:335,3
DA:340,3
DA:341,1
DA:347,2
DA:348,2
DA:351,2
DA:353,2
DA:355,0
DA:356,0
DA:363,2
DA:364,6
DA:365,6
DA:366,6
DA:372,6
DA:374,6
DA:375,2
DA:376,2
DA:379,6
DA:380,1
DA:381,1
DA:384,6
DA:386,6
DA:387,6
DA:389,0
DA:390,0
DA:395,2
DA:396,3
DA:397,3
DA:400,3
DA:401,1
DA:402,1
DA:405,3
DA:408,3
DA:409,3
DA:410,1
DA:412,1
DA:414,1
DA:415,1
DA:417,0
DA:420,0
DA:421,0
DA:426,3
DA:427,3
DA:428,1
DA:429,1
DA:430,1
DA:431,1
DA:432,1
DA:433,1
DA:436,0
DA:438,0
DA:439,0
DA:444,3
DA:445,3
DA:446,1
DA:448,1
DA:449,1
DA:450,1
DA:451,1
DA:452,1
DA:454,0
DA:457,0
DA:458,0
DA:460,0
DA:461,0
DA:466,3
DA:467,3
DA:468,1
DA:469,1
DA:470,1
DA:471,1
DA:472,1
DA:473,1
DA:476,0
DA:477,0
DA:479,0
DA:480,0
DA:484,3
DA:490,3
DA:493,3
DA:495,3
DA:497,0
DA:498,0
DA:503,2
DA:504,2
DA:505,2
DA:506,2
DA:509,2
DA:510,2
DA:511,0
DA:515,2
DA:516,1
DA:517,1
DA:520,2
DA:524,2
DA:527,2
DA:528,1
DA:529,1
DA:531,1
DA:532,1
DA:534,1
DA:536,1
DA:537,1
DA:539,0
DA:540,0
DA:543,0
DA:544,0
DA:546,0
DA:548,0
DA:553,2
DA:554,2
DA:555,0
DA:556,0
DA:557,0
DA:558,0
DA:559,0
DA:560,0
DA:563,0
DA:564,0
DA:566,0
DA:567,0
DA:572,2
DA:573,2
DA:574,1
DA:576,1
DA:577,1
DA:578,1
DA:579,1
DA:580,1
DA:582,0
DA:585,0
DA:586,0
DA:588,0
DA:589,0
DA:594,2
DA:595,2
DA:596,1
DA:597,1
DA:598,1
DA:599,1
DA:600,1
DA:601,1
DA:604,0
DA:605,0
DA:607,0
DA:608,0
DA:613,2
DA:614,2
DA:615,28
DA:618,2
DA:619,2
DA:621,2
DA:622,2
DA:623,2
DA:624,2
DA:625,2
DA:626,2
DA:627,2
DA:628,2
DA:629,2
DA:630,2
DA:631,2
DA:632,2
DA:634,2
DA:636,2
DA:642,2
DA:643,2
DA:645,2
DA:648,2
DA:650,2
DA:652,0
DA:653,0
DA:658,2
DA:659,2
DA:660,2
DA:663,2
DA:665,2
DA:666,0
DA:669,2
DA:671,2
DA:673,2
DA:676,2
DA:679,2
DA:680,0
DA:684,0
DA:685,0
DA:686,0
DA:687,0
DA:689,0
DA:695,2
DA:697,2
DA:704,2
DA:706,2
DA:708,0
DA:709,0
DA:712,0
DA:713,0
DA:718,2
DA:719,6
DA:720,6
DA:722,6
DA:723,1
DA:726,5
DA:727,1
DA:730,4
DA:732,4
DA:733,4
DA:735,4
DA:737,6
DA:738,6
DA:739,0
DA:743,6
DA:744,6
DA:746,6
DA:747,0
DA:748,0
DA:751,6
DA:752,3
DA:753,3
DA:756,6
DA:757,3
DA:758,3
DA:762,6
DA:763,3
DA:764,3
DA:765,1
DA:766,2
DA:767,1
DA:768,1
DA:769,1
DA:771,3
DA:772,3
DA:776,6
DA:777,0
DA:780,0
DA:781,0
DA:785,6
DA:786,0
DA:789,0
DA:790,0
DA:794,6
DA:795,0
DA:798,0
DA:799,0
DA:803,6
DA:804,0
DA:807,0
DA:808,0
DA:811,6
DA:812,6
DA:813,6
DA:815,6
DA:819,6
DA:823,4
DA:826,4
DA:828,4
DA:835,4
DA:841,0
DA:842,0
DA:845,0
DA:846,0
DA:853,2
DA:854,1
DA:855,1
DA:859,1
DA:861,0
DA:862,0
DA:867,2
DA:868,1
DA:869,1
DA:871,1
DA:872,0
DA:875,1
DA:877,1
DA:879,1
DA:882,1
DA:883,2
DA:889,1
DA:890,1
DA:893,1
DA:895,1
DA:897,0
DA:898,0
DA:901,0
DA:902,0
DA:909,2
DA:910,1
DA:911,1
DA:912,1
DA:913,1
DA:914,1
DA:916,1
DA:918,0
DA:919,0
DA:924,2
DA:925,4
DA:926,4
DA:927,4
DA:928,4
DA:930,4
DA:932,4
DA:934,4
DA:935,4
DA:936,4
DA:938,4
DA:939,4
DA:947,4
DA:949,1
DA:950,1
DA:951,1
DA:952,1
DA:957,1
DA:961,4
DA:962,1
DA:967,1
DA:969,1
DA:977,1
DA:978,1
DA:985,1
DA:991,1
DA:992,1
DA:993,1
DA:994,1
DA:995,1
DA:1000,1
DA:1001,1
DA:1002,1
DA:1003,1
DA:1005,1
DA:1012,1
DA:1017,1
DA:1025,4
DA:1026,4
DA:1029,4
DA:1030,0
DA:1034,4
DA:1036,4
DA:1038,0
DA:1039,0
DA:1042,0
DA:1043,0
DA:1050,2
DA:1051,3
DA:1052,3
DA:1054,3
DA:1055,3
DA:1057,3
DA:1058,3
DA:1060,3
DA:1062,2
DA:1070,2
DA:1071,2
DA:1072,2
DA:1073,2
DA:1079,2
DA:1080,2
DA:1081,2
DA:1083,1
DA:1084,1
DA:1087,0
DA:1088,0
DA:1091,0
DA:1092,0
DA:1097,2
DA:1098,4
DA:1099,4
DA:1101,4
DA:1102,4
DA:1104,4
DA:1105,4
DA:1107,4
DA:1109,3
DA:1116,3
DA:1120,3
DA:1121,2
DA:1129,2
DA:1130,2
DA:1136,2
DA:1141,2
DA:1142,2
DA:1143,2
DA:1144,2
DA:1145,2
DA:1150,2
DA:1151,2
DA:1152,1
DA:1153,1
DA:1155,1
DA:1161,2
DA:1166,2
DA:1173,3
DA:1174,3
DA:1176,1
DA:1177,1
DA:1180,0
DA:1181,0
DA:1184,0
DA:1185,0
DA:1192,2
DA:1193,8
DA:1195,8
DA:1197,8
DA:1200,8
DA:1201,8
DA:1204,8
DA:1209,8
DA:1210,1
DA:1214,7
DA:1215,7
DA:1216,10
DA:1217,10
DA:1219,8
DA:1220,8
DA:1222,10
DA:1225,7
DA:1226,7
DA:1229,7
DA:1230,7
DA:1231,10
DA:1232,10
DA:1233,10
DA:1236,7
DA:1239,7
DA:1240,1
DA:1241,1
DA:1243,1
DA:1244,1
DA:1246,1
DA:1247,1
DA:1250,1
DA:1259,1
DA:1260,1
DA:1261,1
DA:1262,1
DA:1265,0
DA:1270,7
DA:1271,1
DA:1272,1
DA:1275,7
DA:1276,1
DA:1277,1
DA:1280,7
DA:1281,0
DA:1282,0
DA:1285,7
DA:1287,7
DA:1290,7
DA:1295,7
DA:1296,7
DA:1297,0
DA:1303,7
DA:1305,59
DA:1306,7
DA:1309,59
DA:1310,7
DA:1313,7
DA:1315,59
DA:1318,59
DA:1319,59
DA:1320,59
DA:1321,59
DA:1322,59
DA:1323,59
DA:1324,59
DA:1326,0
DA:1327,0
DA:1328,0
DA:1329,0
DA:1330,0
DA:1334,59
DA:1338,7
DA:1340,0
DA:1341,0
DA:1346,2
DA:1347,2
DA:1351,18
DA:1353,18
DA:1354,18
DA:1355,15
DA:1357,3
DA:1359,3
DA:1360,3
DA:1363,3
DA:1368,3
DA:1369,1
DA:1372,1
DA:1373,1
DA:1374,0
DA:1378,1
DA:1379,1
DA:1380,1
DA:1383,1
DA:1386,2
DA:1387,2
DA:1388,2
DA:1389,2
DA:1391,2
DA:1392,0
DA:1393,0
DA:1397,2
DA:1398,2
DA:1399,0
DA:1400,0
DA:1403,2
DA:1408,2
DA:1409,2
DA:1410,2
DA:1414,0
DA:1415,0
DA:1422,0
DA:1426,0
DA:1427,0
DA:1429,0
DA:1430,0
DA:1433,0
DA:1434,0
DA:1438,0
DA:1463,0
DA:1464,0
DA:1465,0
DA:1466,0
DA:1474,0
DA:1485,0
DA:1486,0
DA:1488,0
DA:1489,0
DA:1492,0
DA:1493,0
DA:1495,0
DA:1498,0
DA:1501,0
DA:1504,0
DA:1519,0
DA:1523,0
DA:1546,0
DA:1550,0
DA:1553,0
DA:1555,0
DA:1559,1
DA:1561,1
DA:1562,1
DA:1564,1
DA:1565,0
DA:1575,0
DA:1580,2
DA:1581,2
DA:1583,2
DA:1586,2
DA:1587,2
DA:1590,2
DA:1594,2
DA:1596,0
DA:1597,0
DA:1604,25
DA:1607,25
DA:1608,0
DA:1612,25
DA:1613,0
DA:1617,25
DA:1624,25
DA:1625,25
DA:1627,0
DA:1630,25
DA:1632,0
DA:1633,25
DA:1635,25
DA:1638,0
DA:1639,0
DA:1642,0
DA:1643,0
DA:1646,0
DA:1651,2
DA:1652,8
DA:1654,8
DA:1656,8
DA:1658,8
DA:1661,8
DA:1662,8
DA:1665,8
DA:1670,8
DA:1671,1
DA:1675,7
DA:1676,7
DA:1677,7
DA:1678,7
DA:1679,7
DA:1680,7
DA:1682,7
DA:1685,7
DA:1686,7
DA:1689,7
DA:1690,7
DA:1691,7
DA:1692,7
DA:1693,7
DA:1696,7
DA:1699,7
DA:1700,1
DA:1701,1
DA:1703,1
DA:1704,1
DA:1705,1
DA:1706,1
DA:1710,1
DA:1711,1
DA:1712,1
DA:1713,1
DA:1716,0
DA:1721,7
DA:1722,1
DA:1723,1
DA:1726,7
DA:1727,1
DA:1728,1
DA:1731,7
DA:1732,0
DA:1733,0
DA:1736,7
DA:1738,7
DA:1741,7
DA:1742,36
DA:1749,7
DA:1750,7
DA:1753,7
DA:1776,133
DA:1779,7
DA:1780,7
DA:1781,7
DA:1786,7
DA:1787,7
DA:1790,7
DA:1791,133
DA:1792,126
DA:1793,119
DA:1794,112
DA:1795,105
DA:1796,98
DA:1797,91
DA:1798,84
DA:1799,77
DA:1800,70
DA:1801,63
DA:1802,56
DA:1803,49
DA:1804,42
DA:1805,35
DA:1806,28
DA:1807,21
DA:1808,14
DA:1809,7
DA:1813,7
DA:1822,7
DA:1823,7
DA:1825,7
DA:1826,36
DA:1828,36
DA:1829,6
DA:1831,6
DA:1832,6
DA:1833,6
DA:1834,6
DA:1835,6
DA:1836,6
DA:1837,6
DA:1838,0
DA:1840,6
DA:1843,6
DA:1846,0
DA:1851,6
DA:1852,6
DA:1853,6
DA:1854,6
DA:1855,0
DA:1860,6
DA:1865,6
DA:1868,6
DA:1891,6
DA:1892,6
DA:1895,6
DA:1896,6
DA:1897,6
DA:1898,6
DA:1899,6
DA:1902,6
DA:1903,0
DA:1904,0
DA:1905,0
DA:1909,6
DA:1911,6
DA:1916,0
DA:1918,0
DA:1925,0
DA:1926,0
DA:1934,6
DA:1938,30
DA:1941,30
DA:1943,30
DA:1965,30
DA:1966,30
DA:1969,30
DA:1970,30
DA:1971,30
DA:1974,30
DA:1975,0
DA:1976,0
DA:1977,0
DA:1981,30
DA:1983,30
DA:1988,0
DA:1990,0
DA:1997,0
DA:1998,0
DA:2006,30
DA:2010,36
DA:2011,36
DA:2012,36
DA:2021,7
DA:2023,7
DA:2024,36
DA:2026,0
DA:2027,0
DA:2029,0
DA:2030,0
DA:2036,7
DA:2041,7
DA:2044,7
DA:2045,7
DA:2048,7
DA:2049,7
DA:2051,0
DA:2052,0
DA:2057,2
DA:2058,5
DA:2060,5
DA:2065,5
DA:2066,4
DA:2071,5
DA:2072,2
DA:2089,3
DA:2090,3
DA:2092,1
DA:2093,1
DA:2096,3
DA:2105,3
DA:2110,3
DA:2116,3
DA:2130,3
DA:2141,3
DA:2142,3
DA:2143,3
DA:2144,3
DA:2146,3
DA:2156,3
DA:2157,3
DA:2162,3
DA:2165,3
DA:2167,2
DA:2173,2
DA:2174,2
DA:2175,1
DA:2176,1
DA:2177,1
DA:2178,1
DA:2184,2
DA:2190,2
DA:2192,2
DA:2200,3
DA:2202,0
DA:2203,0
DA:2209,15
DA:2211,15
DA:2212,15
DA:2213,0
DA:2216,15
DA:2217,15
DA:2218,0
DA:2219,0
DA:2223,15
DA:2229,15
DA:2230,16
DA:2237,15
DA:2238,15
DA:2241,15
DA:2264,285
DA:2267,15
DA:2268,15
DA:2269,15
DA:2274,15
DA:2275,15
DA:2278,15
DA:2279,285
DA:2280,270
DA:2281,255
DA:2282,240
DA:2283,225
DA:2284,210
DA:2285,195
DA:2286,180
DA:2287,165
DA:2288,150
DA:2289,135
DA:2290,120
DA:2291,105
DA:2292,90
DA:2293,75
DA:2294,60
DA:2295,45
DA:2296,30
DA:2297,15
DA:2301,15
DA:2310,15
DA:2311,15
DA:2313,15
DA:2314,16
DA:2316,16
DA:2317,0
DA:2319,0
DA:2320,0
DA:2321,0
DA:2322,0
DA:2323,0
DA:2324,0
DA:2325,0
DA:2326,0
DA:2328,0
DA:2331,0
DA:2334,0
DA:2339,0
DA:2340,0
DA:2341,0
DA:2342,0
DA:2343,0
DA:2348,0
DA:2353,0
DA:2356,0
DA:2379,0
DA:2380,0
DA:2383,0
DA:2384,0
DA:2385,0
DA:2386,0
DA:2387,0
DA:2390,0
DA:2391,0
DA:2392,0
DA:2393,0
DA:2397,0
DA:2398,0
DA:2403,0
DA:2404,0
DA:2410,0
DA:2411,0
DA:2419,0
DA:2423,16
DA:2426,16
DA:2428,16
DA:2450,16
DA:2451,16
DA:2453,16
DA:2454,16
DA:2455,16
DA:2457,16
DA:2458,0
DA:2459,0
DA:2460,0
DA:2463,16
DA:2464,0
DA:2469,16
DA:2470,3
DA:2476,13
DA:2477,10
DA:2485,16
DA:2489,16
DA:2490,16
DA:2491,16
DA:2499,15
DA:2501,15
DA:2502,16
DA:2504,0
DA:2505,0
DA:2507,0
DA:2508,0
DA:2514,15
DA:2519,15
DA:2520,15
DA:2521,0
DA:2525,15
DA:2526,15
DA:2529,15
DA:2531,14
DA:2533,0
DA:2534,0
DA:2539,2
DA:2540,17
DA:2541,17
DA:2542,17
DA:2543,17
DA:2545,17
DA:2547,17
DA:2549,17
DA:2550,17
DA:2551,1
DA:2554,16
DA:2555,1
DA:2559,15
DA:2566,15
DA:2572,15
DA:2573,15
DA:2574,12
DA:2575,11
DA:2576,11
DA:2581,15
DA:2582,15
DA:2583,13
DA:2584,13
DA:2587,13
DA:2588,13
DA:2592,13
DA:2595,0
DA:2603,15
DA:2610,15
DA:2616,15
DA:2617,15
DA:2620,15
DA:2621,15
DA:2622,15
DA:2623,14
DA:2626,14
DA:2627,14
DA:2628,2
DA:2630,12
DA:2633,0
DA:2637,15
DA:2645,0
DA:2646,0
DA:2649,0
DA:2650,0
DA:2655,2
DA:2656,0
DA:2657,0
DA:2658,0
DA:2660,0
DA:2661,0
DA:2666,2
DA:2667,2
DA:2668,2
DA:2669,2
DA:2671,2
DA:2672,2
DA:2673,1
DA:2676,1
DA:2681,1
DA:2683,1
DA:2685,0
DA:2686,0
DA:2693,2
DA:2694,1
DA:2695,1
DA:2703,1
DA:2705,0
DA:2706,0
DA:2715,34
DA:2716,0
DA:2722,34
DA:2723,8
DA:2729,26
DA:2733,2
DA:2734,3
DA:2735,3
DA:2738,3
DA:2740,0
DA:2741,0
DA:2746,2
DA:2753,4
DA:2754,4
DA:2757,4
DA:2763,4
DA:2764,4
DA:2765,1
DA:2768,3
DA:2771,3
DA:2772,3
DA:2774,3
DA:2781,3
DA:2787,3
DA:2788,3
DA:2791,3
DA:2797,3
DA:2799,3
DA:2801,0
DA:2802,0
DA:2807,2
DA:2808,2
DA:2809,2
DA:2810,2
DA:2813,2
DA:2819,2
DA:2820,2
DA:2823,2
DA:2824,2
DA:2825,2
DA:2827,2
DA:2828,1
DA:2829,1
DA:2831,2
DA:2832,0
DA:2833,0
DA:2835,2
DA:2836,0
DA:2837,0
DA:2839,2
DA:2840,0
DA:2841,0
DA:2844,2
DA:2845,0
DA:2848,2
DA:2849,2
DA:2852,2
DA:2858,2
DA:2864,2
DA:2865,2
DA:2868,2
DA:2875,2
DA:2877,2
DA:2879,0
DA:2880,0
DA:2885,2
DA:2886,3
DA:2887,3
DA:2890,3
DA:2891,1
DA:2898,2
DA:2899,2
DA:2900,1
DA:2906,1
DA:2908,1
DA:2910,1
DA:2912,0
DA:2913,0
DA:2920,2
DA:2921,2
DA:2934,2
DA:2935,2
DA:2937,2
DA:2943,2
DA:2946,2
DA:2948,0
DA:2949,0
DA:2950,2
DA:2952,0
DA:2953,0
DA:2954,2
DA:2956,0
DA:2957,0
DA:2958,2
DA:2960,2
DA:2961,2
DA:2962,2
DA:2963,2
DA:2968,2
DA:2969,0
DA:2970,0
DA:2974,2
DA:2975,0
DA:2976,0
DA:2980,2
DA:2981,0
DA:2982,0
DA:2986,2
DA:2987,0
DA:2988,0
DA:2992,2
DA:2993,0
DA:2994,0
DA:2995,0
DA:2997,0
DA:2998,0
DA:3003,2
DA:3004,0
DA:3005,0
DA:3008,2
DA:3009,2
DA:3011,2
DA:3014,2
DA:3020,2
DA:3023,2
DA:3024,0
DA:3025,0
DA:3026,2
DA:3027,0
DA:3028,0
DA:3029,2
DA:3030,0
DA:3031,0
DA:3032,2
DA:3033,2
DA:3034,2
DA:3035,2
DA:3036,2
DA:3039,2
DA:3040,0
DA:3041,0
DA:3043,2
DA:3044,0
DA:3045,0
DA:3047,2
DA:3048,0
DA:3049,0
DA:3051,2
DA:3052,0
DA:3053,0
DA:3055,2
DA:3056,0
DA:3057,0
DA:3058,0
DA:3060,0
DA:3061,0
DA:3066,2
DA:3067,0
DA:3068,0
DA:3071,2
DA:3073,2
DA:3084,0
DA:3085,0
DA:3090,2
DA:3091,1
DA:3093,1
DA:3101,1
DA:3109,1
DA:3117,1
DA:3120,2
DA:3121,2
DA:3122,1
DA:3126,0
DA:3127,0
DA:3135,2
DA:3136,1
DA:3138,1
DA:3143,1
DA:3145,11
DA:3146,11
DA:3147,11
DA:3152,0
DA:3160,1
DA:3162,0
DA:3163,0
DA:3168,2
DA:3169,2
DA:3170,2
DA:3173,2
DA:3174,1
DA:3177,1
DA:3179,1
DA:3181,0
DA:3182,0
DA:3187,2
DA:3188,2
DA:3189,2
DA:3190,2
DA:3193,2
DA:3194,1
DA:3197,1
DA:3202,1
DA:3204,0
DA:3205,0
DA:3210,2
DA:3211,2
DA:3212,2
DA:3213,2
DA:3216,2
DA:3217,1
DA:3221,1
DA:3222,1
DA:3224,1
DA:3225,0
DA:3228,1
DA:3230,1
DA:3232,1
DA:3233,0
DA:3234,0
DA:3239,1
DA:3240,1
DA:3241,1
DA:3242,1
DA:3244,2
DA:3245,1
DA:3246,1
DA:3248,1
DA:3256,1
DA:3257,0
DA:3258,0
DA:3259,0
DA:3260,0
DA:3262,0
DA:3263,0
DA:3264,0
DA:3266,0
DA:3273,1
DA:3275,1
DA:3281,1
DA:3283,0
DA:3284,0
DA:3287,0
DA:3288,0
DA:3297,0
DA:3298,0
DA:3303,0
DA:3304,0
DA:3305,0
DA:3309,2
DA:3310,0
DA:3311,0
DA:3312,0
DA:3313,0
DA:3316,0
DA:3317,0
DA:3321,0
DA:3322,0
DA:3326,0
DA:3327,0
DA:3328,0
DA:3332,0
DA:3333,0
DA:3334,0
DA:3335,0
DA:3337,0
DA:3348,0
DA:3349,0
DA:3350,0
DA:3352,0
DA:3355,0
DA:3361,0
DA:3362,0
DA:3367,2
DA:3368,0
DA:3369,0
DA:3370,0
DA:3371,0
DA:3374,0
DA:3375,0
DA:3378,0
DA:3379,0
DA:3383,0
DA:3384,0
DA:3388,0
DA:3389,0
DA:3390,0
DA:3394,0
DA:3395,0
DA:3396,0
DA:3400,0
DA:3403,0
DA:3404,0
DA:3405,0
DA:3407,0
DA:3417,0
DA:3418,0
DA:3423,2
DA:3424,0
DA:3425,0
DA:3426,0
DA:3427,0
DA:3430,0
DA:3431,0
DA:3434,0
DA:3435,0
DA:3439,0
DA:3440,0
DA:3441,0
DA:3445,0
DA:3447,0
DA:3452,0
DA:3454,0
DA:3455,0
DA:3460,2
DA:3461,0
DA:3462,0
DA:3463,0
DA:3464,0
DA:3467,0
DA:3468,0
DA:3471,0
DA:3472,0
DA:3476,0
DA:3477,0
DA:3481,0
DA:3482,0
DA:3483,0
DA:3484,0
DA:3488,0
DA:3489,0
DA:3490,0
DA:3492,0
DA:3495,0
DA:3501,0
DA:3503,0
DA:3504,0
DA:3509,2
DA:3510,0
DA:3511,0
DA:3512,0
DA:3513,0
DA:3516,0
DA:3517,0
DA:3520,0
DA:3521,0
DA:3525,0
DA:3526,0
DA:3529,0
DA:3531,0
DA:3536,0
DA:3538,0
DA:3539,0
DA:3544,2
DA:3546,2
DA:3547,0
DA:3549,2
DA:3554,2
DA:3555,0
DA:3556,0
DA:3557,0
DA:3558,0
DA:3561,0
DA:3562,0
DA:3565,0
DA:3567,0
DA:3568,0
DA:3570,0
DA:3574,0
DA:3575,0
DA:3576,0
DA:3580,0
DA:3582,0
DA:3588,0
DA:3591,0
DA:3592,0
DA:3594,0
DA:3595,0
DA:3601,0
DA:3602,0
DA:3621,0
DA:3625,2
DA:3626,0
DA:3627,0
DA:3628,0
DA:3629,0
DA:3632,0
DA:3633,0
DA:3636,0
DA:3637,0
DA:3641,0
DA:3642,0
DA:3646,0
DA:3647,0
DA:3648,0
DA:3652,0
DA:3653,0
DA:3657,0
DA:3658,0
DA:3659,0
DA:3663,0
DA:3664,0
DA:3666,0
DA:3667,0
DA:3672,2
DA:3673,8
DA:3674,8
DA:3676,8
DA:3677,1
DA:3681,7
DA:3682,7
DA:3683,7
DA:3685,7
DA:3686,5
DA:3693,2
DA:3694,2
DA:3695,7
DA:3696,1
DA:3703,1
DA:3705,1
DA:3706,1
DA:3707,1
DA:3708,1
DA:3711,0
DA:3712,0
DA:3713,0
DA:3716,0
DA:3717,0
DA:3720,0
DA:3721,0
DA:3729,2
DA:3730,0
DA:3731,0
DA:3732,0
DA:3734,0
DA:3735,0
DA:3742,0
DA:3750,0
DA:3756,0
DA:3757,0
DA:3770,2
DA:3771,0
DA:3772,0
DA:3773,0
DA:3774,0
DA:3775,0
DA:3779,0
DA:3782,0
DA:3785,0
DA:3786,0
DA:3787,0
DA:3788,0
DA:3791,0
DA:3792,0
DA:3799,0
DA:3805,0
DA:3807,0
DA:3811,0
DA:3812,0
DA:3814,0
DA:3817,0
DA:3818,0
DA:3820,0
DA:3823,0
DA:3824,0
DA:3826,0
DA:3829,0
DA:3832,0
DA:3835,0
DA:3836,0
DA:3838,0
DA:3841,0
DA:3846,0
DA:3849,0
DA:3852,0
DA:3865,0
DA:3866,0
DA:3871,0
DA:3872,0
DA:3873,0
DA:3876,0
DA:3877,0
DA:3879,0
DA:3880,0
DA:3881,0
DA:3882,0
DA:3884,0
DA:3893,0
DA:3902,0
DA:3905,0
DA:3906,0
DA:3907,0
DA:3911,0
DA:3914,0
DA:3917,0
DA:3920,0
DA:3921,0
DA:3924,0
DA:3925,0
DA:3926,0
DA:3930,0
DA:3933,0
DA:3934,0
DA:3945,2
DA:3949,0
DA:3950,0
DA:3952,0
DA:3957,2
DA:3958,0
DA:3960,0
DA:3961,0
DA:3962,0
DA:3969,0
DA:3971,0
DA:3972,0
DA:3973,0
DA:3976,0
DA:3977,0
DA:3978,0
DA:3979,0
DA:3980,0
DA:3984,0
DA:3985,0
DA:3992,0
DA:3995,0
DA:3996,0
DA:3999,0
DA:4018,0
DA:4019,0
DA:4029,0
DA:4030,0
DA:4032,0
DA:4033,0
DA:4036,0
DA:4039,0
DA:4041,0
DA:4043,0
DA:4049,0
DA:4051,0
DA:4060,0
DA:4063,0
DA:4064,0
DA:4067,0
DA:4069,0
DA:4071,0
DA:4075,0
DA:4078,0
DA:4083,0
DA:4084,0
DA:4085,0
DA:4086,0
DA:4088,0
DA:4093,0
DA:4094,0
DA:4099,0
DA:4103,0
DA:4104,0
DA:4105,0
DA:4108,0
DA:4110,0
DA:4111,0
DA:4124,0
DA:4127,0
DA:4128,0
DA:4129,0
DA:4130,0
DA:4132,0
DA:4137,0
DA:4142,0
DA:4143,0
DA:4144,0
DA:4145,0
DA:4146,0
DA:4150,0
DA:4152,0
DA:4153,0
DA:4154,0
DA:4157,0
DA:4159,0
DA:4160,0
DA:4165,0
DA:4172,0
DA:4173,0
DA:4175,0
DA:4176,0
DA:4178,0
DA:4182,0
DA:4183,0
DA:4184,0
DA:4185,0
DA:4187,0
DA:4191,0
DA:4192,0
DA:4194,0
DA:4196,0
DA:4197,0
DA:4199,0
DA:4202,0
DA:4206,0
DA:4207,0
DA:4208,0
DA:4209,0
DA:4211,0
DA:4216,0
DA:4217,0
DA:4226,0
DA:4228,0
DA:4249,0
DA:4270,0
DA:4273,0
DA:4274,0
DA:4278,0
DA:4279,0
DA:4282,0
DA:4283,0
DA:4284,0
DA:4285,0
DA:4287,0
DA:4296,0
DA:4308,0
DA:4311,0
DA:4312,0
DA:4317,0
DA:4320,0
DA:4323,0
DA:4324,0
DA:4329,0
DA:4335,0
DA:4336,0
DA:4345,2
DA:4346,0
DA:4347,0
DA:4349,0
DA:4350,0
DA:4356,0
DA:4357,0
DA:4359,0
DA:4360,0
DA:4366,0
DA:4368,0
DA:4369,0
DA:4380,2
DA:4381,0
DA:4382,0
DA:4384,0
DA:4386,0
DA:4395,0
DA:4396,0
DA:4407,2
DA:4408,0
DA:4409,0
DA:4412,0
DA:4413,0
DA:4419,0
DA:4420,0
DA:4426,0
DA:4427,0
DA:4429,0
DA:4430,0
DA:4436,0
DA:4438,0
DA:4439,0
DA:4450,2
DA:4451,0
DA:4452,0
DA:4455,0
DA:4458,0
DA:4464,0
DA:4465,0
DA:4470,0
DA:4472,0
DA:4473,0
DA:4474,0
DA:4479,0
DA:4485,0
DA:4486,0
DA:4497,2
DA:4498,0
DA:4499,0
DA:4502,0
DA:4505,0
DA:4511,0
DA:4513,0
DA:4514,0
DA:4519,0
DA:4525,0
DA:4526,0
DA:4537,2
DA:4540,0
DA:4541,0
DA:4542,0
DA:4544,0
DA:4548,0
DA:4549,0
DA:4551,0
DA:4554,0
DA:4555,0
DA:4556,0
DA:4557,0
DA:4558,0
DA:4565,0
DA:4566,0
DA:4568,0
DA:4573,2
DA:4574,0
DA:4575,0
DA:4576,0
DA:4582,0
DA:4583,0
DA:4584,0
DA:4585,0
DA:4588,0
DA:4589,0
DA:4592,0
DA:4593,0
DA:4595,0
DA:4597,0
DA:4598,0
DA:4603,0
DA:4606,0
DA:4607,0
DA:4609,0
DA:4611,0
DA:4612,0
DA:4620,0
DA:4621,0
DA:4623,0
DA:4629,0
DA:4630,0
DA:4637,0
DA:4639,0
DA:4646,0
DA:4649,0
DA:4650,0
DA:4653,0
DA:4664,2
DA:4665,0
DA:4666,0
DA:4668,0
DA:4674,0
DA:4679,0
DA:4680,0
DA:4691,2
DA:4692,0
DA:4693,0
DA:4695,0
DA:4702,0
DA:4708,0
DA:4709,0
DA:4714,0
DA:4721,0
DA:4727,0
DA:4728,0
DA:4741,2
DA:4742,0
DA:4743,0
DA:4744,0
DA:4746,0
DA:4752,0
DA:4753,0
DA:4764,2
DA:4765,0
DA:4766,0
DA:4768,0
DA:4769,0
DA:4776,0
DA:4777,0
DA:4779,0
DA:4785,0
DA:4791,0
DA:4797,0
DA:4803,0
DA:4804,0
DA:4815,2
DA:4816,0
DA:4817,0
DA:4818,0
DA:4821,0
DA:4822,0
DA:4823,0
DA:4830,0
DA:4831,0
DA:4832,0
DA:4834,0
DA:4841,0
DA:4855,0
DA:4861,0
DA:4866,0
DA:4867,0
DA:4878,2
DA:4879,0
DA:4880,0
DA:4882,0
DA:4883,0
DA:4884,0
DA:4890,0
DA:4892,0
DA:4896,0
DA:4901,0
DA:4902,0
DA:4913,2
DA:4914,0
DA:4915,0
DA:4917,0
DA:4918,0
DA:4919,0
DA:4926,0
DA:4928,0
DA:4931,0
DA:4934,0
DA:4939,0
DA:4944,0
DA:4945,0
DA:4956,2
DA:4957,0
DA:4958,0
DA:4959,0
DA:4961,0
DA:4970,0
DA:4978,0
DA:4979,0
DA:4990,2
DA:4991,0
DA:4992,0
DA:4994,0
DA:4995,0
DA:5002,0
DA:5004,0
DA:5006,0
DA:5013,0
DA:5020,0
DA:5024,0
DA:5029,0
DA:5030,0
DA:5041,2
DA:5042,0
DA:5043,0
DA:5045,0
DA:5046,0
DA:5048,0
DA:5049,0
DA:5050,0
DA:5053,0
DA:5054,0
DA:5056,0
DA:5058,0
DA:5063,0
DA:5064,0
DA:5075,2
DA:5076,0
DA:5077,0
DA:5081,0
DA:5083,0
DA:5089,0
DA:5090,0
DA:5101,2
DA:5102,0
DA:5103,0
DA:5105,0
DA:5106,0
DA:5107,0
DA:5113,0
DA:5114,0
DA:5121,0
DA:5122,0
DA:5124,0
DA:5125,0
DA:5132,0
DA:5133,0
DA:5134,0
DA:5137,0
DA:5139,0
DA:5140,0
DA:5147,0
DA:5152,0
DA:5157,0
DA:5164,0
DA:5170,0
DA:5171,0
DA:5180,2
DA:5183,2
DA:5194,0
DA:5195,0
DA:5196,0
DA:5197,0
DA:5198,0
DA:5199,0
DA:5204,0
DA:5205,0
DA:5206,0
DA:5207,0
DA:5208,0
DA:5210,0
DA:5213,0
DA:5214,0
DA:5219,2
DA:5220,0
DA:5221,0
DA:5222,0
DA:5225,0
DA:5253,0
DA:5254,0
DA:5255,0
DA:5256,0
DA:5257,0
DA:5258,0
DA:5267,0
DA:5269,0
DA:5270,0
DA:5275,2
DA:5276,0
DA:5277,0
DA:5278,0
DA:5281,0
DA:5282,0
DA:5283,0
DA:5287,0
DA:5290,0
DA:5293,0
DA:5294,0
DA:5300,0
DA:5313,0
DA:5314,0
DA:5324,0
DA:5325,0
DA:5326,0
DA:5330,0
DA:5331,0
DA:5332,0
DA:5333,0
DA:5334,0
DA:5342,0
DA:5344,0
DA:5346,0
DA:5347,0
DA:5349,0
DA:5351,0
DA:5353,0
DA:5362,0
DA:5372,0
DA:5374,0
DA:5375,0
DA:5378,0
DA:5379,0
DA:5380,0
DA:5381,0
DA:5383,0
DA:5384,0
DA:5385,0
DA:5390,0
DA:5391,0
DA:5392,0
DA:5394,0
DA:5395,0
DA:5397,0
DA:5398,0
DA:5399,0
DA:5400,0
DA:5403,0
DA:5409,0
DA:5410,0
DA:5419,0
DA:5420,0
DA:5423,0
DA:5424,0
DA:5426,0
DA:5427,0
DA:5428,0
DA:5432,0
DA:5433,0
DA:5443,0
DA:5444,0
DA:5446,0
DA:5447,0
DA:5448,0
DA:5452,0
DA:5453,0
DA:5459,0
DA:5460,0
DA:5461,0
DA:5462,0
DA:5463,0
DA:5465,0
DA:5475,0
DA:5476,0
DA:5477,0
DA:5478,0
DA:5480,0
DA:5493,0
DA:5494,0
DA:5496,0
DA:5498,0
DA:5502,0
DA:5503,0
DA:5510,0
DA:5514,0
DA:5515,0
DA:5516,0
DA:5519,0
DA:5520,0
DA:5521,0
DA:5522,0
DA:5523,0
DA:5527,0
DA:5528,0
DA:5532,0
DA:5533,0
DA:5534,0
DA:5537,0
DA:5538,0
DA:5540,0
DA:5541,0
DA:5542,0
DA:5543,0
DA:5544,0
DA:5545,0
DA:5546,0
DA:5547,0
DA:5551,0
DA:5556,0
DA:5558,0
DA:5559,0
DA:5561,0
DA:5569,0
DA:5570,0
DA:5579,0
DA:5580,0
DA:5583,0
DA:5585,0
DA:5586,0
DA:5587,0
DA:5591,0
DA:5599,0
DA:5600,0
DA:5601,0
DA:5602,0
DA:5603,0
DA:5605,0
DA:5606,0
DA:5607,0
DA:5613,0
DA:5614,0
DA:5625,0
DA:5626,0
DA:5629,0
DA:5630,0
DA:5631,0
DA:5634,0
DA:5637,0
DA:5643,0
DA:5644,0
DA:5647,0
DA:5648,0
DA:5649,0
DA:5652,0
DA:5653,0
DA:5655,0
DA:5656,0
DA:5661,0
DA:5662,0
DA:5663,0
DA:5664,0
DA:5665,0
DA:5666,0
DA:5667,0
DA:5670,0
DA:5672,0
DA:5673,0
DA:5674,0
DA:5675,0
DA:5676,0
DA:5677,0
DA:5686,2
DA:5687,0
DA:5688,0
DA:5696,0
DA:5697,0
DA:5702,2
DA:5703,0
DA:5704,0
DA:5705,0
DA:5706,0
DA:5707,0
DA:5708,0
DA:5710,0
DA:5713,0
DA:5714,0
DA:5719,2
DA:5720,0
DA:5721,0
DA:5723,0
DA:5725,0
DA:5772,0
DA:5773,0
DA:5776,0
DA:5777,0
DA:5778,0
DA:5779,0
DA:5780,0
DA:5781,0
DA:5783,0
DA:5784,0
DA:5821,2
LF:2198
LH:996
BRDA:10,0,0,0
BRDA:10,0,1,2
BRDA:57,1,0,0
BRDA:57,1,1,0
BRDA:73,2,0,0
BRDA:73,2,1,0
BRDA:83,3,0,0
BRDA:83,3,1,0
BRDA:93,4,0,0
BRDA:93,4,1,0
BRDA:93,4,2,0
BRDA:117,5,0,0
BRDA:117,5,1,0
BRDA:120,6,0,0
BRDA:120,6,1,0
BRDA:130,7,0,0
BRDA:130,7,1,0
BRDA:162,8,0,0
BRDA:162,8,1,0
BRDA:176,9,0,0
BRDA:176,9,1,0
BRDA:176,10,0,0
BRDA:176,10,1,0
BRDA:195,11,0,0
BRDA:195,11,1,2
BRDA:213,12,0,2
BRDA:213,12,1,1
BRDA:213,13,0,3
BRDA:213,13,1,2
BRDA:235,14,0,0
BRDA:235,14,1,0
BRDA:235,15,0,0
BRDA:235,15,1,0
BRDA:235,15,2,0
BRDA:291,16,0,1
BRDA:291,16,1,0
BRDA:291,17,0,1
BRDA:291,17,1,1
BRDA:291,18,0,1
BRDA:291,18,1,0
BRDA:314,19,0,1
BRDA:314,19,1,0
BRDA:314,20,0,1
BRDA:314,20,1,1
BRDA:314,21,0,1
BRDA:314,21,1,1
BRDA:340,22,0,1
BRDA:340,22,1,2
BRDA:374,23,0,2
BRDA:374,23,1,4
BRDA:379,24,0,1
BRDA:379,24,1,5
BRDA:400,25,0,1
BRDA:400,25,1,2
BRDA:405,26,0,1
BRDA:405,26,1,2
BRDA:409,27,0,1
BRDA:409,27,1,2
BRDA:409,28,0,3
BRDA:409,28,1,1
BRDA:409,28,2,1
BRDA:412,29,0,1
BRDA:412,29,1,0
BRDA:414,30,0,1
BRDA:414,30,1,0
BRDA:414,31,0,1
BRDA:414,31,1,1
BRDA:427,32,0,1
BRDA:427,32,1,2
BRDA:429,33,0,1
BRDA:429,33,1,0
BRDA:429,34,0,1
BRDA:429,34,1,1
BRDA:429,34,2,1
BRDA:431,35,0,1
BRDA:431,35,1,0
BRDA:432,36,0,1
BRDA:432,36,1,0
BRDA:438,37,0,0
BRDA:438,37,1,0
BRDA:445,38,0,1
BRDA:445,38,1,2
BRDA:448,39,0,1
BRDA:448,39,1,0
BRDA:448,40,0,1
BRDA:448,40,1,1
BRDA:450,41,0,1
BRDA:450,41,1,0
BRDA:451,42,0,1
BRDA:451,42,1,0
BRDA:460,43,0,0
BRDA:460,43,1,0
BRDA:460,44,0,0
BRDA:460,44,1,0
BRDA:467,45,0,1
BRDA:467,45,1,2
BRDA:469,46,0,1
BRDA:469,46,1,0
BRDA:469,47,0,1
BRDA:469,47,1,1
BRDA:469,47,2,1
BRDA:471,48,0,1
BRDA:471,48,1,0
BRDA:472,49,0,1
BRDA:472,49,1,0
BRDA:479,50,0,0
BRDA:479,50,1,0
BRDA:487,51,0,3
BRDA:487,51,1,0
BRDA:487,52,0,3
BRDA:487,52,1,0
BRDA:487,53,0,3
BRDA:487,53,1,3
BRDA:487,54,0,3
BRDA:487,54,1,0
BRDA:510,55,0,0
BRDA:510,55,1,2
BRDA:515,56,0,1
BRDA:515,56,1,1
BRDA:520,57,0,1
BRDA:520,57,1,1
BRDA:524,58,0,2
BRDA:524,58,1,0
BRDA:527,59,0,1
BRDA:527,59,1,1
BRDA:531,60,0,1
BRDA:531,60,1,0
BRDA:531,61,0,1
BRDA:531,61,1,1
BRDA:531,61,2,1
BRDA:534,62,0,1
BRDA:534,62,1,0
BRDA:536,63,0,1
BRDA:536,63,1,0
BRDA:536,64,0,1
BRDA:536,64,1,1
BRDA:536,64,2,1
BRDA:540,65,0,0
BRDA:540,65,1,0
BRDA:544,66,0,0
BRDA:544,66,1,0
BRDA:546,67,0,0
BRDA:546,67,1,0
BRDA:546,68,0,0
BRDA:546,68,1,0
BRDA:553,69,0,2
BRDA:553,69,1,0
BRDA:554,70,0,0
BRDA:554,70,1,2
BRDA:556,71,0,0
BRDA:556,71,1,0
BRDA:556,72,0,0
BRDA:556,72,1,0
BRDA:556,72,2,0
BRDA:558,73,0,0
BRDA:558,73,1,0
BRDA:559,74,0,0
BRDA:559,74,1,0
BRDA:564,75,0,0
BRDA:564,75,1,0
BRDA:566,76,0,0
BRDA:566,76,1,0
BRDA:566,77,0,0
BRDA:566,77,1,0
BRDA:572,78,0,2
BRDA:572,78,1,0
BRDA:573,79,0,1
BRDA:573,79,1,1
BRDA:576,80,0,1
BRDA:576,80,1,0
BRDA:576,81,0,1
BRDA:576,81,1,1
BRDA:578,82,0,1
BRDA:578,82,1,0
BRDA:579,83,0,1
BRDA:579,83,1,0
BRDA:586,84,0,0
BRDA:586,84,1,0
BRDA:588,85,0,0
BRDA:588,85,1,0
BRDA:588,86,0,0
BRDA:588,86,1,0
BRDA:594,87,0,2
BRDA:594,87,1,0
BRDA:595,88,0,1
BRDA:595,88,1,1
BRDA:597,89,0,1
BRDA:597,89,1,0
BRDA:597,90,0,1
BRDA:597,90,1,1
BRDA:597,90,2,1
BRDA:599,91,0,1
BRDA:599,91,1,0
BRDA:600,92,0,1
BRDA:600,92,1,0
BRDA:605,93,0,0
BRDA:605,93,1,0
BRDA:607,94,0,0
BRDA:607,94,1,0
BRDA:607,95,0,0
BRDA:607,95,1,0
BRDA:621,96,0,2
BRDA:621,96,1,0
BRDA:622,97,0,2
BRDA:622,97,1,0
BRDA:622,98,0,2
BRDA:622,98,1,0
BRDA:623,99,0,2
BRDA:623,99,1,0
BRDA:624,100,0,2
BRDA:624,100,1,0
BRDA:624,101,0,2
BRDA:624,101,1,0
BRDA:625,102,0,2
BRDA:625,102,1,0
BRDA:626,103,0,2
BRDA:626,103,1,0
BRDA:626,104,0,2
BRDA:626,104,1,2
BRDA:627,105,0,2
BRDA:627,105,1,0
BRDA:627,106,0,2
BRDA:627,106,1,0
BRDA:628,107,0,2
BRDA:628,107,1,0
BRDA:629,108,0,2
BRDA:629,108,1,0
BRDA:630,109,0,2
BRDA:630,109,1,0
BRDA:631,110,0,2
BRDA:631,110,1,0
BRDA:632,111,0,2
BRDA:632,111,1,0
BRDA:665,112,0,0
BRDA:665,112,1,2
BRDA:679,113,0,0
BRDA:679,113,1,2
BRDA:680,114,0,0
BRDA:680,114,1,0
BRDA:684,115,0,0
BRDA:684,115,1,0
BRDA:722,116,0,1
BRDA:722,116,1,5
BRDA:722,117,0,6
BRDA:722,117,1,6
BRDA:726,118,0,1
BRDA:726,118,1,4
BRDA:726,119,0,5
BRDA:726,119,1,5
BRDA:738,120,0,0
BRDA:738,120,1,6
BRDA:746,121,0,0
BRDA:746,121,1,6
BRDA:748,122,0,0
BRDA:748,122,1,0
BRDA:751,123,0,3
BRDA:751,123,1,3
BRDA:756,124,0,3
BRDA:756,124,1,3
BRDA:762,125,0,3
BRDA:762,125,1,3
BRDA:762,126,0,6
BRDA:762,126,1,3
BRDA:764,127,0,1
BRDA:764,127,1,2
BRDA:766,128,0,1
BRDA:766,128,1,1
BRDA:768,129,0,1
BRDA:768,129,1,0
BRDA:776,130,0,0
BRDA:776,130,1,6
BRDA:777,131,0,0
BRDA:777,131,1,0
BRDA:785,132,0,0
BRDA:785,132,1,6
BRDA:786,133,0,0
BRDA:786,133,1,0
BRDA:794,134,0,0
BRDA:794,134,1,6
BRDA:795,135,0,0
BRDA:795,135,1,0
BRDA:803,136,0,0
BRDA:803,136,1,6
BRDA:804,137,0,0
BRDA:804,137,1,0
BRDA:811,138,0,6
BRDA:811,138,1,0
BRDA:871,139,0,0
BRDA:871,139,1,1
BRDA:885,140,0,2
BRDA:885,140,1,1
BRDA:885,141,0,2
BRDA:885,141,1,0
BRDA:936,142,0,4
BRDA:936,142,1,3
BRDA:947,143,0,1
BRDA:947,143,1,3
BRDA:947,144,0,4
BRDA:947,144,1,2
BRDA:961,145,0,1
BRDA:961,145,1,3
BRDA:961,146,0,4
BRDA:961,146,1,2
BRDA:967,147,0,1
BRDA:967,147,1,0
BRDA:993,148,0,1
BRDA:993,148,1,0
BRDA:1029,149,0,0
BRDA:1029,149,1,4
BRDA:1058,150,0,3
BRDA:1058,150,1,3
BRDA:1060,151,0,2
BRDA:1060,151,1,1
BRDA:1105,152,0,4
BRDA:1105,152,1,4
BRDA:1107,153,0,3
BRDA:1107,153,1,1
BRDA:1120,154,0,2
BRDA:1120,154,1,1
BRDA:1143,155,0,2
BRDA:1143,155,1,0
BRDA:1201,156,0,8
BRDA:1201,156,1,7
BRDA:1209,157,0,1
BRDA:1209,157,1,7
BRDA:1217,158,0,8
BRDA:1217,158,1,2
BRDA:1239,159,0,1
BRDA:1239,159,1,6
BRDA:1241,160,0,1
BRDA:1241,160,1,0
BRDA:1244,161,0,1
BRDA:1244,161,1,0
BRDA:1270,162,0,1
BRDA:1270,162,1,6
BRDA:1275,163,0,1
BRDA:1275,163,1,6
BRDA:1280,164,0,0
BRDA:1280,164,1,7
BRDA:1296,165,0,0
BRDA:1296,165,1,7
BRDA:1303,166,0,7
BRDA:1303,166,1,0
BRDA:1315,167,0,59
BRDA:1315,167,1,0
BRDA:1319,168,0,59
BRDA:1319,168,1,0
BRDA:1354,169,0,15
BRDA:1354,169,1,3
BRDA:1360,170,0,3
BRDA:1360,170,1,2
BRDA:1368,171,0,1
BRDA:1368,171,1,2
BRDA:1373,172,0,0
BRDA:1373,172,1,1
BRDA:1386,173,0,2
BRDA:1386,173,1,0
BRDA:1391,174,0,0
BRDA:1391,174,1,2
BRDA:1398,175,0,0
BRDA:1398,175,1,2
BRDA:1408,176,0,2
BRDA:1408,176,1,0
BRDA:1426,177,0,0
BRDA:1426,177,1,0
BRDA:1427,178,0,0
BRDA:1427,178,1,0
BRDA:1430,179,0,0
BRDA:1430,179,1,0
BRDA:1433,180,0,0
BRDA:1433,180,1,0
BRDA:1433,181,0,0
BRDA:1433,181,1,0
BRDA:1433,181,2,0
BRDA:1464,182,0,0
BRDA:1464,182,1,0
BRDA:1464,183,0,0
BRDA:1464,183,1,0
BRDA:1475,184,0,0
BRDA:1475,184,1,0
BRDA:1476,185,0,0
BRDA:1476,185,1,0
BRDA:1477,186,0,0
BRDA:1477,186,1,0
BRDA:1478,187,0,0
BRDA:1478,187,1,0
BRDA:1478,188,0,0
BRDA:1478,188,1,0
BRDA:1478,189,0,0
BRDA:1478,189,1,0
BRDA:1479,190,0,0
BRDA:1479,190,1,0
BRDA:1480,191,0,0
BRDA:1480,191,1,0
BRDA:1481,192,0,0
BRDA:1481,192,1,0
BRDA:1481,193,0,0
BRDA:1481,193,1,0
BRDA:1481,194,0,0
BRDA:1481,194,1,0
BRDA:1481,194,2,0
BRDA:1482,195,0,0
BRDA:1482,195,1,0
BRDA:1483,196,0,0
BRDA:1483,196,1,0
BRDA:1483,197,0,0
BRDA:1483,197,1,0
BRDA:1485,198,0,0
BRDA:1485,198,1,0
BRDA:1488,199,0,0
BRDA:1488,199,1,0
BRDA:1489,200,0,0
BRDA:1489,200,1,0
BRDA:1493,201,0,0
BRDA:1493,201,1,0
BRDA:1493,202,0,0
BRDA:1493,202,1,0
BRDA:1493,202,2,0
BRDA:1495,203,0,0
BRDA:1495,203,1,0
BRDA:1495,204,0,0
BRDA:1495,204,1,0
BRDA:1504,205,0,0
BRDA:1504,205,1,0
BRDA:1507,206,0,0
BRDA:1507,206,1,0
BRDA:1508,207,0,0
BRDA:1508,207,1,0
BRDA:1509,208,0,0
BRDA:1509,208,1,0
BRDA:1510,209,0,0
BRDA:1510,209,1,0
BRDA:1511,210,0,0
BRDA:1511,210,1,0
BRDA:1512,211,0,0
BRDA:1512,211,1,0
BRDA:1513,212,0,0
BRDA:1513,212,1,0
BRDA:1514,213,0,0
BRDA:1514,213,1,0
BRDA:1516,214,0,0
BRDA:1516,214,1,0
BRDA:1517,215,0,0
BRDA:1517,215,1,0
BRDA:1524,216,0,0
BRDA:1524,216,1,0
BRDA:1525,217,0,0
BRDA:1525,217,1,0
BRDA:1526,218,0,0
BRDA:1526,218,1,0
BRDA:1527,219,0,0
BRDA:1527,219,1,0
BRDA:1527,220,0,0
BRDA:1527,220,1,0
BRDA:1527,221,0,0
BRDA:1527,221,1,0
BRDA:1536,222,0,0
BRDA:1536,222,1,0
BRDA:1537,223,0,0
BRDA:1537,223,1,0
BRDA:1538,224,0,0
BRDA:1538,224,1,0
BRDA:1539,225,0,0
BRDA:1539,225,1,0
BRDA:1540,226,0,0
BRDA:1540,226,1,0
BRDA:1541,227,0,0
BRDA:1541,227,1,0
BRDA:1543,228,0,0
BRDA:1543,228,1,0
BRDA:1544,229,0,0
BRDA:1544,229,1,0
BRDA:1559,230,0,1
BRDA:1559,230,1,0
BRDA:1564,231,0,0
BRDA:1564,231,1,1
BRDA:1564,232,0,1
BRDA:1564,232,1,1
BRDA:1587,233,0,2
BRDA:1587,233,1,1
BRDA:1607,234,0,0
BRDA:1607,234,1,25
BRDA:1608,235,0,0
BRDA:1608,235,1,0
BRDA:1612,236,0,0
BRDA:1612,236,1,25
BRDA:1617,237,0,25
BRDA:1617,237,1,25
BRDA:1617,237,2,0
BRDA:1617,237,3,0
BRDA:1625,238,0,0
BRDA:1625,238,1,25
BRDA:1627,239,0,0
BRDA:1627,239,1,0
BRDA:1627,240,0,0
BRDA:1627,240,1,0
BRDA:1630,241,0,0
BRDA:1630,241,1,25
BRDA:1630,242,0,25
BRDA:1630,242,1,25
BRDA:1633,243,0,25
BRDA:1633,243,1,0
BRDA:1638,244,0,0
BRDA:1638,244,1,0
BRDA:1638,244,2,0
BRDA:1639,245,0,0
BRDA:1639,245,1,0
BRDA:1639,245,2,0
BRDA:1642,246,0,0
BRDA:1642,246,1,0
BRDA:1642,247,0,0
BRDA:1642,247,1,0
BRDA:1642,247,2,0
BRDA:1642,247,3,0
BRDA:1662,248,0,8
BRDA:1662,248,1,1
BRDA:1670,249,0,1
BRDA:1670,249,1,7
BRDA:1678,250,0,7
BRDA:1678,250,1,0
BRDA:1699,251,0,1
BRDA:1699,251,1,6
BRDA:1701,252,0,1
BRDA:1701,252,1,0
BRDA:1704,253,0,1
BRDA:1704,253,1,0
BRDA:1721,254,0,1
BRDA:1721,254,1,6
BRDA:1726,255,0,1
BRDA:1726,255,1,6
BRDA:1731,256,0,0
BRDA:1731,256,1,7
BRDA:1791,257,0,7
BRDA:1791,257,1,126
BRDA:1792,258,0,7
BRDA:1792,258,1,119
BRDA:1793,259,0,7
BRDA:1793,259,1,112
BRDA:1794,260,0,7
BRDA:1794,260,1,105
BRDA:1795,261,0,7
BRDA:1795,261,1,98
BRDA:1796,262,0,7
BRDA:1796,262,1,91
BRDA:1797,263,0,7
BRDA:1797,263,1,84
BRDA:1798,264,0,7
BRDA:1798,264,1,77
BRDA:1799,265,0,7
BRDA:1799,265,1,70
BRDA:1800,266,0,7
BRDA:1800,266,1,63
BRDA:1801,267,0,7
BRDA:1801,267,1,56
BRDA:1802,268,0,7
BRDA:1802,268,1,49
BRDA:1803,269,0,7
BRDA:1803,269,1,42
BRDA:1804,270,0,7
BRDA:1804,270,1,35
BRDA:1805,271,0,7
BRDA:1805,271,1,28
BRDA:1806,272,0,7
BRDA:1806,272,1,21
BRDA:1807,273,0,7
BRDA:1807,273,1,14
BRDA:1808,274,0,7
BRDA:1808,274,1,7
BRDA:1809,275,0,7
BRDA:1809,275,1,0
BRDA:1828,276,0,6
BRDA:1828,276,1,30
BRDA:1828,277,0,36
BRDA:1828,277,1,36
BRDA:1832,278,0,6
BRDA:1832,278,1,0
BRDA:1834,279,0,6
BRDA:1834,279,1,0
BRDA:1835,280,0,6
BRDA:1835,280,1,0
BRDA:1837,281,0,0
BRDA:1837,281,1,6
BRDA:1837,282,0,6
BRDA:1837,282,1,0
BRDA:1837,282,2,0
BRDA:1838,283,0,0
BRDA:1838,283,1,0
BRDA:1838,284,0,0
BRDA:1838,284,1,0
BRDA:1846,285,0,0
BRDA:1846,285,1,0
BRDA:1852,286,0,6
BRDA:1852,286,1,0
BRDA:1854,287,0,0
BRDA:1854,287,1,6
BRDA:1854,288,0,6
BRDA:1854,288,1,6
BRDA:1854,288,2,0
BRDA:1860,289,0,6
BRDA:1860,289,1,0
BRDA:1861,290,0,0
BRDA:1861,290,1,0
BRDA:1862,291,0,0
BRDA:1862,291,1,0
BRDA:1865,292,0,0
BRDA:1865,292,1,6
BRDA:1869,293,0,6
BRDA:1869,293,1,0
BRDA:1870,294,0,6
BRDA:1870,294,1,0
BRDA:1871,295,0,6
BRDA:1871,295,1,0
BRDA:1873,296,0,6
BRDA:1873,296,1,0
BRDA:1874,297,0,6
BRDA:1874,297,1,0
BRDA:1876,298,0,6
BRDA:1876,298,1,0
BRDA:1877,299,0,6
BRDA:1877,299,1,0
BRDA:1877,300,0,6
BRDA:1877,300,1,0
BRDA:1879,301,0,6
BRDA:1879,301,1,0
BRDA:1880,302,0,6
BRDA:1880,302,1,0
BRDA:1881,303,0,6
BRDA:1881,303,1,0
BRDA:1882,304,0,6
BRDA:1882,304,1,0
BRDA:1883,305,0,6
BRDA:1883,305,1,0
BRDA:1884,306,0,6
BRDA:1884,306,1,0
BRDA:1885,307,0,6
BRDA:1885,307,1,0
BRDA:1886,308,0,6
BRDA:1886,308,1,0
BRDA:1902,309,0,0
BRDA:1902,309,1,6
BRDA:1909,310,0,6
BRDA:1909,310,1,0
BRDA:1916,311,0,0
BRDA:1916,311,1,0
BRDA:1925,312,0,0
BRDA:1925,312,1,0
BRDA:1938,313,0,30
BRDA:1938,313,1,0
BRDA:1939,314,0,0
BRDA:1939,314,1,0
BRDA:1940,315,0,0
BRDA:1940,315,1,0
BRDA:1941,316,0,0
BRDA:1941,316,1,30
BRDA:1944,317,0,30
BRDA:1944,317,1,0
BRDA:1945,318,0,30
BRDA:1945,318,1,0
BRDA:1946,319,0,30
BRDA:1946,319,1,0
BRDA:1956,320,0,30
BRDA:1956,320,1,0
BRDA:1957,321,0,30
BRDA:1957,321,1,30
BRDA:1958,322,0,30
BRDA:1958,322,1,0
BRDA:1959,323,0,30
BRDA:1959,323,1,30
BRDA:1960,324,0,30
BRDA:1960,324,1,0
BRDA:1961,325,0,30
BRDA:1961,325,1,0
BRDA:1974,326,0,0
BRDA:1974,326,1,30
BRDA:1981,327,0,30
BRDA:1981,327,1,0
BRDA:1988,328,0,0
BRDA:1988,328,1,0
BRDA:1997,329,0,0
BRDA:1997,329,1,0
BRDA:2011,330,0,36
BRDA:2011,330,1,0
BRDA:2024,331,0,0
BRDA:2024,331,1,36
BRDA:2065,332,0,4
BRDA:2065,332,1,1
BRDA:2071,333,0,2
BRDA:2071,333,1,3
BRDA:2090,334,0,1
BRDA:2090,334,1,2
BRDA:2141,335,0,3
BRDA:2141,335,1,1
BRDA:2142,336,0,3
BRDA:2142,336,1,1
BRDA:2143,337,0,3
BRDA:2143,337,1,3
BRDA:2144,338,0,3
BRDA:2144,338,1,1
BRDA:2156,339,0,3
BRDA:2156,339,1,0
BRDA:2165,340,0,2
BRDA:2165,340,1,1
BRDA:2165,341,0,3
BRDA:2165,341,1,1
BRDA:2175,342,0,1
BRDA:2175,342,1,0
BRDA:2176,343,0,1
BRDA:2176,343,1,0
BRDA:2176,344,0,1
BRDA:2176,344,1,0
BRDA:2212,345,0,0
BRDA:2212,345,1,15
BRDA:2217,346,0,0
BRDA:2217,346,1,15
BRDA:2279,347,0,15
BRDA:2279,347,1,270
BRDA:2280,348,0,15
BRDA:2280,348,1,255
BRDA:2281,349,0,15
BRDA:2281,349,1,240
BRDA:2282,350,0,15
BRDA:2282,350,1,225
BRDA:2283,351,0,15
BRDA:2283,351,1,210
BRDA:2284,352,0,15
BRDA:2284,352,1,195
BRDA:2285,353,0,15
BRDA:2285,353,1,180
BRDA:2286,354,0,15
BRDA:2286,354,1,165
BRDA:2287,355,0,15
BRDA:2287,355,1,150
BRDA:2288,356,0,15
BRDA:2288,356,1,135
BRDA:2289,357,0,15
BRDA:2289,357,1,120
BRDA:2290,358,0,15
BRDA:2290,358,1,105
BRDA:2291,359,0,15
BRDA:2291,359,1,90
BRDA:2292,360,0,15
BRDA:2292,360,1,75
BRDA:2293,361,0,15
BRDA:2293,361,1,60
BRDA:2294,362,0,15
BRDA:2294,362,1,45
BRDA:2295,363,0,15
BRDA:2295,363,1,30
BRDA:2296,364,0,15
BRDA:2296,364,1,15
BRDA:2297,365,0,15
BRDA:2297,365,1,0
BRDA:2316,366,0,0
BRDA:2316,366,1,16
BRDA:2316,367,0,16
BRDA:2316,367,1,16
BRDA:2320,368,0,0
BRDA:2320,368,1,0
BRDA:2322,369,0,0
BRDA:2322,369,1,0
BRDA:2323,370,0,0
BRDA:2323,370,1,0
BRDA:2325,371,0,0
BRDA:2325,371,1,0
BRDA:2325,372,0,0
BRDA:2325,372,1,0
BRDA:2325,372,2,0
BRDA:2326,373,0,0
BRDA:2326,373,1,0
BRDA:2326,374,0,0
BRDA:2326,374,1,0
BRDA:2334,375,0,0
BRDA:2334,375,1,0
BRDA:2340,376,0,0
BRDA:2340,376,1,0
BRDA:2342,377,0,0
BRDA:2342,377,1,0
BRDA:2342,378,0,0
BRDA:2342,378,1,0
BRDA:2342,378,2,0
BRDA:2348,379,0,0
BRDA:2348,379,1,0
BRDA:2349,380,0,0
BRDA:2349,380,1,0
BRDA:2350,381,0,0
BRDA:2350,381,1,0
BRDA:2353,382,0,0
BRDA:2353,382,1,0
BRDA:2357,383,0,0
BRDA:2357,383,1,0
BRDA:2358,384,0,0
BRDA:2358,384,1,0
BRDA:2359,385,0,0
BRDA:2359,385,1,0
BRDA:2361,386,0,0
BRDA:2361,386,1,0
BRDA:2362,387,0,0
BRDA:2362,387,1,0
BRDA:2364,388,0,0
BRDA:2364,388,1,0
BRDA:2365,389,0,0
BRDA:2365,389,1,0
BRDA:2365,390,0,0
BRDA:2365,390,1,0
BRDA:2367,391,0,0
BRDA:2367,391,1,0
BRDA:2368,392,0,0
BRDA:2368,392,1,0
BRDA:2369,393,0,0
BRDA:2369,393,1,0
BRDA:2370,394,0,0
BRDA:2370,394,1,0
BRDA:2371,395,0,0
BRDA:2371,395,1,0
BRDA:2372,396,0,0
BRDA:2372,396,1,0
BRDA:2373,397,0,0
BRDA:2373,397,1,0
BRDA:2374,398,0,0
BRDA:2374,398,1,0
BRDA:2390,399,0,0
BRDA:2390,399,1,0
BRDA:2397,400,0,0
BRDA:2397,400,1,0
BRDA:2403,401,0,0
BRDA:2403,401,1,0
BRDA:2410,402,0,0
BRDA:2410,402,1,0
BRDA:2423,403,0,0
BRDA:2423,403,1,16
BRDA:2424,404,0,3
BRDA:2424,404,1,13
BRDA:2425,405,0,0
BRDA:2425,405,1,13
BRDA:2426,406,0,0
BRDA:2426,406,1,16
BRDA:2429,407,0,16
BRDA:2429,407,1,0
BRDA:2430,408,0,16
BRDA:2430,408,1,0
BRDA:2431,409,0,16
BRDA:2431,409,1,0
BRDA:2441,410,0,16
BRDA:2441,410,1,0
BRDA:2442,411,0,16
BRDA:2442,411,1,5
BRDA:2443,412,0,16
BRDA:2443,412,1,1
BRDA:2444,413,0,16
BRDA:2444,413,1,16
BRDA:2445,414,0,16
BRDA:2445,414,1,0
BRDA:2446,415,0,16
BRDA:2446,415,1,0
BRDA:2457,416,0,0
BRDA:2457,416,1,16
BRDA:2463,417,0,0
BRDA:2463,417,1,16
BRDA:2469,418,0,3
BRDA:2469,418,1,13
BRDA:2476,419,0,10
BRDA:2476,419,1,3
BRDA:2490,420,0,16
BRDA:2490,420,1,0
BRDA:2502,421,0,0
BRDA:2502,421,1,16
BRDA:2520,422,0,0
BRDA:2520,422,1,15
BRDA:2550,423,0,1
BRDA:2550,423,1,16
BRDA:2554,424,0,1
BRDA:2554,424,1,15
BRDA:2574,425,0,11
BRDA:2574,425,1,1
BRDA:2587,426,0,13
BRDA:2587,426,1,0
BRDA:2627,427,0,2
BRDA:2627,427,1,12
BRDA:2672,428,0,1
BRDA:2672,428,1,1
BRDA:2715,429,0,0
BRDA:2715,429,1,34
BRDA:2715,430,0,34
BRDA:2715,430,1,34
BRDA:2722,431,0,8
BRDA:2722,431,1,26
BRDA:2764,432,0,1
BRDA:2764,432,1,3
BRDA:2771,433,0,2
BRDA:2771,433,1,1
BRDA:2771,434,0,2
BRDA:2771,434,1,1
BRDA:2772,435,0,1
BRDA:2772,435,1,2
BRDA:2772,436,0,1
BRDA:2772,436,1,0
BRDA:2778,437,0,3
BRDA:2778,437,1,0
BRDA:2783,438,0,3
BRDA:2783,438,1,0
BRDA:2795,439,0,3
BRDA:2795,439,1,0
BRDA:2823,440,0,2
BRDA:2823,440,1,0
BRDA:2825,441,0,2
BRDA:2825,441,1,1
BRDA:2827,442,0,1
BRDA:2827,442,1,1
BRDA:2829,443,0,1
BRDA:2829,443,1,0
BRDA:2831,444,0,0
BRDA:2831,444,1,2
BRDA:2835,445,0,0
BRDA:2835,445,1,2
BRDA:2839,446,0,0
BRDA:2839,446,1,2
BRDA:2844,447,0,0
BRDA:2844,447,1,2
BRDA:2869,448,0,2
BRDA:2869,448,1,2
BRDA:2869,448,2,0
BRDA:2870,449,0,2
BRDA:2870,449,1,0
BRDA:2870,450,0,2
BRDA:2870,450,1,1
BRDA:2870,451,0,0
BRDA:2870,451,1,0
BRDA:2871,452,0,1
BRDA:2871,452,1,1
BRDA:2871,453,0,1
BRDA:2871,453,1,0
BRDA:2871,454,0,1
BRDA:2871,454,1,0
BRDA:2872,455,0,2
BRDA:2872,455,1,2
BRDA:2872,455,2,0
BRDA:2873,456,0,2
BRDA:2873,456,1,2
BRDA:2873,456,2,0
BRDA:2890,457,0,1
BRDA:2890,457,1,2
BRDA:2899,458,0,1
BRDA:2899,458,1,1
BRDA:2923,459,0,2
BRDA:2924,460,0,1
BRDA:2933,461,0,2
BRDA:2946,462,0,0
BRDA:2946,462,1,2
BRDA:2946,463,0,2
BRDA:2946,463,1,0
BRDA:2950,464,0,0
BRDA:2950,464,1,2
BRDA:2954,465,0,0
BRDA:2954,465,1,2
BRDA:2958,466,0,2
BRDA:2958,466,1,0
BRDA:2961,467,0,2
BRDA:2961,467,1,0
BRDA:2968,468,0,0
BRDA:2968,468,1,2
BRDA:2974,469,0,0
BRDA:2974,469,1,2
BRDA:2980,470,0,0
BRDA:2980,470,1,2
BRDA:2986,471,0,0
BRDA:2986,471,1,2
BRDA:2992,472,0,0
BRDA:2992,472,1,2
BRDA:2993,473,0,0
BRDA:2993,473,1,0
BRDA:3003,474,0,0
BRDA:3003,474,1,2
BRDA:3023,475,0,0
BRDA:3023,475,1,2
BRDA:3023,476,0,2
BRDA:3023,476,1,0
BRDA:3026,477,0,0
BRDA:3026,477,1,2
BRDA:3029,478,0,0
BRDA:3029,478,1,2
BRDA:3032,479,0,2
BRDA:3032,479,1,0
BRDA:3034,480,0,2
BRDA:3034,480,1,0
BRDA:3039,481,0,0
BRDA:3039,481,1,2
BRDA:3043,482,0,0
BRDA:3043,482,1,2
BRDA:3047,483,0,0
BRDA:3047,483,1,2
BRDA:3051,484,0,0
BRDA:3051,484,1,2
BRDA:3055,485,0,0
BRDA:3055,485,1,2
BRDA:3056,486,0,0
BRDA:3056,486,1,0
BRDA:3066,487,0,0
BRDA:3066,487,1,2
BRDA:3149,488,0,11
BRDA:3149,488,1,8
BRDA:3173,489,0,1
BRDA:3173,489,1,1
BRDA:3190,490,0,1
BRDA:3190,491,0,1
BRDA:3193,492,0,1
BRDA:3193,492,1,1
BRDA:3216,493,0,1
BRDA:3216,493,1,1
BRDA:3224,494,0,0
BRDA:3224,494,1,1
BRDA:3232,495,0,0
BRDA:3232,495,1,1
BRDA:3232,496,0,1
BRDA:3232,496,1,0
BRDA:3239,497,0,1
BRDA:3239,497,1,0
BRDA:3239,498,0,1
BRDA:3239,498,1,1
BRDA:3242,499,0,0
BRDA:3242,499,1,1
BRDA:3256,500,0,0
BRDA:3256,500,1,1
BRDA:3256,501,0,1
BRDA:3256,501,1,0
BRDA:3260,502,0,0
BRDA:3260,502,1,0
BRDA:3262,503,0,0
BRDA:3262,503,1,0
BRDA:3276,504,0,1
BRDA:3276,504,1,0
BRDA:3277,505,0,1
BRDA:3277,505,1,1
BRDA:3278,506,0,1
BRDA:3278,506,1,1
BRDA:3297,507,0,0
BRDA:3297,507,1,0
BRDA:3311,508,0,0
BRDA:3313,509,0,0
BRDA:3313,509,1,0
BRDA:3316,510,0,0
BRDA:3316,510,1,0
BRDA:3321,511,0,0
BRDA:3321,511,1,0
BRDA:3327,512,0,0
BRDA:3327,512,1,0
BRDA:3335,513,0,0
BRDA:3335,513,1,0
BRDA:3341,514,0,0
BRDA:3341,514,1,0
BRDA:3349,515,0,0
BRDA:3349,515,1,0
BRDA:3350,516,0,0
BRDA:3350,516,1,0
BRDA:3357,517,0,0
BRDA:3357,517,1,0
BRDA:3370,518,0,0
BRDA:3370,518,1,0
BRDA:3378,519,0,0
BRDA:3378,519,1,0
BRDA:3383,520,0,0
BRDA:3383,520,1,0
BRDA:3389,521,0,0
BRDA:3389,521,1,0
BRDA:3395,522,0,0
BRDA:3395,522,1,0
BRDA:3405,523,0,0
BRDA:3405,523,1,0
BRDA:3410,524,0,0
BRDA:3410,524,1,0
BRDA:3413,525,0,0
BRDA:3413,525,1,0
BRDA:3426,526,0,0
BRDA:3426,526,1,0
BRDA:3434,527,0,0
BRDA:3434,527,1,0
BRDA:3440,528,0,0
BRDA:3440,528,1,0
BRDA:3445,529,0,0
BRDA:3445,529,1,0
BRDA:3463,530,0,0
BRDA:3463,530,1,0
BRDA:3471,531,0,0
BRDA:3471,531,1,0
BRDA:3476,532,0,0
BRDA:3476,532,1,0
BRDA:3483,533,0,0
BRDA:3483,533,1,0
BRDA:3489,534,0,0
BRDA:3489,534,1,0
BRDA:3512,535,0,0
BRDA:3512,535,1,0
BRDA:3520,536,0,0
BRDA:3520,536,1,0
BRDA:3525,537,0,0
BRDA:3525,537,1,0
BRDA:3546,538,0,0
BRDA:3546,538,1,2
BRDA:3557,539,0,0
BRDA:3557,539,1,0
BRDA:3557,540,0,0
BRDA:3557,540,1,0
BRDA:3565,541,0,0
BRDA:3565,541,1,0
BRDA:3567,542,0,0
BRDA:3567,542,1,0
BRDA:3567,543,0,0
BRDA:3567,543,1,0
BRDA:3575,544,0,0
BRDA:3575,544,1,0
BRDA:3591,545,0,0
BRDA:3591,545,1,0
BRDA:3591,546,0,0
BRDA:3591,546,1,0
BRDA:3591,546,2,0
BRDA:3621,547,0,0
BRDA:3621,547,1,0
BRDA:3628,548,0,0
BRDA:3628,548,1,0
BRDA:3636,549,0,0
BRDA:3636,549,1,0
BRDA:3641,550,0,0
BRDA:3641,550,1,0
BRDA:3647,551,0,0
BRDA:3647,551,1,0
BRDA:3657,552,0,0
BRDA:3657,552,1,0
BRDA:3676,553,0,1
BRDA:3676,553,1,7
BRDA:3676,554,0,8
BRDA:3676,554,1,7
BRDA:3685,555,0,5
BRDA:3685,555,1,2
BRDA:3695,556,0,1
BRDA:3695,556,1,6
BRDA:3705,557,0,1
BRDA:3705,557,1,0
BRDA:3705,558,0,1
BRDA:3705,558,1,0
BRDA:3713,559,0,0
BRDA:3713,559,1,0
BRDA:3731,560,0,0
BRDA:3732,561,0,0
BRDA:3732,561,1,0
BRDA:3734,562,0,0
BRDA:3734,562,1,0
BRDA:3736,563,0,0
BRDA:3736,563,1,0
BRDA:3774,564,0,0
BRDA:3774,564,1,0
BRDA:3787,565,0,0
BRDA:3787,565,1,0
BRDA:3788,566,0,0
BRDA:3788,566,1,0
BRDA:3791,567,0,0
BRDA:3791,567,1,0
BRDA:3811,568,0,0
BRDA:3811,568,1,0
BRDA:3811,569,0,0
BRDA:3811,569,1,0
BRDA:3812,570,0,0
BRDA:3812,570,1,0
BRDA:3817,571,0,0
BRDA:3817,571,1,0
BRDA:3817,572,0,0
BRDA:3817,572,1,0
BRDA:3818,573,0,0
BRDA:3818,573,1,0
BRDA:3823,574,0,0
BRDA:3823,574,1,0
BRDA:3823,575,0,0
BRDA:3823,575,1,0
BRDA:3824,576,0,0
BRDA:3824,576,1,0
BRDA:3835,577,0,0
BRDA:3835,577,1,0
BRDA:3835,578,0,0
BRDA:3835,578,1,0
BRDA:3836,579,0,0
BRDA:3836,579,1,0
BRDA:3921,580,0,0
BRDA:3921,580,1,0
BRDA:3924,581,0,0
BRDA:3924,581,1,0
BRDA:3949,582,0,0
BRDA:3949,582,1,0
BRDA:3949,583,0,0
BRDA:3949,583,1,0
BRDA:3961,584,0,0
BRDA:3961,584,1,0
BRDA:3978,585,0,0
BRDA:3978,585,1,0
BRDA:3978,586,0,0
BRDA:3978,586,1,0
BRDA:3984,587,0,0
BRDA:3984,587,1,0
BRDA:3997,588,0,0
BRDA:3997,588,1,0
BRDA:3998,589,0,0
BRDA:3998,589,1,0
BRDA:3999,590,0,0
BRDA:3999,590,1,0
BRDA:4002,591,0,0
BRDA:4002,591,1,0
BRDA:4018,592,0,0
BRDA:4018,592,1,0
BRDA:4018,593,0,0
BRDA:4018,593,1,0
BRDA:4023,594,0,0
BRDA:4023,594,1,0
BRDA:4024,595,0,0
BRDA:4024,595,1,0
BRDA:4030,596,0,0
BRDA:4030,596,1,0
BRDA:4033,597,0,0
BRDA:4033,597,1,0
BRDA:4043,598,0,0
BRDA:4043,598,1,0
BRDA:4069,599,0,0
BRDA:4069,599,1,0
BRDA:4073,600,0,0
BRDA:4073,600,1,0
BRDA:4073,601,0,0
BRDA:4073,601,1,0
BRDA:4080,602,0,0
BRDA:4080,602,1,0
BRDA:4080,603,0,0
BRDA:4080,603,1,0
BRDA:4084,604,0,0
BRDA:4084,604,1,0
BRDA:4104,605,0,0
BRDA:4104,605,1,0
BRDA:4110,606,0,0
BRDA:4110,606,1,0
BRDA:4128,607,0,0
BRDA:4128,607,1,0
BRDA:4130,608,0,0
BRDA:4130,608,1,0
BRDA:4143,609,0,0
BRDA:4143,609,1,0
BRDA:4146,610,0,0
BRDA:4146,610,1,0
BRDA:4150,611,0,0
BRDA:4150,611,1,0
BRDA:4173,612,0,0
BRDA:4173,612,1,0
BRDA:4173,613,0,0
BRDA:4173,613,1,0
BRDA:4175,614,0,0
BRDA:4175,614,1,0
BRDA:4183,615,0,0
BRDA:4183,615,1,0
BRDA:4183,616,0,0
BRDA:4183,616,1,0
BRDA:4184,617,0,0
BRDA:4184,617,1,0
BRDA:4192,618,0,0
BRDA:4192,618,1,0
BRDA:4192,619,0,0
BRDA:4192,619,1,0
BRDA:4194,620,0,0
BRDA:4194,620,1,0
BRDA:4197,621,0,0
BRDA:4197,621,1,0
BRDA:4207,622,0,0
BRDA:4207,622,1,0
BRDA:4207,623,0,0
BRDA:4207,623,1,0
BRDA:4208,624,0,0
BRDA:4208,624,1,0
BRDA:4216,625,0,0
BRDA:4216,625,1,0
BRDA:4226,626,0,0
BRDA:4226,626,1,0
BRDA:4235,627,0,0
BRDA:4235,627,1,0
BRDA:4237,628,0,0
BRDA:4237,628,1,0
BRDA:4238,629,0,0
BRDA:4238,629,1,0
BRDA:4255,630,0,0
BRDA:4255,630,1,0
BRDA:4258,631,0,0
BRDA:4258,631,1,0
BRDA:4259,632,0,0
BRDA:4259,632,1,0
BRDA:4273,633,0,0
BRDA:4273,633,1,0
BRDA:4284,634,0,0
BRDA:4284,634,1,0
BRDA:4285,635,0,0
BRDA:4285,635,1,0
BRDA:4298,636,0,0
BRDA:4298,636,1,0
BRDA:4311,637,0,0
BRDA:4311,637,1,0
BRDA:4323,638,0,0
BRDA:4323,638,1,0
BRDA:4335,639,0,0
BRDA:4335,639,1,0
BRDA:4335,640,0,0
BRDA:4335,640,1,0
BRDA:4349,641,0,0
BRDA:4349,641,1,0
BRDA:4349,642,0,0
BRDA:4349,642,1,0
BRDA:4349,642,2,0
BRDA:4359,643,0,0
BRDA:4359,643,1,0
BRDA:4391,644,0,0
BRDA:4391,644,1,0
BRDA:4412,645,0,0
BRDA:4412,645,1,0
BRDA:4412,646,0,0
BRDA:4412,646,1,0
BRDA:4419,647,0,0
BRDA:4419,647,1,0
BRDA:4419,648,0,0
BRDA:4419,648,1,0
BRDA:4429,649,0,0
BRDA:4429,649,1,0
BRDA:4455,650,0,0
BRDA:4455,650,1,0
BRDA:4455,651,0,0
BRDA:4455,651,1,0
BRDA:4455,651,2,0
BRDA:4455,651,3,0
BRDA:4455,651,4,0
BRDA:4464,652,0,0
BRDA:4464,652,1,0
BRDA:4472,653,0,0
BRDA:4472,653,1,0
BRDA:4502,654,0,0
BRDA:4502,654,1,0
BRDA:4502,655,0,0
BRDA:4502,655,1,0
BRDA:4502,655,2,0
BRDA:4502,655,3,0
BRDA:4502,655,4,0
BRDA:4513,656,0,0
BRDA:4513,656,1,0
BRDA:4541,657,0,0
BRDA:4541,657,1,0
BRDA:4549,658,0,0
BRDA:4549,658,1,0
BRDA:4549,659,0,0
BRDA:4549,659,1,0
BRDA:4549,659,2,0
BRDA:4549,659,3,0
BRDA:4557,660,0,0
BRDA:4557,660,1,0
BRDA:4565,661,0,0
BRDA:4565,661,1,0
BRDA:4565,662,0,0
BRDA:4565,662,1,0
BRDA:4575,663,0,0
BRDA:4575,663,1,0
BRDA:4589,664,0,0
BRDA:4589,664,1,0
BRDA:4595,665,0,0
BRDA:4595,665,1,0
BRDA:4603,666,0,0
BRDA:4603,666,1,0
BRDA:4609,667,0,0
BRDA:4609,667,1,0
BRDA:4620,668,0,0
BRDA:4620,668,1,0
BRDA:4629,669,0,0
BRDA:4629,669,1,0
BRDA:4634,670,0,0
BRDA:4634,670,1,0
BRDA:4649,671,0,0
BRDA:4649,671,1,0
BRDA:4649,672,0,0
BRDA:4649,672,1,0
BRDA:4666,673,0,0
BRDA:4666,674,0,0
BRDA:4666,675,0,0
BRDA:4693,676,0,0
BRDA:4693,677,0,0
BRDA:4693,678,0,0
BRDA:4708,679,0,0
BRDA:4708,679,1,0
BRDA:4768,680,0,0
BRDA:4768,680,1,0
BRDA:4768,681,0,0
BRDA:4768,681,1,0
BRDA:4768,681,2,0
BRDA:4788,682,0,0
BRDA:4788,682,1,0
BRDA:4788,683,0,0
BRDA:4788,683,1,0
BRDA:4788,684,0,0
BRDA:4788,684,1,0
BRDA:4788,685,0,0
BRDA:4788,685,1,0
BRDA:4794,686,0,0
BRDA:4794,686,1,0
BRDA:4822,687,0,0
BRDA:4822,687,1,0
BRDA:4830,688,0,0
BRDA:4830,688,1,0
BRDA:4852,689,0,0
BRDA:4852,689,1,0
BRDA:4852,690,0,0
BRDA:4852,690,1,0
BRDA:4852,691,0,0
BRDA:4852,691,1,0
BRDA:4852,692,0,0
BRDA:4852,692,1,0
BRDA:4852,693,0,0
BRDA:4852,693,1,0
BRDA:4852,694,0,0
BRDA:4852,694,1,0
BRDA:4852,695,0,0
BRDA:4852,695,1,0
BRDA:4852,696,0,0
BRDA:4852,696,1,0
BRDA:4883,697,0,0
BRDA:4883,697,1,0
BRDA:4918,698,0,0
BRDA:4918,698,1,0
BRDA:4959,699,0,0
BRDA:4959,699,1,0
BRDA:4994,700,0,0
BRDA:4994,700,1,0
BRDA:5004,701,0,0
BRDA:5004,701,1,0
BRDA:5009,702,0,0
BRDA:5009,702,1,0
BRDA:5016,703,0,0
BRDA:5016,703,1,0
BRDA:5021,704,0,0
BRDA:5021,704,1,0
BRDA:5043,705,0,0
BRDA:5043,706,0,0
BRDA:5048,707,0,0
BRDA:5048,707,1,0
BRDA:5085,708,0,0
BRDA:5085,708,1,0
BRDA:5106,709,0,0
BRDA:5106,709,1,0
BRDA:5113,710,0,0
BRDA:5113,710,1,0
BRDA:5124,711,0,0
BRDA:5124,711,1,0
BRDA:5139,712,0,0
BRDA:5139,712,1,0
BRDA:5166,713,0,0
BRDA:5166,713,1,0
BRDA:5203,714,0,0
BRDA:5205,715,0,0
BRDA:5205,715,1,0
BRDA:5207,716,0,0
BRDA:5207,716,1,0
BRDA:5213,717,0,0
BRDA:5213,717,1,0
BRDA:5255,718,0,0
BRDA:5255,718,1,0
BRDA:5257,719,0,0
BRDA:5257,719,1,0
BRDA:5277,720,0,0
BRDA:5277,720,1,0
BRDA:5282,721,0,0
BRDA:5282,721,1,0
BRDA:5282,722,0,0
BRDA:5282,722,1,0
BRDA:5282,722,2,0
BRDA:5314,723,0,0
BRDA:5314,723,1,0
BRDA:5324,724,0,0
BRDA:5324,724,1,0
BRDA:5346,725,0,0
BRDA:5346,725,1,0
BRDA:5346,726,0,0
BRDA:5346,726,1,0
BRDA:5346,726,2,0
BRDA:5346,726,3,0
BRDA:5356,727,0,0
BRDA:5356,727,1,0
BRDA:5394,728,0,0
BRDA:5394,728,1,0
BRDA:5394,729,0,0
BRDA:5394,729,1,0
BRDA:5397,730,0,0
BRDA:5397,730,1,0
BRDA:5399,731,0,0
BRDA:5399,731,1,0
BRDA:5409,732,0,0
BRDA:5409,732,1,0
BRDA:5423,733,0,0
BRDA:5423,733,1,0
BRDA:5427,734,0,0
BRDA:5427,734,1,0
BRDA:5432,735,0,0
BRDA:5432,735,1,0
BRDA:5432,736,0,0
BRDA:5432,736,1,0
BRDA:5435,737,0,0
BRDA:5435,737,1,0
BRDA:5436,738,0,0
BRDA:5436,738,1,0
BRDA:5437,739,0,0
BRDA:5437,739,1,0
BRDA:5444,740,0,0
BRDA:5444,740,1,0
BRDA:5453,741,0,0
BRDA:5453,741,1,0
BRDA:5460,742,0,0
BRDA:5460,742,1,0
BRDA:5461,743,0,0
BRDA:5461,743,1,0
BRDA:5462,744,0,0
BRDA:5462,744,1,0
BRDA:5468,745,0,0
BRDA:5468,745,1,0
BRDA:5469,746,0,0
BRDA:5469,746,1,0
BRDA:5477,747,0,0
BRDA:5477,747,1,0
BRDA:5483,748,0,0
BRDA:5483,748,1,0
BRDA:5484,749,0,0
BRDA:5484,749,1,0
BRDA:5494,750,0,0
BRDA:5494,750,1,0
BRDA:5494,751,0,0
BRDA:5494,751,1,0
BRDA:5496,752,0,0
BRDA:5496,752,1,0
BRDA:5496,753,0,0
BRDA:5496,753,1,0
BRDA:5502,754,0,0
BRDA:5502,754,1,0
BRDA:5502,755,0,0
BRDA:5502,755,1,0
BRDA:5505,756,0,0
BRDA:5505,756,1,0
BRDA:5506,757,0,0
BRDA:5506,757,1,0
BRDA:5507,758,0,0
BRDA:5507,758,1,0
BRDA:5521,759,0,0
BRDA:5521,759,1,0
BRDA:5527,760,0,0
BRDA:5527,760,1,0
BRDA:5542,761,0,0
BRDA:5542,761,1,0
BRDA:5544,762,0,0
BRDA:5544,762,1,0
BRDA:5544,763,0,0
BRDA:5544,763,1,0
BRDA:5546,764,0,0
BRDA:5546,764,1,0
BRDA:5556,765,0,0
BRDA:5556,765,1,0
BRDA:5558,766,0,0
BRDA:5558,766,1,0
BRDA:5564,767,0,0
BRDA:5564,767,1,0
BRDA:5565,768,0,0
BRDA:5565,768,1,0
BRDA:5573,769,0,0
BRDA:5573,769,1,0
BRDA:5574,770,0,0
BRDA:5574,770,1,0
BRDA:5583,771,0,0
BRDA:5583,771,1,0
BRDA:5599,772,0,0
BRDA:5599,772,1,0
BRDA:5600,773,0,0
BRDA:5600,773,1,0
BRDA:5605,774,0,0
BRDA:5605,774,1,0
BRDA:5625,775,0,0
BRDA:5625,775,1,0
BRDA:5629,776,0,0
BRDA:5629,776,1,0
BRDA:5630,777,0,0
BRDA:5630,777,1,0
BRDA:5630,777,2,0
BRDA:5643,778,0,0
BRDA:5643,778,1,0
BRDA:5647,779,0,0
BRDA:5647,779,1,0
BRDA:5648,780,0,0
BRDA:5648,780,1,0
BRDA:5648,780,2,0
BRDA:5666,781,0,0
BRDA:5666,781,1,0
BRDA:5675,782,0,0
BRDA:5675,782,1,0
BRDA:5693,783,0,0
BRDA:5693,783,1,0
BRDA:5704,784,0,0
BRDA:5704,784,1,0
BRDA:5704,785,0,0
BRDA:5704,785,1,0
BRDA:5723,786,0,0
BRDA:5723,786,1,0
BRF:1599
BRH:526
end_of_record
TN:
SF:routes/auth.js
FN:19,(anonymous_0)
FN:92,(anonymous_1)
FN:115,(anonymous_2)
FN:130,(anonymous_3)
FN:168,(anonymous_4)
FN:256,(anonymous_5)
FN:282,(anonymous_6)
FN:303,(anonymous_7)
FN:356,(anonymous_8)
FN:432,(anonymous_9)
FN:463,(anonymous_10)
FN:531,(anonymous_11)
FN:584,(anonymous_12)
FN:611,(anonymous_13)
FNF:14
FNH:14
FNDA:124,(anonymous_0)
FNDA:1,(anonymous_1)
FNDA:1,(anonymous_2)
FNDA:3,(anonymous_3)
FNDA:50,(anonymous_4)
FNDA:1,(anonymous_5)
FNDA:1,(anonymous_6)
FNDA:5,(anonymous_7)
FNDA:3,(anonymous_8)
FNDA:3,(anonymous_9)
FNDA:3,(anonymous_10)
FNDA:5,(anonymous_11)
FNDA:3,(anonymous_12)
FNDA:2,(anonymous_13)
DA:1,4
DA:2,4
DA:3,4
DA:4,4
DA:5,4
DA:6,4
DA:7,4
DA:8,4
DA:10,4
DA:19,4
DA:20,124
DA:21,124
DA:23,124
DA:28,124
DA:29,2
DA:30,2
DA:33,122
DA:34,122
DA:35,1
DA:36,1
DA:40,121
DA:43,121
DA:44,121
DA:45,121
DA:46,121
DA:48,121
DA:49,121
DA:52,121
DA:59,121
DA:61,121
DA:72,0
DA:78,0
DA:92,4
DA:93,1
DA:94,1
DA:95,1
DA:96,1
DA:99,1
DA:100,1
DA:101,1
DA:102,1
DA:105,1
DA:106,0
DA:108,1
DA:109,0
DA:111,1
DA:112,0
DA:115,1
DA:116,1
DA:117,0
DA:118,0
DA:120,1
DA:121,1
DA:130,4
DA:131,3
DA:132,1
DA:135,2
DA:136,2
DA:141,2
DA:143,1
DA:144,1
DA:145,1
DA:146,1
DA:147,1
DA:150,1
DA:152,0
DA:153,0
DA:164,4
DA:169,50
DA:170,50
DA:173,50
DA:174,50
DA:176,0
DA:184,50
DA:186,50
DA:187,3
DA:191,3
DA:192,3
DA:195,47
DA:199,47
DA:203,50
DA:206,50
DA:207,50
DA:208,50
DA:211,50
DA:212,50
DA:215,50
DA:216,50
DA:223,50
DA:225,50
DA:235,0
DA:242,0
DA:256,4
DA:257,1
DA:258,1
DA:259,1
DA:260,1
DA:261,1
DA:264,1
DA:265,1
DA:266,1
DA:269,1
DA:270,0
DA:272,1
DA:273,0
DA:275,1
DA:276,0
DA:278,1
DA:279,0
DA:282,1
DA:283,1
DA:284,0
DA:285,0
DA:287,1
DA:288,1
DA:299,4
DA:304,5
DA:305,5
DA:308,5
DA:309,5
DA:311,5
DA:313,2
DA:314,1
DA:322,4
DA:324,4
DA:325,4
DA:332,0
DA:338,0
DA:339,0
DA:351,4
DA:357,3
DA:358,3
DA:361,3
DA:362,3
DA:363,1
DA:370,2
DA:372,2
DA:373,2
DA:377,2
DA:378,2
DA:381,0
DA:385,0
DA:389,2
DA:392,2
DA:393,2
DA:394,2
DA:397,2
DA:398,2
DA:401,2
DA:402,2
DA:410,2
DA:412,2
DA:422,0
DA:423,0
DA:432,4
DA:433,3
DA:434,1
DA:437,2
DA:438,2
DA:443,2
DA:445,1
DA:446,1
DA:447,1
DA:448,1
DA:451,1
DA:453,0
DA:454,0
DA:463,4
DA:464,3
DA:465,0
DA:471,3
DA:472,3
DA:475,3
DA:476,3
DA:479,3
DA:480,3
DA:481,3
DA:482,1
DA:483,1
DA:484,2
DA:486,0
DA:487,0
DA:491,3
DA:492,3
DA:493,3
DA:494,1
DA:495,1
DA:496,2
DA:498,0
DA:499,0
DA:504,3
DA:505,0
DA:506,3
DA:507,1
DA:508,2
DA:509,1
DA:510,1
DA:511,0
DA:514,1
DA:515,1
DA:518,3
DA:521,3
DA:522,3
DA:523,0
DA:524,3
DA:525,1
DA:526,2
DA:527,1
DA:531,3
DA:532,5
DA:533,5
DA:534,5
DA:535,5
DA:536,5
DA:537,5
DA:545,3
DA:584,4
DA:585,3
DA:586,1
DA:592,2
DA:593,2
DA:594,2
DA:597,2
DA:598,1
DA:599,1
DA:600,1
DA:604,2
DA:605,1
DA:606,1
DA:607,1
DA:611,2
DA:612,2
DA:613,0
DA:614,0
DA:620,2
DA:626,0
DA:627,0
DA:634,4
LF:238
LH:199
BRDA:28,0,0,2
BRDA:28,0,1,122
BRDA:34,1,0,1
BRDA:34,1,1,121
BRDA:81,2,0,0
BRDA:81,2,1,0
BRDA:82,3,0,0
BRDA:82,3,1,0
BRDA:105,4,0,0
BRDA:105,4,1,1
BRDA:108,5,0,0
BRDA:108,5,1,1
BRDA:111,6,0,0
BRDA:111,6,1,1
BRDA:116,7,0,0
BRDA:116,7,1,1
BRDA:131,8,0,1
BRDA:131,8,1,2
BRDA:141,9,0,1
BRDA:141,9,1,1
BRDA:174,10,0,0
BRDA:174,10,1,50
BRDA:174,11,0,50
BRDA:174,11,1,0
BRDA:186,12,0,3
BRDA:186,12,1,47
BRDA:189,13,0,3
BRDA:189,13,1,1
BRDA:197,14,0,47
BRDA:197,14,1,0
BRDA:199,15,0,47
BRDA:199,15,1,0
BRDA:219,16,0,50
BRDA:219,16,1,1
BRDA:245,17,0,0
BRDA:245,17,1,0
BRDA:246,18,0,0
BRDA:246,18,1,0
BRDA:269,19,0,0
BRDA:269,19,1,1
BRDA:272,20,0,0
BRDA:272,20,1,1
BRDA:275,21,0,0
BRDA:275,21,1,1
BRDA:278,22,0,0
BRDA:278,22,1,1
BRDA:283,23,0,0
BRDA:283,23,1,1
BRDA:305,24,0,0
BRDA:309,25,0,5
BRDA:309,25,1,5
BRDA:311,26,0,2
BRDA:311,26,1,3
BRDA:311,27,0,5
BRDA:311,27,1,5
BRDA:313,28,0,1
BRDA:313,28,1,1
BRDA:324,29,0,4
BRDA:324,29,1,0
BRDA:362,30,0,1
BRDA:362,30,1,2
BRDA:372,31,0,2
BRDA:372,31,1,0
BRDA:375,32,0,2
BRDA:375,32,1,0
BRDA:383,33,0,0
BRDA:383,33,1,0
BRDA:385,34,0,0
BRDA:385,34,1,0
BRDA:405,35,0,2
BRDA:405,35,1,0
BRDA:423,36,0,0
BRDA:423,36,1,0
BRDA:433,37,0,1
BRDA:433,37,1,2
BRDA:443,38,0,1
BRDA:443,38,1,1
BRDA:464,39,0,0
BRDA:464,39,1,3
BRDA:475,40,0,3
BRDA:475,40,1,2
BRDA:476,41,0,3
BRDA:476,41,1,2
BRDA:481,42,0,1
BRDA:481,42,1,2
BRDA:481,43,0,3
BRDA:481,43,1,1
BRDA:484,44,0,0
BRDA:484,44,1,2
BRDA:484,45,0,2
BRDA:484,45,1,0
BRDA:493,46,0,1
BRDA:493,46,1,2
BRDA:493,47,0,3
BRDA:493,47,1,1
BRDA:496,48,0,0
BRDA:496,48,1,2
BRDA:496,49,0,2
BRDA:496,49,1,0
BRDA:504,50,0,0
BRDA:504,50,1,3
BRDA:504,51,0,3
BRDA:504,51,1,1
BRDA:505,52,0,0
BRDA:505,52,1,0
BRDA:506,53,0,1
BRDA:506,53,1,2
BRDA:508,54,0,1
BRDA:508,54,1,1
BRDA:510,55,0,0
BRDA:510,55,1,1
BRDA:510,56,0,1
BRDA:510,56,1,1
BRDA:522,57,0,0
BRDA:522,57,1,3
BRDA:522,58,0,3
BRDA:522,58,1,1
BRDA:524,59,0,1
BRDA:524,59,1,2
BRDA:526,60,0,1
BRDA:526,60,1,1
BRDA:532,61,0,0
BRDA:532,61,1,5
BRDA:548,62,0,3
BRDA:548,62,1,2
BRDA:550,63,0,3
BRDA:550,63,1,2
BRDA:551,64,0,3
BRDA:551,64,1,2
BRDA:560,65,0,1
BRDA:560,65,1,2
BRDA:561,66,0,1
BRDA:561,66,1,0
BRDA:562,67,0,1
BRDA:562,67,1,0
BRDA:568,68,0,1
BRDA:568,68,1,2
BRDA:569,69,0,1
BRDA:569,69,1,0
BRDA:570,70,0,1
BRDA:570,70,1,0
BRDA:585,71,0,1
BRDA:585,71,1,2
BRDA:585,72,0,3
BRDA:585,72,1,3
BRDA:585,72,2,2
BRDA:597,73,0,1
BRDA:597,73,1,1
BRDA:598,74,0,1
BRDA:598,74,1,0
BRDA:604,75,0,1
BRDA:604,75,1,1
BRDA:605,76,0,1
BRDA:605,76,1,0
BRDA:612,77,0,0
BRDA:612,77,1,2
BRF:156
BRH:106
end_of_record
TN:
SF:routes/public.js
FN:16,(anonymous_0)
FN:27,(anonymous_1)
FN:46,(anonymous_2)
FN:76,(anonymous_3)
FN:108,(anonymous_4)
FN:138,(anonymous_5)
FN:167,(anonymous_6)
FN:254,(anonymous_7)
FN:309,(anonymous_8)
FN:324,(anonymous_9)
FN:325,(anonymous_10)
FNF:11
FNH:11
FNDA:1,(anonymous_0)
FNDA:1,(anonymous_1)
FNDA:2,(anonymous_2)
FNDA:4,(anonymous_3)
FNDA:5,(anonymous_4)
FNDA:1,(anonymous_5)
FNDA:16,(anonymous_6)
FNDA:5,(anonymous_7)
FNDA:2,(anonymous_8)
FNDA:16,(anonymous_9)
FNDA:16,(anonymous_10)
DA:1,2
DA:2,2
DA:3,2
DA:4,2
DA:5,2
DA:6,2
DA:8,2
DA:11,2
DA:16,2
DA:17,1
DA:19,1
DA:20,1
DA:21,1
DA:22,0
DA:25,1
DA:26,1
DA:27,1
DA:28,1
DA:32,1
DA:34,1
DA:36,0
DA:37,0
DA:46,2
DA:47,2
DA:49,2
DA:50,2
DA:51,2
DA:52,1
DA:55,1
DA:61,1
DA:63,1
DA:65,0
DA:66,0
DA:76,2
DA:77,4
DA:78,4
DA:79,4
DA:85,4
DA:87,4
DA:88,2
DA:89,2
DA:92,4
DA:94,4
DA:95,4
DA:97,0
DA:98,0
DA:108,2
DA:109,5
DA:110,5
DA:112,5
DA:117,5
DA:118,4
DA:121,1
DA:126,1
DA:128,0
DA:129,0
DA:138,2
DA:139,1
DA:141,1
DA:142,1
DA:143,1
DA:144,0
DA:147,1
DA:153,1
DA:155,1
DA:157,0
DA:158,0
DA:167,2
DA:168,16
DA:170,16
DA:171,16
DA:172,1
DA:180,15
DA:184,15
DA:187,15
DA:193,15
DA:194,15
DA:195,14
DA:196,11
DA:197,10
DA:198,10
DA:204,15
DA:208,15
DA:210,14
DA:211,14
DA:212,14
DA:213,14
DA:214,20
DA:215,20
DA:217,20
DA:222,14
DA:224,0
DA:225,0
DA:226,0
DA:230,15
DA:236,15
DA:244,0
DA:245,0
DA:254,2
DA:255,5
DA:257,5
DA:261,5
DA:262,1
DA:266,4
DA:272,4
DA:278,4
DA:279,4
DA:280,3
DA:281,3
DA:282,1
DA:283,1
DA:289,4
DA:290,4
DA:291,3
DA:292,0
DA:293,0
DA:297,4
DA:299,0
DA:300,0
DA:309,2
DA:310,2
DA:312,2
DA:313,2
DA:314,2
DA:315,2
DA:318,2
DA:319,0
DA:322,2
DA:323,2
DA:324,16
DA:325,16
DA:331,2
DA:333,0
DA:334,0
DA:338,2
LF:135
LH:111
BRDA:21,0,0,0
BRDA:21,0,1,1
BRDA:51,1,0,1
BRDA:51,1,1,1
BRDA:87,2,0,2
BRDA:87,2,1,2
BRDA:117,3,0,4
BRDA:117,3,1,1
BRDA:143,4,0,0
BRDA:143,4,1,1
BRDA:171,5,0,1
BRDA:171,5,1,15
BRDA:171,6,0,16
BRDA:171,6,1,16
BRDA:184,7,0,15
BRDA:184,7,1,2
BRDA:195,8,0,11
BRDA:195,8,1,3
BRDA:196,9,0,10
BRDA:196,9,1,1
BRDA:196,10,0,11
BRDA:196,10,1,1
BRDA:208,11,0,14
BRDA:208,11,1,1
BRDA:261,12,0,1
BRDA:261,12,1,4
BRDA:280,13,0,3
BRDA:280,13,1,0
BRDA:281,14,0,1
BRDA:281,14,1,2
BRDA:281,15,0,3
BRDA:281,15,1,2
BRDA:291,16,0,0
BRDA:291,16,1,3
BRDA:312,17,0,0
BRDA:312,17,1,2
BRDA:315,18,0,2
BRDA:315,18,1,0
BRDA:318,19,0,0
BRDA:318,19,1,2
BRF:40
BRH:33
end_of_record
TN:
SF:routes/user.js
FN:22,(anonymous_0)
FN:29,(anonymous_1)
FN:38,(anonymous_2)
FN:60,(anonymous_3)
FN:78,(anonymous_4)
FN:80,(anonymous_5)
FN:88,(anonymous_6)
FN:93,(anonymous_7)
FN:182,(anonymous_8)
FN:224,(anonymous_9)
FN:239,(anonymous_10)
FN:293,(anonymous_11)
FN:315,(anonymous_12)
FN:319,(anonymous_13)
FN:359,(anonymous_14)
FN:381,(anonymous_15)
FN:385,(anonymous_16)
FN:426,(anonymous_17)
FN:457,(anonymous_18)
FN:510,(anonymous_19)
FN:543,(anonymous_20)
FN:545,(anonymous_21)
FN:553,(anonymous_22)
FN:558,(anonymous_23)
FN:613,(anonymous_24)
FN:641,(anonymous_25)
FN:648,(anonymous_26)
FN:698,(anonymous_27)
FN:775,(anonymous_28)
FN:785,(anonymous_29)
FN:798,(anonymous_30)
FNF:31
FNH:26
FNDA:5,(anonymous_0)
FNDA:5,(anonymous_1)
FNDA:5,(anonymous_2)
FNDA:107,(anonymous_3)
FNDA:125,(anonymous_4)
FNDA:125,(anonymous_5)
FNDA:106,(anonymous_6)
FNDA:104,(anonymous_7)
FNDA:0,(anonymous_8)
FNDA:0,(anonymous_9)
FNDA:0,(anonymous_10)
FNDA:3,(anonymous_11)
FNDA:12,(anonymous_12)
FNDA:12,(anonymous_13)
FNDA:1,(anonymous_14)
FNDA:1,(anonymous_15)
FNDA:1,(anonymous_16)
FNDA:3,(anonymous_17)
FNDA:2,(anonymous_18)
FNDA:2,(anonymous_19)
FNDA:1,(anonymous_20)
FNDA:1,(anonymous_21)
FNDA:1,(anonymous_22)
FNDA:1,(anonymous_23)
FNDA:14,(anonymous_24)
FNDA:11,(anonymous_25)
FNDA:15,(anonymous_26)
FNDA:6,(anonymous_27)
FNDA:2,(anonymous_28)
FNDA:0,(anonymous_29)
FNDA:0,(anonymous_30)
DA:1,1
DA:2,1
DA:3,1
DA:4,1
DA:5,1
DA:6,1
DA:7,1
DA:8,1
DA:9,1
DA:10,1
DA:12,1
DA:15,1
DA:18,1
DA:21,1
DA:23,5
DA:24,5
DA:25,0
DA:27,5
DA:30,5
DA:31,5
DA:35,1
DA:39,5
DA:40,5
DA:41,5
DA:42,5
DA:43,5
DA:45,0
DA:60,1
DA:61,107
DA:62,107
DA:64,107
DA:65,0
DA:69,107
DA:70,107
DA:71,1
DA:74,106
DA:76,106
DA:78,125
DA:79,106
DA:80,106
DA:81,125
DA:82,3
DA:87,106
DA:88,106
DA:89,106
DA:93,106
DA:96,106
DA:99,106
DA:100,106
DA:102,106
DA:103,125
DA:105,125
DA:106,2
DA:109,123
DA:110,123
DA:111,2
DA:115,121
DA:123,121
DA:124,121
DA:126,121
DA:144,102
DA:149,102
DA:150,102
DA:152,102
DA:153,102
DA:154,102
DA:156,102
DA:157,102
DA:159,102
DA:160,102
DA:177,102
DA:180,0
DA:182,0
DA:183,0
DA:186,0
DA:190,102
DA:191,0
DA:195,102
DA:196,121
DA:204,102
DA:208,102
DA:209,98
DA:210,98
DA:216,0
DA:217,0
DA:224,0
DA:225,0
DA:226,0
DA:227,0
DA:228,0
DA:229,0
DA:233,0
DA:234,0
DA:236,0
DA:237,0
DA:239,0
DA:241,0
DA:253,0
DA:258,102
DA:260,102
DA:267,102
DA:279,4
DA:280,4
DA:283,4
DA:284,4
DA:293,1
DA:294,3
DA:296,3
DA:297,0
DA:300,3
DA:305,3
DA:306,0
DA:310,3
DA:315,12
DA:316,3
DA:319,12
DA:320,3
DA:323,3
DA:325,12
DA:328,12
DA:329,12
DA:330,2
DA:331,2
DA:332,2
DA:333,2
DA:334,2
DA:336,10
DA:337,10
DA:338,10
DA:339,10
DA:340,10
DA:344,12
DA:347,3
DA:349,0
DA:350,0
DA:359,1
DA:360,1
DA:362,1
DA:363,0
DA:366,1
DA:371,1
DA:372,0
DA:376,1
DA:381,1
DA:382,1
DA:385,1
DA:386,1
DA:389,1
DA:391,1
DA:394,1
DA:395,1
DA:396,0
DA:397,0
DA:398,0
DA:399,0
DA:400,0
DA:402,1
DA:403,1
DA:404,1
DA:405,1
DA:406,1
DA:410,1
DA:413,1
DA:415,0
DA:416,0
DA:426,1
DA:427,3
DA:428,3
DA:430,3
DA:435,3
DA:436,2
DA:439,1
DA:444,1
DA:446,0
DA:447,0
DA:457,1
DA:458,2
DA:459,2
DA:462,2
DA:467,2
DA:468,0
DA:472,2
DA:473,0
DA:477,2
DA:478,2
DA:479,1
DA:483,1
DA:484,1
DA:485,1
DA:486,1
DA:487,1
DA:489,1
DA:491,1
DA:493,0
DA:494,0
DA:497,0
DA:498,0
DA:510,1
DA:511,2
DA:512,2
DA:513,2
DA:515,2
DA:516,0
DA:520,2
DA:525,2
DA:526,0
DA:530,2
DA:531,0
DA:535,2
DA:536,2
DA:537,1
DA:540,1
DA:541,1
DA:543,1
DA:544,1
DA:545,1
DA:546,1
DA:547,0
DA:552,1
DA:553,1
DA:554,1
DA:558,1
DA:561,1
DA:564,1
DA:565,1
DA:567,1
DA:568,1
DA:570,1
DA:571,0
DA:574,1
DA:575,1
DA:576,0
DA:580,1
DA:588,1
DA:589,1
DA:591,1
DA:609,1
DA:612,1
DA:613,14
DA:615,1
DA:616,1
DA:617,1
DA:619,1
DA:620,1
DA:621,1
DA:623,1
DA:624,1
DA:625,1
DA:627,1
DA:628,1
DA:629,1
DA:631,1
DA:632,1
DA:633,1
DA:635,1
DA:636,1
DA:637,1
DA:640,1
DA:641,11
DA:647,1
DA:648,15
DA:650,1
DA:651,1
DA:653,1
DA:654,1
DA:655,1
DA:657,1
DA:658,1
DA:661,1
DA:663,1
DA:668,1
DA:670,1
DA:672,1
DA:682,0
DA:683,0
DA:686,0
DA:687,0
DA:698,1
DA:699,6
DA:700,6
DA:703,6
DA:704,6
DA:705,1
DA:708,5
DA:713,5
DA:714,1
DA:717,4
DA:718,2
DA:722,2
DA:723,0
DA:727,2
DA:728,0
DA:729,0
DA:730,0
DA:734,2
DA:740,2
DA:741,0
DA:745,2
DA:746,1
DA:749,1
DA:751,1
DA:757,1
DA:759,1
DA:765,0
DA:766,0
DA:775,1
DA:776,2
DA:778,2
DA:784,2
DA:785,0
DA:786,0
DA:788,0
DA:789,0
DA:794,2
DA:795,2
DA:796,2
DA:798,2
DA:799,0
DA:800,0
DA:801,0
DA:804,2
DA:815,0
DA:816,0
DA:820,1
LF:324
LH:254
BRDA:18,0,0,0
BRDA:18,0,1,1
BRDA:24,1,0,0
BRDA:24,1,1,5
BRDA:42,2,0,5
BRDA:42,2,1,0
BRDA:42,3,0,5
BRDA:42,3,1,5
BRDA:64,4,0,0
BRDA:64,4,1,107
BRDA:64,5,0,107
BRDA:64,5,1,107
BRDA:64,5,2,107
BRDA:70,6,0,1
BRDA:70,6,1,106
BRDA:70,7,0,107
BRDA:70,7,1,107
BRDA:81,8,0,3
BRDA:81,8,1,122
BRDA:81,9,0,125
BRDA:81,9,1,3
BRDA:105,10,0,2
BRDA:105,10,1,123
BRDA:110,11,0,2
BRDA:110,11,1,121
BRDA:117,12,0,121
BRDA:117,12,1,96
BRDA:118,13,0,121
BRDA:118,13,1,118
BRDA:132,14,0,121
BRDA:132,14,1,96
BRDA:133,15,0,121
BRDA:133,15,1,0
BRDA:134,16,0,121
BRDA:134,16,1,120
BRDA:136,17,0,1
BRDA:136,17,1,120
BRDA:136,18,0,121
BRDA:136,18,1,121
BRDA:138,19,0,0
BRDA:138,19,1,120
BRDA:139,20,0,121
BRDA:139,20,1,120
BRDA:156,21,0,0
BRDA:156,21,1,102
BRDA:168,22,0,102
BRDA:168,22,1,102
BRDA:168,22,2,0
BRDA:174,23,0,102
BRDA:174,23,1,100
BRDA:180,24,0,0
BRDA:180,24,1,0
BRDA:180,25,0,0
BRDA:180,25,1,0
BRDA:190,26,0,0
BRDA:190,26,1,102
BRDA:199,27,0,121
BRDA:199,27,1,0
BRDA:208,28,0,98
BRDA:208,28,1,4
BRDA:216,29,0,0
BRDA:216,29,1,0
BRDA:237,30,0,0
BRDA:237,30,1,0
BRDA:274,31,0,102
BRDA:274,31,1,100
BRDA:284,32,0,4
BRDA:284,32,1,0
BRDA:296,33,0,0
BRDA:296,33,1,3
BRDA:305,34,0,0
BRDA:305,34,1,3
BRDA:325,35,0,12
BRDA:325,35,1,0
BRDA:329,36,0,2
BRDA:329,36,1,10
BRDA:362,37,0,0
BRDA:362,37,1,1
BRDA:371,38,0,0
BRDA:371,38,1,1
BRDA:391,39,0,1
BRDA:391,39,1,0
BRDA:395,40,0,0
BRDA:395,40,1,1
BRDA:435,41,0,2
BRDA:435,41,1,1
BRDA:467,42,0,0
BRDA:467,42,1,2
BRDA:472,43,0,0
BRDA:472,43,1,2
BRDA:478,44,0,1
BRDA:478,44,1,1
BRDA:478,45,0,2
BRDA:478,45,1,2
BRDA:515,46,0,0
BRDA:515,46,1,2
BRDA:515,47,0,2
BRDA:515,47,1,2
BRDA:515,47,2,2
BRDA:525,48,0,0
BRDA:525,48,1,2
BRDA:530,49,0,0
BRDA:530,49,1,2
BRDA:536,50,0,1
BRDA:536,50,1,1
BRDA:536,51,0,2
BRDA:536,51,1,2
BRDA:546,52,0,0
BRDA:546,52,1,1
BRDA:546,53,0,1
BRDA:546,53,1,0
BRDA:570,54,0,0
BRDA:570,54,1,1
BRDA:575,55,0,0
BRDA:575,55,1,1
BRDA:582,56,0,1
BRDA:582,56,1,1
BRDA:583,57,0,1
BRDA:583,57,1,1
BRDA:597,58,0,1
BRDA:597,58,1,1
BRDA:598,59,0,1
BRDA:598,59,1,0
BRDA:599,60,0,1
BRDA:599,60,1,1
BRDA:601,61,0,0
BRDA:601,61,1,1
BRDA:601,62,0,1
BRDA:601,62,1,1
BRDA:603,63,0,0
BRDA:603,63,1,1
BRDA:604,64,0,1
BRDA:604,64,1,1
BRDA:619,65,0,1
BRDA:619,65,1,0
BRDA:621,66,0,1
BRDA:621,66,1,1
BRDA:623,67,0,1
BRDA:623,67,1,0
BRDA:625,68,0,1
BRDA:625,68,1,0
BRDA:627,69,0,1
BRDA:627,69,1,0
BRDA:629,70,0,1
BRDA:629,70,1,0
BRDA:631,71,0,1
BRDA:631,71,1,0
BRDA:633,72,0,1
BRDA:633,72,1,1
BRDA:635,73,0,1
BRDA:635,73,1,0
BRDA:637,74,0,1
BRDA:637,74,1,1
BRDA:653,75,0,1
BRDA:653,75,1,0
BRDA:655,76,0,1
BRDA:655,76,1,1
BRDA:657,77,0,1
BRDA:657,77,1,0
BRDA:687,78,0,0
BRDA:687,78,1,0
BRDA:704,79,0,1
BRDA:704,79,1,5
BRDA:704,80,0,6
BRDA:704,80,1,6
BRDA:713,81,0,1
BRDA:713,81,1,4
BRDA:717,82,0,2
BRDA:717,82,1,2
BRDA:717,83,0,4
BRDA:717,83,1,3
BRDA:722,84,0,0
BRDA:722,84,1,2
BRDA:727,85,0,0
BRDA:727,85,1,2
BRDA:729,86,0,0
BRDA:729,86,1,0
BRDA:729,87,0,0
BRDA:729,87,1,0
BRDA:740,88,0,0
BRDA:740,88,1,2
BRDA:740,89,0,2
BRDA:740,89,1,2
BRDA:745,90,0,1
BRDA:745,90,1,1
BRDA:784,91,0,0
BRDA:784,91,1,2
BRDA:789,92,0,0
BRDA:789,92,1,0
BRDA:799,93,0,0
BRDA:799,93,1,0
BRDA:800,94,0,0
BRDA:800,94,1,0
BRDA:801,95,0,0
BRDA:801,95,1,0
BRF:195
BRH:130
end_of_record
TN:
SF:utils/backup.js
FN:16,getDbPath
FN:22,generateBackupFileName
FN:35,backupDatabase
FN:89,backupFull
FN:90,(anonymous_4)
FN:112,(anonymous_5)
FN:127,(anonymous_6)
FN:180,getBackupList
FN:187,(anonymous_8)
FN:191,(anonymous_9)
FN:204,(anonymous_10)
FN:217,restoreDatabase
FN:242,(anonymous_12)
FN:263,restoreDbBackup
FN:310,restoreFullBackup
FN:417,deleteBackup
FN:460,cleanupOldBackups
FNF:17
FNH:0
FNDA:0,getDbPath
FNDA:0,generateBackupFileName
FNDA:0,backupDatabase
FNDA:0,backupFull
FNDA:0,(anonymous_4)
FNDA:0,(anonymous_5)
FNDA:0,(anonymous_6)
FNDA:0,getBackupList
FNDA:0,(anonymous_8)
FNDA:0,(anonymous_9)
FNDA:0,(anonymous_10)
FNDA:0,restoreDatabase
FNDA:0,(anonymous_12)
FNDA:0,restoreDbBackup
FNDA:0,restoreFullBackup
FNDA:0,deleteBackup
FNDA:0,cleanupOldBackups
DA:1,2
DA:2,2
DA:3,2
DA:4,2
DA:7,2
DA:8,2
DA:11,2
DA:12,0
DA:17,0
DA:18,0
DA:23,0
DA:24,0
DA:25,0
DA:26,0
DA:28,0
DA:36,0
DA:37,0
DA:39,0
DA:40,0
DA:46,0
DA:47,0
DA:50,0
DA:53,0
DA:54,0
DA:55,0
DA:56,0
DA:60,0
DA:61,0
DA:62,0
DA:63,0
DA:66,0
DA:67,0
DA:69,0
DA:78,0
DA:90,0
DA:91,0
DA:92,0
DA:95,0
DA:96,0
DA:102,0
DA:103,0
DA:106,0
DA:107,0
DA:112,0
DA:113,0
DA:114,0
DA:116,0
DA:127,0
DA:128,0
DA:135,0
DA:138,0
DA:141,0
DA:142,0
DA:143,0
DA:144,0
DA:146,0
DA:147,0
DA:151,0
DA:152,0
DA:153,0
DA:158,0
DA:159,0
DA:160,0
DA:161,0
DA:162,0
DA:166,0
DA:168,0
DA:181,0
DA:182,0
DA:183,0
DA:186,0
DA:188,0
DA:192,0
DA:193,0
DA:194,0
DA:195,0
DA:204,0
DA:206,0
DA:208,0
DA:218,0
DA:219,0
DA:220,0
DA:223,0
DA:224,0
DA:231,0
DA:232,0
DA:234,0
DA:238,0
DA:239,0
DA:242,0
DA:245,0
DA:247,0
DA:250,0
DA:253,0
DA:264,0
DA:266,0
DA:267,0
DA:268,0
DA:269,0
DA:271,0
DA:272,0
DA:276,0
DA:279,0
DA:280,0
DA:281,0
DA:285,0
DA:286,0
DA:287,0
DA:291,0
DA:292,0
DA:295,0
DA:300,0
DA:311,0
DA:312,0
DA:313,0
DA:316,0
DA:317,0
DA:318,0
DA:321,0
DA:323,0
DA:326,0
DA:327,0
DA:329,0
DA:330,0
DA:331,0
DA:332,0
DA:334,0
DA:335,0
DA:339,0
DA:342,0
DA:343,0
DA:344,0
DA:345,0
DA:347,0
DA:348,0
DA:353,0
DA:354,0
DA:355,0
DA:357,0
DA:358,0
DA:361,0
DA:366,0
DA:367,0
DA:368,0
DA:369,0
DA:371,0
DA:373,0
DA:374,0
DA:377,0
DA:378,0
DA:379,0
DA:382,0
DA:386,0
DA:387,0
DA:391,0
DA:393,0
DA:399,0
DA:400,0
DA:402,0
DA:405,0
DA:418,0
DA:419,0
DA:421,0
DA:422,0
DA:429,0
DA:432,0
DA:433,0
DA:434,0
DA:435,0
DA:436,0
DA:438,0
DA:439,0
DA:443,0
DA:448,0
DA:461,0
DA:462,0
DA:464,0
DA:465,0
DA:468,0
DA:469,0
DA:471,0
DA:472,0
DA:473,0
DA:474,0
DA:478,0
DA:480,0
DA:484,2
LF:187
LH:8
BRDA:7,0,0,0
BRDA:7,0,1,2
BRDA:11,1,0,0
BRDA:11,1,1,2
BRDA:17,2,0,0
BRDA:17,2,1,0
BRDA:22,3,0,0
BRDA:25,4,0,0
BRDA:25,4,1,0
BRDA:39,5,0,0
BRDA:39,5,1,0
BRDA:54,6,0,0
BRDA:54,6,1,0
BRDA:61,7,0,0
BRDA:61,7,1,0
BRDA:95,8,0,0
BRDA:95,8,1,0
BRDA:143,9,0,0
BRDA:143,9,1,0
BRDA:146,10,0,0
BRDA:146,10,1,0
BRDA:152,11,0,0
BRDA:152,11,1,0
BRDA:160,12,0,0
BRDA:160,12,1,0
BRDA:161,13,0,0
BRDA:161,13,1,0
BRDA:182,14,0,0
BRDA:182,14,1,0
BRDA:188,15,0,0
BRDA:188,15,1,0
BRDA:188,15,2,0
BRDA:188,15,3,0
BRDA:194,16,0,0
BRDA:194,16,1,0
BRDA:223,17,0,0
BRDA:223,17,1,0
BRDA:232,18,0,0
BRDA:232,18,1,0
BRDA:245,19,0,0
BRDA:245,19,1,0
BRDA:268,20,0,0
BRDA:268,20,1,0
BRDA:271,21,0,0
BRDA:271,21,1,0
BRDA:280,22,0,0
BRDA:280,22,1,0
BRDA:286,23,0,0
BRDA:286,23,1,0
BRDA:291,24,0,0
BRDA:291,24,1,0
BRDA:317,25,0,0
BRDA:317,25,1,0
BRDA:327,26,0,0
BRDA:327,26,1,0
BRDA:331,27,0,0
BRDA:331,27,1,0
BRDA:334,28,0,0
BRDA:334,28,1,0
BRDA:344,29,0,0
BRDA:344,29,1,0
BRDA:347,30,0,0
BRDA:347,30,1,0
BRDA:355,31,0,0
BRDA:355,31,1,0
BRDA:357,32,0,0
BRDA:357,32,1,0
BRDA:369,33,0,0
BRDA:369,33,1,0
BRDA:371,34,0,0
BRDA:371,34,1,0
BRDA:373,35,0,0
BRDA:373,35,1,0
BRDA:378,36,0,0
BRDA:378,36,1,0
BRDA:386,37,0,0
BRDA:386,37,1,0
BRDA:399,38,0,0
BRDA:399,38,1,0
BRDA:421,39,0,0
BRDA:421,39,1,0
BRDA:432,40,0,0
BRDA:432,40,1,0
BRDA:435,41,0,0
BRDA:435,41,1,0
BRDA:438,42,0,0
BRDA:438,42,1,0
BRDA:460,43,0,0
BRDA:464,44,0,0
BRDA:464,44,1,0
BRDA:473,45,0,0
BRDA:473,45,1,0
BRF:92
BRH:2
end_of_record
TN:
SF:utils/cache.js
FN:7,(anonymous_0)
FN:18,(anonymous_1)
FN:31,(anonymous_2)
FN:42,(anonymous_3)
FN:61,(anonymous_4)
FN:72,(anonymous_5)
FN:86,(anonymous_6)
FN:102,(anonymous_7)
FNF:8
FNH:8
FNDA:4,(anonymous_0)
FNDA:17,(anonymous_1)
FNDA:4,(anonymous_2)
FNDA:21,(anonymous_3)
FNDA:67,(anonymous_4)
FNDA:25,(anonymous_5)
FNDA:3,(anonymous_6)
FNDA:6,(anonymous_7)
DA:8,4
DA:9,4
DA:20,17
DA:21,1
DA:25,17
DA:31,17
DA:32,4
DA:34,17
DA:43,21
DA:44,21
DA:45,12
DA:49,9
DA:50,0
DA:51,0
DA:54,9
DA:62,67
DA:63,7
DA:64,7
DA:66,67
DA:74,25
DA:75,5
DA:77,25
DA:78,25
DA:87,3
DA:88,3
DA:89,2
DA:91,1
DA:92,0
DA:93,0
DA:95,1
DA:103,6
DA:108,4
DA:110,4
LF:33
LH:29
BRDA:18,0,0,8
BRDA:20,1,0,1
BRDA:20,1,1,16
BRDA:44,2,0,12
BRDA:44,2,1,9
BRDA:49,3,0,0
BRDA:49,3,1,9
BRDA:62,4,0,7
BRDA:62,4,1,60
BRDA:88,5,0,2
BRDA:88,5,1,1
BRDA:91,6,0,0
BRDA:91,6,1,1
BRF:13
BRH:11
end_of_record
TN:
SF:utils/cleanup.js
FN:15,cleanupOldFiles
FN:54,(anonymous_1)
FN:116,getCleanupInfo
FN:159,(anonymous_3)
FNF:4
FNH:0
FNDA:0,cleanupOldFiles
FNDA:0,(anonymous_1)
FNDA:0,getCleanupInfo
FNDA:0,(anonymous_3)
DA:1,2
DA:2,2
DA:5,2
DA:16,0
DA:18,0
DA:19,0
DA:20,0
DA:22,0
DA:23,0
DA:24,0
DA:26,0
DA:28,0
DA:29,0
DA:30,0
DA:31,0
DA:32,0
DA:33,0
DA:34,0
DA:35,0
DA:36,0
DA:37,0
DA:38,0
DA:39,0
DA:40,0
DA:43,0
DA:50,0
DA:51,0
DA:52,0
DA:54,0
DA:55,0
DA:56,0
DA:58,0
DA:59,0
DA:62,0
DA:63,0
DA:64,0
DA:65,0
DA:67,0
DA:68,0
DA:69,0
DA:70,0
DA:71,0
DA:73,0
DA:75,0
DA:78,0
DA:83,0
DA:87,0
DA:88,0
DA:90,0
DA:99,0
DA:117,0
DA:119,0
DA:120,0
DA:121,0
DA:123,0
DA:124,0
DA:125,0
DA:127,0
DA:129,0
DA:130,0
DA:131,0
DA:132,0
DA:133,0
DA:134,0
DA:135,0
DA:136,0
DA:137,0
DA:138,0
DA:139,0
DA:140,0
DA:156,0
DA:157,0
DA:158,0
DA:159,0
DA:160,0
DA:161,0
DA:163,0
DA:164,0
DA:167,0
DA:168,0
DA:169,0
DA:170,0
DA:171,0
DA:172,0
DA:173,0
DA:174,0
DA:182,0
DA:183,0
DA:191,0
DA:195,0
DA:202,0
DA:212,2
LF:92
LH:4
BRDA:5,0,0,0
BRDA:5,0,1,2
BRDA:16,1,0,0
BRDA:16,2,0,0
BRDA:16,3,0,0
BRDA:28,4,0,0
BRDA:28,4,1,0
BRDA:30,5,0,0
BRDA:30,5,1,0
BRDA:36,6,0,0
BRDA:36,6,1,0
BRDA:36,7,0,0
BRDA:36,7,1,0
BRDA:50,8,0,0
BRDA:50,8,1,0
BRDA:52,9,0,0
BRDA:52,9,1,0
BRDA:58,10,0,0
BRDA:58,10,1,0
BRDA:58,11,0,0
BRDA:58,11,1,0
BRDA:65,12,0,0
BRDA:65,12,1,0
BRDA:67,13,0,0
BRDA:67,13,1,0
BRDA:73,14,0,0
BRDA:73,14,1,0
BRDA:88,15,0,0
BRDA:88,15,1,0
BRDA:95,16,0,0
BRDA:95,16,1,0
BRDA:117,17,0,0
BRDA:117,18,0,0
BRDA:117,19,0,0
BRDA:129,20,0,0
BRDA:129,20,1,0
BRDA:131,21,0,0
BRDA:131,21,1,0
BRDA:137,22,0,0
BRDA:137,22,1,0
BRDA:137,23,0,0
BRDA:137,23,1,0
BRDA:156,24,0,0
BRDA:156,24,1,0
BRDA:158,25,0,0
BRDA:158,25,1,0
BRDA:163,26,0,0
BRDA:163,26,1,0
BRDA:163,27,0,0
BRDA:163,27,1,0
BRDA:170,28,0,0
BRDA:170,28,1,0
BRDA:171,29,0,0
BRDA:171,29,1,0
BRDA:182,30,0,0
BRDA:182,30,1,0
BRF:56
BRH:1
end_of_record
TN:
SF:utils/cycle-helper.js
FN:8,findOrderCycle
FN:25,findOrderCyclesBatch
FN:31,(anonymous_2)
FN:33,(anonymous_3)
FN:49,(anonymous_4)
FN:69,isActiveCycle
FN:86,isOrderExpired
FNF:7
FNH:7
FNDA:3,findOrderCycle
FNDA:14,findOrderCyclesBatch
FNDA:75,(anonymous_2)
FNDA:75,(anonymous_3)
FNDA:69,(anonymous_4)
FNDA:77,isActiveCycle
FNDA:78,isOrderExpired
DA:1,4
DA:10,3
DA:17,3
DA:26,14
DA:27,2
DA:31,12
DA:32,75
DA:33,12
DA:34,75
DA:36,12
DA:37,12
DA:46,12
DA:47,12
DA:49,75
DA:50,69
DA:51,69
DA:52,69
DA:53,69
DA:55,75
DA:56,63
DA:60,12
DA:70,77
DA:71,13
DA:73,64
DA:74,1
DA:76,63
DA:87,78
DA:89,63
DA:90,63
DA:91,63
DA:92,15
DA:95,3
DA:96,3
DA:97,1
DA:99,2
DA:100,1
DA:102,1
DA:105,12
DA:109,4
LF:39
LH:39
BRDA:26,0,0,2
BRDA:26,0,1,12
BRDA:26,1,0,14
BRDA:26,1,1,13
BRDA:32,2,0,2
BRDA:32,2,1,73
BRDA:34,3,0,2
BRDA:34,3,1,73
BRDA:51,4,0,6
BRDA:51,4,1,63
BRDA:53,5,0,69
BRDA:53,5,1,65
BRDA:55,6,0,63
BRDA:55,6,1,12
BRDA:70,7,0,13
BRDA:70,7,1,64
BRDA:73,8,0,1
BRDA:73,8,1,63
BRDA:87,9,0,63
BRDA:87,9,1,15
BRDA:92,10,0,3
BRDA:92,10,1,12
BRDA:96,11,0,1
BRDA:96,11,1,2
BRDA:96,12,0,3
BRDA:96,12,1,2
BRDA:99,13,0,1
BRDA:99,13,1,1
BRF:28
BRH:28
end_of_record
TN:
SF:utils/email.js
FN:13,getEmailConfig
FN:52,createTransporter
FN:79,sendEmail
FN:100,(anonymous_3)
FN:104,(anonymous_4)
FN:105,(anonymous_5)
FN:151,(anonymous_6)
FN:160,(anonymous_7)
FN:167,(anonymous_8)
FN:172,(anonymous_9)
FN:186,sendCycleExportEmail
FN:235,testEmailConfig
FNF:12
FNH:2
FNDA:12,getEmailConfig
FNDA:0,createTransporter
FNDA:0,sendEmail
FNDA:0,(anonymous_3)
FNDA:0,(anonymous_4)
FNDA:0,(anonymous_5)
FNDA:0,(anonymous_6)
FNDA:0,(anonymous_7)
FNDA:0,(anonymous_8)
FNDA:0,(anonymous_9)
FNDA:12,sendCycleExportEmail
FNDA:0,testEmailConfig
DA:1,1
DA:2,1
DA:3,1
DA:4,1
DA:5,1
DA:8,1
DA:14,12
DA:15,12
DA:16,12
DA:17,12
DA:18,12
DA:19,12
DA:20,12
DA:21,12
DA:22,12
DA:24,12
DA:35,0
DA:36,0
DA:53,0
DA:55,0
DA:56,0
DA:59,0
DA:80,0
DA:81,0
DA:83,0
DA:84,0
DA:85,0
DA:88,0
DA:89,0
DA:90,0
DA:93,0
DA:94,0
DA:95,0
DA:96,0
DA:100,0
DA:101,0
DA:103,0
DA:104,0
DA:105,0
DA:108,0
DA:109,0
DA:111,0
DA:112,0
DA:113,0
DA:117,0
DA:124,0
DA:125,0
DA:126,0
DA:135,0
DA:136,0
DA:137,0
DA:139,0
DA:140,0
DA:141,0
DA:146,0
DA:147,0
DA:151,0
DA:154,0
DA:160,0
DA:165,0
DA:167,0
DA:169,0
DA:172,0
DA:176,0
DA:177,0
DA:187,12
DA:188,12
DA:190,12
DA:191,12
DA:192,12
DA:196,0
DA:197,0
DA:200,0
DA:201,0
DA:202,0
DA:208,0
DA:209,0
DA:210,0
DA:220,0
DA:227,0
DA:228,0
DA:236,0
DA:237,0
DA:239,0
DA:240,0
DA:243,0
DA:244,0
DA:247,0
DA:248,0
DA:249,0
DA:253,0
DA:254,0
DA:257,0
DA:258,0
DA:259,0
DA:267,0
DA:273,0
DA:274,0
DA:278,1
LF:99
LH:22
BRDA:8,0,0,0
BRDA:8,0,1,1
BRDA:26,1,0,12
BRDA:26,1,1,12
BRDA:27,2,0,12
BRDA:27,2,1,12
BRDA:29,3,0,12
BRDA:29,3,1,12
BRDA:30,4,0,12
BRDA:30,4,1,12
BRDA:31,5,0,12
BRDA:31,5,1,12
BRDA:32,6,0,12
BRDA:32,6,1,12
BRDA:55,7,0,0
BRDA:55,7,1,0
BRDA:55,8,0,0
BRDA:55,8,1,0
BRDA:55,8,2,0
BRDA:55,8,3,0
BRDA:83,9,0,0
BRDA:83,9,1,0
BRDA:88,10,0,0
BRDA:88,10,1,0
BRDA:88,11,0,0
BRDA:88,11,1,0
BRDA:94,12,0,0
BRDA:94,12,1,0
BRDA:101,13,0,0
BRDA:101,13,1,0
BRDA:108,14,0,0
BRDA:108,14,1,0
BRDA:111,15,0,0
BRDA:111,15,1,0
BRDA:131,16,0,0
BRDA:131,16,1,0
BRDA:132,17,0,0
BRDA:132,17,1,0
BRDA:146,18,0,0
BRDA:146,18,1,0
BRDA:190,19,0,12
BRDA:190,19,1,0
BRDA:197,20,0,0
BRDA:197,20,1,0
BRDA:201,21,0,0
BRDA:201,21,1,0
BRDA:224,22,0,0
BRDA:224,22,1,0
BRDA:239,23,0,0
BRDA:239,23,1,0
BRDA:243,24,0,0
BRDA:243,24,1,0
BRDA:243,25,0,0
BRDA:243,25,1,0
BRDA:243,25,2,0
BRDA:243,25,3,0
BRDA:243,25,4,0
BRDA:248,26,0,0
BRDA:248,26,1,0
BRDA:254,27,0,0
BRDA:254,27,1,0
BRF:61
BRH:14
end_of_record
TN:
SF:utils/health-check.js
FN:9,performHealthCheck
FN:73,(anonymous_1)
FN:74,(anonymous_2)
FN:75,(anonymous_3)
FNF:4
FNH:4
FNDA:6,performHealthCheck
FNDA:14,(anonymous_1)
FNDA:17,(anonymous_2)
FNDA:16,(anonymous_3)
DA:1,1
DA:2,1
DA:3,1
DA:10,6
DA:17,6
DA:18,6
DA:19,5
DA:21,1
DA:25,6
DA:26,6
DA:27,6
DA:28,5
DA:29,5
DA:32,5
DA:33,1
DA:38,4
DA:44,1
DA:48,6
DA:49,6
DA:50,5
DA:57,5
DA:58,1
DA:63,4
DA:69,1
DA:73,14
DA:74,17
DA:75,16
DA:77,6
DA:78,6
DA:79,1
DA:80,5
DA:81,2
DA:84,6
DA:91,1
LF:34
LH:34
BRDA:32,0,0,1
BRDA:32,0,1,4
BRDA:57,1,0,1
BRDA:57,1,1,4
BRDA:78,2,0,1
BRDA:78,2,1,5
BRDA:80,3,0,2
BRDA:80,3,1,3
BRF:8
BRH:8
end_of_record
TN:
SF:utils/log-helper.js
FN:26,shouldLogDebug
FN:54,shouldLogRequest
FN:58,(anonymous_2)
FN:82,shouldLogPerformance
FN:86,(anonymous_4)
FN:108,clearSettingsCache
FNF:6
FNH:1
FNDA:1,shouldLogDebug
FNDA:0,shouldLogRequest
FNDA:0,(anonymous_2)
FNDA:0,shouldLogPerformance
FNDA:0,(anonymous_4)
FNDA:0,clearSettingsCache
DA:1,1
DA:2,1
DA:5,1
DA:6,1
DA:9,1
DA:17,1
DA:28,1
DA:29,1
DA:30,0
DA:33,1
DA:34,1
DA:37,1
DA:39,1
DA:40,1
DA:43,0
DA:44,0
DA:55,0
DA:58,0
DA:59,0
DA:63,0
DA:64,0
DA:68,0
DA:69,0
DA:73,0
DA:83,0
DA:86,0
DA:87,0
DA:91,0
DA:92,0
DA:96,0
DA:97,0
DA:98,0
DA:102,0
DA:109,0
DA:112,1
LF:35
LH:14
BRDA:29,0,0,0
BRDA:29,0,1,1
BRDA:29,1,0,1
BRDA:29,1,1,0
BRDA:37,2,0,1
BRDA:37,2,1,0
BRDA:39,3,0,0
BRDA:39,3,1,1
BRDA:55,4,0,0
BRDA:55,4,1,0
BRDA:58,5,0,0
BRDA:58,5,1,0
BRDA:63,6,0,0
BRDA:63,6,1,0
BRDA:68,7,0,0
BRDA:68,7,1,0
BRDA:83,8,0,0
BRDA:83,8,1,0
BRDA:86,9,0,0
BRDA:86,9,1,0
BRDA:91,10,0,0
BRDA:91,10,1,0
BRDA:97,11,0,0
BRDA:97,11,1,0
BRF:24
BRH:4
end_of_record
TN:
SF:utils/logger.js
FN:25,(anonymous_0)
FN:88,logAction
FNF:2
FNH:2
FNDA:3,(anonymous_0)
FNDA:2,logAction
DA:1,1
DA:2,1
DA:3,1
DA:4,1
DA:7,1
DA:8,1
DA:9,1
DA:10,0
DA:14,1
DA:22,1
DA:26,3
DA:27,3
DA:28,0
DA:30,3
DA:35,1
DA:43,1
DA:77,1
DA:78,1
DA:89,2
DA:90,2
DA:91,2
DA:105,0
DA:109,1
LF:23
LH:20
BRDA:7,0,0,0
BRDA:7,0,1,1
BRDA:9,1,0,0
BRDA:9,1,1,1
BRDA:27,2,0,0
BRDA:27,2,1,3
BRDA:44,3,0,1
BRDA:44,3,1,1
BRDA:77,4,0,1
BRDA:77,4,1,0
BRDA:99,5,0,0
BRDA:99,5,1,2
BRDA:100,6,0,2
BRDA:100,6,1,0
BRDA:100,7,0,2
BRDA:100,7,1,0
BRDA:101,8,0,2
BRDA:101,8,1,0
BRF:18
BRH:10
end_of_record
TN:
SF:utils/order-helper.js
FN:10,roundAmount
FN:22,calculateItemPrice
FN:188,batchGetToppingProducts
FN:196,(anonymous_3)
FN:215,(anonymous_4)
FN:220,(anonymous_5)
FN:229,(anonymous_6)
FN:234,(anonymous_7)
FN:249,batchGetOrderItems
FN:258,(anonymous_9)
FNF:10
FNH:10
FNDA:534,roundAmount
FNDA:139,calculateItemPrice
FNDA:119,batchGetToppingProducts
FNDA:122,(anonymous_3)
FNDA:114,(anonymous_4)
FNDA:111,(anonymous_5)
FNDA:6,(anonymous_6)
FNDA:6,(anonymous_7)
FNDA:16,batchGetOrderItems
FNDA:76,(anonymous_9)
DA:1,5
DA:2,5
DA:11,534
DA:24,139
DA:25,139
DA:26,139
DA:27,30
DA:28,30
DA:29,28
DA:30,26
DA:31,26
DA:35,2
DA:47,139
DA:48,139
DA:49,139
DA:50,11
DA:51,19
DA:52,19
DA:55,19
DA:57,6
DA:58,6
DA:59,3
DA:62,3
DA:63,3
DA:65,13
DA:67,10
DA:68,10
DA:69,9
DA:71,1
DA:72,1
DA:74,3
DA:76,3
DA:77,3
DA:80,3
DA:81,3
DA:82,3
DA:83,3
DA:87,0
DA:88,0
DA:90,0
DA:91,0
DA:93,0
DA:95,0
DA:96,0
DA:97,0
DA:99,0
DA:100,0
DA:105,16
DA:106,14
DA:107,14
DA:110,2
DA:111,1
DA:113,1
DA:120,1
DA:131,139
DA:134,139
DA:135,139
DA:136,11
DA:137,19
DA:138,19
DA:140,19
DA:143,18
DA:144,3
DA:150,15
DA:151,15
DA:152,12
DA:153,3
DA:154,9
DA:155,9
DA:156,0
DA:157,0
DA:158,0
DA:159,0
DA:160,0
DA:166,15
DA:167,15
DA:175,139
DA:189,119
DA:190,107
DA:194,12
DA:195,12
DA:196,12
DA:197,122
DA:198,113
DA:199,9
DA:200,3
DA:201,6
DA:202,6
DA:203,3
DA:204,3
DA:205,3
DA:210,12
DA:213,12
DA:214,10
DA:215,114
DA:216,10
DA:220,10
DA:222,111
DA:227,12
DA:228,3
DA:229,6
DA:230,3
DA:234,3
DA:236,6
DA:237,6
DA:241,12
DA:250,16
DA:251,2
DA:255,14
DA:258,76
DA:259,14
DA:265,14
DA:266,14
DA:267,12
DA:268,11
DA:270,12
DA:274,14
DA:275,76
DA:276,65
DA:280,14
DA:283,5
LF:121
LH:106
BRDA:11,0,0,534
BRDA:11,0,1,14
BRDA:22,1,0,11
BRDA:26,2,0,30
BRDA:26,2,1,109
BRDA:28,3,0,30
BRDA:28,3,1,0
BRDA:29,4,0,26
BRDA:29,4,1,2
BRDA:49,5,0,11
BRDA:49,5,1,128
BRDA:49,6,0,139
BRDA:49,6,1,138
BRDA:49,6,2,138
BRDA:55,7,0,6
BRDA:55,7,1,13
BRDA:58,8,0,3
BRDA:58,8,1,3
BRDA:58,9,0,6
BRDA:58,9,1,3
BRDA:65,10,0,10
BRDA:65,10,1,3
BRDA:65,11,0,13
BRDA:65,11,1,3
BRDA:65,11,2,0
BRDA:67,12,0,0
BRDA:67,12,1,10
BRDA:68,13,0,9
BRDA:68,13,1,1
BRDA:68,14,0,10
BRDA:68,14,1,10
BRDA:74,15,0,3
BRDA:74,15,1,0
BRDA:74,16,0,3
BRDA:74,16,1,3
BRDA:76,17,0,3
BRDA:76,17,1,0
BRDA:80,18,0,3
BRDA:80,18,1,0
BRDA:80,19,0,3
BRDA:80,19,1,3
BRDA:80,19,2,3
BRDA:87,20,0,0
BRDA:87,20,1,0
BRDA:87,21,0,0
BRDA:87,21,1,0
BRDA:93,22,0,0
BRDA:93,22,1,0
BRDA:95,23,0,0
BRDA:95,23,1,0
BRDA:96,24,0,0
BRDA:96,24,1,0
BRDA:96,25,0,0
BRDA:96,25,1,0
BRDA:105,26,0,14
BRDA:105,26,1,2
BRDA:110,27,0,1
BRDA:110,27,1,1
BRDA:135,28,0,11
BRDA:135,28,1,128
BRDA:135,29,0,139
BRDA:135,29,1,138
BRDA:135,29,2,138
BRDA:140,30,0,1
BRDA:140,30,1,18
BRDA:143,31,0,3
BRDA:143,31,1,15
BRDA:143,32,0,18
BRDA:143,32,1,3
BRDA:143,32,2,3
BRDA:143,32,3,3
BRDA:151,33,0,12
BRDA:151,33,1,3
BRDA:152,34,0,3
BRDA:152,34,1,9
BRDA:152,35,0,12
BRDA:152,35,1,3
BRDA:154,36,0,9
BRDA:154,36,1,0
BRDA:154,37,0,9
BRDA:154,37,1,9
BRDA:156,38,0,0
BRDA:156,38,1,0
BRDA:156,39,0,0
BRDA:156,39,1,0
BRDA:157,40,0,0
BRDA:157,40,1,0
BRDA:157,41,0,0
BRDA:157,41,1,0
BRDA:159,42,0,0
BRDA:159,42,1,0
BRDA:159,43,0,0
BRDA:159,43,1,0
BRDA:166,44,0,12
BRDA:166,44,1,3
BRDA:189,45,0,107
BRDA:189,45,1,12
BRDA:189,46,0,119
BRDA:189,46,1,118
BRDA:197,47,0,113
BRDA:197,47,1,9
BRDA:197,48,0,122
BRDA:197,48,1,17
BRDA:197,48,2,11
BRDA:197,48,3,8
BRDA:198,49,0,8
BRDA:198,49,1,105
BRDA:199,50,0,3
BRDA:199,50,1,6
BRDA:201,51,0,6
BRDA:201,51,1,0
BRDA:201,52,0,6
BRDA:201,52,1,6
BRDA:202,53,0,3
BRDA:202,53,1,3
BRDA:203,54,0,0
BRDA:203,54,1,3
BRDA:204,55,0,3
BRDA:204,55,1,0
BRDA:213,56,0,10
BRDA:213,56,1,2
BRDA:227,57,0,3
BRDA:227,57,1,9
BRDA:250,58,0,2
BRDA:250,58,1,14
BRDA:250,59,0,16
BRDA:250,59,1,15
BRDA:267,60,0,11
BRDA:267,60,1,1
BRDA:275,61,0,65
BRDA:275,61,1,11
BRF:131
BRH:97
end_of_record
TN:
SF:utils/remote-backup.js
FN:24,validateApiToken
FN:43,shouldPushNow
FN:116,scheduleNextPush
FN:196,pushBackupToRemote
FN:256,(anonymous_4)
FN:257,(anonymous_5)
FN:260,(anonymous_6)
FN:264,(anonymous_7)
FN:286,(anonymous_8)
FN:290,(anonymous_9)
FN:333,(anonymous_10)
FN:368,logPushResult
FN:386,getReceivedBackupDir
FNF:13
FNH:0
FNDA:0,validateApiToken
FNDA:0,shouldPushNow
FNDA:0,scheduleNextPush
FNDA:0,pushBackupToRemote
FNDA:0,(anonymous_4)
FNDA:0,(anonymous_5)
FNDA:0,(anonymous_6)
FNDA:0,(anonymous_7)
FNDA:0,(anonymous_8)
FNDA:0,(anonymous_9)
FNDA:0,(anonymous_10)
FNDA:0,logPushResult
FNDA:0,getReceivedBackupDir
DA:1,2
DA:2,2
DA:3,2
DA:4,2
DA:5,2
DA:6,2
DA:7,2
DA:8,2
DA:11,2
DA:12,2
DA:15,2
DA:16,0
DA:25,0
DA:26,0
DA:27,0
DA:28,0
DA:30,0
DA:32,0
DA:33,0
DA:44,0
DA:45,0
DA:48,0
DA:49,0
DA:50,0
DA:51,0
DA:52,0
DA:54,0
DA:57,0
DA:61,0
DA:62,0
DA:63,0
DA:65,0
DA:66,0
DA:67,0
DA:68,0
DA:70,0
DA:72,0
DA:76,0
DA:77,0
DA:79,0
DA:80,0
DA:81,0
DA:82,0
DA:83,0
DA:84,0
DA:86,0
DA:88,0
DA:92,0
DA:93,0
DA:95,0
DA:96,0
DA:97,0
DA:98,0
DA:99,0
DA:100,0
DA:102,0
DA:104,0
DA:107,0
DA:117,0
DA:118,0
DA:121,0
DA:122,0
DA:124,0
DA:127,0
DA:128,0
DA:129,0
DA:130,0
DA:131,0
DA:134,0
DA:135,0
DA:136,0
DA:137,0
DA:138,0
DA:139,0
DA:140,0
DA:141,0
DA:143,0
DA:146,0
DA:147,0
DA:149,0
DA:150,0
DA:151,0
DA:153,0
DA:154,0
DA:155,0
DA:156,0
DA:157,0
DA:158,0
DA:161,0
DA:162,0
DA:163,0
DA:164,0
DA:165,0
DA:167,0
DA:170,0
DA:171,0
DA:173,0
DA:174,0
DA:175,0
DA:176,0
DA:177,0
DA:178,0
DA:179,0
DA:180,0
DA:182,0
DA:185,0
DA:197,0
DA:198,0
DA:199,0
DA:201,0
DA:203,0
DA:204,0
DA:205,0
DA:206,0
DA:211,0
DA:212,0
DA:216,0
DA:217,0
DA:223,0
DA:224,0
DA:227,0
DA:228,0
DA:234,0
DA:235,0
DA:236,0
DA:239,0
DA:242,0
DA:256,0
DA:257,0
DA:258,0
DA:260,0
DA:261,0
DA:264,0
DA:265,0
DA:266,0
DA:267,0
DA:268,0
DA:274,0
DA:281,0
DA:286,0
DA:287,0
DA:290,0
DA:291,0
DA:292,0
DA:295,0
DA:299,0
DA:302,0
DA:303,0
DA:304,0
DA:306,0
DA:310,0
DA:318,0
DA:319,0
DA:322,0
DA:323,0
DA:325,0
DA:333,0
DA:335,0
DA:338,0
DA:341,0
DA:342,0
DA:343,0
DA:345,0
DA:349,0
DA:369,0
DA:370,0
DA:375,0
DA:377,0
DA:378,0
DA:387,0
DA:390,2
LF:171
LH:12
BRDA:11,0,0,0
BRDA:11,0,1,2
BRDA:15,1,0,0
BRDA:15,1,1,2
BRDA:27,2,0,0
BRDA:27,2,1,0
BRDA:27,3,0,0
BRDA:27,3,1,0
BRDA:43,4,0,0
BRDA:44,5,0,0
BRDA:44,5,1,0
BRDA:44,6,0,0
BRDA:44,6,1,0
BRDA:54,7,0,0
BRDA:54,7,1,0
BRDA:54,7,2,0
BRDA:54,7,3,0
BRDA:54,7,4,0
BRDA:61,8,0,0
BRDA:61,8,1,0
BRDA:63,9,0,0
BRDA:63,9,1,0
BRDA:63,10,0,0
BRDA:63,10,1,0
BRDA:65,11,0,0
BRDA:65,11,1,0
BRDA:76,12,0,0
BRDA:76,12,1,0
BRDA:76,13,0,0
BRDA:76,13,1,0
BRDA:76,13,2,0
BRDA:80,14,0,0
BRDA:80,14,1,0
BRDA:80,15,0,0
BRDA:80,15,1,0
BRDA:80,15,2,0
BRDA:81,16,0,0
BRDA:81,16,1,0
BRDA:92,17,0,0
BRDA:92,17,1,0
BRDA:92,18,0,0
BRDA:92,18,1,0
BRDA:92,18,2,0
BRDA:96,19,0,0
BRDA:96,19,1,0
BRDA:96,20,0,0
BRDA:96,20,1,0
BRDA:96,20,2,0
BRDA:97,21,0,0
BRDA:97,21,1,0
BRDA:117,22,0,0
BRDA:117,22,1,0
BRDA:117,23,0,0
BRDA:117,23,1,0
BRDA:124,24,0,0
BRDA:124,24,1,0
BRDA:124,24,2,0
BRDA:124,24,3,0
BRDA:124,24,4,0
BRDA:134,25,0,0
BRDA:134,25,1,0
BRDA:140,26,0,0
BRDA:140,26,1,0
BRDA:146,27,0,0
BRDA:146,27,1,0
BRDA:146,28,0,0
BRDA:146,28,1,0
BRDA:146,28,2,0
BRDA:151,29,0,0
BRDA:151,29,1,0
BRDA:157,30,0,0
BRDA:157,30,1,0
BRDA:170,31,0,0
BRDA:170,31,1,0
BRDA:170,32,0,0
BRDA:170,32,1,0
BRDA:170,32,2,0
BRDA:179,33,0,0
BRDA:179,33,1,0
BRDA:196,34,0,0
BRDA:196,35,0,0
BRDA:203,36,0,0
BRDA:203,36,1,0
BRDA:205,37,0,0
BRDA:205,37,1,0
BRDA:216,38,0,0
BRDA:216,38,1,0
BRDA:236,39,0,0
BRDA:236,39,1,0
BRDA:239,40,0,0
BRDA:239,40,1,0
BRDA:244,41,0,0
BRDA:244,41,1,0
BRDA:244,42,0,0
BRDA:244,42,1,0
BRDA:265,43,0,0
BRDA:265,43,1,0
BRDA:265,44,0,0
BRDA:265,44,1,0
BRDA:269,45,0,0
BRDA:269,45,1,0
BRDA:270,46,0,0
BRDA:270,46,1,0
BRDA:302,47,0,0
BRDA:302,47,1,0
BRDA:302,48,0,0
BRDA:302,48,1,0
BRDA:318,49,0,0
BRDA:318,49,1,0
BRDA:319,50,0,0
BRDA:319,50,1,0
BRDA:322,51,0,0
BRDA:322,51,1,0
BRDA:341,52,0,0
BRDA:341,52,1,0
BRDA:341,53,0,0
BRDA:341,53,1,0
BRDA:341,53,2,0
BRF:118
BRH:2
end_of_record
TN:
SF:utils/scheduler.js
FN:10,startScheduler
FN:19,startRemoteBackupScheduler
FN:21,(anonymous_2)
FN:52,(anonymous_3)
FN:59,(anonymous_4)
FN:82,stopScheduler
FNF:6
FNH:0
FNDA:0,startScheduler
FNDA:0,startRemoteBackupScheduler
FNDA:0,(anonymous_2)
FNDA:0,(anonymous_3)
FNDA:0,(anonymous_4)
FNDA:0,stopScheduler
DA:2,0
DA:3,0
DA:4,0
DA:6,0
DA:7,0
DA:12,0
DA:15,0
DA:21,0
DA:22,0
DA:24,0
DA:29,0
DA:30,0
DA:32,0
DA:39,0
DA:42,0
DA:43,0
DA:51,0
DA:53,0
DA:60,0
DA:67,0
DA:74,0
DA:78,0
DA:83,0
DA:84,0
DA:85,0
DA:86,0
DA:89,0
DA:90,0
DA:91,0
DA:92,0
DA:96,0
LF:31
LH:0
BRDA:39,0,0,0
BRDA:39,0,1,0
BRDA:42,1,0,0
BRDA:42,1,1,0
BRDA:83,2,0,0
BRDA:83,2,1,0
BRDA:89,3,0,0
BRDA:89,3,1,0
BRF:8
BRH:0
end_of_record
TN:
SF:utils/session-config.js
FN:12,getAdminSessionTimeout
FN:31,getUserSessionTimeout
FN:50,getAdminSessionTimeoutMs
FN:59,getUserSessionTimeoutMs
FNF:4
FNH:4
FNDA:269,getAdminSessionTimeout
FNDA:202,getUserSessionTimeout
FNDA:269,getAdminSessionTimeoutMs
FNDA:202,getUserSessionTimeoutMs
DA:1,4
DA:2,4
DA:5,4
DA:6,4
DA:13,269
DA:14,269
DA:15,269
DA:16,0
DA:17,0
DA:18,0
DA:22,0
DA:24,269
DA:32,202
DA:33,202
DA:34,202
DA:35,0
DA:36,0
DA:37,0
DA:41,0
DA:43,202
DA:51,269
DA:52,269
DA:60,202
DA:61,202
DA:64,4
LF:25
LH:17
BRDA:15,0,0,0
BRDA:15,0,1,269
BRDA:15,1,0,269
BRDA:15,1,1,0
BRDA:17,2,0,0
BRDA:17,2,1,0
BRDA:34,3,0,0
BRDA:34,3,1,202
BRDA:34,4,0,202
BRDA:34,4,1,0
BRDA:36,5,0,0
BRDA:36,5,1,0
BRF:12
BRH:4
end_of_record
TN:
SF:utils/sms.js
FN:11,initTwilioClient
FN:46,formatPhoneNumber
FN:77,generateCode
FN:87,sendVerificationCodeViaVerifyService
FN:168,sendVerificationCode
FN:226,verifyCodeViaVerifyService
FNF:6
FNH:4
FNDA:4,initTwilioClient
FNDA:4,formatPhoneNumber
FNDA:4,generateCode
FNDA:0,sendVerificationCodeViaVerifyService
FNDA:4,sendVerificationCode
FNDA:0,verifyCodeViaVerifyService
DA:1,4
DA:2,4
DA:3,4
DA:5,4
DA:12,4
DA:13,0
DA:16,4
DA:18,4
DA:19,4
DA:21,4
DA:22,4
DA:23,4
DA:27,0
DA:28,0
DA:30,0
DA:31,0
DA:33,0
DA:34,0
DA:36,0
DA:37,0
DA:48,4
DA:51,4
DA:53,4
DA:54,4
DA:57,0
DA:58,0
DA:61,0
DA:62,0
DA:66,0
DA:70,4
DA:78,4
DA:88,0
DA:89,0
DA:90,0
DA:92,0
DA:93,0
DA:95,0
DA:96,0
DA:97,0
DA:103,0
DA:109,0
DA:110,0
DA:117,0
DA:125,0
DA:131,0
DA:137,0
DA:146,0
DA:147,0
DA:148,0
DA:149,0
DA:150,0
DA:151,0
DA:152,0
DA:155,0
DA:169,4
DA:170,4
DA:171,4
DA:174,4
DA:175,4
DA:178,4
DA:179,4
DA:184,4
DA:188,0
DA:189,0
DA:191,0
DA:192,0
DA:193,0
DA:197,0
DA:203,0
DA:208,0
DA:210,0
DA:215,0
DA:227,0
DA:228,0
DA:229,0
DA:231,0
DA:232,0
DA:240,0
DA:248,0
DA:249,0
DA:253,0
DA:258,0
DA:262,0
DA:268,0
DA:273,0
DA:280,4
LF:86
LH:26
BRDA:12,0,0,0
BRDA:12,0,1,4
BRDA:21,1,0,4
BRDA:21,1,1,0
BRDA:21,2,0,4
BRDA:21,2,1,0
BRDA:21,2,2,0
BRDA:21,2,3,0
BRDA:30,3,0,0
BRDA:30,3,1,0
BRDA:31,4,0,0
BRDA:31,4,1,0
BRDA:51,5,0,4
BRDA:51,5,1,0
BRDA:53,6,0,4
BRDA:53,6,1,0
BRDA:53,7,0,4
BRDA:53,7,1,4
BRDA:57,8,0,0
BRDA:57,8,1,0
BRDA:61,9,0,0
BRDA:61,9,1,0
BRDA:92,10,0,0
BRDA:92,10,1,0
BRDA:95,11,0,0
BRDA:95,11,1,0
BRDA:109,12,0,0
BRDA:109,12,1,0
BRDA:109,13,0,0
BRDA:109,13,1,0
BRDA:147,14,0,0
BRDA:147,14,1,0
BRDA:149,15,0,0
BRDA:149,15,1,0
BRDA:151,16,0,0
BRDA:151,16,1,0
BRDA:175,17,0,4
BRDA:175,17,1,4
BRDA:178,18,0,4
BRDA:178,18,1,0
BRDA:178,19,0,4
BRDA:178,19,1,0
BRDA:178,19,2,0
BRDA:182,20,0,1
BRDA:182,20,1,3
BRDA:182,21,0,3
BRDA:182,21,1,0
BRDA:189,22,0,0
BRDA:189,22,1,0
BRDA:189,22,2,0
BRDA:191,23,0,0
BRDA:191,23,1,0
BRDA:231,24,0,0
BRDA:231,24,1,0
BRDA:248,25,0,0
BRDA:248,25,1,0
BRDA:275,26,0,0
BRDA:275,26,1,0
BRF:58
BRH:14
end_of_record
TN:
SF:utils/verification.js
FN:11,createVerificationCode
FN:107,verifyCode
FN:196,cleanExpiredCodes
FNF:3
FNH:2
FNDA:4,createVerificationCode
FNDA:3,verifyCode
FNDA:0,cleanExpiredCodes
DA:1,4
DA:2,4
DA:3,4
DA:12,4
DA:14,4
DA:15,4
DA:17,4
DA:19,0
DA:21,0
DA:25,0
DA:31,0
DA:32,0
DA:38,0
DA:47,4
DA:48,4
DA:55,4
DA:56,0
DA:63,4
DA:66,4
DA:69,4
DA:76,4
DA:78,4
DA:79,0
DA:84,4
DA:86,4
DA:92,0
DA:93,0
DA:108,3
DA:110,3
DA:111,3
DA:113,3
DA:115,0
DA:117,0
DA:120,0
DA:127,0
DA:128,0
DA:135,0
DA:140,3
DA:147,3
DA:148,1
DA:149,1
DA:156,2
DA:157,2
DA:158,2
DA:159,0
DA:161,0
DA:165,0
DA:172,2
DA:177,2
DA:179,2
DA:184,0
DA:185,0
DA:197,0
DA:198,0
DA:199,0
DA:203,0
DA:204,0
DA:206,0
DA:207,0
DA:211,4
LF:60
LH:32
BRDA:11,0,0,0
BRDA:15,1,0,4
BRDA:15,1,1,0
BRDA:15,1,2,0
BRDA:17,2,0,0
BRDA:17,2,1,4
BRDA:21,3,0,0
BRDA:21,3,1,0
BRDA:28,4,0,0
BRDA:28,4,1,0
BRDA:55,5,0,0
BRDA:55,5,1,4
BRDA:78,6,0,0
BRDA:78,6,1,4
BRDA:88,7,0,4
BRDA:88,7,1,0
BRDA:107,8,0,0
BRDA:111,9,0,3
BRDA:111,9,1,0
BRDA:111,9,2,0
BRDA:113,10,0,0
BRDA:113,10,1,3
BRDA:117,11,0,0
BRDA:117,11,1,0
BRDA:127,12,0,0
BRDA:127,12,1,0
BRDA:147,13,0,1
BRDA:147,13,1,2
BRDA:158,14,0,0
BRDA:158,14,1,2
BRF:30
BRH:10
end_of_record
