TN:
SF:middleware/auth.js
FN:2,checkSessionExpiry
FN:52,requireAuth
FN:66,requireRole
FN:67,(anonymous_3)
FN:87,requireUserAuth
FNF:5
FNH:5
FNDA:209,checkSessionExpiry
FNDA:128,requireAuth
FNDA:4,requireRole
FNDA:4,(anonymous_3)
FNDA:81,requireUserAuth
DA:3,209
DA:5,208
DA:6,208
DA:9,208
DA:10,208
DA:13,208
DA:14,1
DA:15,1
DA:16,1
DA:17,1
DA:19,0
DA:20,0
DA:21,0
DA:22,0
DA:23,0
DA:24,0
DA:30,208
DA:31,1
DA:32,1
DA:33,1
DA:34,1
DA:36,0
DA:37,0
DA:38,0
DA:39,0
DA:40,0
DA:46,208
DA:47,0
DA:54,128
DA:56,128
DA:57,127
DA:62,1
DA:67,4
DA:68,4
DA:69,1
DA:75,3
DA:76,1
DA:82,2
DA:89,81
DA:92,81
DA:93,80
DA:98,1
DA:101,4
LF:43
LH:31
BRDA:3,0,0,1
BRDA:3,0,1,208
BRDA:9,1,0,208
BRDA:9,1,1,208
BRDA:10,2,0,208
BRDA:10,2,1,208
BRDA:13,3,0,1
BRDA:13,3,1,207
BRDA:14,4,0,1
BRDA:14,4,1,0
BRDA:15,5,0,1
BRDA:15,5,1,0
BRDA:17,6,0,0
BRDA:17,6,1,1
BRDA:30,7,0,1
BRDA:30,7,1,207
BRDA:31,8,0,1
BRDA:31,8,1,0
BRDA:32,9,0,1
BRDA:32,9,1,0
BRDA:34,10,0,0
BRDA:34,10,1,1
BRDA:46,11,0,0
BRDA:46,11,1,208
BRDA:46,12,0,208
BRDA:46,12,1,207
BRDA:46,12,2,206
BRDA:56,13,0,127
BRDA:56,13,1,1
BRDA:56,14,0,128
BRDA:56,14,1,127
BRDA:66,15,0,0
BRDA:68,16,0,1
BRDA:68,16,1,3
BRDA:68,17,0,4
BRDA:68,17,1,4
BRDA:75,18,0,1
BRDA:75,18,1,2
BRDA:75,19,0,3
BRDA:75,19,1,2
BRDA:92,20,0,80
BRDA:92,20,1,1
BRDA:92,21,0,81
BRDA:92,21,1,81
BRDA:92,21,2,80
BRF:45
BRH:37
end_of_record
TN:
SF:middleware/monitoring.js
FN:5,monitoringMiddleware
FN:10,(anonymous_1)
FNF:2
FNH:2
FNDA:8,monitoringMiddleware
FNDA:13,(anonymous_1)
DA:1,1
DA:2,1
DA:6,8
DA:7,8
DA:10,8
DA:11,13
DA:12,13
DA:13,13
DA:16,13
DA:18,13
DA:20,13
DA:31,13
DA:32,1
DA:42,8
DA:45,1
LF:15
LH:15
BRDA:18,0,0,13
BRDA:18,0,1,0
BRDA:27,1,0,13
BRDA:27,1,1,2
BRDA:31,2,0,1
BRDA:31,2,1,12
BRF:6
BRH:5
end_of_record
TN:
SF:middleware/remote-backup-auth.js
FN:8,requireRemoteBackupAuth
FNF:1
FNH:0
FNDA:0,requireRemoteBackupAuth
DA:1,2
DA:2,2
DA:9,0
DA:10,0
DA:12,0
DA:13,0
DA:17,0
DA:23,0
DA:25,0
DA:26,0
DA:30,0
DA:37,0
DA:39,0
DA:44,0
DA:51,2
LF:15
LH:3
BRDA:10,0,0,0
BRDA:10,0,1,0
BRDA:12,1,0,0
BRDA:12,1,1,0
BRDA:25,2,0,0
BRDA:25,2,1,0
BRF:6
BRH:0
end_of_record
TN:
SF:middleware/validation.js
FN:4,validate
FNF:1
FNH:1
FNDA:187,validate
DA:1,5
DA:5,187
DA:6,187
DA:7,62
DA:13,125
DA:17,5
DA:25,5
DA:37,5
DA:53,5
DA:62,5
DA:77,5
DA:92,5
DA:99,5
LF:13
LH:13
BRDA:6,0,0,62
BRDA:6,0,1,125
BRF:2
BRH:2
end_of_record
TN:
SF:routes/admin.js
FN:41,clearRelatedCache
FN:55,(anonymous_1)
FN:62,(anonymous_2)
FN:71,(anonymous_3)
FN:81,(anonymous_4)
FN:193,(anonymous_5)
FN:200,(anonymous_6)
FN:209,(anonymous_7)
FN:222,compressProductImage
FN:272,(anonymous_9)
FN:285,(anonymous_10)
FN:307,(anonymous_11)
FN:330,(anonymous_12)
FN:363,(anonymous_13)
FN:395,(anonymous_14)
FN:503,(anonymous_15)
FN:615,(anonymous_16)
FN:658,(anonymous_17)
FN:718,(anonymous_18)
FN:853,(anonymous_19)
FN:867,(anonymous_20)
FN:909,(anonymous_21)
FN:913,(anonymous_22)
FN:924,(anonymous_23)
FN:1035,(anonymous_24)
FN:1097,(anonymous_25)
FN:1189,(anonymous_26)
FN:1217,(anonymous_27)
FN:1238,(anonymous_28)
FN:1287,(anonymous_29)
FN:1339,(anonymous_30)
FN:1394,(anonymous_31)
FN:1479,(anonymous_32)
FN:1501,(anonymous_33)
FN:1555,(anonymous_34)
FN:1602,(anonymous_35)
FN:1656,(anonymous_36)
FN:1704,(anonymous_37)
FN:1764,(anonymous_38)
FN:1848,(anonymous_39)
FN:1852,(anonymous_40)
FN:1857,(anonymous_41)
FN:1858,(anonymous_42)
FN:1863,(anonymous_43)
FN:1868,(anonymous_44)
FN:1928,(anonymous_45)
FN:1947,(anonymous_46)
FN:1993,archiveOldCycles
FN:2066,(anonymous_48)
FN:2067,(anonymous_49)
FN:2072,(anonymous_50)
FN:2077,(anonymous_51)
FN:2166,(anonymous_52)
FN:2174,(anonymous_53)
FN:2268,(anonymous_54)
FN:2290,getBaseUrl
FN:2339,(anonymous_56)
FN:2388,(anonymous_57)
FN:2464,(anonymous_58)
FN:2478,(anonymous_59)
FN:2525,(anonymous_60)
FN:2746,(anonymous_61)
FN:2897,generateCycleExcelFile
FN:2953,(anonymous_63)
FN:2967,(anonymous_64)
FN:3013,(anonymous_65)
FN:3228,(anonymous_66)
FN:3271,(anonymous_67)
FN:3356,(anonymous_68)
FN:3392,(anonymous_69)
FN:3403,(anonymous_70)
FN:3434,(anonymous_71)
FN:3469,(anonymous_72)
FN:3542,(anonymous_73)
FN:3620,(anonymous_74)
FN:3688,(anonymous_75)
FN:3777,(anonymous_76)
FN:3862,(anonymous_77)
FN:3967,(anonymous_78)
FN:4036,(anonymous_79)
FN:4133,(anonymous_80)
FN:4171,(anonymous_81)
FN:4234,(anonymous_82)
FN:4246,(anonymous_83)
FN:4305,(anonymous_84)
FN:4325,(anonymous_85)
FN:4350,(anonymous_86)
FN:4379,(anonymous_87)
FN:4430,requireSuperAdmin
FN:4449,(anonymous_89)
FN:4456,(anonymous_90)
FN:4515,(anonymous_91)
FN:4570,(anonymous_92)
FN:4648,(anonymous_93)
FN:4686,(anonymous_94)
FN:4763,(anonymous_95)
FN:4933,(anonymous_96)
FN:4963,(anonymous_97)
FN:4964,(anonymous_98)
FN:4965,(anonymous_99)
FN:4978,(anonymous_100)
FN:4987,(anonymous_101)
FN:5011,(anonymous_102)
FN:5030,(anonymous_103)
FN:5053,(anonymous_104)
FN:5065,(anonymous_105)
FN:5087,(anonymous_106)
FN:5088,(anonymous_107)
FN:5089,(anonymous_108)
FN:5101,(anonymous_109)
FN:5102,(anonymous_110)
FN:5105,(anonymous_111)
FN:5107,(anonymous_112)
FN:5139,getProjectRoot
FN:5145,isPathSafe
FN:5152,(anonymous_115)
FN:5175,(anonymous_116)
FN:5191,(anonymous_117)
FN:5210,(anonymous_118)
FN:5266,(anonymous_119)
FN:5303,(anonymous_120)
FN:5326,(anonymous_121)
FN:5352,(anonymous_122)
FN:5397,(anonymous_123)
FN:5443,getMimeType
FN:5468,(anonymous_125)
FN:5515,(anonymous_126)
FN:5572,(anonymous_127)
FN:5613,(anonymous_128)
FN:5629,(anonymous_129)
FN:5646,(anonymous_130)
FN:5692,(anonymous_131)
FN:5693,(anonymous_132)
FN:5722,(anonymous_133)
FN:5723,(anonymous_134)
FN:5748,(anonymous_135)
FN:5763,(anonymous_136)
FN:5791,(anonymous_137)
FN:5800,(anonymous_138)
FN:5842,(anonymous_139)
FN:5955,(anonymous_140)
FN:6019,(anonymous_141)
FN:6186,(anonymous_142)
FN:6198,(anonymous_143)
FN:6219,(anonymous_144)
FN:6254,(anonymous_145)
FN:6260,(anonymous_146)
FN:6281,(anonymous_147)
FN:6324,(anonymous_148)
FN:6371,(anonymous_149)
FN:6413,(anonymous_150)
FN:6420,(anonymous_151)
FN:6437,(anonymous_152)
FN:6447,(anonymous_153)
FN:6456,(anonymous_154)
FN:6481,(anonymous_155)
FN:6601,(anonymous_156)
FN:6628,(anonymous_157)
FN:6678,(anonymous_158)
FN:6683,(anonymous_159)
FN:6701,(anonymous_160)
FN:6752,(anonymous_161)
FN:6815,(anonymous_162)
FN:6850,(anonymous_163)
FN:6864,(anonymous_164)
FN:6867,(anonymous_165)
FN:6893,(anonymous_166)
FN:6927,(anonymous_167)
FN:6978,(anonymous_168)
FN:7012,(anonymous_169)
FN:7020,(anonymous_170)
FN:7038,(anonymous_171)
FN:7130,getLogTimestamp
FN:7140,addTimestampedLog
FN:7156,(anonymous_174)
FN:7212,(anonymous_175)
FN:7227,(anonymous_176)
FN:7250,(anonymous_177)
FN:7281,(anonymous_178)
FN:7320,(anonymous_179)
FN:7328,(anonymous_180)
FN:7451,(anonymous_181)
FN:7456,(anonymous_182)
FN:7457,(anonymous_183)
FN:7469,(anonymous_184)
FN:7538,(anonymous_185)
FN:7598,(anonymous_186)
FN:7623,(anonymous_187)
FN:7639,(anonymous_188)
FN:7656,(anonymous_189)
FN:7762,(anonymous_190)
FN:7773,(anonymous_191)
FN:7787,(anonymous_192)
FN:7803,(anonymous_193)
FN:7817,(anonymous_194)
FN:7818,(anonymous_195)
FN:7835,(anonymous_196)
FN:7867,(anonymous_197)
FN:7914,(anonymous_198)
FN:7948,(anonymous_199)
FN:7953,(anonymous_200)
FN:7976,(anonymous_201)
FN:8043,(anonymous_202)
FN:8112,(anonymous_203)
FN:8148,(anonymous_204)
FN:8181,(anonymous_205)
FNF:206
FNH:0
FNDA:0,clearRelatedCache
FNDA:0,(anonymous_1)
FNDA:0,(anonymous_2)
FNDA:0,(anonymous_3)
FNDA:0,(anonymous_4)
FNDA:0,(anonymous_5)
FNDA:0,(anonymous_6)
FNDA:0,(anonymous_7)
FNDA:0,compressProductImage
FNDA:0,(anonymous_9)
FNDA:0,(anonymous_10)
FNDA:0,(anonymous_11)
FNDA:0,(anonymous_12)
FNDA:0,(anonymous_13)
FNDA:0,(anonymous_14)
FNDA:0,(anonymous_15)
FNDA:0,(anonymous_16)
FNDA:0,(anonymous_17)
FNDA:0,(anonymous_18)
FNDA:0,(anonymous_19)
FNDA:0,(anonymous_20)
FNDA:0,(anonymous_21)
FNDA:0,(anonymous_22)
FNDA:0,(anonymous_23)
FNDA:0,(anonymous_24)
FNDA:0,(anonymous_25)
FNDA:0,(anonymous_26)
FNDA:0,(anonymous_27)
FNDA:0,(anonymous_28)
FNDA:0,(anonymous_29)
FNDA:0,(anonymous_30)
FNDA:0,(anonymous_31)
FNDA:0,(anonymous_32)
FNDA:0,(anonymous_33)
FNDA:0,(anonymous_34)
FNDA:0,(anonymous_35)
FNDA:0,(anonymous_36)
FNDA:0,(anonymous_37)
FNDA:0,(anonymous_38)
FNDA:0,(anonymous_39)
FNDA:0,(anonymous_40)
FNDA:0,(anonymous_41)
FNDA:0,(anonymous_42)
FNDA:0,(anonymous_43)
FNDA:0,(anonymous_44)
FNDA:0,(anonymous_45)
FNDA:0,(anonymous_46)
FNDA:0,archiveOldCycles
FNDA:0,(anonymous_48)
FNDA:0,(anonymous_49)
FNDA:0,(anonymous_50)
FNDA:0,(anonymous_51)
FNDA:0,(anonymous_52)
FNDA:0,(anonymous_53)
FNDA:0,(anonymous_54)
FNDA:0,getBaseUrl
FNDA:0,(anonymous_56)
FNDA:0,(anonymous_57)
FNDA:0,(anonymous_58)
FNDA:0,(anonymous_59)
FNDA:0,(anonymous_60)
FNDA:0,(anonymous_61)
FNDA:0,generateCycleExcelFile
FNDA:0,(anonymous_63)
FNDA:0,(anonymous_64)
FNDA:0,(anonymous_65)
FNDA:0,(anonymous_66)
FNDA:0,(anonymous_67)
FNDA:0,(anonymous_68)
FNDA:0,(anonymous_69)
FNDA:0,(anonymous_70)
FNDA:0,(anonymous_71)
FNDA:0,(anonymous_72)
FNDA:0,(anonymous_73)
FNDA:0,(anonymous_74)
FNDA:0,(anonymous_75)
FNDA:0,(anonymous_76)
FNDA:0,(anonymous_77)
FNDA:0,(anonymous_78)
FNDA:0,(anonymous_79)
FNDA:0,(anonymous_80)
FNDA:0,(anonymous_81)
FNDA:0,(anonymous_82)
FNDA:0,(anonymous_83)
FNDA:0,(anonymous_84)
FNDA:0,(anonymous_85)
FNDA:0,(anonymous_86)
FNDA:0,(anonymous_87)
FNDA:0,requireSuperAdmin
FNDA:0,(anonymous_89)
FNDA:0,(anonymous_90)
FNDA:0,(anonymous_91)
FNDA:0,(anonymous_92)
FNDA:0,(anonymous_93)
FNDA:0,(anonymous_94)
FNDA:0,(anonymous_95)
FNDA:0,(anonymous_96)
FNDA:0,(anonymous_97)
FNDA:0,(anonymous_98)
FNDA:0,(anonymous_99)
FNDA:0,(anonymous_100)
FNDA:0,(anonymous_101)
FNDA:0,(anonymous_102)
FNDA:0,(anonymous_103)
FNDA:0,(anonymous_104)
FNDA:0,(anonymous_105)
FNDA:0,(anonymous_106)
FNDA:0,(anonymous_107)
FNDA:0,(anonymous_108)
FNDA:0,(anonymous_109)
FNDA:0,(anonymous_110)
FNDA:0,(anonymous_111)
FNDA:0,(anonymous_112)
FNDA:0,getProjectRoot
FNDA:0,isPathSafe
FNDA:0,(anonymous_115)
FNDA:0,(anonymous_116)
FNDA:0,(anonymous_117)
FNDA:0,(anonymous_118)
FNDA:0,(anonymous_119)
FNDA:0,(anonymous_120)
FNDA:0,(anonymous_121)
FNDA:0,(anonymous_122)
FNDA:0,(anonymous_123)
FNDA:0,getMimeType
FNDA:0,(anonymous_125)
FNDA:0,(anonymous_126)
FNDA:0,(anonymous_127)
FNDA:0,(anonymous_128)
FNDA:0,(anonymous_129)
FNDA:0,(anonymous_130)
FNDA:0,(anonymous_131)
FNDA:0,(anonymous_132)
FNDA:0,(anonymous_133)
FNDA:0,(anonymous_134)
FNDA:0,(anonymous_135)
FNDA:0,(anonymous_136)
FNDA:0,(anonymous_137)
FNDA:0,(anonymous_138)
FNDA:0,(anonymous_139)
FNDA:0,(anonymous_140)
FNDA:0,(anonymous_141)
FNDA:0,(anonymous_142)
FNDA:0,(anonymous_143)
FNDA:0,(anonymous_144)
FNDA:0,(anonymous_145)
FNDA:0,(anonymous_146)
FNDA:0,(anonymous_147)
FNDA:0,(anonymous_148)
FNDA:0,(anonymous_149)
FNDA:0,(anonymous_150)
FNDA:0,(anonymous_151)
FNDA:0,(anonymous_152)
FNDA:0,(anonymous_153)
FNDA:0,(anonymous_154)
FNDA:0,(anonymous_155)
FNDA:0,(anonymous_156)
FNDA:0,(anonymous_157)
FNDA:0,(anonymous_158)
FNDA:0,(anonymous_159)
FNDA:0,(anonymous_160)
FNDA:0,(anonymous_161)
FNDA:0,(anonymous_162)
FNDA:0,(anonymous_163)
FNDA:0,(anonymous_164)
FNDA:0,(anonymous_165)
FNDA:0,(anonymous_166)
FNDA:0,(anonymous_167)
FNDA:0,(anonymous_168)
FNDA:0,(anonymous_169)
FNDA:0,(anonymous_170)
FNDA:0,(anonymous_171)
FNDA:0,getLogTimestamp
FNDA:0,addTimestampedLog
FNDA:0,(anonymous_174)
FNDA:0,(anonymous_175)
FNDA:0,(anonymous_176)
FNDA:0,(anonymous_177)
FNDA:0,(anonymous_178)
FNDA:0,(anonymous_179)
FNDA:0,(anonymous_180)
FNDA:0,(anonymous_181)
FNDA:0,(anonymous_182)
FNDA:0,(anonymous_183)
FNDA:0,(anonymous_184)
FNDA:0,(anonymous_185)
FNDA:0,(anonymous_186)
FNDA:0,(anonymous_187)
FNDA:0,(anonymous_188)
FNDA:0,(anonymous_189)
FNDA:0,(anonymous_190)
FNDA:0,(anonymous_191)
FNDA:0,(anonymous_192)
FNDA:0,(anonymous_193)
FNDA:0,(anonymous_194)
FNDA:0,(anonymous_195)
FNDA:0,(anonymous_196)
FNDA:0,(anonymous_197)
FNDA:0,(anonymous_198)
FNDA:0,(anonymous_199)
FNDA:0,(anonymous_200)
FNDA:0,(anonymous_201)
FNDA:0,(anonymous_202)
FNDA:0,(anonymous_203)
FNDA:0,(anonymous_204)
FNDA:0,(anonymous_205)
DA:1,2
DA:2,2
DA:3,2
DA:4,2
DA:5,2
DA:6,2
DA:7,2
DA:10,2
DA:11,2
DA:12,2
DA:18,2
DA:19,2
DA:20,2
DA:21,2
DA:22,2
DA:23,2
DA:24,2
DA:25,2
DA:26,2
DA:27,2
DA:28,2
DA:29,2
DA:35,2
DA:36,2
DA:38,2
DA:42,0
DA:43,0
DA:44,0
DA:53,2
DA:56,0
DA:57,0
DA:58,0
DA:60,0
DA:64,0
DA:65,0
DA:66,0
DA:67,0
DA:73,0
DA:74,0
DA:76,0
DA:81,2
DA:82,0
DA:83,0
DA:84,0
DA:90,0
DA:91,0
DA:92,0
DA:93,0
DA:96,0
DA:97,0
DA:98,0
DA:99,0
DA:101,0
DA:102,0
DA:109,0
DA:116,0
DA:117,0
DA:119,0
DA:120,0
DA:122,0
DA:124,0
DA:125,0
DA:126,0
DA:128,0
DA:130,0
DA:131,0
DA:138,0
DA:146,0
DA:147,0
DA:153,0
DA:157,0
DA:165,0
DA:173,0
DA:176,0
DA:177,0
DA:180,0
DA:189,2
DA:192,2
DA:194,0
DA:195,0
DA:196,0
DA:198,0
DA:201,0
DA:202,0
DA:206,2
DA:210,0
DA:211,0
DA:212,0
DA:213,0
DA:214,0
DA:216,0
DA:223,0
DA:224,0
DA:225,0
DA:228,0
DA:231,0
DA:232,0
DA:235,0
DA:236,0
DA:240,0
DA:249,0
DA:251,0
DA:252,0
DA:254,0
DA:261,0
DA:263,0
DA:265,0
DA:272,2
DA:273,0
DA:274,0
DA:277,0
DA:279,0
DA:280,0
DA:285,2
DA:286,0
DA:287,0
DA:289,0
DA:294,0
DA:297,0
DA:299,0
DA:301,0
DA:302,0
DA:307,2
DA:308,0
DA:309,0
DA:310,0
DA:312,0
DA:317,0
DA:320,0
DA:322,0
DA:324,0
DA:325,0
DA:330,2
DA:331,0
DA:332,0
DA:335,0
DA:340,0
DA:341,0
DA:347,0
DA:348,0
DA:351,0
DA:353,0
DA:355,0
DA:356,0
DA:363,2
DA:364,0
DA:365,0
DA:366,0
DA:372,0
DA:374,0
DA:375,0
DA:376,0
DA:379,0
DA:380,0
DA:381,0
DA:384,0
DA:386,0
DA:387,0
DA:389,0
DA:390,0
DA:395,2
DA:396,0
DA:397,0
DA:400,0
DA:401,0
DA:402,0
DA:405,0
DA:408,0
DA:409,0
DA:410,0
DA:412,0
DA:414,0
DA:415,0
DA:417,0
DA:420,0
DA:421,0
DA:426,0
DA:427,0
DA:428,0
DA:429,0
DA:430,0
DA:431,0
DA:432,0
DA:433,0
DA:436,0
DA:438,0
DA:439,0
DA:444,0
DA:445,0
DA:446,0
DA:448,0
DA:449,0
DA:450,0
DA:451,0
DA:452,0
DA:454,0
DA:457,0
DA:458,0
DA:460,0
DA:461,0
DA:466,0
DA:467,0
DA:468,0
DA:469,0
DA:470,0
DA:471,0
DA:472,0
DA:473,0
DA:476,0
DA:477,0
DA:479,0
DA:480,0
DA:484,0
DA:490,0
DA:493,0
DA:495,0
DA:497,0
DA:498,0
DA:503,2
DA:504,0
DA:505,0
DA:506,0
DA:509,0
DA:510,0
DA:511,0
DA:515,0
DA:516,0
DA:517,0
DA:520,0
DA:524,0
DA:527,0
DA:528,0
DA:529,0
DA:531,0
DA:532,0
DA:534,0
DA:536,0
DA:537,0
DA:539,0
DA:540,0
DA:543,0
DA:544,0
DA:546,0
DA:548,0
DA:553,0
DA:554,0
DA:555,0
DA:556,0
DA:557,0
DA:558,0
DA:559,0
DA:560,0
DA:563,0
DA:564,0
DA:566,0
DA:567,0
DA:572,0
DA:573,0
DA:574,0
DA:576,0
DA:577,0
DA:578,0
DA:579,0
DA:580,0
DA:582,0
DA:585,0
DA:586,0
DA:588,0
DA:589,0
DA:594,0
DA:595,0
DA:596,0
DA:597,0
DA:598,0
DA:599,0
DA:600,0
DA:601,0
DA:604,0
DA:605,0
DA:607,0
DA:608,0
DA:613,0
DA:614,0
DA:615,0
DA:618,0
DA:619,0
DA:621,0
DA:622,0
DA:623,0
DA:624,0
DA:625,0
DA:626,0
DA:627,0
DA:628,0
DA:629,0
DA:630,0
DA:631,0
DA:632,0
DA:634,0
DA:636,0
DA:642,0
DA:643,0
DA:645,0
DA:648,0
DA:650,0
DA:652,0
DA:653,0
DA:658,2
DA:659,0
DA:660,0
DA:663,0
DA:665,0
DA:666,0
DA:669,0
DA:671,0
DA:673,0
DA:676,0
DA:679,0
DA:680,0
DA:684,0
DA:685,0
DA:686,0
DA:687,0
DA:689,0
DA:695,0
DA:697,0
DA:704,0
DA:706,0
DA:708,0
DA:709,0
DA:712,0
DA:713,0
DA:718,2
DA:719,0
DA:720,0
DA:722,0
DA:723,0
DA:726,0
DA:727,0
DA:730,0
DA:732,0
DA:733,0
DA:735,0
DA:737,0
DA:738,0
DA:739,0
DA:743,0
DA:744,0
DA:746,0
DA:747,0
DA:748,0
DA:751,0
DA:752,0
DA:753,0
DA:756,0
DA:757,0
DA:758,0
DA:762,0
DA:763,0
DA:764,0
DA:765,0
DA:766,0
DA:767,0
DA:768,0
DA:769,0
DA:771,0
DA:772,0
DA:776,0
DA:777,0
DA:780,0
DA:781,0
DA:785,0
DA:786,0
DA:789,0
DA:790,0
DA:794,0
DA:795,0
DA:798,0
DA:799,0
DA:803,0
DA:804,0
DA:807,0
DA:808,0
DA:811,0
DA:812,0
DA:813,0
DA:815,0
DA:819,0
DA:823,0
DA:826,0
DA:828,0
DA:835,0
DA:841,0
DA:842,0
DA:845,0
DA:846,0
DA:853,2
DA:854,0
DA:855,0
DA:859,0
DA:861,0
DA:862,0
DA:867,2
DA:868,0
DA:869,0
DA:871,0
DA:872,0
DA:875,0
DA:877,0
DA:879,0
DA:882,0
DA:883,0
DA:889,0
DA:890,0
DA:893,0
DA:895,0
DA:897,0
DA:898,0
DA:901,0
DA:902,0
DA:909,2
DA:910,0
DA:911,0
DA:912,0
DA:913,0
DA:914,0
DA:916,0
DA:918,0
DA:919,0
DA:924,2
DA:925,0
DA:926,0
DA:927,0
DA:928,0
DA:930,0
DA:932,0
DA:934,0
DA:935,0
DA:936,0
DA:939,0
DA:940,0
DA:941,0
DA:942,0
DA:943,0
DA:950,0
DA:951,0
DA:952,0
DA:953,0
DA:954,0
DA:961,0
DA:962,0
DA:963,0
DA:964,0
DA:965,0
DA:972,0
DA:973,0
DA:981,0
DA:983,0
DA:984,0
DA:985,0
DA:986,0
DA:991,0
DA:995,0
DA:996,0
DA:1001,0
DA:1003,0
DA:1011,0
DA:1012,0
DA:1019,0
DA:1025,0
DA:1026,0
DA:1027,0
DA:1028,0
DA:1029,0
DA:1034,0
DA:1035,0
DA:1036,0
DA:1039,0
DA:1040,0
DA:1041,0
DA:1043,0
DA:1044,0
DA:1046,0
DA:1053,0
DA:1058,0
DA:1066,0
DA:1067,0
DA:1070,0
DA:1071,0
DA:1075,0
DA:1077,0
DA:1079,0
DA:1080,0
DA:1083,0
DA:1084,0
DA:1097,2
DA:1098,0
DA:1099,0
DA:1102,0
DA:1103,0
DA:1109,0
DA:1110,0
DA:1117,0
DA:1119,0
DA:1126,0
DA:1128,0
DA:1131,0
DA:1132,0
DA:1138,0
DA:1140,0
DA:1142,0
DA:1150,0
DA:1157,0
DA:1160,0
DA:1162,0
DA:1168,0
DA:1170,0
DA:1175,0
DA:1176,0
DA:1179,0
DA:1180,0
DA:1189,2
DA:1190,0
DA:1191,0
DA:1192,0
DA:1194,0
DA:1195,0
DA:1197,0
DA:1205,0
DA:1206,0
DA:1217,2
DA:1218,0
DA:1219,0
DA:1222,0
DA:1224,0
DA:1225,0
DA:1238,2
DA:1239,0
DA:1240,0
DA:1242,0
DA:1243,0
DA:1246,0
DA:1248,0
DA:1249,0
DA:1255,0
DA:1257,0
DA:1263,0
DA:1265,0
DA:1266,0
DA:1268,0
DA:1269,0
DA:1272,0
DA:1273,0
DA:1287,2
DA:1288,0
DA:1289,0
DA:1290,0
DA:1292,0
DA:1293,0
DA:1294,0
DA:1297,0
DA:1298,0
DA:1301,0
DA:1303,0
DA:1304,0
DA:1311,0
DA:1313,0
DA:1319,0
DA:1321,0
DA:1322,0
DA:1324,0
DA:1325,0
DA:1328,0
DA:1329,0
DA:1339,2
DA:1340,0
DA:1341,0
DA:1343,0
DA:1344,0
DA:1345,0
DA:1349,0
DA:1354,0
DA:1355,0
DA:1361,0
DA:1363,0
DA:1364,0
DA:1366,0
DA:1368,0
DA:1373,0
DA:1375,0
DA:1377,0
DA:1378,0
DA:1381,0
DA:1382,0
DA:1394,2
DA:1395,0
DA:1397,0
DA:1398,0
DA:1400,0
DA:1401,0
DA:1404,0
DA:1407,0
DA:1408,0
DA:1410,0
DA:1412,0
DA:1416,0
DA:1417,0
DA:1421,0
DA:1423,0
DA:1426,0
DA:1428,0
DA:1430,0
DA:1432,0
DA:1438,0
DA:1444,0
DA:1445,0
DA:1446,0
DA:1454,0
DA:1459,0
DA:1461,0
DA:1468,0
DA:1469,0
DA:1470,0
DA:1479,2
DA:1480,0
DA:1481,0
DA:1485,0
DA:1490,0
DA:1491,0
DA:1501,2
DA:1502,0
DA:1504,0
DA:1505,0
DA:1507,0
DA:1508,0
DA:1511,0
DA:1512,0
DA:1514,0
DA:1517,0
DA:1519,0
DA:1520,0
DA:1521,0
DA:1525,0
DA:1528,0
DA:1529,0
DA:1530,0
DA:1534,0
DA:1539,0
DA:1541,0
DA:1546,0
DA:1547,0
DA:1548,0
DA:1555,2
DA:1556,0
DA:1557,0
DA:1559,0
DA:1560,0
DA:1562,0
DA:1563,0
DA:1565,0
DA:1567,0
DA:1575,0
DA:1576,0
DA:1577,0
DA:1578,0
DA:1584,0
DA:1585,0
DA:1586,0
DA:1588,0
DA:1589,0
DA:1592,0
DA:1593,0
DA:1596,0
DA:1597,0
DA:1602,2
DA:1603,0
DA:1604,0
DA:1606,0
DA:1607,0
DA:1609,0
DA:1610,0
DA:1612,0
DA:1614,0
DA:1621,0
DA:1625,0
DA:1626,0
DA:1634,0
DA:1635,0
DA:1641,0
DA:1646,0
DA:1647,0
DA:1648,0
DA:1649,0
DA:1650,0
DA:1655,0
DA:1656,0
DA:1657,0
DA:1660,0
DA:1661,0
DA:1662,0
DA:1664,0
DA:1665,0
DA:1667,0
DA:1673,0
DA:1678,0
DA:1685,0
DA:1686,0
DA:1688,0
DA:1689,0
DA:1692,0
DA:1693,0
DA:1696,0
DA:1697,0
DA:1704,2
DA:1705,0
DA:1707,0
DA:1709,0
DA:1710,0
DA:1711,0
DA:1712,0
DA:1715,0
DA:1716,0
DA:1719,0
DA:1724,0
DA:1725,0
DA:1738,0
DA:1739,0
DA:1740,0
DA:1741,0
DA:1743,0
DA:1744,0
DA:1746,0
DA:1749,0
DA:1750,0
DA:1753,0
DA:1754,0
DA:1755,0
DA:1756,0
DA:1757,0
DA:1760,0
DA:1763,0
DA:1764,0
DA:1765,0
DA:1767,0
DA:1768,0
DA:1770,0
DA:1771,0
DA:1774,0
DA:1783,0
DA:1784,0
DA:1785,0
DA:1786,0
DA:1789,0
DA:1803,0
DA:1804,0
DA:1805,0
DA:1808,0
DA:1809,0
DA:1810,0
DA:1813,0
DA:1814,0
DA:1815,0
DA:1818,0
DA:1822,0
DA:1823,0
DA:1826,0
DA:1827,0
DA:1828,0
DA:1830,0
DA:1833,0
DA:1838,0
DA:1839,0
DA:1840,0
DA:1846,0
DA:1848,0
DA:1849,0
DA:1852,0
DA:1853,0
DA:1856,0
DA:1857,0
DA:1858,0
DA:1859,0
DA:1861,0
DA:1862,0
DA:1863,0
DA:1864,0
DA:1868,0
DA:1869,0
DA:1874,0
DA:1876,0
DA:1879,0
DA:1880,0
DA:1881,0
DA:1882,0
DA:1883,0
DA:1884,0
DA:1885,0
DA:1887,0
DA:1888,0
DA:1889,0
DA:1890,0
DA:1891,0
DA:1895,0
DA:1896,0
DA:1897,0
DA:1898,0
DA:1907,0
DA:1911,0
DA:1922,0
DA:1923,0
DA:1928,2
DA:1929,0
DA:1930,0
DA:1933,0
DA:1935,0
DA:1941,0
DA:1944,0
DA:1945,0
DA:1946,0
DA:1947,0
DA:1948,0
DA:1949,0
DA:1953,0
DA:1958,0
DA:1959,0
DA:1962,0
DA:1964,0
DA:1968,0
DA:1969,0
DA:1972,0
DA:1978,0
DA:1980,0
DA:1989,2
DA:1990,2
DA:1994,0
DA:1996,0
DA:1997,0
DA:1998,0
DA:2000,0
DA:2002,0
DA:2003,0
DA:2006,0
DA:2011,0
DA:2012,0
DA:2015,0
DA:2016,0
DA:2017,0
DA:2021,0
DA:2022,0
DA:2023,0
DA:2026,0
DA:2029,0
DA:2030,0
DA:2031,0
DA:2032,0
DA:2034,0
DA:2035,0
DA:2036,0
DA:2040,0
DA:2041,0
DA:2042,0
DA:2043,0
DA:2046,0
DA:2051,0
DA:2052,0
DA:2053,0
DA:2057,0
DA:2058,0
DA:2065,0
DA:2066,0
DA:2067,0
DA:2068,0
DA:2070,0
DA:2071,0
DA:2072,0
DA:2073,0
DA:2077,0
DA:2078,0
DA:2083,0
DA:2084,0
DA:2085,0
DA:2086,0
DA:2087,0
DA:2097,0
DA:2101,0
DA:2102,0
DA:2104,0
DA:2105,0
DA:2108,0
DA:2109,0
DA:2113,0
DA:2139,0
DA:2140,0
DA:2141,0
DA:2142,0
DA:2151,0
DA:2155,0
DA:2167,0
DA:2168,0
DA:2170,0
DA:2171,0
DA:2174,0
DA:2175,0
DA:2177,0
DA:2180,0
DA:2183,0
DA:2186,0
DA:2201,0
DA:2206,0
DA:2210,0
DA:2234,0
DA:2238,0
DA:2241,0
DA:2243,0
DA:2247,0
DA:2249,0
DA:2250,0
DA:2252,0
DA:2253,0
DA:2263,0
DA:2268,2
DA:2269,0
DA:2271,0
DA:2274,0
DA:2275,0
DA:2278,0
DA:2282,0
DA:2284,0
DA:2285,0
DA:2292,0
DA:2295,0
DA:2296,0
DA:2300,0
DA:2301,0
DA:2305,0
DA:2312,0
DA:2313,0
DA:2315,0
DA:2318,0
DA:2320,0
DA:2321,0
DA:2323,0
DA:2326,0
DA:2327,0
DA:2330,0
DA:2331,0
DA:2334,0
DA:2339,2
DA:2340,0
DA:2342,0
DA:2344,0
DA:2346,0
DA:2349,0
DA:2350,0
DA:2353,0
DA:2358,0
DA:2359,0
DA:2363,0
DA:2364,0
DA:2365,0
DA:2366,0
DA:2367,0
DA:2368,0
DA:2370,0
DA:2373,0
DA:2374,0
DA:2377,0
DA:2378,0
DA:2379,0
DA:2380,0
DA:2381,0
DA:2384,0
DA:2387,0
DA:2388,0
DA:2389,0
DA:2391,0
DA:2392,0
DA:2393,0
DA:2394,0
DA:2398,0
DA:2399,0
DA:2400,0
DA:2401,0
DA:2404,0
DA:2409,0
DA:2410,0
DA:2411,0
DA:2414,0
DA:2415,0
DA:2416,0
DA:2419,0
DA:2420,0
DA:2421,0
DA:2424,0
DA:2426,0
DA:2429,0
DA:2430,0
DA:2437,0
DA:2438,0
DA:2441,0
DA:2464,0
DA:2467,0
DA:2468,0
DA:2469,0
DA:2474,0
DA:2475,0
DA:2478,0
DA:2479,0
DA:2480,0
DA:2481,0
DA:2482,0
DA:2483,0
DA:2484,0
DA:2485,0
DA:2486,0
DA:2487,0
DA:2488,0
DA:2489,0
DA:2490,0
DA:2491,0
DA:2492,0
DA:2493,0
DA:2494,0
DA:2495,0
DA:2496,0
DA:2497,0
DA:2498,0
DA:2502,0
DA:2511,0
DA:2512,0
DA:2514,0
DA:2515,0
DA:2517,0
DA:2518,0
DA:2520,0
DA:2521,0
DA:2522,0
DA:2523,0
DA:2524,0
DA:2525,0
DA:2526,0
DA:2527,0
DA:2529,0
DA:2532,0
DA:2535,0
DA:2540,0
DA:2541,0
DA:2542,0
DA:2543,0
DA:2544,0
DA:2549,0
DA:2554,0
DA:2557,0
DA:2580,0
DA:2581,0
DA:2584,0
DA:2585,0
DA:2586,0
DA:2587,0
DA:2588,0
DA:2591,0
DA:2592,0
DA:2593,0
DA:2594,0
DA:2598,0
DA:2600,0
DA:2605,0
DA:2607,0
DA:2614,0
DA:2615,0
DA:2623,0
DA:2627,0
DA:2630,0
DA:2632,0
DA:2654,0
DA:2655,0
DA:2658,0
DA:2659,0
DA:2660,0
DA:2663,0
DA:2664,0
DA:2665,0
DA:2666,0
DA:2670,0
DA:2672,0
DA:2677,0
DA:2679,0
DA:2686,0
DA:2687,0
DA:2695,0
DA:2699,0
DA:2700,0
DA:2701,0
DA:2710,0
DA:2712,0
DA:2713,0
DA:2715,0
DA:2716,0
DA:2718,0
DA:2719,0
DA:2725,0
DA:2730,0
DA:2733,0
DA:2734,0
DA:2737,0
DA:2738,0
DA:2740,0
DA:2741,0
DA:2746,2
DA:2747,0
DA:2749,0
DA:2754,0
DA:2755,0
DA:2760,0
DA:2761,0
DA:2778,0
DA:2779,0
DA:2781,0
DA:2782,0
DA:2785,0
DA:2794,0
DA:2799,0
DA:2805,0
DA:2819,0
DA:2830,0
DA:2831,0
DA:2832,0
DA:2833,0
DA:2835,0
DA:2845,0
DA:2846,0
DA:2851,0
DA:2854,0
DA:2856,0
DA:2862,0
DA:2863,0
DA:2864,0
DA:2865,0
DA:2866,0
DA:2867,0
DA:2873,0
DA:2879,0
DA:2881,0
DA:2889,0
DA:2891,0
DA:2892,0
DA:2898,0
DA:2900,0
DA:2901,0
DA:2902,0
DA:2905,0
DA:2906,0
DA:2907,0
DA:2908,0
DA:2912,0
DA:2918,0
DA:2919,0
DA:2926,0
DA:2927,0
DA:2930,0
DA:2953,0
DA:2956,0
DA:2957,0
DA:2958,0
DA:2963,0
DA:2964,0
DA:2967,0
DA:2968,0
DA:2969,0
DA:2970,0
DA:2971,0
DA:2972,0
DA:2973,0
DA:2974,0
DA:2975,0
DA:2976,0
DA:2977,0
DA:2978,0
DA:2979,0
DA:2980,0
DA:2981,0
DA:2982,0
DA:2983,0
DA:2984,0
DA:2985,0
DA:2986,0
DA:2990,0
DA:2999,0
DA:3000,0
DA:3002,0
DA:3003,0
DA:3005,0
DA:3006,0
DA:3008,0
DA:3009,0
DA:3010,0
DA:3011,0
DA:3012,0
DA:3013,0
DA:3014,0
DA:3015,0
DA:3017,0
DA:3020,0
DA:3023,0
DA:3028,0
DA:3029,0
DA:3030,0
DA:3031,0
DA:3032,0
DA:3037,0
DA:3042,0
DA:3045,0
DA:3068,0
DA:3069,0
DA:3072,0
DA:3073,0
DA:3074,0
DA:3075,0
DA:3076,0
DA:3079,0
DA:3080,0
DA:3081,0
DA:3082,0
DA:3086,0
DA:3087,0
DA:3092,0
DA:3093,0
DA:3099,0
DA:3100,0
DA:3108,0
DA:3112,0
DA:3115,0
DA:3117,0
DA:3139,0
DA:3140,0
DA:3142,0
DA:3143,0
DA:3144,0
DA:3146,0
DA:3147,0
DA:3148,0
DA:3149,0
DA:3152,0
DA:3153,0
DA:3158,0
DA:3159,0
DA:3165,0
DA:3166,0
DA:3174,0
DA:3178,0
DA:3179,0
DA:3180,0
DA:3188,0
DA:3190,0
DA:3191,0
DA:3193,0
DA:3194,0
DA:3196,0
DA:3197,0
DA:3203,0
DA:3208,0
DA:3209,0
DA:3210,0
DA:3214,0
DA:3215,0
DA:3218,0
DA:3220,0
DA:3222,0
DA:3223,0
DA:3228,2
DA:3229,0
DA:3230,0
DA:3231,0
DA:3232,0
DA:3234,0
DA:3236,0
DA:3238,0
DA:3239,0
DA:3240,0
DA:3243,0
DA:3244,0
DA:3248,0
DA:3255,0
DA:3261,0
DA:3262,0
DA:3263,0
DA:3264,0
DA:3265,0
DA:3270,0
DA:3271,0
DA:3272,0
DA:3275,0
DA:3276,0
DA:3277,0
DA:3278,0
DA:3280,0
DA:3281,0
DA:3284,0
DA:3285,0
DA:3289,0
DA:3292,0
DA:3294,0
DA:3295,0
DA:3296,0
DA:3297,0
DA:3300,0
DA:3306,0
DA:3320,0
DA:3321,0
DA:3330,0
DA:3338,0
DA:3345,0
DA:3352,0
DA:3353,0
DA:3356,0
DA:3357,0
DA:3358,0
DA:3359,0
DA:3362,0
DA:3363,0
DA:3364,0
DA:3366,0
DA:3369,0
DA:3373,0
DA:3382,0
DA:3383,0
DA:3386,0
DA:3387,0
DA:3392,2
DA:3393,0
DA:3394,0
DA:3395,0
DA:3397,0
DA:3398,0
DA:3403,2
DA:3404,0
DA:3405,0
DA:3406,0
DA:3408,0
DA:3409,0
DA:3410,0
DA:3413,0
DA:3418,0
DA:3420,0
DA:3422,0
DA:3423,0
DA:3434,2
DA:3435,0
DA:3436,0
DA:3450,0
DA:3452,0
DA:3453,0
DA:3465,2
DA:3470,0
DA:3471,0
DA:3472,0
DA:3474,0
DA:3475,0
DA:3476,0
DA:3479,0
DA:3481,0
DA:3482,0
DA:3483,0
DA:3486,0
DA:3492,0
DA:3506,0
DA:3508,0
DA:3515,0
DA:3521,0
DA:3522,0
DA:3525,0
DA:3526,0
DA:3538,2
DA:3543,0
DA:3544,0
DA:3545,0
DA:3547,0
DA:3548,0
DA:3549,0
DA:3552,0
DA:3553,0
DA:3555,0
DA:3556,0
DA:3562,0
DA:3564,0
DA:3565,0
DA:3568,0
DA:3574,0
DA:3588,0
DA:3590,0
DA:3597,0
DA:3603,0
DA:3604,0
DA:3607,0
DA:3608,0
DA:3620,2
DA:3621,0
DA:3622,0
DA:3623,0
DA:3624,0
DA:3625,0
DA:3628,0
DA:3629,0
DA:3630,0
DA:3634,0
DA:3638,0
DA:3641,0
DA:3656,0
DA:3672,0
DA:3673,0
DA:3688,2
DA:3689,0
DA:3690,0
DA:3691,0
DA:3692,0
DA:3693,0
DA:3696,0
DA:3697,0
DA:3699,0
DA:3700,0
DA:3701,0
DA:3704,0
DA:3705,0
DA:3706,0
DA:3709,0
DA:3710,0
DA:3711,0
DA:3714,0
DA:3715,0
DA:3716,0
DA:3719,0
DA:3724,0
DA:3728,0
DA:3731,0
DA:3749,0
DA:3760,0
DA:3761,0
DA:3771,2
DA:3778,0
DA:3780,0
DA:3781,0
DA:3783,0
DA:3784,0
DA:3786,0
DA:3787,0
DA:3788,0
DA:3791,0
DA:3792,0
DA:3793,0
DA:3794,0
DA:3797,0
DA:3798,0
DA:3801,0
DA:3807,0
DA:3822,0
DA:3829,0
DA:3831,0
DA:3835,0
DA:3837,0
DA:3844,0
DA:3845,0
DA:3846,0
DA:3858,2
DA:3863,0
DA:3864,0
DA:3866,0
DA:3868,0
DA:3869,0
DA:3870,0
DA:3874,0
DA:3881,0
DA:3882,0
DA:3890,0
DA:3892,0
DA:3893,0
DA:3895,0
DA:3896,0
DA:3897,0
DA:3898,0
DA:3899,0
DA:3902,0
DA:3908,0
DA:3923,0
DA:3932,0
DA:3934,0
DA:3938,0
DA:3940,0
DA:3947,0
DA:3948,0
DA:3949,0
DA:3963,2
DA:3968,0
DA:3969,0
DA:3971,0
DA:3973,0
DA:3974,0
DA:3975,0
DA:3979,0
DA:3980,0
DA:3981,0
DA:3982,0
DA:3986,0
DA:3989,0
DA:3990,0
DA:3992,0
DA:3993,0
DA:3994,0
DA:3997,0
DA:3998,0
DA:3999,0
DA:4002,0
DA:4003,0
DA:4004,0
DA:4007,0
DA:4009,0
DA:4015,0
DA:4020,0
DA:4022,0
DA:4024,0
DA:4025,0
DA:4026,0
DA:4036,2
DA:4037,0
DA:4039,0
DA:4041,0
DA:4042,0
DA:4043,0
DA:4047,0
DA:4048,0
DA:4049,0
DA:4050,0
DA:4053,0
DA:4055,0
DA:4057,0
DA:4063,0
DA:4067,0
DA:4070,0
DA:4077,0
DA:4083,0
DA:4086,0
DA:4094,0
DA:4096,0
DA:4103,0
DA:4110,0
DA:4111,0
DA:4114,0
DA:4115,0
DA:4123,0
DA:4133,2
DA:4134,0
DA:4136,0
DA:4138,0
DA:4139,0
DA:4140,0
DA:4143,0
DA:4146,0
DA:4149,0
DA:4154,0
DA:4156,0
DA:4158,0
DA:4159,0
DA:4160,0
DA:4171,2
DA:4172,0
DA:4174,0
DA:4176,0
DA:4177,0
DA:4178,0
DA:4182,0
DA:4187,0
DA:4188,0
DA:4195,0
DA:4198,0
DA:4204,0
DA:4212,0
DA:4214,0
DA:4221,0
DA:4228,0
DA:4229,0
DA:4230,0
DA:4234,2
DA:4235,0
DA:4236,0
DA:4246,0
DA:4247,0
DA:4252,0
DA:4253,0
DA:4262,0
DA:4263,0
DA:4265,0
DA:4267,0
DA:4268,0
DA:4269,0
DA:4270,0
DA:4272,0
DA:4273,0
DA:4274,0
DA:4276,0
DA:4279,0
DA:4280,0
DA:4281,0
DA:4285,0
DA:4291,0
DA:4293,0
DA:4294,0
DA:4305,2
DA:4306,0
DA:4307,0
DA:4310,0
DA:4318,0
DA:4325,0
DA:4326,0
DA:4327,0
DA:4328,0
DA:4329,0
DA:4330,0
DA:4332,0
DA:4333,0
DA:4334,0
DA:4336,0
DA:4339,0
DA:4350,0
DA:4351,0
DA:4362,0
DA:4368,0
DA:4369,0
DA:4379,2
DA:4380,0
DA:4382,0
DA:4384,0
DA:4389,0
DA:4390,0
DA:4393,0
DA:4396,0
DA:4402,0
DA:4408,0
DA:4410,0
DA:4415,0
DA:4420,0
DA:4421,0
DA:4422,0
DA:4431,0
DA:4432,0
DA:4438,0
DA:4439,0
DA:4445,0
DA:4449,2
DA:4450,0
DA:4451,0
DA:4456,0
DA:4457,0
DA:4462,0
DA:4463,0
DA:4472,0
DA:4473,0
DA:4475,0
DA:4477,0
DA:4478,0
DA:4479,0
DA:4480,0
DA:4482,0
DA:4483,0
DA:4484,0
DA:4486,0
DA:4489,0
DA:4490,0
DA:4491,0
DA:4495,0
DA:4501,0
DA:4503,0
DA:4504,0
DA:4509,2
DA:4516,0
DA:4517,0
DA:4520,0
DA:4526,0
DA:4527,0
DA:4528,0
DA:4531,0
DA:4534,0
DA:4535,0
DA:4537,0
DA:4544,0
DA:4550,0
DA:4551,0
DA:4554,0
DA:4560,0
DA:4562,0
DA:4564,0
DA:4565,0
DA:4570,2
DA:4571,0
DA:4572,0
DA:4573,0
DA:4576,0
DA:4582,0
DA:4583,0
DA:4586,0
DA:4587,0
DA:4588,0
DA:4590,0
DA:4591,0
DA:4592,0
DA:4594,0
DA:4595,0
DA:4596,0
DA:4598,0
DA:4599,0
DA:4600,0
DA:4602,0
DA:4603,0
DA:4604,0
DA:4607,0
DA:4608,0
DA:4611,0
DA:4612,0
DA:4615,0
DA:4621,0
DA:4627,0
DA:4628,0
DA:4631,0
DA:4638,0
DA:4640,0
DA:4642,0
DA:4643,0
DA:4648,2
DA:4649,0
DA:4650,0
DA:4653,0
DA:4654,0
DA:4661,0
DA:4662,0
DA:4663,0
DA:4669,0
DA:4671,0
DA:4673,0
DA:4675,0
DA:4676,0
DA:4686,2
DA:4687,0
DA:4689,0
DA:4691,0
DA:4692,0
DA:4693,0
DA:4697,0
DA:4702,0
DA:4703,0
DA:4710,0
DA:4713,0
DA:4719,0
DA:4720,0
DA:4727,0
DA:4736,0
DA:4738,0
DA:4746,0
DA:4754,0
DA:4755,0
DA:4756,0
DA:4763,2
DA:4764,0
DA:4777,0
DA:4778,0
DA:4780,0
DA:4786,0
DA:4789,0
DA:4791,0
DA:4792,0
DA:4793,0
DA:4795,0
DA:4796,0
DA:4797,0
DA:4799,0
DA:4800,0
DA:4801,0
DA:4803,0
DA:4804,0
DA:4805,0
DA:4806,0
DA:4811,0
DA:4812,0
DA:4813,0
DA:4817,0
DA:4818,0
DA:4819,0
DA:4823,0
DA:4824,0
DA:4825,0
DA:4829,0
DA:4830,0
DA:4831,0
DA:4835,0
DA:4836,0
DA:4837,0
DA:4838,0
DA:4840,0
DA:4841,0
DA:4846,0
DA:4847,0
DA:4848,0
DA:4851,0
DA:4852,0
DA:4854,0
DA:4857,0
DA:4863,0
DA:4866,0
DA:4867,0
DA:4868,0
DA:4869,0
DA:4870,0
DA:4871,0
DA:4872,0
DA:4873,0
DA:4874,0
DA:4875,0
DA:4876,0
DA:4877,0
DA:4878,0
DA:4879,0
DA:4882,0
DA:4883,0
DA:4884,0
DA:4886,0
DA:4887,0
DA:4888,0
DA:4890,0
DA:4891,0
DA:4892,0
DA:4894,0
DA:4895,0
DA:4896,0
DA:4898,0
DA:4899,0
DA:4900,0
DA:4901,0
DA:4903,0
DA:4904,0
DA:4909,0
DA:4910,0
DA:4911,0
DA:4914,0
DA:4916,0
DA:4927,0
DA:4928,0
DA:4933,2
DA:4934,0
DA:4936,0
DA:4944,0
DA:4952,0
DA:4960,0
DA:4963,0
DA:4964,0
DA:4965,0
DA:4969,0
DA:4970,0
DA:4978,2
DA:4979,0
DA:4981,0
DA:4986,0
DA:4988,0
DA:4989,0
DA:4990,0
DA:4995,0
DA:5003,0
DA:5005,0
DA:5006,0
DA:5011,2
DA:5012,0
DA:5013,0
DA:5016,0
DA:5017,0
DA:5020,0
DA:5022,0
DA:5024,0
DA:5025,0
DA:5030,2
DA:5031,0
DA:5032,0
DA:5033,0
DA:5036,0
DA:5037,0
DA:5040,0
DA:5045,0
DA:5047,0
DA:5048,0
DA:5053,2
DA:5054,0
DA:5055,0
DA:5056,0
DA:5059,0
DA:5060,0
DA:5064,0
DA:5065,0
DA:5067,0
DA:5068,0
DA:5071,0
DA:5073,0
DA:5075,0
DA:5076,0
DA:5077,0
DA:5082,0
DA:5083,0
DA:5084,0
DA:5085,0
DA:5087,0
DA:5088,0
DA:5089,0
DA:5091,0
DA:5099,0
DA:5100,0
DA:5101,0
DA:5102,0
DA:5103,0
DA:5105,0
DA:5106,0
DA:5107,0
DA:5109,0
DA:5116,0
DA:5118,0
DA:5124,0
DA:5126,0
DA:5127,0
DA:5130,0
DA:5131,0
DA:5140,0
DA:5141,0
DA:5146,0
DA:5147,0
DA:5148,0
DA:5152,2
DA:5153,0
DA:5154,0
DA:5155,0
DA:5156,0
DA:5159,0
DA:5160,0
DA:5164,0
DA:5165,0
DA:5169,0
DA:5170,0
DA:5171,0
DA:5175,0
DA:5176,0
DA:5177,0
DA:5178,0
DA:5180,0
DA:5191,0
DA:5192,0
DA:5193,0
DA:5195,0
DA:5198,0
DA:5204,0
DA:5205,0
DA:5210,2
DA:5211,0
DA:5212,0
DA:5213,0
DA:5214,0
DA:5217,0
DA:5218,0
DA:5221,0
DA:5222,0
DA:5226,0
DA:5227,0
DA:5231,0
DA:5232,0
DA:5233,0
DA:5237,0
DA:5238,0
DA:5239,0
DA:5243,0
DA:5246,0
DA:5247,0
DA:5248,0
DA:5250,0
DA:5260,0
DA:5261,0
DA:5266,2
DA:5267,0
DA:5268,0
DA:5269,0
DA:5270,0
DA:5273,0
DA:5274,0
DA:5277,0
DA:5278,0
DA:5282,0
DA:5283,0
DA:5284,0
DA:5288,0
DA:5290,0
DA:5295,0
DA:5297,0
DA:5298,0
DA:5303,2
DA:5304,0
DA:5305,0
DA:5306,0
DA:5307,0
DA:5310,0
DA:5311,0
DA:5314,0
DA:5315,0
DA:5319,0
DA:5320,0
DA:5324,0
DA:5325,0
DA:5326,0
DA:5327,0
DA:5331,0
DA:5332,0
DA:5333,0
DA:5335,0
DA:5338,0
DA:5344,0
DA:5346,0
DA:5347,0
DA:5352,2
DA:5353,0
DA:5354,0
DA:5355,0
DA:5356,0
DA:5359,0
DA:5360,0
DA:5363,0
DA:5364,0
DA:5368,0
DA:5369,0
DA:5372,0
DA:5374,0
DA:5379,0
DA:5381,0
DA:5382,0
DA:5387,2
DA:5389,2
DA:5390,0
DA:5392,2
DA:5397,2
DA:5398,0
DA:5399,0
DA:5400,0
DA:5401,0
DA:5404,0
DA:5405,0
DA:5408,0
DA:5410,0
DA:5411,0
DA:5413,0
DA:5417,0
DA:5418,0
DA:5419,0
DA:5423,0
DA:5425,0
DA:5431,0
DA:5434,0
DA:5435,0
DA:5437,0
DA:5438,0
DA:5444,0
DA:5445,0
DA:5464,0
DA:5468,2
DA:5469,0
DA:5470,0
DA:5471,0
DA:5472,0
DA:5475,0
DA:5476,0
DA:5479,0
DA:5480,0
DA:5484,0
DA:5485,0
DA:5489,0
DA:5490,0
DA:5491,0
DA:5495,0
DA:5496,0
DA:5500,0
DA:5501,0
DA:5502,0
DA:5506,0
DA:5507,0
DA:5509,0
DA:5510,0
DA:5515,2
DA:5516,0
DA:5517,0
DA:5519,0
DA:5520,0
DA:5524,0
DA:5525,0
DA:5526,0
DA:5528,0
DA:5529,0
DA:5536,0
DA:5537,0
DA:5538,0
DA:5539,0
DA:5546,0
DA:5548,0
DA:5549,0
DA:5550,0
DA:5551,0
DA:5554,0
DA:5555,0
DA:5556,0
DA:5559,0
DA:5560,0
DA:5563,0
DA:5564,0
DA:5572,2
DA:5573,0
DA:5574,0
DA:5575,0
DA:5577,0
DA:5578,0
DA:5585,0
DA:5593,0
DA:5599,0
DA:5600,0
DA:5613,2
DA:5614,0
DA:5615,0
DA:5616,0
DA:5617,0
DA:5618,0
DA:5622,0
DA:5625,0
DA:5628,0
DA:5629,0
DA:5630,0
DA:5631,0
DA:5634,0
DA:5635,0
DA:5642,0
DA:5648,0
DA:5650,0
DA:5654,0
DA:5655,0
DA:5657,0
DA:5660,0
DA:5661,0
DA:5663,0
DA:5666,0
DA:5667,0
DA:5669,0
DA:5672,0
DA:5675,0
DA:5678,0
DA:5679,0
DA:5681,0
DA:5684,0
DA:5689,0
DA:5692,0
DA:5695,0
DA:5708,0
DA:5709,0
DA:5714,0
DA:5715,0
DA:5716,0
DA:5719,0
DA:5720,0
DA:5722,0
DA:5723,0
DA:5724,0
DA:5725,0
DA:5727,0
DA:5736,0
DA:5745,0
DA:5748,0
DA:5749,0
DA:5750,0
DA:5754,0
DA:5757,0
DA:5760,0
DA:5763,0
DA:5764,0
DA:5767,0
DA:5768,0
DA:5769,0
DA:5773,0
DA:5776,0
DA:5777,0
DA:5788,2
DA:5792,0
DA:5793,0
DA:5795,0
DA:5800,2
DA:5801,0
DA:5803,0
DA:5804,0
DA:5805,0
DA:5812,0
DA:5814,0
DA:5815,0
DA:5816,0
DA:5819,0
DA:5820,0
DA:5821,0
DA:5822,0
DA:5823,0
DA:5827,0
DA:5828,0
DA:5835,0
DA:5838,0
DA:5839,0
DA:5842,0
DA:5861,0
DA:5862,0
DA:5872,0
DA:5873,0
DA:5875,0
DA:5876,0
DA:5879,0
DA:5882,0
DA:5884,0
DA:5886,0
DA:5892,0
DA:5894,0
DA:5903,0
DA:5906,0
DA:5907,0
DA:5910,0
DA:5913,0
DA:5915,0
DA:5917,0
DA:5922,0
DA:5923,0
DA:5924,0
DA:5925,0
DA:5929,0
DA:5934,0
DA:5935,0
DA:5936,0
DA:5937,0
DA:5940,0
DA:5941,0
DA:5942,0
DA:5943,0
DA:5949,0
DA:5950,0
DA:5955,0
DA:5959,0
DA:5960,0
DA:5961,0
DA:5964,0
DA:5966,0
DA:5967,0
DA:5980,0
DA:5983,0
DA:5984,0
DA:5986,0
DA:5987,0
DA:5990,0
DA:5992,0
DA:5993,0
DA:5996,0
DA:5997,0
DA:6000,0
DA:6002,0
DA:6011,0
DA:6016,0
DA:6017,0
DA:6018,0
DA:6019,0
DA:6020,0
DA:6024,0
DA:6026,0
DA:6027,0
DA:6028,0
DA:6031,0
DA:6033,0
DA:6034,0
DA:6039,0
DA:6046,0
DA:6047,0
DA:6049,0
DA:6050,0
DA:6052,0
DA:6056,0
DA:6057,0
DA:6058,0
DA:6059,0
DA:6061,0
DA:6065,0
DA:6066,0
DA:6068,0
DA:6070,0
DA:6071,0
DA:6073,0
DA:6076,0
DA:6080,0
DA:6081,0
DA:6082,0
DA:6083,0
DA:6085,0
DA:6090,0
DA:6091,0
DA:6100,0
DA:6102,0
DA:6123,0
DA:6144,0
DA:6147,0
DA:6148,0
DA:6152,0
DA:6153,0
DA:6156,0
DA:6157,0
DA:6158,0
DA:6159,0
DA:6161,0
DA:6170,0
DA:6182,0
DA:6185,0
DA:6186,0
DA:6191,0
DA:6194,0
DA:6197,0
DA:6198,0
DA:6203,0
DA:6209,0
DA:6210,0
DA:6219,2
DA:6220,0
DA:6221,0
DA:6223,0
DA:6224,0
DA:6230,0
DA:6231,0
DA:6233,0
DA:6234,0
DA:6240,0
DA:6242,0
DA:6243,0
DA:6254,2
DA:6255,0
DA:6256,0
DA:6258,0
DA:6260,0
DA:6269,0
DA:6270,0
DA:6281,2
DA:6282,0
DA:6283,0
DA:6286,0
DA:6287,0
DA:6293,0
DA:6294,0
DA:6300,0
DA:6301,0
DA:6303,0
DA:6304,0
DA:6310,0
DA:6312,0
DA:6313,0
DA:6324,2
DA:6325,0
DA:6326,0
DA:6329,0
DA:6332,0
DA:6338,0
DA:6339,0
DA:6344,0
DA:6346,0
DA:6347,0
DA:6348,0
DA:6353,0
DA:6359,0
DA:6360,0
DA:6371,2
DA:6372,0
DA:6373,0
DA:6376,0
DA:6379,0
DA:6385,0
DA:6387,0
DA:6388,0
DA:6393,0
DA:6399,0
DA:6400,0
DA:6411,2
DA:6414,0
DA:6415,0
DA:6416,0
DA:6418,0
DA:6422,0
DA:6423,0
DA:6425,0
DA:6428,0
DA:6429,0
DA:6430,0
DA:6431,0
DA:6432,0
DA:6439,0
DA:6440,0
DA:6442,0
DA:6447,2
DA:6449,0
DA:6455,0
DA:6458,0
DA:6459,0
DA:6466,0
DA:6467,0
DA:6468,0
DA:6469,0
DA:6470,0
DA:6471,0
DA:6472,0
DA:6475,0
DA:6480,0
DA:6482,0
DA:6484,0
DA:6491,0
DA:6492,0
DA:6496,0
DA:6502,0
DA:6503,0
DA:6504,0
DA:6505,0
DA:6508,0
DA:6509,0
DA:6512,0
DA:6513,0
DA:6515,0
DA:6517,0
DA:6518,0
DA:6523,0
DA:6526,0
DA:6527,0
DA:6529,0
DA:6531,0
DA:6532,0
DA:6540,0
DA:6541,0
DA:6543,0
DA:6549,0
DA:6550,0
DA:6557,0
DA:6559,0
DA:6566,0
DA:6574,0
DA:6575,0
DA:6576,0
DA:6578,0
DA:6583,0
DA:6584,0
DA:6585,0
DA:6586,0
DA:6587,0
DA:6590,0
DA:6601,2
DA:6602,0
DA:6603,0
DA:6605,0
DA:6611,0
DA:6616,0
DA:6617,0
DA:6628,2
DA:6629,0
DA:6630,0
DA:6632,0
DA:6639,0
DA:6645,0
DA:6646,0
DA:6651,0
DA:6658,0
DA:6664,0
DA:6665,0
DA:6678,2
DA:6679,0
DA:6680,0
DA:6681,0
DA:6683,0
DA:6689,0
DA:6690,0
DA:6701,2
DA:6702,0
DA:6703,0
DA:6705,0
DA:6706,0
DA:6713,0
DA:6714,0
DA:6716,0
DA:6722,0
DA:6728,0
DA:6734,0
DA:6740,0
DA:6741,0
DA:6752,2
DA:6753,0
DA:6754,0
DA:6755,0
DA:6758,0
DA:6759,0
DA:6760,0
DA:6767,0
DA:6768,0
DA:6769,0
DA:6771,0
DA:6778,0
DA:6792,0
DA:6798,0
DA:6803,0
DA:6804,0
DA:6815,2
DA:6816,0
DA:6817,0
DA:6819,0
DA:6820,0
DA:6821,0
DA:6827,0
DA:6829,0
DA:6833,0
DA:6838,0
DA:6839,0
DA:6850,2
DA:6851,0
DA:6852,0
DA:6854,0
DA:6855,0
DA:6856,0
DA:6863,0
DA:6865,0
DA:6868,0
DA:6871,0
DA:6876,0
DA:6881,0
DA:6882,0
DA:6893,2
DA:6894,0
DA:6895,0
DA:6896,0
DA:6898,0
DA:6907,0
DA:6915,0
DA:6916,0
DA:6927,2
DA:6928,0
DA:6929,0
DA:6931,0
DA:6932,0
DA:6939,0
DA:6941,0
DA:6943,0
DA:6950,0
DA:6957,0
DA:6961,0
DA:6966,0
DA:6967,0
DA:6978,2
DA:6979,0
DA:6980,0
DA:6982,0
DA:6983,0
DA:6985,0
DA:6986,0
DA:6987,0
DA:6990,0
DA:6991,0
DA:6993,0
DA:6995,0
DA:7000,0
DA:7001,0
DA:7012,2
DA:7013,0
DA:7014,0
DA:7018,0
DA:7020,0
DA:7026,0
DA:7027,0
DA:7038,2
DA:7039,0
DA:7040,0
DA:7042,0
DA:7043,0
DA:7044,0
DA:7050,0
DA:7051,0
DA:7058,0
DA:7059,0
DA:7061,0
DA:7062,0
DA:7069,0
DA:7070,0
DA:7071,0
DA:7074,0
DA:7076,0
DA:7077,0
DA:7084,0
DA:7089,0
DA:7094,0
DA:7101,0
DA:7107,0
DA:7108,0
DA:7117,2
DA:7120,2
DA:7131,0
DA:7132,0
DA:7133,0
DA:7134,0
DA:7135,0
DA:7136,0
DA:7141,0
DA:7142,0
DA:7143,0
DA:7144,0
DA:7145,0
DA:7147,0
DA:7150,0
DA:7151,0
DA:7156,2
DA:7157,0
DA:7158,0
DA:7159,0
DA:7162,0
DA:7190,0
DA:7191,0
DA:7192,0
DA:7193,0
DA:7194,0
DA:7195,0
DA:7204,0
DA:7206,0
DA:7207,0
DA:7212,2
DA:7213,0
DA:7214,0
DA:7215,0
DA:7218,0
DA:7219,0
DA:7220,0
DA:7224,0
DA:7227,0
DA:7230,0
DA:7231,0
DA:7237,0
DA:7250,0
DA:7251,0
DA:7261,0
DA:7262,0
DA:7263,0
DA:7267,0
DA:7268,0
DA:7269,0
DA:7270,0
DA:7271,0
DA:7279,0
DA:7281,0
DA:7283,0
DA:7284,0
DA:7286,0
DA:7288,0
DA:7290,0
DA:7299,0
DA:7309,0
DA:7311,0
DA:7312,0
DA:7315,0
DA:7316,0
DA:7317,0
DA:7318,0
DA:7320,0
DA:7321,0
DA:7322,0
DA:7327,0
DA:7328,0
DA:7329,0
DA:7331,0
DA:7332,0
DA:7334,0
DA:7335,0
DA:7336,0
DA:7337,0
DA:7340,0
DA:7346,0
DA:7347,0
DA:7356,0
DA:7357,0
DA:7360,0
DA:7361,0
DA:7363,0
DA:7364,0
DA:7365,0
DA:7369,0
DA:7370,0
DA:7380,0
DA:7381,0
DA:7383,0
DA:7384,0
DA:7385,0
DA:7389,0
DA:7390,0
DA:7396,0
DA:7397,0
DA:7398,0
DA:7399,0
DA:7400,0
DA:7402,0
DA:7412,0
DA:7413,0
DA:7414,0
DA:7415,0
DA:7417,0
DA:7430,0
DA:7431,0
DA:7433,0
DA:7435,0
DA:7439,0
DA:7440,0
DA:7447,0
DA:7451,0
DA:7452,0
DA:7453,0
DA:7456,0
DA:7457,0
DA:7458,0
DA:7459,0
DA:7460,0
DA:7464,0
DA:7465,0
DA:7469,0
DA:7470,0
DA:7471,0
DA:7474,0
DA:7475,0
DA:7477,0
DA:7478,0
DA:7479,0
DA:7480,0
DA:7481,0
DA:7482,0
DA:7483,0
DA:7484,0
DA:7488,0
DA:7493,0
DA:7495,0
DA:7496,0
DA:7498,0
DA:7506,0
DA:7507,0
DA:7516,0
DA:7517,0
DA:7520,0
DA:7522,0
DA:7523,0
DA:7524,0
DA:7528,0
DA:7536,0
DA:7537,0
DA:7538,0
DA:7539,0
DA:7540,0
DA:7542,0
DA:7543,0
DA:7544,0
DA:7550,0
DA:7551,0
DA:7562,0
DA:7563,0
DA:7566,0
DA:7567,0
DA:7568,0
DA:7571,0
DA:7574,0
DA:7580,0
DA:7581,0
DA:7584,0
DA:7585,0
DA:7586,0
DA:7589,0
DA:7590,0
DA:7592,0
DA:7593,0
DA:7598,0
DA:7599,0
DA:7600,0
DA:7601,0
DA:7602,0
DA:7603,0
DA:7604,0
DA:7607,0
DA:7609,0
DA:7610,0
DA:7611,0
DA:7612,0
DA:7613,0
DA:7614,0
DA:7623,2
DA:7624,0
DA:7625,0
DA:7633,0
DA:7634,0
DA:7639,2
DA:7640,0
DA:7641,0
DA:7642,0
DA:7643,0
DA:7644,0
DA:7645,0
DA:7647,0
DA:7650,0
DA:7651,0
DA:7656,2
DA:7657,0
DA:7658,0
DA:7660,0
DA:7662,0
DA:7709,0
DA:7710,0
DA:7713,0
DA:7714,0
DA:7715,0
DA:7716,0
DA:7717,0
DA:7718,0
DA:7720,0
DA:7721,0
DA:7761,2
DA:7764,0
DA:7765,0
DA:7766,0
DA:7768,0
DA:7769,0
DA:7771,0
DA:7775,0
DA:7776,0
DA:7777,0
DA:7779,0
DA:7780,0
DA:7784,2
DA:7788,0
DA:7789,0
DA:7790,0
DA:7791,0
DA:7792,0
DA:7794,0
DA:7803,2
DA:7804,0
DA:7806,0
DA:7807,0
DA:7808,0
DA:7811,0
DA:7812,0
DA:7815,0
DA:7816,0
DA:7817,0
DA:7818,0
DA:7824,0
DA:7826,0
DA:7827,0
DA:7835,2
DA:7836,0
DA:7837,0
DA:7838,0
DA:7841,0
DA:7842,0
DA:7844,0
DA:7849,0
DA:7858,0
DA:7859,0
DA:7867,2
DA:7868,0
DA:7869,0
DA:7872,0
DA:7873,0
DA:7877,0
DA:7878,0
DA:7879,0
DA:7880,0
DA:7883,0
DA:7884,0
DA:7885,0
DA:7886,0
DA:7890,0
DA:7891,0
DA:7895,0
DA:7897,0
DA:7901,0
DA:7903,0
DA:7904,0
DA:7914,2
DA:7915,0
DA:7917,0
DA:7924,0
DA:7927,0
DA:7945,0
DA:7948,0
DA:7953,0
DA:7961,0
DA:7962,0
DA:7970,2
DA:7977,0
DA:7978,0
DA:7981,0
DA:7982,0
DA:7986,0
DA:7987,0
DA:7988,0
DA:7992,0
DA:7993,0
DA:7995,0
DA:7999,0
DA:8012,0
DA:8019,0
DA:8020,0
DA:8022,0
DA:8028,0
DA:8029,0
DA:8037,2
DA:8044,0
DA:8045,0
DA:8046,0
DA:8049,0
DA:8050,0
DA:8051,0
DA:8055,0
DA:8056,0
DA:8060,0
DA:8061,0
DA:8062,0
DA:8066,0
DA:8067,0
DA:8069,0
DA:8073,0
DA:8088,0
DA:8095,0
DA:8096,0
DA:8098,0
DA:8103,0
DA:8104,0
DA:8112,2
DA:8113,0
DA:8114,0
DA:8117,0
DA:8118,0
DA:8119,0
DA:8123,0
DA:8125,0
DA:8131,0
DA:8132,0
DA:8134,0
DA:8139,0
DA:8140,0
DA:8148,2
DA:8149,0
DA:8150,0
DA:8151,0
DA:8152,0
DA:8155,0
DA:8156,0
DA:8157,0
DA:8161,0
DA:8165,0
DA:8168,0
DA:8178,0
DA:8181,0
DA:8195,0
DA:8196,0
DA:8200,2
LF:2958
LH:141
BRDA:10,0,0,0
BRDA:10,0,1,2
BRDA:57,1,0,0
BRDA:57,1,1,0
BRDA:73,2,0,0
BRDA:73,2,1,0
BRDA:83,3,0,0
BRDA:83,3,1,0
BRDA:93,4,0,0
BRDA:93,4,1,0
BRDA:93,4,2,0
BRDA:117,5,0,0
BRDA:117,5,1,0
BRDA:120,6,0,0
BRDA:120,6,1,0
BRDA:130,7,0,0
BRDA:130,7,1,0
BRDA:162,8,0,0
BRDA:162,8,1,0
BRDA:176,9,0,0
BRDA:176,9,1,0
BRDA:176,10,0,0
BRDA:176,10,1,0
BRDA:195,11,0,0
BRDA:195,11,1,0
BRDA:213,12,0,0
BRDA:213,12,1,0
BRDA:213,13,0,0
BRDA:213,13,1,0
BRDA:235,14,0,0
BRDA:235,14,1,0
BRDA:235,15,0,0
BRDA:235,15,1,0
BRDA:235,15,2,0
BRDA:291,16,0,0
BRDA:291,16,1,0
BRDA:291,17,0,0
BRDA:291,17,1,0
BRDA:291,18,0,0
BRDA:291,18,1,0
BRDA:314,19,0,0
BRDA:314,19,1,0
BRDA:314,20,0,0
BRDA:314,20,1,0
BRDA:314,21,0,0
BRDA:314,21,1,0
BRDA:340,22,0,0
BRDA:340,22,1,0
BRDA:374,23,0,0
BRDA:374,23,1,0
BRDA:379,24,0,0
BRDA:379,24,1,0
BRDA:400,25,0,0
BRDA:400,25,1,0
BRDA:405,26,0,0
BRDA:405,26,1,0
BRDA:409,27,0,0
BRDA:409,27,1,0
BRDA:409,28,0,0
BRDA:409,28,1,0
BRDA:409,28,2,0
BRDA:412,29,0,0
BRDA:412,29,1,0
BRDA:414,30,0,0
BRDA:414,30,1,0
BRDA:414,31,0,0
BRDA:414,31,1,0
BRDA:427,32,0,0
BRDA:427,32,1,0
BRDA:429,33,0,0
BRDA:429,33,1,0
BRDA:429,34,0,0
BRDA:429,34,1,0
BRDA:429,34,2,0
BRDA:431,35,0,0
BRDA:431,35,1,0
BRDA:432,36,0,0
BRDA:432,36,1,0
BRDA:438,37,0,0
BRDA:438,37,1,0
BRDA:438,38,0,0
BRDA:438,38,1,0
BRDA:445,39,0,0
BRDA:445,39,1,0
BRDA:448,40,0,0
BRDA:448,40,1,0
BRDA:448,41,0,0
BRDA:448,41,1,0
BRDA:450,42,0,0
BRDA:450,42,1,0
BRDA:451,43,0,0
BRDA:451,43,1,0
BRDA:460,44,0,0
BRDA:460,44,1,0
BRDA:460,45,0,0
BRDA:460,45,1,0
BRDA:467,46,0,0
BRDA:467,46,1,0
BRDA:469,47,0,0
BRDA:469,47,1,0
BRDA:469,48,0,0
BRDA:469,48,1,0
BRDA:469,48,2,0
BRDA:471,49,0,0
BRDA:471,49,1,0
BRDA:472,50,0,0
BRDA:472,50,1,0
BRDA:479,51,0,0
BRDA:479,51,1,0
BRDA:479,52,0,0
BRDA:479,52,1,0
BRDA:487,53,0,0
BRDA:487,53,1,0
BRDA:487,54,0,0
BRDA:487,54,1,0
BRDA:487,55,0,0
BRDA:487,55,1,0
BRDA:487,56,0,0
BRDA:487,56,1,0
BRDA:510,57,0,0
BRDA:510,57,1,0
BRDA:515,58,0,0
BRDA:515,58,1,0
BRDA:520,59,0,0
BRDA:520,59,1,0
BRDA:524,60,0,0
BRDA:524,60,1,0
BRDA:527,61,0,0
BRDA:527,61,1,0
BRDA:531,62,0,0
BRDA:531,62,1,0
BRDA:531,63,0,0
BRDA:531,63,1,0
BRDA:531,63,2,0
BRDA:534,64,0,0
BRDA:534,64,1,0
BRDA:536,65,0,0
BRDA:536,65,1,0
BRDA:536,66,0,0
BRDA:536,66,1,0
BRDA:536,66,2,0
BRDA:540,67,0,0
BRDA:540,67,1,0
BRDA:544,68,0,0
BRDA:544,68,1,0
BRDA:546,69,0,0
BRDA:546,69,1,0
BRDA:546,70,0,0
BRDA:546,70,1,0
BRDA:553,71,0,0
BRDA:553,71,1,0
BRDA:554,72,0,0
BRDA:554,72,1,0
BRDA:556,73,0,0
BRDA:556,73,1,0
BRDA:556,74,0,0
BRDA:556,74,1,0
BRDA:556,74,2,0
BRDA:558,75,0,0
BRDA:558,75,1,0
BRDA:559,76,0,0
BRDA:559,76,1,0
BRDA:564,77,0,0
BRDA:564,77,1,0
BRDA:566,78,0,0
BRDA:566,78,1,0
BRDA:566,79,0,0
BRDA:566,79,1,0
BRDA:572,80,0,0
BRDA:572,80,1,0
BRDA:573,81,0,0
BRDA:573,81,1,0
BRDA:576,82,0,0
BRDA:576,82,1,0
BRDA:576,83,0,0
BRDA:576,83,1,0
BRDA:578,84,0,0
BRDA:578,84,1,0
BRDA:579,85,0,0
BRDA:579,85,1,0
BRDA:586,86,0,0
BRDA:586,86,1,0
BRDA:588,87,0,0
BRDA:588,87,1,0
BRDA:588,88,0,0
BRDA:588,88,1,0
BRDA:594,89,0,0
BRDA:594,89,1,0
BRDA:595,90,0,0
BRDA:595,90,1,0
BRDA:597,91,0,0
BRDA:597,91,1,0
BRDA:597,92,0,0
BRDA:597,92,1,0
BRDA:597,92,2,0
BRDA:599,93,0,0
BRDA:599,93,1,0
BRDA:600,94,0,0
BRDA:600,94,1,0
BRDA:605,95,0,0
BRDA:605,95,1,0
BRDA:607,96,0,0
BRDA:607,96,1,0
BRDA:607,97,0,0
BRDA:607,97,1,0
BRDA:621,98,0,0
BRDA:621,98,1,0
BRDA:622,99,0,0
BRDA:622,99,1,0
BRDA:622,100,0,0
BRDA:622,100,1,0
BRDA:623,101,0,0
BRDA:623,101,1,0
BRDA:624,102,0,0
BRDA:624,102,1,0
BRDA:624,103,0,0
BRDA:624,103,1,0
BRDA:625,104,0,0
BRDA:625,104,1,0
BRDA:626,105,0,0
BRDA:626,105,1,0
BRDA:626,106,0,0
BRDA:626,106,1,0
BRDA:627,107,0,0
BRDA:627,107,1,0
BRDA:627,108,0,0
BRDA:627,108,1,0
BRDA:628,109,0,0
BRDA:628,109,1,0
BRDA:629,110,0,0
BRDA:629,110,1,0
BRDA:630,111,0,0
BRDA:630,111,1,0
BRDA:631,112,0,0
BRDA:631,112,1,0
BRDA:632,113,0,0
BRDA:632,113,1,0
BRDA:665,114,0,0
BRDA:665,114,1,0
BRDA:679,115,0,0
BRDA:679,115,1,0
BRDA:680,116,0,0
BRDA:680,116,1,0
BRDA:684,117,0,0
BRDA:684,117,1,0
BRDA:722,118,0,0
BRDA:722,118,1,0
BRDA:722,119,0,0
BRDA:722,119,1,0
BRDA:726,120,0,0
BRDA:726,120,1,0
BRDA:726,121,0,0
BRDA:726,121,1,0
BRDA:738,122,0,0
BRDA:738,122,1,0
BRDA:746,123,0,0
BRDA:746,123,1,0
BRDA:748,124,0,0
BRDA:748,124,1,0
BRDA:751,125,0,0
BRDA:751,125,1,0
BRDA:756,126,0,0
BRDA:756,126,1,0
BRDA:762,127,0,0
BRDA:762,127,1,0
BRDA:762,128,0,0
BRDA:762,128,1,0
BRDA:764,129,0,0
BRDA:764,129,1,0
BRDA:766,130,0,0
BRDA:766,130,1,0
BRDA:768,131,0,0
BRDA:768,131,1,0
BRDA:776,132,0,0
BRDA:776,132,1,0
BRDA:777,133,0,0
BRDA:777,133,1,0
BRDA:785,134,0,0
BRDA:785,134,1,0
BRDA:786,135,0,0
BRDA:786,135,1,0
BRDA:794,136,0,0
BRDA:794,136,1,0
BRDA:795,137,0,0
BRDA:795,137,1,0
BRDA:803,138,0,0
BRDA:803,138,1,0
BRDA:804,139,0,0
BRDA:804,139,1,0
BRDA:811,140,0,0
BRDA:811,140,1,0
BRDA:871,141,0,0
BRDA:871,141,1,0
BRDA:885,142,0,0
BRDA:885,142,1,0
BRDA:885,143,0,0
BRDA:885,143,1,0
BRDA:936,144,0,0
BRDA:936,144,1,0
BRDA:939,145,0,0
BRDA:939,145,1,0
BRDA:939,146,0,0
BRDA:939,146,1,0
BRDA:941,147,0,0
BRDA:941,147,1,0
BRDA:941,148,0,0
BRDA:941,148,1,0
BRDA:950,149,0,0
BRDA:950,149,1,0
BRDA:950,150,0,0
BRDA:950,150,1,0
BRDA:952,151,0,0
BRDA:952,151,1,0
BRDA:952,152,0,0
BRDA:952,152,1,0
BRDA:961,153,0,0
BRDA:961,153,1,0
BRDA:961,154,0,0
BRDA:961,154,1,0
BRDA:963,155,0,0
BRDA:963,155,1,0
BRDA:981,156,0,0
BRDA:981,156,1,0
BRDA:981,157,0,0
BRDA:981,157,1,0
BRDA:995,158,0,0
BRDA:995,158,1,0
BRDA:995,159,0,0
BRDA:995,159,1,0
BRDA:1001,160,0,0
BRDA:1001,160,1,0
BRDA:1027,161,0,0
BRDA:1027,161,1,0
BRDA:1043,162,0,0
BRDA:1043,162,1,0
BRDA:1043,163,0,0
BRDA:1043,163,1,0
BRDA:1043,164,0,0
BRDA:1043,164,1,0
BRDA:1070,165,0,0
BRDA:1070,165,1,0
BRDA:1102,166,0,0
BRDA:1102,166,1,0
BRDA:1102,167,0,0
BRDA:1102,167,1,0
BRDA:1109,168,0,0
BRDA:1109,168,1,0
BRDA:1109,169,0,0
BRDA:1109,169,1,0
BRDA:1117,170,0,0
BRDA:1117,170,1,0
BRDA:1117,171,0,0
BRDA:1117,171,1,0
BRDA:1126,172,0,0
BRDA:1126,172,1,0
BRDA:1128,173,0,0
BRDA:1128,173,1,0
BRDA:1131,174,0,0
BRDA:1131,174,1,0
BRDA:1131,175,0,0
BRDA:1131,175,1,0
BRDA:1194,176,0,0
BRDA:1194,176,1,0
BRDA:1195,177,0,0
BRDA:1195,177,1,0
BRDA:1201,178,0,0
BRDA:1201,178,1,0
BRDA:1201,178,2,0
BRDA:1202,179,0,0
BRDA:1202,179,1,0
BRDA:1202,180,0,0
BRDA:1202,180,1,0
BRDA:1242,181,0,0
BRDA:1242,181,1,0
BRDA:1242,182,0,0
BRDA:1242,182,1,0
BRDA:1252,183,0,0
BRDA:1252,183,1,0
BRDA:1252,184,0,0
BRDA:1252,184,1,0
BRDA:1252,185,0,0
BRDA:1252,185,1,0
BRDA:1259,186,0,0
BRDA:1259,186,1,0
BRDA:1293,187,0,0
BRDA:1293,187,1,0
BRDA:1297,188,0,0
BRDA:1297,188,1,0
BRDA:1297,189,0,0
BRDA:1297,189,1,0
BRDA:1308,190,0,0
BRDA:1308,190,1,0
BRDA:1308,191,0,0
BRDA:1308,191,1,0
BRDA:1308,192,0,0
BRDA:1308,192,1,0
BRDA:1315,193,0,0
BRDA:1315,193,1,0
BRDA:1344,194,0,0
BRDA:1344,194,1,0
BRDA:1354,195,0,0
BRDA:1354,195,1,0
BRDA:1354,196,0,0
BRDA:1354,196,1,0
BRDA:1400,197,0,0
BRDA:1400,197,1,0
BRDA:1400,198,0,0
BRDA:1400,198,1,0
BRDA:1408,199,0,0
BRDA:1408,199,1,0
BRDA:1408,199,2,0
BRDA:1410,200,0,0
BRDA:1410,200,1,0
BRDA:1416,201,0,0
BRDA:1416,201,1,0
BRDA:1416,202,0,0
BRDA:1416,202,1,0
BRDA:1416,202,2,0
BRDA:1430,203,0,0
BRDA:1430,203,1,0
BRDA:1445,204,0,0
BRDA:1445,204,1,0
BRDA:1487,205,0,0
BRDA:1487,205,1,0
BRDA:1507,206,0,0
BRDA:1507,206,1,0
BRDA:1507,207,0,0
BRDA:1507,207,1,0
BRDA:1519,208,0,0
BRDA:1519,208,1,0
BRDA:1529,209,0,0
BRDA:1529,209,1,0
BRDA:1563,210,0,0
BRDA:1563,210,1,0
BRDA:1565,211,0,0
BRDA:1565,211,1,0
BRDA:1610,212,0,0
BRDA:1610,212,1,0
BRDA:1612,213,0,0
BRDA:1612,213,1,0
BRDA:1625,214,0,0
BRDA:1625,214,1,0
BRDA:1648,215,0,0
BRDA:1648,215,1,0
BRDA:1664,216,0,0
BRDA:1664,216,1,0
BRDA:1664,217,0,0
BRDA:1664,217,1,0
BRDA:1664,218,0,0
BRDA:1664,218,1,0
BRDA:1709,219,0,0
BRDA:1709,220,0,0
BRDA:1716,221,0,0
BRDA:1716,221,1,0
BRDA:1724,222,0,0
BRDA:1724,222,1,0
BRDA:1741,223,0,0
BRDA:1741,223,1,0
BRDA:1763,224,0,0
BRDA:1763,224,1,0
BRDA:1765,225,0,0
BRDA:1765,225,1,0
BRDA:1768,226,0,0
BRDA:1768,226,1,0
BRDA:1803,227,0,0
BRDA:1803,227,1,0
BRDA:1808,228,0,0
BRDA:1808,228,1,0
BRDA:1813,229,0,0
BRDA:1813,229,1,0
BRDA:1839,230,0,0
BRDA:1839,230,1,0
BRDA:1846,231,0,0
BRDA:1846,231,1,0
BRDA:1861,232,0,0
BRDA:1861,232,1,0
BRDA:1876,233,0,0
BRDA:1876,233,1,0
BRDA:1880,234,0,0
BRDA:1880,234,1,0
BRDA:1895,235,0,0
BRDA:1895,235,1,0
BRDA:1897,236,0,0
BRDA:1897,236,1,0
BRDA:1944,237,0,0
BRDA:1944,237,1,0
BRDA:1948,238,0,0
BRDA:1948,238,1,0
BRDA:1949,239,0,0
BRDA:1949,239,1,0
BRDA:1962,240,0,0
BRDA:1962,240,1,0
BRDA:1962,241,0,0
BRDA:1962,241,1,0
BRDA:1968,242,0,0
BRDA:1968,242,1,0
BRDA:1997,243,0,0
BRDA:1997,243,1,0
BRDA:2003,244,0,0
BRDA:2003,244,1,0
BRDA:2011,245,0,0
BRDA:2011,245,1,0
BRDA:2016,246,0,0
BRDA:2016,246,1,0
BRDA:2029,247,0,0
BRDA:2029,247,1,0
BRDA:2034,248,0,0
BRDA:2034,248,1,0
BRDA:2041,249,0,0
BRDA:2041,249,1,0
BRDA:2051,250,0,0
BRDA:2051,250,1,0
BRDA:2070,251,0,0
BRDA:2070,251,1,0
BRDA:2084,252,0,0
BRDA:2084,252,1,0
BRDA:2086,253,0,0
BRDA:2086,253,1,0
BRDA:2101,254,0,0
BRDA:2101,254,1,0
BRDA:2102,255,0,0
BRDA:2102,255,1,0
BRDA:2105,256,0,0
BRDA:2105,256,1,0
BRDA:2108,257,0,0
BRDA:2108,257,1,0
BRDA:2108,258,0,0
BRDA:2108,258,1,0
BRDA:2108,258,2,0
BRDA:2140,259,0,0
BRDA:2140,259,1,0
BRDA:2140,260,0,0
BRDA:2140,260,1,0
BRDA:2151,261,0,0
BRDA:2151,261,1,0
BRDA:2152,262,0,0
BRDA:2152,262,1,0
BRDA:2156,263,0,0
BRDA:2156,263,1,0
BRDA:2157,264,0,0
BRDA:2157,264,1,0
BRDA:2158,265,0,0
BRDA:2158,265,1,0
BRDA:2160,266,0,0
BRDA:2160,266,1,0
BRDA:2160,267,0,0
BRDA:2160,267,1,0
BRDA:2160,268,0,0
BRDA:2160,268,1,0
BRDA:2161,269,0,0
BRDA:2161,269,1,0
BRDA:2162,270,0,0
BRDA:2162,270,1,0
BRDA:2163,271,0,0
BRDA:2163,271,1,0
BRDA:2163,272,0,0
BRDA:2163,272,1,0
BRDA:2163,273,0,0
BRDA:2163,273,1,0
BRDA:2163,273,2,0
BRDA:2164,274,0,0
BRDA:2164,274,1,0
BRDA:2165,275,0,0
BRDA:2165,275,1,0
BRDA:2165,276,0,0
BRDA:2165,276,1,0
BRDA:2167,277,0,0
BRDA:2167,277,1,0
BRDA:2170,278,0,0
BRDA:2170,278,1,0
BRDA:2171,279,0,0
BRDA:2171,279,1,0
BRDA:2175,280,0,0
BRDA:2175,280,1,0
BRDA:2175,281,0,0
BRDA:2175,281,1,0
BRDA:2175,281,2,0
BRDA:2177,282,0,0
BRDA:2177,282,1,0
BRDA:2177,283,0,0
BRDA:2177,283,1,0
BRDA:2186,284,0,0
BRDA:2186,284,1,0
BRDA:2189,285,0,0
BRDA:2189,285,1,0
BRDA:2190,286,0,0
BRDA:2190,286,1,0
BRDA:2191,287,0,0
BRDA:2191,287,1,0
BRDA:2192,288,0,0
BRDA:2192,288,1,0
BRDA:2193,289,0,0
BRDA:2193,289,1,0
BRDA:2194,290,0,0
BRDA:2194,290,1,0
BRDA:2195,291,0,0
BRDA:2195,291,1,0
BRDA:2196,292,0,0
BRDA:2196,292,1,0
BRDA:2198,293,0,0
BRDA:2198,293,1,0
BRDA:2199,294,0,0
BRDA:2199,294,1,0
BRDA:2206,295,0,0
BRDA:2206,295,1,0
BRDA:2207,296,0,0
BRDA:2207,296,1,0
BRDA:2211,297,0,0
BRDA:2211,297,1,0
BRDA:2212,298,0,0
BRDA:2212,298,1,0
BRDA:2213,299,0,0
BRDA:2213,299,1,0
BRDA:2215,300,0,0
BRDA:2215,300,1,0
BRDA:2215,301,0,0
BRDA:2215,301,1,0
BRDA:2215,302,0,0
BRDA:2215,302,1,0
BRDA:2224,303,0,0
BRDA:2224,303,1,0
BRDA:2225,304,0,0
BRDA:2225,304,1,0
BRDA:2226,305,0,0
BRDA:2226,305,1,0
BRDA:2227,306,0,0
BRDA:2227,306,1,0
BRDA:2228,307,0,0
BRDA:2228,307,1,0
BRDA:2229,308,0,0
BRDA:2229,308,1,0
BRDA:2231,309,0,0
BRDA:2231,309,1,0
BRDA:2232,310,0,0
BRDA:2232,310,1,0
BRDA:2247,311,0,0
BRDA:2247,311,1,0
BRDA:2252,312,0,0
BRDA:2252,312,1,0
BRDA:2252,313,0,0
BRDA:2252,313,1,0
BRDA:2275,314,0,0
BRDA:2275,314,1,0
BRDA:2295,315,0,0
BRDA:2295,315,1,0
BRDA:2296,316,0,0
BRDA:2296,316,1,0
BRDA:2300,317,0,0
BRDA:2300,317,1,0
BRDA:2305,318,0,0
BRDA:2305,318,1,0
BRDA:2305,318,2,0
BRDA:2305,318,3,0
BRDA:2313,319,0,0
BRDA:2313,319,1,0
BRDA:2315,320,0,0
BRDA:2315,320,1,0
BRDA:2315,321,0,0
BRDA:2315,321,1,0
BRDA:2318,322,0,0
BRDA:2318,322,1,0
BRDA:2318,323,0,0
BRDA:2318,323,1,0
BRDA:2321,324,0,0
BRDA:2321,324,1,0
BRDA:2326,325,0,0
BRDA:2326,325,1,0
BRDA:2326,325,2,0
BRDA:2327,326,0,0
BRDA:2327,326,1,0
BRDA:2327,326,2,0
BRDA:2330,327,0,0
BRDA:2330,327,1,0
BRDA:2330,328,0,0
BRDA:2330,328,1,0
BRDA:2330,328,2,0
BRDA:2330,328,3,0
BRDA:2350,329,0,0
BRDA:2350,329,1,0
BRDA:2358,330,0,0
BRDA:2358,330,1,0
BRDA:2366,331,0,0
BRDA:2366,331,1,0
BRDA:2387,332,0,0
BRDA:2387,332,1,0
BRDA:2389,333,0,0
BRDA:2389,333,1,0
BRDA:2392,334,0,0
BRDA:2392,334,1,0
BRDA:2409,335,0,0
BRDA:2409,335,1,0
BRDA:2414,336,0,0
BRDA:2414,336,1,0
BRDA:2419,337,0,0
BRDA:2419,337,1,0
BRDA:2479,338,0,0
BRDA:2479,338,1,0
BRDA:2480,339,0,0
BRDA:2480,339,1,0
BRDA:2481,340,0,0
BRDA:2481,340,1,0
BRDA:2482,341,0,0
BRDA:2482,341,1,0
BRDA:2483,342,0,0
BRDA:2483,342,1,0
BRDA:2484,343,0,0
BRDA:2484,343,1,0
BRDA:2485,344,0,0
BRDA:2485,344,1,0
BRDA:2486,345,0,0
BRDA:2486,345,1,0
BRDA:2487,346,0,0
BRDA:2487,346,1,0
BRDA:2488,347,0,0
BRDA:2488,347,1,0
BRDA:2489,348,0,0
BRDA:2489,348,1,0
BRDA:2490,349,0,0
BRDA:2490,349,1,0
BRDA:2491,350,0,0
BRDA:2491,350,1,0
BRDA:2492,351,0,0
BRDA:2492,351,1,0
BRDA:2493,352,0,0
BRDA:2493,352,1,0
BRDA:2494,353,0,0
BRDA:2494,353,1,0
BRDA:2495,354,0,0
BRDA:2495,354,1,0
BRDA:2496,355,0,0
BRDA:2496,355,1,0
BRDA:2497,356,0,0
BRDA:2497,356,1,0
BRDA:2498,357,0,0
BRDA:2498,357,1,0
BRDA:2517,358,0,0
BRDA:2517,358,1,0
BRDA:2517,359,0,0
BRDA:2517,359,1,0
BRDA:2521,360,0,0
BRDA:2521,360,1,0
BRDA:2523,361,0,0
BRDA:2523,361,1,0
BRDA:2524,362,0,0
BRDA:2524,362,1,0
BRDA:2526,363,0,0
BRDA:2526,363,1,0
BRDA:2526,364,0,0
BRDA:2526,364,1,0
BRDA:2526,364,2,0
BRDA:2527,365,0,0
BRDA:2527,365,1,0
BRDA:2527,366,0,0
BRDA:2527,366,1,0
BRDA:2535,367,0,0
BRDA:2535,367,1,0
BRDA:2541,368,0,0
BRDA:2541,368,1,0
BRDA:2543,369,0,0
BRDA:2543,369,1,0
BRDA:2543,370,0,0
BRDA:2543,370,1,0
BRDA:2543,370,2,0
BRDA:2549,371,0,0
BRDA:2549,371,1,0
BRDA:2550,372,0,0
BRDA:2550,372,1,0
BRDA:2551,373,0,0
BRDA:2551,373,1,0
BRDA:2554,374,0,0
BRDA:2554,374,1,0
BRDA:2558,375,0,0
BRDA:2558,375,1,0
BRDA:2559,376,0,0
BRDA:2559,376,1,0
BRDA:2560,377,0,0
BRDA:2560,377,1,0
BRDA:2562,378,0,0
BRDA:2562,378,1,0
BRDA:2563,379,0,0
BRDA:2563,379,1,0
BRDA:2565,380,0,0
BRDA:2565,380,1,0
BRDA:2566,381,0,0
BRDA:2566,381,1,0
BRDA:2566,382,0,0
BRDA:2566,382,1,0
BRDA:2568,383,0,0
BRDA:2568,383,1,0
BRDA:2569,384,0,0
BRDA:2569,384,1,0
BRDA:2570,385,0,0
BRDA:2570,385,1,0
BRDA:2571,386,0,0
BRDA:2571,386,1,0
BRDA:2572,387,0,0
BRDA:2572,387,1,0
BRDA:2573,388,0,0
BRDA:2573,388,1,0
BRDA:2574,389,0,0
BRDA:2574,389,1,0
BRDA:2575,390,0,0
BRDA:2575,390,1,0
BRDA:2591,391,0,0
BRDA:2591,391,1,0
BRDA:2598,392,0,0
BRDA:2598,392,1,0
BRDA:2605,393,0,0
BRDA:2605,393,1,0
BRDA:2614,394,0,0
BRDA:2614,394,1,0
BRDA:2627,395,0,0
BRDA:2627,395,1,0
BRDA:2628,396,0,0
BRDA:2628,396,1,0
BRDA:2629,397,0,0
BRDA:2629,397,1,0
BRDA:2630,398,0,0
BRDA:2630,398,1,0
BRDA:2633,399,0,0
BRDA:2633,399,1,0
BRDA:2634,400,0,0
BRDA:2634,400,1,0
BRDA:2635,401,0,0
BRDA:2635,401,1,0
BRDA:2645,402,0,0
BRDA:2645,402,1,0
BRDA:2646,403,0,0
BRDA:2646,403,1,0
BRDA:2647,404,0,0
BRDA:2647,404,1,0
BRDA:2648,405,0,0
BRDA:2648,405,1,0
BRDA:2649,406,0,0
BRDA:2649,406,1,0
BRDA:2650,407,0,0
BRDA:2650,407,1,0
BRDA:2663,408,0,0
BRDA:2663,408,1,0
BRDA:2670,409,0,0
BRDA:2670,409,1,0
BRDA:2677,410,0,0
BRDA:2677,410,1,0
BRDA:2686,411,0,0
BRDA:2686,411,1,0
BRDA:2700,412,0,0
BRDA:2700,412,1,0
BRDA:2713,413,0,0
BRDA:2713,413,1,0
BRDA:2754,414,0,0
BRDA:2754,414,1,0
BRDA:2760,415,0,0
BRDA:2760,415,1,0
BRDA:2779,416,0,0
BRDA:2779,416,1,0
BRDA:2830,417,0,0
BRDA:2830,417,1,0
BRDA:2831,418,0,0
BRDA:2831,418,1,0
BRDA:2832,419,0,0
BRDA:2832,419,1,0
BRDA:2833,420,0,0
BRDA:2833,420,1,0
BRDA:2845,421,0,0
BRDA:2845,421,1,0
BRDA:2854,422,0,0
BRDA:2854,422,1,0
BRDA:2854,423,0,0
BRDA:2854,423,1,0
BRDA:2864,424,0,0
BRDA:2864,424,1,0
BRDA:2865,425,0,0
BRDA:2865,425,1,0
BRDA:2865,426,0,0
BRDA:2865,426,1,0
BRDA:2901,427,0,0
BRDA:2901,427,1,0
BRDA:2906,428,0,0
BRDA:2906,428,1,0
BRDA:2968,429,0,0
BRDA:2968,429,1,0
BRDA:2969,430,0,0
BRDA:2969,430,1,0
BRDA:2970,431,0,0
BRDA:2970,431,1,0
BRDA:2971,432,0,0
BRDA:2971,432,1,0
BRDA:2972,433,0,0
BRDA:2972,433,1,0
BRDA:2973,434,0,0
BRDA:2973,434,1,0
BRDA:2974,435,0,0
BRDA:2974,435,1,0
BRDA:2975,436,0,0
BRDA:2975,436,1,0
BRDA:2976,437,0,0
BRDA:2976,437,1,0
BRDA:2977,438,0,0
BRDA:2977,438,1,0
BRDA:2978,439,0,0
BRDA:2978,439,1,0
BRDA:2979,440,0,0
BRDA:2979,440,1,0
BRDA:2980,441,0,0
BRDA:2980,441,1,0
BRDA:2981,442,0,0
BRDA:2981,442,1,0
BRDA:2982,443,0,0
BRDA:2982,443,1,0
BRDA:2983,444,0,0
BRDA:2983,444,1,0
BRDA:2984,445,0,0
BRDA:2984,445,1,0
BRDA:2985,446,0,0
BRDA:2985,446,1,0
BRDA:2986,447,0,0
BRDA:2986,447,1,0
BRDA:3005,448,0,0
BRDA:3005,448,1,0
BRDA:3005,449,0,0
BRDA:3005,449,1,0
BRDA:3009,450,0,0
BRDA:3009,450,1,0
BRDA:3011,451,0,0
BRDA:3011,451,1,0
BRDA:3012,452,0,0
BRDA:3012,452,1,0
BRDA:3014,453,0,0
BRDA:3014,453,1,0
BRDA:3014,454,0,0
BRDA:3014,454,1,0
BRDA:3014,454,2,0
BRDA:3015,455,0,0
BRDA:3015,455,1,0
BRDA:3015,456,0,0
BRDA:3015,456,1,0
BRDA:3023,457,0,0
BRDA:3023,457,1,0
BRDA:3029,458,0,0
BRDA:3029,458,1,0
BRDA:3031,459,0,0
BRDA:3031,459,1,0
BRDA:3031,460,0,0
BRDA:3031,460,1,0
BRDA:3031,460,2,0
BRDA:3037,461,0,0
BRDA:3037,461,1,0
BRDA:3038,462,0,0
BRDA:3038,462,1,0
BRDA:3039,463,0,0
BRDA:3039,463,1,0
BRDA:3042,464,0,0
BRDA:3042,464,1,0
BRDA:3046,465,0,0
BRDA:3046,465,1,0
BRDA:3047,466,0,0
BRDA:3047,466,1,0
BRDA:3048,467,0,0
BRDA:3048,467,1,0
BRDA:3050,468,0,0
BRDA:3050,468,1,0
BRDA:3051,469,0,0
BRDA:3051,469,1,0
BRDA:3053,470,0,0
BRDA:3053,470,1,0
BRDA:3054,471,0,0
BRDA:3054,471,1,0
BRDA:3054,472,0,0
BRDA:3054,472,1,0
BRDA:3056,473,0,0
BRDA:3056,473,1,0
BRDA:3057,474,0,0
BRDA:3057,474,1,0
BRDA:3058,475,0,0
BRDA:3058,475,1,0
BRDA:3059,476,0,0
BRDA:3059,476,1,0
BRDA:3060,477,0,0
BRDA:3060,477,1,0
BRDA:3061,478,0,0
BRDA:3061,478,1,0
BRDA:3062,479,0,0
BRDA:3062,479,1,0
BRDA:3063,480,0,0
BRDA:3063,480,1,0
BRDA:3079,481,0,0
BRDA:3079,481,1,0
BRDA:3086,482,0,0
BRDA:3086,482,1,0
BRDA:3092,483,0,0
BRDA:3092,483,1,0
BRDA:3099,484,0,0
BRDA:3099,484,1,0
BRDA:3112,485,0,0
BRDA:3112,485,1,0
BRDA:3113,486,0,0
BRDA:3113,486,1,0
BRDA:3114,487,0,0
BRDA:3114,487,1,0
BRDA:3115,488,0,0
BRDA:3115,488,1,0
BRDA:3118,489,0,0
BRDA:3118,489,1,0
BRDA:3119,490,0,0
BRDA:3119,490,1,0
BRDA:3120,491,0,0
BRDA:3120,491,1,0
BRDA:3130,492,0,0
BRDA:3130,492,1,0
BRDA:3131,493,0,0
BRDA:3131,493,1,0
BRDA:3132,494,0,0
BRDA:3132,494,1,0
BRDA:3133,495,0,0
BRDA:3133,495,1,0
BRDA:3134,496,0,0
BRDA:3134,496,1,0
BRDA:3135,497,0,0
BRDA:3135,497,1,0
BRDA:3146,498,0,0
BRDA:3146,498,1,0
BRDA:3152,499,0,0
BRDA:3152,499,1,0
BRDA:3158,500,0,0
BRDA:3158,500,1,0
BRDA:3165,501,0,0
BRDA:3165,501,1,0
BRDA:3179,502,0,0
BRDA:3179,502,1,0
BRDA:3191,503,0,0
BRDA:3191,503,1,0
BRDA:3209,504,0,0
BRDA:3209,504,1,0
BRDA:3239,505,0,0
BRDA:3239,505,1,0
BRDA:3243,506,0,0
BRDA:3243,506,1,0
BRDA:3263,507,0,0
BRDA:3263,507,1,0
BRDA:3280,508,0,0
BRDA:3280,508,1,0
BRDA:3280,509,0,0
BRDA:3280,509,1,0
BRDA:3280,510,0,0
BRDA:3280,510,1,0
BRDA:3284,511,0,0
BRDA:3284,511,1,0
BRDA:3292,512,0,0
BRDA:3292,512,1,0
BRDA:3292,513,0,0
BRDA:3292,513,1,0
BRDA:3295,514,0,0
BRDA:3295,514,1,0
BRDA:3296,515,0,0
BRDA:3296,515,1,0
BRDA:3363,516,0,0
BRDA:3363,516,1,0
BRDA:3409,517,0,0
BRDA:3409,517,1,0
BRDA:3475,518,0,0
BRDA:3475,518,1,0
BRDA:3482,519,0,0
BRDA:3482,519,1,0
BRDA:3502,520,0,0
BRDA:3502,520,1,0
BRDA:3512,521,0,0
BRDA:3512,521,1,0
BRDA:3526,522,0,0
BRDA:3526,522,1,0
BRDA:3548,523,0,0
BRDA:3548,523,1,0
BRDA:3552,524,0,0
BRDA:3552,524,1,0
BRDA:3555,525,0,0
BRDA:3555,525,1,0
BRDA:3584,526,0,0
BRDA:3584,526,1,0
BRDA:3594,527,0,0
BRDA:3594,527,1,0
BRDA:3608,528,0,0
BRDA:3608,528,1,0
BRDA:3623,529,0,0
BRDA:3623,529,1,0
BRDA:3624,530,0,0
BRDA:3624,530,1,0
BRDA:3629,531,0,0
BRDA:3629,531,1,0
BRDA:3638,532,0,0
BRDA:3638,532,1,0
BRDA:3690,533,0,0
BRDA:3690,533,1,0
BRDA:3691,534,0,0
BRDA:3691,534,1,0
BRDA:3699,535,0,0
BRDA:3699,535,1,0
BRDA:3704,536,0,0
BRDA:3704,536,1,0
BRDA:3709,537,0,0
BRDA:3709,537,1,0
BRDA:3714,538,0,0
BRDA:3714,538,1,0
BRDA:3719,539,0,0
BRDA:3719,539,1,0
BRDA:3728,540,0,0
BRDA:3728,540,1,0
BRDA:3792,541,0,0
BRDA:3792,541,1,0
BRDA:3797,542,0,0
BRDA:3797,542,1,0
BRDA:3817,543,0,0
BRDA:3817,543,1,0
BRDA:3826,544,0,0
BRDA:3826,544,1,0
BRDA:3846,545,0,0
BRDA:3846,545,1,0
BRDA:3869,546,0,0
BRDA:3869,546,1,0
BRDA:3879,547,0,0
BRDA:3879,547,1,0
BRDA:3881,548,0,0
BRDA:3881,548,1,0
BRDA:3898,549,0,0
BRDA:3898,549,1,0
BRDA:3918,550,0,0
BRDA:3918,550,1,0
BRDA:3929,551,0,0
BRDA:3929,551,1,0
BRDA:3949,552,0,0
BRDA:3949,552,1,0
BRDA:3974,553,0,0
BRDA:3974,553,1,0
BRDA:3979,554,0,0
BRDA:3979,554,1,0
BRDA:3979,555,0,0
BRDA:3979,555,1,0
BRDA:3981,556,0,0
BRDA:3981,556,1,0
BRDA:3992,557,0,0
BRDA:3992,557,1,0
BRDA:3994,558,0,0
BRDA:3994,558,1,0
BRDA:3997,559,0,0
BRDA:3997,559,1,0
BRDA:4002,560,0,0
BRDA:4002,560,1,0
BRDA:4016,561,0,0
BRDA:4016,561,1,0
BRDA:4017,562,0,0
BRDA:4017,562,1,0
BRDA:4026,563,0,0
BRDA:4026,563,1,0
BRDA:4041,564,0,0
BRDA:4041,564,1,0
BRDA:4041,565,0,0
BRDA:4041,565,1,0
BRDA:4048,566,0,0
BRDA:4048,566,1,0
BRDA:4067,567,0,0
BRDA:4067,567,1,0
BRDA:4123,568,0,0
BRDA:4123,568,1,0
BRDA:4139,569,0,0
BRDA:4139,569,1,0
BRDA:4160,570,0,0
BRDA:4160,570,1,0
BRDA:4177,571,0,0
BRDA:4177,571,1,0
BRDA:4187,572,0,0
BRDA:4187,572,1,0
BRDA:4207,573,0,0
BRDA:4207,573,1,0
BRDA:4208,574,0,0
BRDA:4208,574,1,0
BRDA:4217,575,0,0
BRDA:4217,575,1,0
BRDA:4223,576,0,0
BRDA:4223,576,1,0
BRDA:4230,577,0,0
BRDA:4230,577,1,0
BRDA:4257,578,0,0
BRDA:4257,578,1,0
BRDA:4257,579,0,0
BRDA:4257,579,1,0
BRDA:4258,580,0,0
BRDA:4258,580,1,0
BRDA:4259,581,0,0
BRDA:4259,581,1,0
BRDA:4262,582,0,0
BRDA:4262,582,1,0
BRDA:4262,583,0,0
BRDA:4262,583,1,0
BRDA:4265,584,0,0
BRDA:4265,584,1,0
BRDA:4273,585,0,0
BRDA:4273,585,1,0
BRDA:4333,586,0,0
BRDA:4333,586,1,0
BRDA:4341,587,0,0
BRDA:4341,587,1,0
BRDA:4353,588,0,0
BRDA:4353,588,1,0
BRDA:4389,589,0,0
BRDA:4389,589,1,0
BRDA:4404,590,0,0
BRDA:4404,590,1,0
BRDA:4405,591,0,0
BRDA:4405,591,1,0
BRDA:4412,592,0,0
BRDA:4412,592,1,0
BRDA:4422,593,0,0
BRDA:4422,593,1,0
BRDA:4431,594,0,0
BRDA:4431,594,1,0
BRDA:4431,595,0,0
BRDA:4431,595,1,0
BRDA:4438,596,0,0
BRDA:4438,596,1,0
BRDA:4467,597,0,0
BRDA:4467,597,1,0
BRDA:4467,598,0,0
BRDA:4467,598,1,0
BRDA:4468,599,0,0
BRDA:4468,599,1,0
BRDA:4469,600,0,0
BRDA:4469,600,1,0
BRDA:4472,601,0,0
BRDA:4472,601,1,0
BRDA:4472,602,0,0
BRDA:4472,602,1,0
BRDA:4475,603,0,0
BRDA:4475,603,1,0
BRDA:4483,604,0,0
BRDA:4483,604,1,0
BRDA:4527,605,0,0
BRDA:4527,605,1,0
BRDA:4534,606,0,0
BRDA:4534,606,1,0
BRDA:4534,607,0,0
BRDA:4534,607,1,0
BRDA:4535,608,0,0
BRDA:4535,608,1,0
BRDA:4535,609,0,0
BRDA:4535,609,1,0
BRDA:4541,610,0,0
BRDA:4541,610,1,0
BRDA:4546,611,0,0
BRDA:4546,611,1,0
BRDA:4558,612,0,0
BRDA:4558,612,1,0
BRDA:4586,613,0,0
BRDA:4586,613,1,0
BRDA:4588,614,0,0
BRDA:4588,614,1,0
BRDA:4590,615,0,0
BRDA:4590,615,1,0
BRDA:4592,616,0,0
BRDA:4592,616,1,0
BRDA:4594,617,0,0
BRDA:4594,617,1,0
BRDA:4598,618,0,0
BRDA:4598,618,1,0
BRDA:4602,619,0,0
BRDA:4602,619,1,0
BRDA:4607,620,0,0
BRDA:4607,620,1,0
BRDA:4632,621,0,0
BRDA:4632,621,1,0
BRDA:4632,621,2,0
BRDA:4633,622,0,0
BRDA:4633,622,1,0
BRDA:4633,623,0,0
BRDA:4633,623,1,0
BRDA:4633,624,0,0
BRDA:4633,624,1,0
BRDA:4634,625,0,0
BRDA:4634,625,1,0
BRDA:4634,626,0,0
BRDA:4634,626,1,0
BRDA:4634,627,0,0
BRDA:4634,627,1,0
BRDA:4635,628,0,0
BRDA:4635,628,1,0
BRDA:4635,628,2,0
BRDA:4636,629,0,0
BRDA:4636,629,1,0
BRDA:4636,629,2,0
BRDA:4653,630,0,0
BRDA:4653,630,1,0
BRDA:4662,631,0,0
BRDA:4662,631,1,0
BRDA:4692,632,0,0
BRDA:4692,632,1,0
BRDA:4702,633,0,0
BRDA:4702,633,1,0
BRDA:4719,634,0,0
BRDA:4719,634,1,0
BRDA:4730,635,0,0
BRDA:4730,635,1,0
BRDA:4731,636,0,0
BRDA:4731,636,1,0
BRDA:4741,637,0,0
BRDA:4741,637,1,0
BRDA:4748,638,0,0
BRDA:4748,638,1,0
BRDA:4756,639,0,0
BRDA:4756,639,1,0
BRDA:4766,640,0,0
BRDA:4767,641,0,0
BRDA:4776,642,0,0
BRDA:4789,643,0,0
BRDA:4789,643,1,0
BRDA:4789,644,0,0
BRDA:4789,644,1,0
BRDA:4793,645,0,0
BRDA:4793,645,1,0
BRDA:4797,646,0,0
BRDA:4797,646,1,0
BRDA:4801,647,0,0
BRDA:4801,647,1,0
BRDA:4804,648,0,0
BRDA:4804,648,1,0
BRDA:4811,649,0,0
BRDA:4811,649,1,0
BRDA:4817,650,0,0
BRDA:4817,650,1,0
BRDA:4823,651,0,0
BRDA:4823,651,1,0
BRDA:4829,652,0,0
BRDA:4829,652,1,0
BRDA:4835,653,0,0
BRDA:4835,653,1,0
BRDA:4836,654,0,0
BRDA:4836,654,1,0
BRDA:4846,655,0,0
BRDA:4846,655,1,0
BRDA:4866,656,0,0
BRDA:4866,656,1,0
BRDA:4866,657,0,0
BRDA:4866,657,1,0
BRDA:4869,658,0,0
BRDA:4869,658,1,0
BRDA:4872,659,0,0
BRDA:4872,659,1,0
BRDA:4875,660,0,0
BRDA:4875,660,1,0
BRDA:4877,661,0,0
BRDA:4877,661,1,0
BRDA:4882,662,0,0
BRDA:4882,662,1,0
BRDA:4886,663,0,0
BRDA:4886,663,1,0
BRDA:4890,664,0,0
BRDA:4890,664,1,0
BRDA:4894,665,0,0
BRDA:4894,665,1,0
BRDA:4898,666,0,0
BRDA:4898,666,1,0
BRDA:4899,667,0,0
BRDA:4899,667,1,0
BRDA:4909,668,0,0
BRDA:4909,668,1,0
BRDA:4992,669,0,0
BRDA:4992,669,1,0
BRDA:5016,670,0,0
BRDA:5016,670,1,0
BRDA:5033,671,0,0
BRDA:5033,672,0,0
BRDA:5036,673,0,0
BRDA:5036,673,1,0
BRDA:5059,674,0,0
BRDA:5059,674,1,0
BRDA:5067,675,0,0
BRDA:5067,675,1,0
BRDA:5075,676,0,0
BRDA:5075,676,1,0
BRDA:5075,677,0,0
BRDA:5075,677,1,0
BRDA:5082,678,0,0
BRDA:5082,678,1,0
BRDA:5082,679,0,0
BRDA:5082,679,1,0
BRDA:5085,680,0,0
BRDA:5085,680,1,0
BRDA:5099,681,0,0
BRDA:5099,681,1,0
BRDA:5099,682,0,0
BRDA:5099,682,1,0
BRDA:5103,683,0,0
BRDA:5103,683,1,0
BRDA:5105,684,0,0
BRDA:5105,684,1,0
BRDA:5119,685,0,0
BRDA:5119,685,1,0
BRDA:5120,686,0,0
BRDA:5120,686,1,0
BRDA:5121,687,0,0
BRDA:5121,687,1,0
BRDA:5140,688,0,0
BRDA:5140,688,1,0
BRDA:5154,689,0,0
BRDA:5156,690,0,0
BRDA:5156,690,1,0
BRDA:5159,691,0,0
BRDA:5159,691,1,0
BRDA:5164,692,0,0
BRDA:5164,692,1,0
BRDA:5170,693,0,0
BRDA:5170,693,1,0
BRDA:5178,694,0,0
BRDA:5178,694,1,0
BRDA:5184,695,0,0
BRDA:5184,695,1,0
BRDA:5192,696,0,0
BRDA:5192,696,1,0
BRDA:5193,697,0,0
BRDA:5193,697,1,0
BRDA:5200,698,0,0
BRDA:5200,698,1,0
BRDA:5213,699,0,0
BRDA:5213,699,1,0
BRDA:5221,700,0,0
BRDA:5221,700,1,0
BRDA:5226,701,0,0
BRDA:5226,701,1,0
BRDA:5232,702,0,0
BRDA:5232,702,1,0
BRDA:5238,703,0,0
BRDA:5238,703,1,0
BRDA:5248,704,0,0
BRDA:5248,704,1,0
BRDA:5253,705,0,0
BRDA:5253,705,1,0
BRDA:5256,706,0,0
BRDA:5256,706,1,0
BRDA:5269,707,0,0
BRDA:5269,707,1,0
BRDA:5277,708,0,0
BRDA:5277,708,1,0
BRDA:5283,709,0,0
BRDA:5283,709,1,0
BRDA:5288,710,0,0
BRDA:5288,710,1,0
BRDA:5306,711,0,0
BRDA:5306,711,1,0
BRDA:5314,712,0,0
BRDA:5314,712,1,0
BRDA:5319,713,0,0
BRDA:5319,713,1,0
BRDA:5326,714,0,0
BRDA:5326,714,1,0
BRDA:5332,715,0,0
BRDA:5332,715,1,0
BRDA:5355,716,0,0
BRDA:5355,716,1,0
BRDA:5363,717,0,0
BRDA:5363,717,1,0
BRDA:5368,718,0,0
BRDA:5368,718,1,0
BRDA:5389,719,0,0
BRDA:5389,719,1,2
BRDA:5400,720,0,0
BRDA:5400,720,1,0
BRDA:5400,721,0,0
BRDA:5400,721,1,0
BRDA:5408,722,0,0
BRDA:5408,722,1,0
BRDA:5410,723,0,0
BRDA:5410,723,1,0
BRDA:5410,724,0,0
BRDA:5410,724,1,0
BRDA:5418,725,0,0
BRDA:5418,725,1,0
BRDA:5434,726,0,0
BRDA:5434,726,1,0
BRDA:5434,727,0,0
BRDA:5434,727,1,0
BRDA:5434,727,2,0
BRDA:5464,728,0,0
BRDA:5464,728,1,0
BRDA:5471,729,0,0
BRDA:5471,729,1,0
BRDA:5479,730,0,0
BRDA:5479,730,1,0
BRDA:5484,731,0,0
BRDA:5484,731,1,0
BRDA:5490,732,0,0
BRDA:5490,732,1,0
BRDA:5500,733,0,0
BRDA:5500,733,1,0
BRDA:5519,734,0,0
BRDA:5519,734,1,0
BRDA:5519,735,0,0
BRDA:5519,735,1,0
BRDA:5528,736,0,0
BRDA:5528,736,1,0
BRDA:5538,737,0,0
BRDA:5538,737,1,0
BRDA:5548,738,0,0
BRDA:5548,738,1,0
BRDA:5548,739,0,0
BRDA:5548,739,1,0
BRDA:5556,740,0,0
BRDA:5556,740,1,0
BRDA:5574,741,0,0
BRDA:5575,742,0,0
BRDA:5575,742,1,0
BRDA:5577,743,0,0
BRDA:5577,743,1,0
BRDA:5579,744,0,0
BRDA:5579,744,1,0
BRDA:5617,745,0,0
BRDA:5617,745,1,0
BRDA:5630,746,0,0
BRDA:5630,746,1,0
BRDA:5631,747,0,0
BRDA:5631,747,1,0
BRDA:5634,748,0,0
BRDA:5634,748,1,0
BRDA:5654,749,0,0
BRDA:5654,749,1,0
BRDA:5654,750,0,0
BRDA:5654,750,1,0
BRDA:5655,751,0,0
BRDA:5655,751,1,0
BRDA:5660,752,0,0
BRDA:5660,752,1,0
BRDA:5660,753,0,0
BRDA:5660,753,1,0
BRDA:5661,754,0,0
BRDA:5661,754,1,0
BRDA:5666,755,0,0
BRDA:5666,755,1,0
BRDA:5666,756,0,0
BRDA:5666,756,1,0
BRDA:5667,757,0,0
BRDA:5667,757,1,0
BRDA:5678,758,0,0
BRDA:5678,758,1,0
BRDA:5678,759,0,0
BRDA:5678,759,1,0
BRDA:5679,760,0,0
BRDA:5679,760,1,0
BRDA:5764,761,0,0
BRDA:5764,761,1,0
BRDA:5767,762,0,0
BRDA:5767,762,1,0
BRDA:5792,763,0,0
BRDA:5792,763,1,0
BRDA:5792,764,0,0
BRDA:5792,764,1,0
BRDA:5804,765,0,0
BRDA:5804,765,1,0
BRDA:5821,766,0,0
BRDA:5821,766,1,0
BRDA:5821,767,0,0
BRDA:5821,767,1,0
BRDA:5827,768,0,0
BRDA:5827,768,1,0
BRDA:5840,769,0,0
BRDA:5840,769,1,0
BRDA:5841,770,0,0
BRDA:5841,770,1,0
BRDA:5842,771,0,0
BRDA:5842,771,1,0
BRDA:5845,772,0,0
BRDA:5845,772,1,0
BRDA:5861,773,0,0
BRDA:5861,773,1,0
BRDA:5861,774,0,0
BRDA:5861,774,1,0
BRDA:5866,775,0,0
BRDA:5866,775,1,0
BRDA:5867,776,0,0
BRDA:5867,776,1,0
BRDA:5873,777,0,0
BRDA:5873,777,1,0
BRDA:5876,778,0,0
BRDA:5876,778,1,0
BRDA:5886,779,0,0
BRDA:5886,779,1,0
BRDA:5910,780,0,0
BRDA:5910,780,1,0
BRDA:5915,781,0,0
BRDA:5915,781,1,0
BRDA:5919,782,0,0
BRDA:5919,782,1,0
BRDA:5919,783,0,0
BRDA:5919,783,1,0
BRDA:5924,784,0,0
BRDA:5924,784,1,0
BRDA:5924,785,0,0
BRDA:5924,785,1,0
BRDA:5924,785,2,0
BRDA:5931,786,0,0
BRDA:5931,786,1,0
BRDA:5931,787,0,0
BRDA:5931,787,1,0
BRDA:5935,788,0,0
BRDA:5935,788,1,0
BRDA:5942,789,0,0
BRDA:5942,789,1,0
BRDA:5942,790,0,0
BRDA:5942,790,1,0
BRDA:5942,790,2,0
BRDA:5960,791,0,0
BRDA:5960,791,1,0
BRDA:5966,792,0,0
BRDA:5966,792,1,0
BRDA:5984,793,0,0
BRDA:5984,793,1,0
BRDA:5992,794,0,0
BRDA:5992,794,1,0
BRDA:5996,795,0,0
BRDA:5996,795,1,0
BRDA:6000,796,0,0
BRDA:6000,796,1,0
BRDA:6017,797,0,0
BRDA:6017,797,1,0
BRDA:6020,798,0,0
BRDA:6020,798,1,0
BRDA:6024,799,0,0
BRDA:6024,799,1,0
BRDA:6047,800,0,0
BRDA:6047,800,1,0
BRDA:6047,801,0,0
BRDA:6047,801,1,0
BRDA:6049,802,0,0
BRDA:6049,802,1,0
BRDA:6057,803,0,0
BRDA:6057,803,1,0
BRDA:6057,804,0,0
BRDA:6057,804,1,0
BRDA:6058,805,0,0
BRDA:6058,805,1,0
BRDA:6066,806,0,0
BRDA:6066,806,1,0
BRDA:6066,807,0,0
BRDA:6066,807,1,0
BRDA:6068,808,0,0
BRDA:6068,808,1,0
BRDA:6071,809,0,0
BRDA:6071,809,1,0
BRDA:6081,810,0,0
BRDA:6081,810,1,0
BRDA:6081,811,0,0
BRDA:6081,811,1,0
BRDA:6082,812,0,0
BRDA:6082,812,1,0
BRDA:6090,813,0,0
BRDA:6090,813,1,0
BRDA:6100,814,0,0
BRDA:6100,814,1,0
BRDA:6109,815,0,0
BRDA:6109,815,1,0
BRDA:6111,816,0,0
BRDA:6111,816,1,0
BRDA:6112,817,0,0
BRDA:6112,817,1,0
BRDA:6129,818,0,0
BRDA:6129,818,1,0
BRDA:6132,819,0,0
BRDA:6132,819,1,0
BRDA:6133,820,0,0
BRDA:6133,820,1,0
BRDA:6147,821,0,0
BRDA:6147,821,1,0
BRDA:6158,822,0,0
BRDA:6158,822,1,0
BRDA:6159,823,0,0
BRDA:6159,823,1,0
BRDA:6172,824,0,0
BRDA:6172,824,1,0
BRDA:6185,825,0,0
BRDA:6185,825,1,0
BRDA:6197,826,0,0
BRDA:6197,826,1,0
BRDA:6209,827,0,0
BRDA:6209,827,1,0
BRDA:6209,828,0,0
BRDA:6209,828,1,0
BRDA:6223,829,0,0
BRDA:6223,829,1,0
BRDA:6223,830,0,0
BRDA:6223,830,1,0
BRDA:6223,830,2,0
BRDA:6233,831,0,0
BRDA:6233,831,1,0
BRDA:6265,832,0,0
BRDA:6265,832,1,0
BRDA:6286,833,0,0
BRDA:6286,833,1,0
BRDA:6286,834,0,0
BRDA:6286,834,1,0
BRDA:6293,835,0,0
BRDA:6293,835,1,0
BRDA:6293,836,0,0
BRDA:6293,836,1,0
BRDA:6303,837,0,0
BRDA:6303,837,1,0
BRDA:6329,838,0,0
BRDA:6329,838,1,0
BRDA:6329,839,0,0
BRDA:6329,839,1,0
BRDA:6329,839,2,0
BRDA:6329,839,3,0
BRDA:6329,839,4,0
BRDA:6338,840,0,0
BRDA:6338,840,1,0
BRDA:6346,841,0,0
BRDA:6346,841,1,0
BRDA:6376,842,0,0
BRDA:6376,842,1,0
BRDA:6376,843,0,0
BRDA:6376,843,1,0
BRDA:6376,843,2,0
BRDA:6376,843,3,0
BRDA:6376,843,4,0
BRDA:6387,844,0,0
BRDA:6387,844,1,0
BRDA:6415,845,0,0
BRDA:6415,845,1,0
BRDA:6423,846,0,0
BRDA:6423,846,1,0
BRDA:6423,847,0,0
BRDA:6423,847,1,0
BRDA:6423,847,2,0
BRDA:6423,847,3,0
BRDA:6431,848,0,0
BRDA:6431,848,1,0
BRDA:6439,849,0,0
BRDA:6439,849,1,0
BRDA:6439,850,0,0
BRDA:6439,850,1,0
BRDA:6458,851,0,0
BRDA:6458,851,1,0
BRDA:6467,852,0,0
BRDA:6467,852,1,0
BRDA:6469,853,0,0
BRDA:6469,853,1,0
BRDA:6471,854,0,0
BRDA:6471,854,1,0
BRDA:6491,855,0,0
BRDA:6491,855,1,0
BRDA:6509,856,0,0
BRDA:6509,856,1,0
BRDA:6515,857,0,0
BRDA:6515,857,1,0
BRDA:6523,858,0,0
BRDA:6523,858,1,0
BRDA:6529,859,0,0
BRDA:6529,859,1,0
BRDA:6540,860,0,0
BRDA:6540,860,1,0
BRDA:6549,861,0,0
BRDA:6549,861,1,0
BRDA:6554,862,0,0
BRDA:6554,862,1,0
BRDA:6574,863,0,0
BRDA:6574,863,1,0
BRDA:6574,864,0,0
BRDA:6574,864,1,0
BRDA:6584,865,0,0
BRDA:6584,865,1,0
BRDA:6586,866,0,0
BRDA:6586,866,1,0
BRDA:6603,867,0,0
BRDA:6603,868,0,0
BRDA:6603,869,0,0
BRDA:6630,870,0,0
BRDA:6630,871,0,0
BRDA:6630,872,0,0
BRDA:6645,873,0,0
BRDA:6645,873,1,0
BRDA:6705,874,0,0
BRDA:6705,874,1,0
BRDA:6705,875,0,0
BRDA:6705,875,1,0
BRDA:6705,875,2,0
BRDA:6725,876,0,0
BRDA:6725,876,1,0
BRDA:6725,877,0,0
BRDA:6725,877,1,0
BRDA:6725,878,0,0
BRDA:6725,878,1,0
BRDA:6725,879,0,0
BRDA:6725,879,1,0
BRDA:6731,880,0,0
BRDA:6731,880,1,0
BRDA:6759,881,0,0
BRDA:6759,881,1,0
BRDA:6767,882,0,0
BRDA:6767,882,1,0
BRDA:6789,883,0,0
BRDA:6789,883,1,0
BRDA:6789,884,0,0
BRDA:6789,884,1,0
BRDA:6789,885,0,0
BRDA:6789,885,1,0
BRDA:6789,886,0,0
BRDA:6789,886,1,0
BRDA:6789,887,0,0
BRDA:6789,887,1,0
BRDA:6789,888,0,0
BRDA:6789,888,1,0
BRDA:6789,889,0,0
BRDA:6789,889,1,0
BRDA:6789,890,0,0
BRDA:6789,890,1,0
BRDA:6820,891,0,0
BRDA:6820,891,1,0
BRDA:6855,892,0,0
BRDA:6855,892,1,0
BRDA:6896,893,0,0
BRDA:6896,893,1,0
BRDA:6931,894,0,0
BRDA:6931,894,1,0
BRDA:6941,895,0,0
BRDA:6941,895,1,0
BRDA:6946,896,0,0
BRDA:6946,896,1,0
BRDA:6953,897,0,0
BRDA:6953,897,1,0
BRDA:6958,898,0,0
BRDA:6958,898,1,0
BRDA:6980,899,0,0
BRDA:6980,900,0,0
BRDA:6985,901,0,0
BRDA:6985,901,1,0
BRDA:7022,902,0,0
BRDA:7022,902,1,0
BRDA:7043,903,0,0
BRDA:7043,903,1,0
BRDA:7050,904,0,0
BRDA:7050,904,1,0
BRDA:7061,905,0,0
BRDA:7061,905,1,0
BRDA:7076,906,0,0
BRDA:7076,906,1,0
BRDA:7103,907,0,0
BRDA:7103,907,1,0
BRDA:7140,908,0,0
BRDA:7142,909,0,0
BRDA:7142,909,1,0
BRDA:7144,910,0,0
BRDA:7144,910,1,0
BRDA:7150,911,0,0
BRDA:7150,911,1,0
BRDA:7192,912,0,0
BRDA:7192,912,1,0
BRDA:7194,913,0,0
BRDA:7194,913,1,0
BRDA:7214,914,0,0
BRDA:7214,914,1,0
BRDA:7219,915,0,0
BRDA:7219,915,1,0
BRDA:7219,916,0,0
BRDA:7219,916,1,0
BRDA:7219,916,2,0
BRDA:7251,917,0,0
BRDA:7251,917,1,0
BRDA:7261,918,0,0
BRDA:7261,918,1,0
BRDA:7283,919,0,0
BRDA:7283,919,1,0
BRDA:7283,920,0,0
BRDA:7283,920,1,0
BRDA:7283,920,2,0
BRDA:7283,920,3,0
BRDA:7293,921,0,0
BRDA:7293,921,1,0
BRDA:7331,922,0,0
BRDA:7331,922,1,0
BRDA:7331,923,0,0
BRDA:7331,923,1,0
BRDA:7334,924,0,0
BRDA:7334,924,1,0
BRDA:7336,925,0,0
BRDA:7336,925,1,0
BRDA:7346,926,0,0
BRDA:7346,926,1,0
BRDA:7360,927,0,0
BRDA:7360,927,1,0
BRDA:7364,928,0,0
BRDA:7364,928,1,0
BRDA:7369,929,0,0
BRDA:7369,929,1,0
BRDA:7369,930,0,0
BRDA:7369,930,1,0
BRDA:7372,931,0,0
BRDA:7372,931,1,0
BRDA:7373,932,0,0
BRDA:7373,932,1,0
BRDA:7374,933,0,0
BRDA:7374,933,1,0
BRDA:7381,934,0,0
BRDA:7381,934,1,0
BRDA:7390,935,0,0
BRDA:7390,935,1,0
BRDA:7397,936,0,0
BRDA:7397,936,1,0
BRDA:7398,937,0,0
BRDA:7398,937,1,0
BRDA:7399,938,0,0
BRDA:7399,938,1,0
BRDA:7405,939,0,0
BRDA:7405,939,1,0
BRDA:7406,940,0,0
BRDA:7406,940,1,0
BRDA:7414,941,0,0
BRDA:7414,941,1,0
BRDA:7420,942,0,0
BRDA:7420,942,1,0
BRDA:7421,943,0,0
BRDA:7421,943,1,0
BRDA:7431,944,0,0
BRDA:7431,944,1,0
BRDA:7431,945,0,0
BRDA:7431,945,1,0
BRDA:7433,946,0,0
BRDA:7433,946,1,0
BRDA:7433,947,0,0
BRDA:7433,947,1,0
BRDA:7439,948,0,0
BRDA:7439,948,1,0
BRDA:7439,949,0,0
BRDA:7439,949,1,0
BRDA:7442,950,0,0
BRDA:7442,950,1,0
BRDA:7443,951,0,0
BRDA:7443,951,1,0
BRDA:7444,952,0,0
BRDA:7444,952,1,0
BRDA:7458,953,0,0
BRDA:7458,953,1,0
BRDA:7464,954,0,0
BRDA:7464,954,1,0
BRDA:7479,955,0,0
BRDA:7479,955,1,0
BRDA:7481,956,0,0
BRDA:7481,956,1,0
BRDA:7481,957,0,0
BRDA:7481,957,1,0
BRDA:7483,958,0,0
BRDA:7483,958,1,0
BRDA:7493,959,0,0
BRDA:7493,959,1,0
BRDA:7495,960,0,0
BRDA:7495,960,1,0
BRDA:7501,961,0,0
BRDA:7501,961,1,0
BRDA:7502,962,0,0
BRDA:7502,962,1,0
BRDA:7510,963,0,0
BRDA:7510,963,1,0
BRDA:7511,964,0,0
BRDA:7511,964,1,0
BRDA:7520,965,0,0
BRDA:7520,965,1,0
BRDA:7536,966,0,0
BRDA:7536,966,1,0
BRDA:7537,967,0,0
BRDA:7537,967,1,0
BRDA:7542,968,0,0
BRDA:7542,968,1,0
BRDA:7562,969,0,0
BRDA:7562,969,1,0
BRDA:7566,970,0,0
BRDA:7566,970,1,0
BRDA:7567,971,0,0
BRDA:7567,971,1,0
BRDA:7567,971,2,0
BRDA:7580,972,0,0
BRDA:7580,972,1,0
BRDA:7584,973,0,0
BRDA:7584,973,1,0
BRDA:7585,974,0,0
BRDA:7585,974,1,0
BRDA:7585,974,2,0
BRDA:7603,975,0,0
BRDA:7603,975,1,0
BRDA:7612,976,0,0
BRDA:7612,976,1,0
BRDA:7630,977,0,0
BRDA:7630,977,1,0
BRDA:7641,978,0,0
BRDA:7641,978,1,0
BRDA:7641,979,0,0
BRDA:7641,979,1,0
BRDA:7660,980,0,0
BRDA:7660,980,1,0
BRDA:7766,981,0,0
BRDA:7766,981,1,0
BRDA:7768,982,0,0
BRDA:7768,982,1,0
BRDA:7791,983,0,0
BRDA:7791,983,1,0
BRDA:7791,984,0,0
BRDA:7791,984,1,0
BRDA:7808,985,0,0
BRDA:7808,985,1,0
BRDA:7811,986,0,0
BRDA:7811,986,1,0
BRDA:7837,987,0,0
BRDA:7837,987,1,0
BRDA:7872,988,0,0
BRDA:7872,988,1,0
BRDA:7879,989,0,0
BRDA:7879,989,1,0
BRDA:7885,990,0,0
BRDA:7885,990,1,0
BRDA:7890,991,0,0
BRDA:7890,991,1,0
BRDA:7981,992,0,0
BRDA:7981,992,1,0
BRDA:7987,993,0,0
BRDA:7987,993,1,0
BRDA:8005,994,0,0
BRDA:8005,994,1,0
BRDA:8006,995,0,0
BRDA:8006,995,1,0
BRDA:8008,996,0,0
BRDA:8008,996,1,0
BRDA:8009,997,0,0
BRDA:8009,997,1,0
BRDA:8050,998,0,0
BRDA:8050,998,1,0
BRDA:8055,999,0,0
BRDA:8055,999,1,0
BRDA:8061,1000,0,0
BRDA:8061,1000,1,0
BRDA:8080,1001,0,0
BRDA:8080,1001,1,0
BRDA:8081,1002,0,0
BRDA:8081,1002,1,0
BRDA:8083,1003,0,0
BRDA:8083,1003,1,0
BRDA:8084,1004,0,0
BRDA:8084,1004,1,0
BRDA:8118,1005,0,0
BRDA:8118,1005,1,0
BRDA:8151,1006,0,0
BRDA:8151,1007,0,0
BRDA:8156,1008,0,0
BRDA:8156,1008,1,0
BRDA:8183,1009,0,0
BRDA:8183,1009,1,0
BRDA:8184,1010,0,0
BRDA:8184,1010,1,0
BRDA:8185,1011,0,0
BRDA:8185,1011,1,0
BRDA:8186,1012,0,0
BRDA:8186,1012,1,0
BRF:2052
BRH:2
end_of_record
TN:
SF:routes/auth.js
FN:15,getAdminLockoutConfig
FN:51,getUserLockoutConfig
FN:87,getIpRateLimitConfig
FN:111,calculateLockoutTime
FN:131,calculateProgressiveDelay
FN:149,checkAdminLockout
FN:242,recordLoginFailure
FN:353,clearLoginFailure
FN:365,checkUserLockout
FN:448,recordUserLoginFailure
FN:552,clearUserLoginFailure
FN:566,checkIpBlock
FN:643,recordIpFailure
FN:705,clearIpFailure
FN:721,logLoginAttempt
FN:740,(anonymous_15)
FN:772,(anonymous_16)
FN:954,(anonymous_17)
FN:977,(anonymous_18)
FN:992,(anonymous_19)
FN:1031,(anonymous_20)
FN:1135,(anonymous_21)
FN:1260,(anonymous_22)
FN:1289,(anonymous_23)
FN:1310,(anonymous_24)
FN:1364,(anonymous_25)
FN:1475,(anonymous_26)
FN:1594,(anonymous_27)
FN:1625,(anonymous_28)
FN:1656,(anonymous_29)
FN:1724,(anonymous_30)
FN:1777,(anonymous_31)
FN:1804,(anonymous_32)
FNF:33
FNH:12
FNDA:0,getAdminLockoutConfig
FNDA:0,getUserLockoutConfig
FNDA:124,getIpRateLimitConfig
FNDA:0,calculateLockoutTime
FNDA:0,calculateProgressiveDelay
FNDA:0,checkAdminLockout
FNDA:0,recordLoginFailure
FNDA:0,clearLoginFailure
FNDA:0,checkUserLockout
FNDA:0,recordUserLoginFailure
FNDA:0,clearUserLoginFailure
FNDA:124,checkIpBlock
FNDA:0,recordIpFailure
FNDA:0,clearIpFailure
FNDA:0,logLoginAttempt
FNDA:124,(anonymous_15)
FNDA:0,(anonymous_16)
FNDA:1,(anonymous_17)
FNDA:1,(anonymous_18)
FNDA:2,(anonymous_19)
FNDA:0,(anonymous_20)
FNDA:0,(anonymous_21)
FNDA:1,(anonymous_22)
FNDA:1,(anonymous_23)
FNDA:0,(anonymous_24)
FNDA:0,(anonymous_25)
FNDA:0,(anonymous_26)
FNDA:0,(anonymous_27)
FNDA:2,(anonymous_28)
FNDA:3,(anonymous_29)
FNDA:3,(anonymous_30)
FNDA:3,(anonymous_31)
FNDA:0,(anonymous_32)
DA:1,4
DA:2,4
DA:3,4
DA:4,4
DA:5,4
DA:6,4
DA:7,4
DA:8,4
DA:10,4
DA:16,0
DA:17,0
DA:18,0
DA:19,0
DA:20,0
DA:21,0
DA:22,0
DA:23,0
DA:25,0
DA:35,0
DA:36,0
DA:52,0
DA:53,0
DA:54,0
DA:55,0
DA:56,0
DA:57,0
DA:58,0
DA:59,0
DA:61,0
DA:71,0
DA:72,0
DA:88,124
DA:89,124
DA:90,124
DA:92,124
DA:97,0
DA:98,0
DA:112,0
DA:113,0
DA:114,0
DA:115,0
DA:116,0
DA:117,0
DA:118,0
DA:119,0
DA:121,0
DA:132,0
DA:133,0
DA:134,0
DA:135,0
DA:136,0
DA:137,0
DA:138,0
DA:139,0
DA:141,0
DA:150,0
DA:155,0
DA:156,0
DA:159,0
DA:160,0
DA:163,0
DA:164,0
DA:165,0
DA:166,0
DA:169,0
DA:171,0
DA:173,0
DA:174,0
DA:176,0
DA:181,0
DA:185,0
DA:188,0
DA:189,0
DA:190,0
DA:192,0
DA:193,0
DA:194,0
DA:195,0
DA:196,0
DA:198,0
DA:201,0
DA:211,0
DA:216,0
DA:223,0
DA:224,0
DA:225,0
DA:233,0
DA:243,0
DA:248,0
DA:249,0
DA:250,0
DA:252,0
DA:254,0
DA:255,0
DA:256,0
DA:258,0
DA:267,0
DA:268,0
DA:270,0
DA:271,0
DA:272,0
DA:275,0
DA:276,0
DA:277,0
DA:280,0
DA:281,0
DA:282,0
DA:285,0
DA:286,0
DA:291,0
DA:292,0
DA:293,0
DA:298,0
DA:299,0
DA:302,0
DA:303,0
DA:304,0
DA:307,0
DA:308,0
DA:309,0
DA:310,0
[...]
DA:267,0
DA:269,0
DA:271,0
DA:284,0
DA:285,0
DA:286,0
DA:287,0
DA:288,0
DA:291,0
DA:292,0
DA:296,0
DA:297,0
DA:305,0
DA:306,0
DA:307,0
DA:308,0
DA:309,0
DA:312,0
DA:313,0
DA:317,0
DA:318,0
DA:328,0
DA:335,0
DA:337,0
DA:338,0
DA:359,0
DA:369,0
DA:372,0
LF:134
LH:0
BRDA:33,0,0,0
BRDA:33,0,1,0
BRDA:35,1,0,0
BRDA:35,1,1,0
BRDA:47,2,0,0
BRDA:47,2,1,0
BRDA:63,3,0,0
BRDA:63,3,1,0
BRDA:63,3,2,0
BRDA:65,4,0,0
BRDA:65,4,1,0
BRDA:70,5,0,0
BRDA:70,5,1,0
BRDA:70,5,2,0
BRDA:70,5,3,0
BRDA:75,6,0,0
BRDA:75,6,1,0
BRDA:79,7,0,0
BRDA:79,7,1,0
BRDA:79,8,0,0
BRDA:79,8,1,0
BRDA:79,8,2,0
BRDA:81,9,0,0
BRDA:81,9,1,0
BRDA:89,10,0,0
BRDA:89,10,1,0
BRDA:93,11,0,0
BRDA:93,11,1,0
BRDA:108,12,0,0
BRDA:108,12,1,0
BRDA:114,13,0,0
BRDA:114,13,1,0
BRDA:119,14,0,0
BRDA:119,14,1,0
BRDA:136,15,0,0
BRDA:136,15,1,0
BRDA:139,16,0,0
BRDA:139,16,1,0
BRDA:142,17,0,0
BRDA:142,17,1,0
BRDA:146,18,0,0
BRDA:146,18,1,0
BRDA:147,19,0,0
BRDA:147,19,1,0
BRDA:163,20,0,0
BRDA:163,20,1,0
BRDA:170,21,0,0
BRDA:170,21,1,0
BRDA:176,22,0,0
BRDA:176,22,1,0
BRDA:177,23,0,0
BRDA:177,23,1,0
BRDA:178,24,0,0
BRDA:178,24,1,0
BRDA:181,25,0,0
BRDA:181,25,1,0
BRDA:181,26,0,0
BRDA:181,26,1,0
BRDA:181,26,2,0
BRDA:181,26,3,0
BRDA:203,27,0,0
BRDA:203,27,1,0
BRDA:204,28,0,0
BRDA:204,28,1,0
BRDA:214,29,0,0
BRDA:214,29,1,0
BRDA:216,30,0,0
BRDA:216,30,1,0
BRDA:217,31,0,0
BRDA:217,31,1,0
BRDA:218,32,0,0
BRDA:218,32,1,0
BRDA:227,33,0,0
BRDA:227,33,1,0
BRDA:228,34,0,0
BRDA:228,34,1,0
BRDA:229,35,0,0
BRDA:229,35,1,0
BRDA:240,36,0,0
BRDA:240,36,1,0
BRDA:255,37,0,0
BRDA:255,37,1,0
BRDA:262,38,0,0
BRDA:262,38,1,0
BRDA:264,39,0,0
BRDA:264,39,1,0
BRDA:264,40,0,0
BRDA:264,40,1,0
BRDA:282,41,0,0
BRDA:284,42,0,0
BRDA:284,42,1,0
BRDA:291,43,0,0
BRDA:291,43,1,0
BRDA:305,44,0,0
BRDA:305,44,1,0
BRDA:305,45,0,0
BRDA:305,45,1,0
BRDA:305,45,2,0
BRDA:306,46,0,0
BRDA:306,46,1,0
BRDA:312,47,0,0
BRDA:312,47,1,0
BRDA:317,48,0,0
BRDA:317,48,1,0
BRF:104
BRH:0
end_of_record
TN:
SF:utils/cycle-helper.js
FN:8,findOrderCycle
FN:25,findOrderCyclesBatch
FN:31,(anonymous_2)
FN:33,(anonymous_3)
FN:49,(anonymous_4)
FN:69,isActiveCycle
FN:86,isOrderExpired
FNF:7
FNH:7
FNDA:3,findOrderCycle
FNDA:3,findOrderCyclesBatch
FNDA:3,(anonymous_2)
FNDA:3,(anonymous_3)
FNDA:5,(anonymous_4)
FNDA:5,isActiveCycle
FNDA:6,isOrderExpired
DA:1,4
DA:10,3
DA:17,3
DA:26,3
DA:27,2
DA:31,1
DA:32,3
DA:33,1
DA:34,3
DA:36,1
DA:37,1
DA:46,1
DA:47,1
DA:49,3
DA:50,5
DA:51,5
DA:52,5
DA:53,5
DA:55,3
DA:56,2
DA:60,1
DA:70,5
DA:71,2
DA:73,3
DA:74,1
DA:76,2
DA:87,6
DA:89,2
DA:90,2
DA:91,2
DA:92,4
DA:95,3
DA:96,3
DA:97,1
DA:99,2
DA:100,1
DA:102,1
DA:105,1
DA:109,4
LF:39
LH:39
BRDA:26,0,0,2
BRDA:26,0,1,1
BRDA:26,1,0,3
BRDA:26,1,1,2
BRDA:32,2,0,0
BRDA:32,2,1,3
BRDA:34,3,0,2
BRDA:34,3,1,1
BRDA:51,4,0,5
BRDA:51,4,1,0
BRDA:53,5,0,5
BRDA:53,5,1,4
BRDA:55,6,0,2
BRDA:55,6,1,1
BRDA:70,7,0,2
BRDA:70,7,1,3
BRDA:73,8,0,1
BRDA:73,8,1,2
BRDA:87,9,0,2
BRDA:87,9,1,4
BRDA:92,10,0,3
BRDA:92,10,1,1
BRDA:96,11,0,1
BRDA:96,11,1,2
BRDA:96,12,0,3
BRDA:96,12,1,2
BRDA:99,13,0,1
BRDA:99,13,1,1
BRF:28
BRH:26
end_of_record
TN:
SF:utils/email.js
FN:13,getEmailConfig
FN:52,createTransporter
FN:79,sendEmail
FN:100,(anonymous_3)
FN:104,(anonymous_4)
FN:105,(anonymous_5)
FN:151,(anonymous_6)
FN:160,(anonymous_7)
FN:167,(anonymous_8)
FN:172,(anonymous_9)
FN:186,sendCycleExportEmail
FN:235,testEmailConfig
FNF:12
FNH:0
FNDA:0,getEmailConfig
FNDA:0,createTransporter
FNDA:0,sendEmail
FNDA:0,(anonymous_3)
FNDA:0,(anonymous_4)
FNDA:0,(anonymous_5)
FNDA:0,(anonymous_6)
FNDA:0,(anonymous_7)
FNDA:0,(anonymous_8)
FNDA:0,(anonymous_9)
FNDA:0,sendCycleExportEmail
FNDA:0,testEmailConfig
DA:1,1
DA:2,1
DA:3,1
DA:4,1
DA:5,1
DA:8,1
DA:14,0
DA:15,0
DA:16,0
DA:17,0
DA:18,0
DA:19,0
DA:20,0
DA:21,0
DA:22,0
DA:24,0
DA:35,0
DA:36,0
DA:53,0
DA:55,0
DA:56,0
DA:59,0
DA:80,0
DA:81,0
DA:83,0
DA:84,0
DA:85,0
DA:88,0
DA:89,0
DA:90,0
DA:93,0
DA:94,0
DA:95,0
DA:96,0
DA:100,0
DA:101,0
DA:103,0
DA:104,0
DA:105,0
DA:108,0
DA:109,0
DA:111,0
DA:112,0
DA:113,0
DA:117,0
DA:124,0
DA:125,0
DA:126,0
DA:135,0
DA:136,0
DA:137,0
DA:139,0
DA:140,0
DA:141,0
DA:146,0
DA:147,0
DA:151,0
DA:154,0
DA:160,0
DA:165,0
DA:167,0
DA:169,0
DA:172,0
DA:176,0
DA:177,0
DA:187,0
DA:188,0
DA:190,0
DA:191,0
DA:192,0
DA:196,0
DA:197,0
DA:200,0
DA:201,0
DA:202,0
DA:208,0
DA:209,0
DA:210,0
DA:220,0
DA:227,0
DA:228,0
DA:236,0
DA:237,0
DA:239,0
DA:240,0
DA:243,0
DA:244,0
DA:247,0
DA:248,0
DA:249,0
DA:253,0
DA:254,0
DA:257,0
DA:258,0
DA:259,0
DA:267,0
DA:273,0
DA:274,0
DA:278,1
LF:99
LH:7
BRDA:8,0,0,0
BRDA:8,0,1,1
BRDA:26,1,0,0
BRDA:26,1,1,0
BRDA:27,2,0,0
BRDA:27,2,1,0
BRDA:29,3,0,0
BRDA:29,3,1,0
BRDA:30,4,0,0
BRDA:30,4,1,0
BRDA:31,5,0,0
BRDA:31,5,1,0
BRDA:32,6,0,0
BRDA:32,6,1,0
BRDA:55,7,0,0
BRDA:55,7,1,0
BRDA:55,8,0,0
BRDA:55,8,1,0
BRDA:55,8,2,0
BRDA:55,8,3,0
BRDA:83,9,0,0
BRDA:83,9,1,0
BRDA:88,10,0,0
BRDA:88,10,1,0
BRDA:88,11,0,0
BRDA:88,11,1,0
BRDA:94,12,0,0
BRDA:94,12,1,0
BRDA:101,13,0,0
BRDA:101,13,1,0
BRDA:108,14,0,0
BRDA:108,14,1,0
BRDA:111,15,0,0
BRDA:111,15,1,0
BRDA:131,16,0,0
BRDA:131,16,1,0
BRDA:132,17,0,0
BRDA:132,17,1,0
BRDA:146,18,0,0
BRDA:146,18,1,0
BRDA:190,19,0,0
BRDA:190,19,1,0
BRDA:197,20,0,0
BRDA:197,20,1,0
BRDA:201,21,0,0
BRDA:201,21,1,0
BRDA:224,22,0,0
BRDA:224,22,1,0
BRDA:239,23,0,0
BRDA:239,23,1,0
BRDA:243,24,0,0
BRDA:243,24,1,0
BRDA:243,25,0,0
BRDA:243,25,1,0
BRDA:243,25,2,0
BRDA:243,25,3,0
BRDA:243,25,4,0
BRDA:248,26,0,0
BRDA:248,26,1,0
BRDA:254,27,0,0
BRDA:254,27,1,0
BRF:61
BRH:1
end_of_record
TN:
SF:utils/health-check.js
FN:9,performHealthCheck
FN:73,(anonymous_1)
FN:74,(anonymous_2)
FN:75,(anonymous_3)
FNF:4
FNH:4
FNDA:6,performHealthCheck
FNDA:14,(anonymous_1)
FNDA:17,(anonymous_2)
FNDA:16,(anonymous_3)
DA:1,1
DA:2,1
DA:3,1
DA:10,6
DA:17,6
DA:18,6
DA:19,5
DA:21,1
DA:25,6
DA:26,6
DA:27,6
DA:28,5
DA:29,5
DA:32,5
DA:33,1
DA:38,4
DA:44,1
DA:48,6
DA:49,6
DA:50,5
DA:57,5
DA:58,1
DA:63,4
DA:69,1
DA:73,14
DA:74,17
DA:75,16
DA:77,6
DA:78,6
DA:79,1
DA:80,5
DA:81,2
DA:84,6
DA:91,1
LF:34
LH:34
BRDA:32,0,0,1
BRDA:32,0,1,4
BRDA:57,1,0,1
BRDA:57,1,1,4
BRDA:78,2,0,1
BRDA:78,2,1,5
BRDA:80,3,0,2
BRDA:80,3,1,3
BRF:8
BRH:8
end_of_record
TN:
SF:utils/log-helper.js
FN:26,shouldLogDebug
FN:54,shouldLogRequest
FN:58,(anonymous_2)
FN:82,shouldLogPerformance
FN:86,(anonymous_4)
FN:108,clearSettingsCache
FNF:6
FNH:0
FNDA:0,shouldLogDebug
FNDA:0,shouldLogRequest
FNDA:0,(anonymous_2)
FNDA:0,shouldLogPerformance
FNDA:0,(anonymous_4)
FNDA:0,clearSettingsCache
DA:1,0
DA:2,0
DA:5,0
DA:6,0
DA:9,0
DA:17,0
DA:28,0
DA:29,0
DA:30,0
DA:33,0
DA:34,0
DA:37,0
DA:39,0
DA:40,0
DA:43,0
DA:44,0
DA:55,0
DA:58,0
DA:59,0
DA:63,0
DA:64,0
DA:68,0
DA:69,0
DA:73,0
DA:83,0
DA:86,0
DA:87,0
DA:91,0
DA:92,0
DA:96,0
DA:97,0
DA:98,0
DA:102,0
DA:109,0
DA:112,0
LF:35
LH:0
BRDA:29,0,0,0
BRDA:29,0,1,0
BRDA:29,1,0,0
BRDA:29,1,1,0
BRDA:37,2,0,0
BRDA:37,2,1,0
BRDA:39,3,0,0
BRDA:39,3,1,0
BRDA:55,4,0,0
BRDA:55,4,1,0
BRDA:58,5,0,0
BRDA:58,5,1,0
BRDA:63,6,0,0
BRDA:63,6,1,0
BRDA:68,7,0,0
BRDA:68,7,1,0
BRDA:83,8,0,0
BRDA:83,8,1,0
BRDA:86,9,0,0
BRDA:86,9,1,0
BRDA:91,10,0,0
BRDA:91,10,1,0
BRDA:97,11,0,0
BRDA:97,11,1,0
BRF:24
BRH:0
end_of_record
TN:
SF:utils/logger.js
FN:25,(anonymous_0)
FN:88,getCurrentLocalTimeString
FN:100,logAction
FNF:3
FNH:3
FNDA:3,(anonymous_0)
FNDA:2,getCurrentLocalTimeString
FNDA:2,logAction
DA:1,1
DA:2,1
DA:3,1
DA:4,1
DA:7,1
DA:8,1
DA:9,1
DA:10,0
DA:14,1
DA:22,1
DA:26,3
DA:27,3
DA:28,0
DA:30,3
DA:35,1
DA:43,1
DA:77,1
DA:78,1
DA:89,2
DA:90,2
DA:91,2
DA:92,2
DA:93,2
DA:94,2
DA:95,2
DA:96,2
DA:101,2
DA:102,2
DA:105,2
DA:106,2
DA:121,0
DA:125,1
LF:32
LH:29
BRDA:7,0,0,0
BRDA:7,0,1,1
BRDA:9,1,0,0
BRDA:9,1,1,1
BRDA:27,2,0,0
BRDA:27,2,1,3
BRDA:44,3,0,1
BRDA:44,3,1,1
BRDA:77,4,0,1
BRDA:77,4,1,0
BRDA:114,5,0,0
BRDA:114,5,1,2
BRDA:115,6,0,2
BRDA:115,6,1,0
BRDA:115,7,0,2
BRDA:115,7,1,0
BRDA:116,8,0,2
BRDA:116,8,1,0
BRF:18
BRH:10
end_of_record
TN:
SF:utils/order-helper.js
FN:10,roundAmount
FN:22,calculateItemPrice
FN:188,batchGetToppingProducts
FN:196,(anonymous_3)
FN:215,(anonymous_4)
FN:220,(anonymous_5)
FN:229,(anonymous_6)
FN:234,(anonymous_7)
FN:249,batchGetOrderItems
FN:258,(anonymous_9)
FNF:10
FNH:10
FNDA:81,roundAmount
FNDA:17,calculateItemPrice
FNDA:12,batchGetToppingProducts
FNDA:120,(anonymous_3)
FNDA:112,(anonymous_4)
FNDA:110,(anonymous_5)
FNDA:6,(anonymous_6)
FNDA:6,(anonymous_7)
FNDA:5,batchGetOrderItems
FNDA:4,(anonymous_9)
DA:1,5
DA:2,5
DA:11,81
DA:24,17
DA:25,17
DA:26,17
DA:27,5
DA:28,5
DA:29,4
DA:30,2
DA:31,2
DA:35,1
DA:47,17
DA:48,17
DA:49,17
DA:50,9
DA:51,17
DA:52,17
DA:55,17
DA:57,6
DA:58,6
DA:59,3
DA:62,3
DA:63,3
DA:65,11
DA:67,8
DA:68,8
DA:69,8
DA:71,0
DA:72,0
DA:74,3
DA:76,3
DA:77,3
DA:80,3
DA:81,3
DA:82,3
DA:83,3
DA:87,0
DA:88,0
DA:90,0
DA:91,0
DA:93,0
DA:95,0
DA:96,0
DA:97,0
DA:99,0
DA:100,0
DA:105,14
DA:106,13
DA:107,13
DA:110,1
DA:111,1
DA:113,1
DA:120,0
DA:131,17
DA:134,17
DA:135,17
DA:136,9
DA:137,17
DA:138,17
DA:140,17
DA:143,17
DA:144,3
DA:150,14
DA:151,14
DA:152,11
DA:153,3
DA:154,8
DA:155,8
DA:156,0
DA:157,0
DA:158,0
DA:159,0
DA:160,0
DA:166,14
DA:167,14
DA:175,17
DA:189,12
DA:190,2
DA:194,10
DA:195,10
DA:196,10
DA:197,120
DA:198,111
DA:199,9
DA:200,3
DA:201,6
DA:202,6
DA:203,3
DA:204,3
DA:205,3
DA:210,10
DA:213,10
DA:214,8
DA:215,112
DA:216,8
DA:220,8
DA:222,110
DA:227,10
DA:228,3
DA:229,6
DA:230,3
DA:234,3
DA:236,6
DA:237,6
DA:241,10
DA:250,5
DA:251,2
DA:255,3
DA:258,4
DA:259,3
DA:265,3
DA:266,3
DA:267,4
DA:268,3
DA:270,4
DA:274,3
DA:275,4
DA:276,1
DA:280,3
DA:283,5
LF:121
LH:103
BRDA:11,0,0,81
BRDA:11,0,1,14
BRDA:22,1,0,11
BRDA:26,2,0,5
BRDA:26,2,1,12
BRDA:28,3,0,5
BRDA:28,3,1,0
BRDA:29,4,0,2
BRDA:29,4,1,2
BRDA:49,5,0,9
BRDA:49,5,1,8
BRDA:49,6,0,17
BRDA:49,6,1,16
BRDA:49,6,2,16
BRDA:55,7,0,6
BRDA:55,7,1,11
BRDA:58,8,0,3
BRDA:58,8,1,3
BRDA:58,9,0,6
BRDA:58,9,1,3
BRDA:65,10,0,8
BRDA:65,10,1,3
BRDA:65,11,0,11
BRDA:65,11,1,3
BRDA:65,11,2,0
BRDA:67,12,0,0
BRDA:67,12,1,8
BRDA:68,13,0,8
BRDA:68,13,1,0
BRDA:68,14,0,8
BRDA:68,14,1,8
BRDA:74,15,0,3
BRDA:74,15,1,0
BRDA:74,16,0,3
BRDA:74,16,1,3
BRDA:76,17,0,3
BRDA:76,17,1,0
BRDA:80,18,0,3
BRDA:80,18,1,0
BRDA:80,19,0,3
BRDA:80,19,1,3
BRDA:80,19,2,3
BRDA:87,20,0,0
BRDA:87,20,1,0
BRDA:87,21,0,0
BRDA:87,21,1,0
BRDA:93,22,0,0
BRDA:93,22,1,0
BRDA:95,23,0,0
BRDA:95,23,1,0
BRDA:96,24,0,0
BRDA:96,24,1,0
BRDA:96,25,0,0
BRDA:96,25,1,0
BRDA:105,26,0,13
BRDA:105,26,1,1
BRDA:110,27,0,1
BRDA:110,27,1,0
BRDA:135,28,0,9
BRDA:135,28,1,8
BRDA:135,29,0,17
BRDA:135,29,1,16
BRDA:135,29,2,16
BRDA:140,30,0,0
BRDA:140,30,1,17
BRDA:143,31,0,3
BRDA:143,31,1,14
BRDA:143,32,0,17
BRDA:143,32,1,3
BRDA:143,32,2,3
BRDA:143,32,3,3
BRDA:151,33,0,11
BRDA:151,33,1,3
BRDA:152,34,0,3
BRDA:152,34,1,8
BRDA:152,35,0,11
BRDA:152,35,1,3
BRDA:154,36,0,8
BRDA:154,36,1,0
BRDA:154,37,0,8
BRDA:154,37,1,8
BRDA:156,38,0,0
BRDA:156,38,1,0
BRDA:156,39,0,0
BRDA:156,39,1,0
BRDA:157,40,0,0
BRDA:157,40,1,0
BRDA:157,41,0,0
BRDA:157,41,1,0
BRDA:159,42,0,0
BRDA:159,42,1,0
BRDA:159,43,0,0
BRDA:159,43,1,0
BRDA:166,44,0,11
BRDA:166,44,1,3
BRDA:189,45,0,2
BRDA:189,45,1,10
BRDA:189,46,0,12
BRDA:189,46,1,11
BRDA:197,47,0,111
BRDA:197,47,1,9
BRDA:197,48,0,120
BRDA:197,48,1,17
BRDA:197,48,2,11
BRDA:197,48,3,8
BRDA:198,49,0,8
BRDA:198,49,1,103
BRDA:199,50,0,3
BRDA:199,50,1,6
BRDA:201,51,0,6
BRDA:201,51,1,0
BRDA:201,52,0,6
BRDA:201,52,1,6
BRDA:202,53,0,3
BRDA:202,53,1,3
BRDA:203,54,0,0
BRDA:203,54,1,3
BRDA:204,55,0,3
BRDA:204,55,1,0
BRDA:213,56,0,8
BRDA:213,56,1,2
BRDA:227,57,0,3
BRDA:227,57,1,7
BRDA:250,58,0,2
BRDA:250,58,1,3
BRDA:250,59,0,5
BRDA:250,59,1,4
BRDA:267,60,0,3
BRDA:267,60,1,1
BRDA:275,61,0,1
BRDA:275,61,1,3
BRF:131
BRH:94
end_of_record
TN:
SF:utils/remote-backup.js
FN:24,validateApiToken
FN:43,shouldPushNow
FN:116,scheduleNextPush
FN:196,pushBackupToRemote
FN:256,(anonymous_4)
FN:257,(anonymous_5)
FN:260,(anonymous_6)
FN:264,(anonymous_7)
FN:286,(anonymous_8)
FN:290,(anonymous_9)
FN:333,(anonymous_10)
FN:368,logPushResult
FN:386,getReceivedBackupDir
FNF:13
FNH:0
FNDA:0,validateApiToken
FNDA:0,shouldPushNow
FNDA:0,scheduleNextPush
FNDA:0,pushBackupToRemote
FNDA:0,(anonymous_4)
FNDA:0,(anonymous_5)
FNDA:0,(anonymous_6)
FNDA:0,(anonymous_7)
FNDA:0,(anonymous_8)
FNDA:0,(anonymous_9)
FNDA:0,(anonymous_10)
FNDA:0,logPushResult
FNDA:0,getReceivedBackupDir
DA:1,2
DA:2,2
DA:3,2
DA:4,2
DA:5,2
DA:6,2
DA:7,2
DA:8,2
DA:11,2
DA:12,2
DA:15,2
DA:16,0
DA:25,0
DA:26,0
DA:27,0
DA:28,0
DA:30,0
DA:32,0
DA:33,0
DA:44,0
DA:45,0
DA:48,0
DA:49,0
DA:50,0
DA:51,0
DA:52,0
DA:54,0
DA:57,0
DA:61,0
DA:62,0
DA:63,0
DA:65,0
DA:66,0
DA:67,0
DA:68,0
DA:70,0
DA:72,0
DA:76,0
DA:77,0
DA:79,0
DA:80,0
DA:81,0
DA:82,0
DA:83,0
DA:84,0
DA:86,0
DA:88,0
DA:92,0
DA:93,0
DA:95,0
DA:96,0
DA:97,0
DA:98,0
DA:99,0
DA:100,0
DA:102,0
DA:104,0
DA:107,0
DA:117,0
DA:118,0
DA:121,0
DA:122,0
DA:124,0
DA:127,0
DA:128,0
DA:129,0
DA:130,0
DA:131,0
DA:134,0
DA:135,0
DA:136,0
DA:137,0
DA:138,0
DA:139,0
DA:140,0
DA:141,0
DA:143,0
DA:146,0
DA:147,0
DA:149,0
DA:150,0
DA:151,0
DA:153,0
DA:154,0
DA:155,0
DA:156,0
DA:157,0
DA:158,0
DA:161,0
DA:162,0
DA:163,0
DA:164,0
DA:165,0
DA:167,0
DA:170,0
DA:171,0
DA:173,0
DA:174,0
DA:175,0
DA:176,0
DA:177,0
DA:178,0
DA:179,0
DA:180,0
DA:182,0
DA:185,0
DA:197,0
DA:198,0
DA:199,0
DA:201,0
DA:203,0
DA:204,0
DA:205,0
DA:206,0
DA:211,0
DA:212,0
DA:216,0
DA:217,0
DA:223,0
DA:224,0
DA:227,0
DA:228,0
DA:234,0
DA:235,0
DA:236,0
DA:239,0
DA:242,0
DA:256,0
DA:257,0
DA:258,0
DA:260,0
DA:261,0
DA:264,0
DA:265,0
DA:266,0
DA:267,0
DA:268,0
DA:274,0
DA:281,0
DA:286,0
DA:287,0
DA:290,0
DA:291,0
DA:292,0
DA:295,0
DA:299,0
DA:302,0
DA:303,0
DA:304,0
DA:306,0
DA:310,0
DA:318,0
DA:319,0
DA:322,0
DA:323,0
DA:325,0
DA:333,0
DA:335,0
DA:338,0
DA:341,0
DA:342,0
DA:343,0
DA:345,0
DA:349,0
DA:369,0
DA:370,0
DA:375,0
DA:377,0
DA:378,0
DA:387,0
DA:390,2
LF:171
LH:12
BRDA:11,0,0,0
BRDA:11,0,1,2
BRDA:15,1,0,0
BRDA:15,1,1,2
BRDA:27,2,0,0
BRDA:27,2,1,0
BRDA:27,3,0,0
BRDA:27,3,1,0
BRDA:43,4,0,0
BRDA:44,5,0,0
BRDA:44,5,1,0
BRDA:44,6,0,0
BRDA:44,6,1,0
BRDA:54,7,0,0
BRDA:54,7,1,0
BRDA:54,7,2,0
BRDA:54,7,3,0
BRDA:54,7,4,0
BRDA:61,8,0,0
BRDA:61,8,1,0
BRDA:63,9,0,0
BRDA:63,9,1,0
BRDA:63,10,0,0
BRDA:63,10,1,0
BRDA:65,11,0,0
BRDA:65,11,1,0
BRDA:76,12,0,0
BRDA:76,12,1,0
BRDA:76,13,0,0
BRDA:76,13,1,0
BRDA:76,13,2,0
BRDA:80,14,0,0
BRDA:80,14,1,0
BRDA:80,15,0,0
BRDA:80,15,1,0
BRDA:80,15,2,0
BRDA:81,16,0,0
BRDA:81,16,1,0
BRDA:92,17,0,0
BRDA:92,17,1,0
BRDA:92,18,0,0
BRDA:92,18,1,0
BRDA:92,18,2,0
BRDA:96,19,0,0
BRDA:96,19,1,0
BRDA:96,20,0,0
BRDA:96,20,1,0
BRDA:96,20,2,0
BRDA:97,21,0,0
BRDA:97,21,1,0
BRDA:117,22,0,0
BRDA:117,22,1,0
BRDA:117,23,0,0
BRDA:117,23,1,0
BRDA:124,24,0,0
BRDA:124,24,1,0
BRDA:124,24,2,0
BRDA:124,24,3,0
BRDA:124,24,4,0
BRDA:134,25,0,0
BRDA:134,25,1,0
BRDA:140,26,0,0
BRDA:140,26,1,0
BRDA:146,27,0,0
BRDA:146,27,1,0
BRDA:146,28,0,0
BRDA:146,28,1,0
BRDA:146,28,2,0
BRDA:151,29,0,0
BRDA:151,29,1,0
BRDA:157,30,0,0
BRDA:157,30,1,0
BRDA:170,31,0,0
BRDA:170,31,1,0
BRDA:170,32,0,0
BRDA:170,32,1,0
BRDA:170,32,2,0
BRDA:179,33,0,0
BRDA:179,33,1,0
BRDA:196,34,0,0
BRDA:196,35,0,0
BRDA:203,36,0,0
BRDA:203,36,1,0
BRDA:205,37,0,0
BRDA:205,37,1,0
BRDA:216,38,0,0
BRDA:216,38,1,0
BRDA:236,39,0,0
BRDA:236,39,1,0
BRDA:239,40,0,0
BRDA:239,40,1,0
BRDA:244,41,0,0
BRDA:244,41,1,0
BRDA:244,42,0,0
BRDA:244,42,1,0
BRDA:265,43,0,0
BRDA:265,43,1,0
BRDA:265,44,0,0
BRDA:265,44,1,0
BRDA:269,45,0,0
BRDA:269,45,1,0
BRDA:270,46,0,0
BRDA:270,46,1,0
BRDA:302,47,0,0
BRDA:302,47,1,0
BRDA:302,48,0,0
BRDA:302,48,1,0
BRDA:318,49,0,0
BRDA:318,49,1,0
BRDA:319,50,0,0
BRDA:319,50,1,0
BRDA:322,51,0,0
BRDA:322,51,1,0
BRDA:341,52,0,0
BRDA:341,52,1,0
BRDA:341,53,0,0
BRDA:341,53,1,0
BRDA:341,53,2,0
BRF:118
BRH:2
end_of_record
TN:
SF:utils/scheduler.js
FN:10,startScheduler
FN:19,startRemoteBackupScheduler
FN:21,(anonymous_2)
FN:52,(anonymous_3)
FN:59,(anonymous_4)
FN:82,stopScheduler
FNF:6
FNH:0
FNDA:0,startScheduler
FNDA:0,startRemoteBackupScheduler
FNDA:0,(anonymous_2)
FNDA:0,(anonymous_3)
FNDA:0,(anonymous_4)
FNDA:0,stopScheduler
DA:2,0
DA:3,0
DA:4,0
DA:6,0
DA:7,0
DA:12,0
DA:15,0
DA:21,0
DA:22,0
DA:24,0
DA:29,0
DA:30,0
DA:32,0
DA:39,0
DA:42,0
DA:43,0
DA:51,0
DA:53,0
DA:60,0
DA:67,0
DA:74,0
DA:78,0
DA:83,0
DA:84,0
DA:85,0
DA:86,0
DA:89,0
DA:90,0
DA:91,0
DA:92,0
DA:96,0
LF:31
LH:0
BRDA:39,0,0,0
BRDA:39,0,1,0
BRDA:42,1,0,0
BRDA:42,1,1,0
BRDA:83,2,0,0
BRDA:83,2,1,0
BRDA:89,3,0,0
BRDA:89,3,1,0
BRF:8
BRH:0
end_of_record
TN:
SF:utils/session-config.js
FN:12,getAdminSessionTimeout
FN:31,getUserSessionTimeout
FN:50,getAdminSessionTimeoutMs
FN:59,getUserSessionTimeoutMs
FNF:4
FNH:4
FNDA:207,getAdminSessionTimeout
FNDA:207,getUserSessionTimeout
FNDA:207,getAdminSessionTimeoutMs
FNDA:207,getUserSessionTimeoutMs
DA:1,4
DA:2,4
DA:5,4
DA:6,4
DA:13,207
DA:14,207
DA:15,207
DA:16,0
DA:17,0
DA:18,0
DA:22,0
DA:24,207
DA:32,207
DA:33,207
DA:34,207
DA:35,0
DA:36,0
DA:37,0
DA:41,0
DA:43,207
DA:51,207
DA:52,207
DA:60,207
DA:61,207
DA:64,4
LF:25
LH:17
BRDA:15,0,0,0
BRDA:15,0,1,207
BRDA:15,1,0,207
BRDA:15,1,1,0
BRDA:17,2,0,0
BRDA:17,2,1,0
BRDA:34,3,0,0
BRDA:34,3,1,207
BRDA:34,4,0,207
BRDA:34,4,1,0
BRDA:36,5,0,0
BRDA:36,5,1,0
BRF:12
BRH:4
end_of_record
TN:
SF:utils/sms.js
FN:11,initTwilioClient
FN:46,formatPhoneNumber
FN:77,generateCode
FN:87,sendVerificationCodeViaVerifyService
FN:168,sendVerificationCode
FN:226,verifyCodeViaVerifyService
FNF:6
FNH:0
FNDA:0,initTwilioClient
FNDA:0,formatPhoneNumber
FNDA:0,generateCode
FNDA:0,sendVerificationCodeViaVerifyService
FNDA:0,sendVerificationCode
FNDA:0,verifyCodeViaVerifyService
DA:1,4
DA:2,4
DA:3,4
DA:5,4
DA:12,0
DA:13,0
DA:16,0
DA:18,0
DA:19,0
DA:21,0
DA:22,0
DA:23,0
DA:27,0
DA:28,0
DA:30,0
DA:31,0
DA:33,0
DA:34,0
DA:36,0
DA:37,0
DA:48,0
DA:51,0
DA:53,0
DA:54,0
DA:57,0
DA:58,0
DA:61,0
DA:62,0
DA:66,0
DA:70,0
DA:78,0
DA:88,0
DA:89,0
DA:90,0
DA:92,0
DA:93,0
DA:95,0
DA:96,0
DA:97,0
DA:103,0
DA:109,0
DA:110,0
DA:117,0
DA:125,0
DA:131,0
DA:137,0
DA:146,0
DA:147,0
DA:148,0
DA:149,0
DA:150,0
DA:151,0
DA:152,0
DA:155,0
DA:169,0
DA:170,0
DA:171,0
DA:174,0
DA:175,0
DA:178,0
DA:179,0
DA:184,0
DA:188,0
DA:189,0
DA:191,0
DA:192,0
DA:193,0
DA:197,0
DA:203,0
DA:208,0
DA:210,0
DA:215,0
DA:227,0
DA:228,0
DA:229,0
DA:231,0
DA:232,0
DA:240,0
DA:248,0
DA:249,0
DA:253,0
DA:258,0
DA:262,0
DA:268,0
DA:273,0
DA:280,4
LF:86
LH:5
BRDA:12,0,0,0
BRDA:12,0,1,0
BRDA:21,1,0,0
BRDA:21,1,1,0
BRDA:21,2,0,0
BRDA:21,2,1,0
BRDA:21,2,2,0
BRDA:21,2,3,0
BRDA:30,3,0,0
BRDA:30,3,1,0
BRDA:31,4,0,0
BRDA:31,4,1,0
BRDA:51,5,0,0
BRDA:51,5,1,0
BRDA:53,6,0,0
BRDA:53,6,1,0
BRDA:53,7,0,0
BRDA:53,7,1,0
BRDA:57,8,0,0
BRDA:57,8,1,0
BRDA:61,9,0,0
BRDA:61,9,1,0
BRDA:92,10,0,0
BRDA:92,10,1,0
BRDA:95,11,0,0
BRDA:95,11,1,0
BRDA:109,12,0,0
BRDA:109,12,1,0
BRDA:109,13,0,0
BRDA:109,13,1,0
BRDA:147,14,0,0
BRDA:147,14,1,0
BRDA:149,15,0,0
BRDA:149,15,1,0
BRDA:151,16,0,0
BRDA:151,16,1,0
BRDA:175,17,0,0
BRDA:175,17,1,0
BRDA:178,18,0,0
BRDA:178,18,1,0
BRDA:178,19,0,0
BRDA:178,19,1,0
BRDA:178,19,2,0
BRDA:182,20,0,0
BRDA:182,20,1,0
BRDA:182,21,0,0
BRDA:182,21,1,0
BRDA:189,22,0,0
BRDA:189,22,1,0
BRDA:189,22,2,0
BRDA:191,23,0,0
BRDA:191,23,1,0
BRDA:231,24,0,0
BRDA:231,24,1,0
BRDA:248,25,0,0
BRDA:248,25,1,0
BRDA:275,26,0,0
BRDA:275,26,1,0
BRF:58
BRH:0
end_of_record
TN:
SF:utils/verification.js
FN:11,createVerificationCode
FN:107,verifyCode
FN:196,cleanExpiredCodes
FNF:3
FNH:0
FNDA:0,createVerificationCode
FNDA:0,verifyCode
FNDA:0,cleanExpiredCodes
DA:1,4
DA:2,4
DA:3,4
DA:12,0
DA:14,0
DA:15,0
DA:17,0
DA:19,0
DA:21,0
DA:25,0
DA:31,0
DA:32,0
DA:38,0
DA:47,0
DA:48,0
DA:55,0
DA:56,0
DA:63,0
DA:66,0
DA:69,0
DA:76,0
DA:78,0
DA:79,0
DA:84,0
DA:86,0
DA:92,0
DA:93,0
DA:108,0
DA:110,0
DA:111,0
DA:113,0
DA:115,0
DA:117,0
DA:120,0
DA:127,0
DA:128,0
DA:135,0
DA:140,0
DA:147,0
DA:148,0
DA:149,0
DA:156,0
DA:157,0
DA:158,0
DA:159,0
DA:161,0
DA:165,0
DA:172,0
DA:177,0
DA:179,0
DA:184,0
DA:185,0
DA:197,0
DA:198,0
DA:199,0
DA:203,0
DA:204,0
DA:206,0
DA:207,0
DA:211,4
LF:60
LH:4
BRDA:11,0,0,0
BRDA:15,1,0,0
BRDA:15,1,1,0
BRDA:15,1,2,0
BRDA:17,2,0,0
BRDA:17,2,1,0
BRDA:21,3,0,0
BRDA:21,3,1,0
BRDA:28,4,0,0
BRDA:28,4,1,0
BRDA:55,5,0,0
BRDA:55,5,1,0
BRDA:78,6,0,0
BRDA:78,6,1,0
BRDA:88,7,0,0
BRDA:88,7,1,0
BRDA:107,8,0,0
BRDA:111,9,0,0
BRDA:111,9,1,0
BRDA:111,9,2,0
BRDA:113,10,0,0
BRDA:113,10,1,0
BRDA:117,11,0,0
BRDA:117,11,1,0
BRDA:127,12,0,0
BRDA:127,12,1,0
BRDA:147,13,0,0
BRDA:147,13,1,0
BRDA:158,14,0,0
BRDA:158,14,1,0
BRF:30
BRH:0
end_of_record
